{"E:\\AICreativeStudioPlatform\\asset-service\\src\\app.ts": {"path":"E:\\AICreativeStudioPlatform\\asset-service\\src\\app.ts","statementMap":{"0":{"start":{"line":13,"column":0},"end":{"line":13,"column":16}},"1":{"start":{"line":1,"column":0},"end":{"line":1,"column":43}},"2":{"start":{"line":2,"column":0},"end":{"line":2,"column":24}},"3":{"start":{"line":3,"column":0},"end":{"line":3,"column":79}},"4":{"start":{"line":4,"column":0},"end":{"line":4,"column":44}},"5":{"start":{"line":5,"column":0},"end":{"line":5,"column":53}},"6":{"start":{"line":6,"column":0},"end":{"line":6,"column":78}},"7":{"start":{"line":18,"column":15},"end":{"line":18,"column":57}},"8":{"start":{"line":19,"column":23},"end":{"line":19,"column":66}},"9":{"start":{"line":21,"column":14},"end":{"line":21,"column":23}},"10":{"start":{"line":22,"column":2},"end":{"line":26,"column":6}},"11":{"start":{"line":27,"column":2},"end":{"line":27,"column":26}},"12":{"start":{"line":28,"column":2},"end":{"line":28,"column":31}},"13":{"start":{"line":30,"column":17},"end":{"line":30,"column":43}},"14":{"start":{"line":31,"column":2},"end":{"line":31,"column":23}},"15":{"start":{"line":33,"column":2},"end":{"line":33,"column":34}},"16":{"start":{"line":35,"column":2},"end":{"line":39,"column":4}}},"fnMap":{"0":{"name":"createApp","decl":{"start":{"line":13,"column":16},"end":{"line":13,"column":25}},"loc":{"start":{"line":13,"column":52},"end":{"line":40,"column":1}}}},"branchMap":{"0":{"loc":{"start":{"line":13,"column":26},"end":{"line":13,"column":52}},"type":"default-arg","locations":[{"start":{"line":13,"column":50},"end":{"line":13,"column":52}}]},"1":{"loc":{"start":{"line":18,"column":15},"end":{"line":18,"column":57}},"type":"binary-expr","locations":[{"start":{"line":18,"column":15},"end":{"line":18,"column":24}},{"start":{"line":18,"column":28},"end":{"line":18,"column":57}}]},"2":{"loc":{"start":{"line":19,"column":23},"end":{"line":19,"column":66}},"type":"binary-expr","locations":[{"start":{"line":19,"column":23},"end":{"line":19,"column":40}},{"start":{"line":19,"column":44},"end":{"line":19,"column":66}}]},"3":{"loc":{"start":{"line":23,"column":12},"end":{"line":23,"column":42}},"type":"binary-expr","locations":[{"start":{"line":23,"column":12},"end":{"line":23,"column":35}},{"start":{"line":23,"column":39},"end":{"line":23,"column":42}}]}},"s":{"0":1,"1":1,"2":1,"3":1,"4":1,"5":1,"6":1,"7":3,"8":3,"9":3,"10":3,"11":3,"12":3,"13":3,"14":3,"15":3,"16":3},"f":{"0":3},"b":{"0":[3],"1":[3,3],"2":[3,3],"3":[3,3]}}
,"E:\\AICreativeStudioPlatform\\asset-service\\src\\api\\middleware.ts": {"path":"E:\\AICreativeStudioPlatform\\asset-service\\src\\api\\middleware.ts","statementMap":{"0":{"start":{"line":9,"column":0},"end":{"line":9,"column":16}},"1":{"start":{"line":16,"column":0},"end":{"line":16,"column":16}},"2":{"start":{"line":2,"column":0},"end":{"line":2,"column":36}},"3":{"start":{"line":3,"column":0},"end":{"line":3,"column":65}},"4":{"start":{"line":10,"column":17},"end":{"line":10,"column":67}},"5":{"start":{"line":11,"column":2},"end":{"line":11,"column":24}},"6":{"start":{"line":12,"column":2},"end":{"line":12,"column":39}},"7":{"start":{"line":13,"column":2},"end":{"line":13,"column":9}},"8":{"start":{"line":23,"column":20},"end":{"line":23,"column":45}},"9":{"start":{"line":25,"column":2},"end":{"line":36,"column":3}},"10":{"start":{"line":26,"column":47},"end":{"line":33,"column":6}},"11":{"start":{"line":34,"column":4},"end":{"line":34,"column":50}},"12":{"start":{"line":35,"column":4},"end":{"line":35,"column":11}},"13":{"start":{"line":38,"column":45},"end":{"line":45,"column":4}},"14":{"start":{"line":46,"column":2},"end":{"line":46,"column":37}}},"fnMap":{"0":{"name":"requestIdMiddleware","decl":{"start":{"line":9,"column":16},"end":{"line":9,"column":35}},"loc":{"start":{"line":9,"column":89},"end":{"line":14,"column":1}}},"1":{"name":"errorHandlerMiddleware","decl":{"start":{"line":16,"column":16},"end":{"line":16,"column":38}},"loc":{"start":{"line":21,"column":20},"end":{"line":47,"column":1}}}},"branchMap":{"0":{"loc":{"start":{"line":10,"column":17},"end":{"line":10,"column":67}},"type":"binary-expr","locations":[{"start":{"line":10,"column":17},"end":{"line":10,"column":55}},{"start":{"line":10,"column":59},"end":{"line":10,"column":67}}]},"1":{"loc":{"start":{"line":23,"column":20},"end":{"line":23,"column":45}},"type":"binary-expr","locations":[{"start":{"line":23,"column":20},"end":{"line":23,"column":33}},{"start":{"line":23,"column":37},"end":{"line":23,"column":45}}]},"2":{"loc":{"start":{"line":25,"column":2},"end":{"line":36,"column":3}},"type":"if","locations":[{"start":{"line":25,"column":2},"end":{"line":36,"column":3}}]},"3":{"loc":{"start":{"line":30,"column":17},"end":{"line":30,"column":34}},"type":"binary-expr","locations":[{"start":{"line":30,"column":17},"end":{"line":30,"column":28}},{"start":{"line":30,"column":32},"end":{"line":30,"column":34}}]},"4":{"loc":{"start":{"line":41,"column":15},"end":{"line":41,"column":60}},"type":"binary-expr","locations":[{"start":{"line":41,"column":15},"end":{"line":41,"column":26}},{"start":{"line":41,"column":30},"end":{"line":41,"column":60}}]}},"s":{"0":1,"1":1,"2":1,"3":1,"4":3,"5":3,"6":3,"7":3,"8":1,"9":1,"10":1,"11":1,"12":1,"13":0,"14":0},"f":{"0":3,"1":1},"b":{"0":[3,2],"1":[1,0],"2":[1],"3":[1,1],"4":[0,0]}}
,"E:\\AICreativeStudioPlatform\\asset-service\\src\\api\\routes.ts": {"path":"E:\\AICreativeStudioPlatform\\asset-service\\src\\api\\routes.ts","statementMap":{"0":{"start":{"line":5,"column":0},"end":{"line":5,"column":16}},"1":{"start":{"line":1,"column":0},"end":{"line":1,"column":66}},"2":{"start":{"line":6,"column":17},"end":{"line":6,"column":25}},"3":{"start":{"line":9,"column":2},"end":{"line":19,"column":5}},"4":{"start":{"line":10,"column":4},"end":{"line":18,"column":5}},"5":{"start":{"line":11,"column":19},"end":{"line":11,"column":58}},"6":{"start":{"line":12,"column":25},"end":{"line":12,"column":67}},"7":{"start":{"line":14,"column":21},"end":{"line":14,"column":72}},"8":{"start":{"line":15,"column":6},"end":{"line":15,"column":39}},"9":{"start":{"line":17,"column":6},"end":{"line":17,"column":16}},"10":{"start":{"line":22,"column":2},"end":{"line":29,"column":5}},"11":{"start":{"line":23,"column":4},"end":{"line":28,"column":5}},"12":{"start":{"line":24,"column":20},"end":{"line":24,"column":66}},"13":{"start":{"line":25,"column":6},"end":{"line":25,"column":38}},"14":{"start":{"line":27,"column":6},"end":{"line":27,"column":16}},"15":{"start":{"line":32,"column":2},"end":{"line":39,"column":5}},"16":{"start":{"line":33,"column":4},"end":{"line":38,"column":5}},"17":{"start":{"line":34,"column":20},"end":{"line":34,"column":60}},"18":{"start":{"line":35,"column":6},"end":{"line":35,"column":38}},"19":{"start":{"line":37,"column":6},"end":{"line":37,"column":16}},"20":{"start":{"line":41,"column":2},"end":{"line":41,"column":16}}},"fnMap":{"0":{"name":"createRouter","decl":{"start":{"line":5,"column":16},"end":{"line":5,"column":28}},"loc":{"start":{"line":5,"column":55},"end":{"line":42,"column":1}}},"1":{"name":"(anonymous_1)","decl":{"start":{"line":9,"column":27},"end":{"line":9,"column":32}},"loc":{"start":{"line":9,"column":85},"end":{"line":19,"column":3}}},"2":{"name":"(anonymous_2)","decl":{"start":{"line":22,"column":31},"end":{"line":22,"column":36}},"loc":{"start":{"line":22,"column":89},"end":{"line":29,"column":3}}},"3":{"name":"(anonymous_3)","decl":{"start":{"line":32,"column":28},"end":{"line":32,"column":33}},"loc":{"start":{"line":32,"column":86},"end":{"line":39,"column":3}}}},"branchMap":{},"s":{"0":1,"1":1,"2":3,"3":3,"4":1,"5":1,"6":1,"7":1,"8":1,"9":0,"10":3,"11":1,"12":1,"13":0,"14":1,"15":3,"16":1,"17":1,"18":1,"19":0,"20":3},"f":{"0":3,"1":1,"2":1,"3":1},"b":{}}
,"E:\\AICreativeStudioPlatform\\asset-service\\src\\domain\\assetService.ts": {"path":"E:\\AICreativeStudioPlatform\\asset-service\\src\\domain\\assetService.ts","statementMap":{"0":{"start":{"line":1,"column":0},"end":{"line":1,"column":36}},"1":{"start":{"line":2,"column":0},"end":{"line":2,"column":76}},"2":{"start":{"line":6,"column":22},"end":{"line":6,"column":43}},"3":{"start":{"line":9,"column":21},"end":{"line":9,"column":49}},"4":{"start":{"line":10,"column":4},"end":{"line":10,"column":36}},"5":{"start":{"line":10,"column":29},"end":{"line":10,"column":36}},"6":{"start":{"line":12,"column":16},"end":{"line":12,"column":40}},"7":{"start":{"line":15,"column":40},"end":{"line":52,"column":6}},"8":{"start":{"line":54,"column":4},"end":{"line":56,"column":5}},"9":{"start":{"line":55,"column":6},"end":{"line":55,"column":41}},"10":{"start":{"line":60,"column":4},"end":{"line":60,"column":41}},"11":{"start":{"line":64,"column":18},"end":{"line":64,"column":51}},"12":{"start":{"line":65,"column":4},"end":{"line":67,"column":5}},"13":{"start":{"line":66,"column":6},"end":{"line":66,"column":84}},"14":{"start":{"line":68,"column":4},"end":{"line":68,"column":17}},"15":{"start":{"line":72,"column":4},"end":{"line":74,"column":5}},"16":{"start":{"line":73,"column":6},"end":{"line":73,"column":91}},"17":{"start":{"line":76,"column":30},"end":{"line":85,"column":6}},"18":{"start":{"line":87,"column":4},"end":{"line":87,"column":40}},"19":{"start":{"line":5,"column":0},"end":{"line":5,"column":13}}},"fnMap":{"0":{"name":"(anonymous_0)","decl":{"start":{"line":6,"column":2},"end":{"line":6,"column":22}},"loc":{"start":{"line":6,"column":43},"end":{"line":6,"column":47}}},"1":{"name":"(anonymous_1)","decl":{"start":{"line":8,"column":2},"end":{"line":8,"column":7}},"loc":{"start":{"line":8,"column":25},"end":{"line":57,"column":3}}},"2":{"name":"(anonymous_2)","decl":{"start":{"line":59,"column":2},"end":{"line":59,"column":7}},"loc":{"start":{"line":59,"column":70},"end":{"line":61,"column":3}}},"3":{"name":"(anonymous_3)","decl":{"start":{"line":63,"column":2},"end":{"line":63,"column":7}},"loc":{"start":{"line":63,"column":31},"end":{"line":69,"column":3}}},"4":{"name":"(anonymous_4)","decl":{"start":{"line":71,"column":2},"end":{"line":71,"column":7}},"loc":{"start":{"line":71,"column":43},"end":{"line":88,"column":3}}}},"branchMap":{"0":{"loc":{"start":{"line":10,"column":4},"end":{"line":10,"column":36}},"type":"if","locations":[{"start":{"line":10,"column":4},"end":{"line":10,"column":36}}]},"1":{"loc":{"start":{"line":65,"column":4},"end":{"line":67,"column":5}},"type":"if","locations":[{"start":{"line":65,"column":4},"end":{"line":67,"column":5}}]},"2":{"loc":{"start":{"line":72,"column":4},"end":{"line":74,"column":5}},"type":"if","locations":[{"start":{"line":72,"column":4},"end":{"line":74,"column":5}}]},"3":{"loc":{"start":{"line":72,"column":8},"end":{"line":72,"column":48}},"type":"binary-expr","locations":[{"start":{"line":72,"column":8},"end":{"line":72,"column":19}},{"start":{"line":72,"column":23},"end":{"line":72,"column":33}},{"start":{"line":72,"column":37},"end":{"line":72,"column":48}}]},"4":{"loc":{"start":{"line":78,"column":18},"end":{"line":78,"column":52}},"type":"binary-expr","locations":[{"start":{"line":78,"column":18},"end":{"line":78,"column":34}},{"start":{"line":78,"column":38},"end":{"line":78,"column":52}}]},"5":{"loc":{"start":{"line":82,"column":21},"end":{"line":82,"column":53}},"type":"binary-expr","locations":[{"start":{"line":82,"column":21},"end":{"line":82,"column":40}},{"start":{"line":82,"column":44},"end":{"line":82,"column":53}}]},"6":{"loc":{"start":{"line":83,"column":16},"end":{"line":83,"column":95}},"type":"binary-expr","locations":[{"start":{"line":83,"column":16},"end":{"line":83,"column":30}},{"start":{"line":83,"column":34},"end":{"line":83,"column":95}}]}},"s":{"0":1,"1":1,"2":3,"3":3,"4":3,"5":0,"6":3,"7":3,"8":3,"9":6,"10":1,"11":1,"12":1,"13":1,"14":0,"15":1,"16":0,"17":1,"18":1,"19":1},"f":{"0":3,"1":3,"2":1,"3":1,"4":1},"b":{"0":[0],"1":[1],"2":[0],"3":[1,1,1],"4":[1,1],"5":[1,1],"6":[1,0]}}
,"E:\\AICreativeStudioPlatform\\asset-service\\src\\domain\\types.ts": {"path":"E:\\AICreativeStudioPlatform\\asset-service\\src\\domain\\types.ts","statementMap":{"0":{"start":{"line":50,"column":4},"end":{"line":50,"column":19}},"1":{"start":{"line":51,"column":4},"end":{"line":51,"column":33}},"2":{"start":{"line":52,"column":4},"end":{"line":52,"column":21}},"3":{"start":{"line":53,"column":4},"end":{"line":53,"column":27}},"4":{"start":{"line":54,"column":4},"end":{"line":54,"column":52}},"5":{"start":{"line":44,"column":0},"end":{"line":44,"column":13}}},"fnMap":{"0":{"name":"(anonymous_0)","decl":{"start":{"line":49,"column":2},"end":{"line":49,"column":14}},"loc":{"start":{"line":49,"column":98},"end":{"line":55,"column":3}}}},"branchMap":{},"s":{"0":1,"1":1,"2":1,"3":1,"4":1,"5":1},"f":{"0":1},"b":{}}
,"E:\\AICreativeStudioPlatform\\asset-service\\src\\infra\\repository.ts": {"path":"E:\\AICreativeStudioPlatform\\asset-service\\src\\infra\\repository.ts","statementMap":{"0":{"start":{"line":10,"column":44},"end":{"line":10,"column":53}},"1":{"start":{"line":13,"column":15},"end":{"line":13,"column":47}},"2":{"start":{"line":14,"column":4},"end":{"line":16,"column":5}},"3":{"start":{"line":15,"column":6},"end":{"line":15,"column":57}},"4":{"start":{"line":15,"column":32},"end":{"line":15,"column":55}},"5":{"start":{"line":17,"column":4},"end":{"line":19,"column":5}},"6":{"start":{"line":18,"column":6},"end":{"line":18,"column":69}},"7":{"start":{"line":18,"column":32},"end":{"line":18,"column":67}},"8":{"start":{"line":20,"column":4},"end":{"line":20,"column":100}},"9":{"start":{"line":20,"column":31},"end":{"line":20,"column":98}},"10":{"start":{"line":24,"column":4},"end":{"line":24,"column":39}},"11":{"start":{"line":28,"column":4},"end":{"line":28,"column":37}},"12":{"start":{"line":29,"column":4},"end":{"line":29,"column":17}},"13":{"start":{"line":9,"column":0},"end":{"line":9,"column":13}}},"fnMap":{"0":{"name":"(anonymous_0)","decl":{"start":{"line":12,"column":2},"end":{"line":12,"column":7}},"loc":{"start":{"line":12,"column":70},"end":{"line":21,"column":3}}},"1":{"name":"(anonymous_1)","decl":{"start":{"line":15,"column":25},"end":{"line":15,"column":26}},"loc":{"start":{"line":15,"column":32},"end":{"line":15,"column":55}}},"2":{"name":"(anonymous_2)","decl":{"start":{"line":18,"column":25},"end":{"line":18,"column":26}},"loc":{"start":{"line":18,"column":32},"end":{"line":18,"column":67}}},"3":{"name":"(anonymous_3)","decl":{"start":{"line":20,"column":21},"end":{"line":20,"column":22}},"loc":{"start":{"line":20,"column":31},"end":{"line":20,"column":98}}},"4":{"name":"(anonymous_4)","decl":{"start":{"line":23,"column":2},"end":{"line":23,"column":7}},"loc":{"start":{"line":23,"column":32},"end":{"line":25,"column":3}}},"5":{"name":"(anonymous_5)","decl":{"start":{"line":27,"column":2},"end":{"line":27,"column":7}},"loc":{"start":{"line":27,"column":37},"end":{"line":30,"column":3}}}},"branchMap":{"0":{"loc":{"start":{"line":14,"column":4},"end":{"line":16,"column":5}},"type":"if","locations":[{"start":{"line":14,"column":4},"end":{"line":16,"column":5}}]},"1":{"loc":{"start":{"line":17,"column":4},"end":{"line":19,"column":5}},"type":"if","locations":[{"start":{"line":17,"column":4},"end":{"line":19,"column":5}}]},"2":{"loc":{"start":{"line":24,"column":11},"end":{"line":24,"column":38}},"type":"binary-expr","locations":[{"start":{"line":24,"column":11},"end":{"line":24,"column":30}},{"start":{"line":24,"column":34},"end":{"line":24,"column":38}}]}},"s":{"0":3,"1":4,"2":4,"3":1,"4":2,"5":4,"6":0,"7":0,"8":4,"9":0,"10":1,"11":7,"12":7,"13":1},"f":{"0":4,"1":2,"2":0,"3":0,"4":1,"5":7},"b":{"0":[1],"1":[0],"2":[1,1]}}
}
