TN:
SF:src\app.ts
FN:13,createApp
FNF:1
FNH:1
FNDA:3,createApp
DA:1,1
DA:2,1
DA:3,1
DA:4,1
DA:5,1
DA:6,1
DA:13,1
DA:18,3
DA:19,3
DA:21,3
DA:22,3
DA:27,3
DA:28,3
DA:30,3
DA:31,3
DA:33,3
DA:35,3
LF:17
LH:17
BRDA:13,0,0,3
BRDA:18,1,0,3
BRDA:18,1,1,3
BRDA:19,2,0,3
BRDA:19,2,1,3
BRDA:23,3,0,3
BRDA:23,3,1,3
BRF:7
BRH:7
end_of_record
TN:
SF:src\api\middleware.ts
FN:9,requestIdMiddleware
FN:16,errorHandlerMiddleware
FNF:2
FNH:2
FNDA:3,requestIdMiddleware
FNDA:1,errorHandlerMiddleware
DA:2,1
DA:3,1
DA:9,1
DA:10,3
DA:11,3
DA:12,3
DA:13,3
DA:16,1
DA:23,1
DA:25,1
DA:26,1
DA:34,1
DA:35,1
DA:38,0
DA:46,0
LF:15
LH:13
BRDA:10,0,0,3
BRDA:10,0,1,2
BRDA:23,1,0,1
BRDA:23,1,1,0
BRDA:25,2,0,1
BRDA:30,3,0,1
BRDA:30,3,1,1
BRDA:41,4,0,0
BRDA:41,4,1,0
BRF:9
BRH:6
end_of_record
TN:
SF:src\api\routes.ts
FN:5,createRouter
FN:9,(anonymous_1)
FN:22,(anonymous_2)
FN:32,(anonymous_3)
FNF:4
FNH:4
FNDA:3,createRouter
FNDA:1,(anonymous_1)
FNDA:1,(anonymous_2)
FNDA:1,(anonymous_3)
DA:1,1
DA:5,1
DA:6,3
DA:9,3
DA:10,1
DA:11,1
DA:12,1
DA:14,1
DA:15,1
DA:17,0
DA:22,3
DA:23,1
DA:24,1
DA:25,0
DA:27,1
DA:32,3
DA:33,1
DA:34,1
DA:35,1
DA:37,0
DA:41,3
LF:21
LH:18
BRF:0
BRH:0
end_of_record
TN:
SF:src\domain\assetService.ts
FN:6,(anonymous_0)
FN:8,(anonymous_1)
FN:59,(anonymous_2)
FN:63,(anonymous_3)
FN:71,(anonymous_4)
FNF:5
FNH:5
FNDA:3,(anonymous_0)
FNDA:3,(anonymous_1)
FNDA:1,(anonymous_2)
FNDA:1,(anonymous_3)
FNDA:1,(anonymous_4)
DA:1,1
DA:2,1
DA:5,1
DA:6,3
DA:9,3
DA:10,3
DA:12,3
DA:15,3
DA:54,3
DA:55,6
DA:60,1
DA:64,1
DA:65,1
DA:66,1
DA:68,0
DA:72,1
DA:73,0
DA:76,1
DA:87,1
LF:19
LH:17
BRDA:10,0,0,0
BRDA:65,1,0,1
BRDA:72,2,0,0
BRDA:72,3,0,1
BRDA:72,3,1,1
BRDA:72,3,2,1
BRDA:78,4,0,1
BRDA:78,4,1,1
BRDA:82,5,0,1
BRDA:82,5,1,1
BRDA:83,6,0,1
BRDA:83,6,1,0
BRF:12
BRH:9
end_of_record
TN:
SF:src\domain\types.ts
FN:49,(anonymous_0)
FNF:1
FNH:1
FNDA:1,(anonymous_0)
DA:44,1
DA:50,1
DA:51,1
DA:52,1
DA:53,1
DA:54,1
LF:6
LH:6
BRF:0
BRH:0
end_of_record
TN:
SF:src\infra\repository.ts
FN:12,(anonymous_0)
FN:15,(anonymous_1)
FN:18,(anonymous_2)
FN:20,(anonymous_3)
FN:23,(anonymous_4)
FN:27,(anonymous_5)
FNF:6
FNH:4
FNDA:4,(anonymous_0)
FNDA:2,(anonymous_1)
FNDA:0,(anonymous_2)
FNDA:0,(anonymous_3)
FNDA:1,(anonymous_4)
FNDA:7,(anonymous_5)
DA:9,1
DA:10,3
DA:13,4
DA:14,4
DA:15,2
DA:17,4
DA:18,0
DA:20,4
DA:24,1
DA:28,7
DA:29,7
LF:11
LH:10
BRDA:14,0,0,1
BRDA:17,1,0,0
BRDA:24,2,0,1
BRDA:24,2,1,1
BRF:4
BRH:3
end_of_record
