TN:
SF:src\app.ts
FN:11,createApp
FNF:1
FNH:1
FNDA:1,createApp
DA:1,1
DA:2,1
DA:3,1
DA:4,1
DA:5,1
DA:11,1
DA:15,1
DA:17,1
DA:18,1
DA:23,1
DA:24,1
DA:26,1
DA:27,1
DA:29,1
DA:31,1
LF:15
LH:15
BRDA:11,0,0,1
BRDA:15,1,0,1
BRDA:15,1,1,1
BRDA:19,2,0,1
BRDA:19,2,1,1
BRF:5
BRH:5
end_of_record
TN:
SF:src\api\middleware.ts
FN:9,requestIdMiddleware
FN:16,errorHandlerMiddleware
FNF:2
FNH:1
FNDA:1,requestIdMiddleware
FNDA:0,errorHandlerMiddleware
DA:2,1
DA:3,1
DA:9,1
DA:10,1
DA:11,1
DA:12,1
DA:13,1
DA:16,1
DA:23,0
DA:25,0
DA:26,0
DA:34,0
DA:35,0
DA:38,0
DA:46,0
LF:15
LH:8
BRDA:10,0,0,1
BRDA:10,0,1,0
BRDA:23,1,0,0
BRDA:23,1,1,0
BRDA:25,2,0,0
BRDA:30,3,0,0
BRDA:30,3,1,0
BRDA:41,4,0,0
BRDA:41,4,1,0
BRF:9
BRH:1
end_of_record
TN:
SF:src\api\routes.ts
FN:4,createRouter
FN:8,(anonymous_1)
FNF:2
FNH:2
FNDA:1,createRouter
FNDA:1,(anonymous_1)
DA:1,1
DA:4,1
DA:5,1
DA:8,1
DA:9,1
DA:10,1
DA:11,1
DA:13,0
DA:17,1
LF:9
LH:8
BRF:0
BRH:0
end_of_record
TN:
SF:src\domain\metricsService.ts
FN:16,(anonymous_0)
FN:19,(anonymous_1)
FNF:2
FNH:2
FNDA:1,(anonymous_0)
FNDA:9,(anonymous_1)
DA:3,1
DA:4,1
DA:17,1
DA:19,9
DA:27,1
DA:34,1
LF:6
LH:6
BRF:0
BRH:0
end_of_record
TN:
SF:src\domain\types.ts
FN:34,(anonymous_0)
FNF:1
FNH:0
FNDA:0,(anonymous_0)
DA:29,1
DA:35,0
DA:36,0
DA:37,0
DA:38,0
DA:39,0
LF:6
LH:1
BRF:0
BRH:0
end_of_record
