{"E:\\AICreativeStudioPlatform\\node-engine\\src\\app.ts": {"path":"E:\\AICreativeStudioPlatform\\node-engine\\src\\app.ts","statementMap":{"0":{"start":{"line":15,"column":0},"end":{"line":15,"column":16}},"1":{"start":{"line":1,"column":0},"end":{"line":1,"column":43}},"2":{"start":{"line":2,"column":0},"end":{"line":2,"column":24}},"3":{"start":{"line":3,"column":0},"end":{"line":3,"column":79}},"4":{"start":{"line":4,"column":0},"end":{"line":4,"column":44}},"5":{"start":{"line":5,"column":0},"end":{"line":5,"column":60}},"6":{"start":{"line":6,"column":0},"end":{"line":6,"column":64}},"7":{"start":{"line":7,"column":0},"end":{"line":7,"column":76}},"8":{"start":{"line":21,"column":15},"end":{"line":21,"column":56}},"9":{"start":{"line":22,"column":23},"end":{"line":22,"column":73}},"10":{"start":{"line":23,"column":25},"end":{"line":23,"column":87}},"11":{"start":{"line":25,"column":14},"end":{"line":25,"column":23}},"12":{"start":{"line":26,"column":2},"end":{"line":30,"column":6}},"13":{"start":{"line":31,"column":2},"end":{"line":31,"column":26}},"14":{"start":{"line":32,"column":2},"end":{"line":32,"column":31}},"15":{"start":{"line":34,"column":17},"end":{"line":34,"column":59}},"16":{"start":{"line":35,"column":2},"end":{"line":35,"column":23}},"17":{"start":{"line":37,"column":2},"end":{"line":37,"column":34}},"18":{"start":{"line":39,"column":2},"end":{"line":44,"column":4}}},"fnMap":{"0":{"name":"createApp","decl":{"start":{"line":15,"column":16},"end":{"line":15,"column":25}},"loc":{"start":{"line":15,"column":52},"end":{"line":45,"column":1}}}},"branchMap":{"0":{"loc":{"start":{"line":15,"column":26},"end":{"line":15,"column":52}},"type":"default-arg","locations":[{"start":{"line":15,"column":50},"end":{"line":15,"column":52}}]},"1":{"loc":{"start":{"line":21,"column":15},"end":{"line":21,"column":56}},"type":"binary-expr","locations":[{"start":{"line":21,"column":15},"end":{"line":21,"column":24}},{"start":{"line":21,"column":28},"end":{"line":21,"column":56}}]},"2":{"loc":{"start":{"line":22,"column":23},"end":{"line":22,"column":73}},"type":"binary-expr","locations":[{"start":{"line":22,"column":23},"end":{"line":22,"column":40}},{"start":{"line":22,"column":44},"end":{"line":22,"column":73}}]},"3":{"loc":{"start":{"line":23,"column":25},"end":{"line":23,"column":87}},"type":"binary-expr","locations":[{"start":{"line":23,"column":25},"end":{"line":23,"column":44}},{"start":{"line":23,"column":48},"end":{"line":23,"column":87}}]},"4":{"loc":{"start":{"line":27,"column":12},"end":{"line":27,"column":42}},"type":"binary-expr","locations":[{"start":{"line":27,"column":12},"end":{"line":27,"column":35}},{"start":{"line":27,"column":39},"end":{"line":27,"column":42}}]}},"s":{"0":1,"1":1,"2":1,"3":1,"4":1,"5":1,"6":1,"7":1,"8":4,"9":4,"10":4,"11":4,"12":4,"13":4,"14":4,"15":4,"16":4,"17":4,"18":4},"f":{"0":4},"b":{"0":[4],"1":[4,4],"2":[4,4],"3":[4,4],"4":[4,4]}}
,"E:\\AICreativeStudioPlatform\\node-engine\\src\\api\\middleware.ts": {"path":"E:\\AICreativeStudioPlatform\\node-engine\\src\\api\\middleware.ts","statementMap":{"0":{"start":{"line":9,"column":0},"end":{"line":9,"column":16}},"1":{"start":{"line":16,"column":0},"end":{"line":16,"column":16}},"2":{"start":{"line":2,"column":0},"end":{"line":2,"column":36}},"3":{"start":{"line":3,"column":0},"end":{"line":3,"column":65}},"4":{"start":{"line":10,"column":17},"end":{"line":10,"column":67}},"5":{"start":{"line":11,"column":2},"end":{"line":11,"column":24}},"6":{"start":{"line":12,"column":2},"end":{"line":12,"column":39}},"7":{"start":{"line":13,"column":2},"end":{"line":13,"column":9}},"8":{"start":{"line":23,"column":20},"end":{"line":23,"column":45}},"9":{"start":{"line":25,"column":2},"end":{"line":36,"column":3}},"10":{"start":{"line":26,"column":47},"end":{"line":33,"column":6}},"11":{"start":{"line":34,"column":4},"end":{"line":34,"column":50}},"12":{"start":{"line":35,"column":4},"end":{"line":35,"column":11}},"13":{"start":{"line":38,"column":45},"end":{"line":45,"column":4}},"14":{"start":{"line":46,"column":2},"end":{"line":46,"column":37}}},"fnMap":{"0":{"name":"requestIdMiddleware","decl":{"start":{"line":9,"column":16},"end":{"line":9,"column":35}},"loc":{"start":{"line":9,"column":89},"end":{"line":14,"column":1}}},"1":{"name":"errorHandlerMiddleware","decl":{"start":{"line":16,"column":16},"end":{"line":16,"column":38}},"loc":{"start":{"line":21,"column":20},"end":{"line":47,"column":1}}}},"branchMap":{"0":{"loc":{"start":{"line":10,"column":17},"end":{"line":10,"column":67}},"type":"binary-expr","locations":[{"start":{"line":10,"column":17},"end":{"line":10,"column":55}},{"start":{"line":10,"column":59},"end":{"line":10,"column":67}}]},"1":{"loc":{"start":{"line":23,"column":20},"end":{"line":23,"column":45}},"type":"binary-expr","locations":[{"start":{"line":23,"column":20},"end":{"line":23,"column":33}},{"start":{"line":23,"column":37},"end":{"line":23,"column":45}}]},"2":{"loc":{"start":{"line":25,"column":2},"end":{"line":36,"column":3}},"type":"if","locations":[{"start":{"line":25,"column":2},"end":{"line":36,"column":3}}]},"3":{"loc":{"start":{"line":30,"column":17},"end":{"line":30,"column":34}},"type":"binary-expr","locations":[{"start":{"line":30,"column":17},"end":{"line":30,"column":28}},{"start":{"line":30,"column":32},"end":{"line":30,"column":34}}]},"4":{"loc":{"start":{"line":41,"column":15},"end":{"line":41,"column":60}},"type":"binary-expr","locations":[{"start":{"line":41,"column":15},"end":{"line":41,"column":26}},{"start":{"line":41,"column":30},"end":{"line":41,"column":60}}]}},"s":{"0":1,"1":1,"2":1,"3":1,"4":8,"5":8,"6":8,"7":8,"8":3,"9":3,"10":2,"11":2,"12":2,"13":1,"14":1},"f":{"0":8,"1":3},"b":{"0":[8,7],"1":[3,0],"2":[2],"3":[2,2],"4":[1,0]}}
,"E:\\AICreativeStudioPlatform\\node-engine\\src\\api\\routes.ts": {"path":"E:\\AICreativeStudioPlatform\\node-engine\\src\\api\\routes.ts","statementMap":{"0":{"start":{"line":5,"column":0},"end":{"line":5,"column":16}},"1":{"start":{"line":1,"column":0},"end":{"line":1,"column":66}},"2":{"start":{"line":9,"column":17},"end":{"line":9,"column":25}},"3":{"start":{"line":12,"column":2},"end":{"line":19,"column":5}},"4":{"start":{"line":13,"column":4},"end":{"line":18,"column":5}},"5":{"start":{"line":14,"column":21},"end":{"line":14,"column":65}},"6":{"start":{"line":15,"column":6},"end":{"line":15,"column":35}},"7":{"start":{"line":17,"column":6},"end":{"line":17,"column":16}},"8":{"start":{"line":22,"column":2},"end":{"line":30,"column":5}},"9":{"start":{"line":23,"column":4},"end":{"line":29,"column":5}},"10":{"start":{"line":24,"column":23},"end":{"line":24,"column":63}},"11":{"start":{"line":25,"column":20},"end":{"line":25,"column":62}},"12":{"start":{"line":26,"column":6},"end":{"line":26,"column":38}},"13":{"start":{"line":28,"column":6},"end":{"line":28,"column":16}},"14":{"start":{"line":33,"column":2},"end":{"line":40,"column":5}},"15":{"start":{"line":34,"column":4},"end":{"line":39,"column":5}},"16":{"start":{"line":35,"column":19},"end":{"line":35,"column":68}},"17":{"start":{"line":36,"column":6},"end":{"line":36,"column":37}},"18":{"start":{"line":38,"column":6},"end":{"line":38,"column":16}},"19":{"start":{"line":43,"column":2},"end":{"line":50,"column":5}},"20":{"start":{"line":44,"column":4},"end":{"line":49,"column":5}},"21":{"start":{"line":45,"column":19},"end":{"line":45,"column":60}},"22":{"start":{"line":46,"column":6},"end":{"line":46,"column":37}},"23":{"start":{"line":48,"column":6},"end":{"line":48,"column":16}},"24":{"start":{"line":52,"column":2},"end":{"line":52,"column":16}}},"fnMap":{"0":{"name":"createRouter","decl":{"start":{"line":5,"column":16},"end":{"line":5,"column":28}},"loc":{"start":{"line":7,"column":39},"end":{"line":53,"column":1}}},"1":{"name":"(anonymous_1)","decl":{"start":{"line":12,"column":42},"end":{"line":12,"column":47}},"loc":{"start":{"line":12,"column":100},"end":{"line":19,"column":3}}},"2":{"name":"(anonymous_2)","decl":{"start":{"line":22,"column":26},"end":{"line":22,"column":31}},"loc":{"start":{"line":22,"column":84},"end":{"line":30,"column":3}}},"3":{"name":"(anonymous_3)","decl":{"start":{"line":33,"column":32},"end":{"line":33,"column":37}},"loc":{"start":{"line":33,"column":90},"end":{"line":40,"column":3}}},"4":{"name":"(anonymous_4)","decl":{"start":{"line":43,"column":27},"end":{"line":43,"column":32}},"loc":{"start":{"line":43,"column":85},"end":{"line":50,"column":3}}}},"branchMap":{},"s":{"0":1,"1":1,"2":4,"3":4,"4":2,"5":2,"6":2,"7":0,"8":4,"9":2,"10":2,"11":2,"12":1,"13":1,"14":4,"15":2,"16":2,"17":1,"18":1,"19":4,"20":2,"21":2,"22":1,"23":1,"24":4},"f":{"0":4,"1":2,"2":2,"3":2,"4":2},"b":{}}
,"E:\\AICreativeStudioPlatform\\node-engine\\src\\domain\\graphValidator.ts": {"path":"E:\\AICreativeStudioPlatform\\node-engine\\src\\domain\\graphValidator.ts","statementMap":{"0":{"start":{"line":10,"column":22},"end":{"line":10,"column":51}},"1":{"start":{"line":13,"column":43},"end":{"line":13,"column":45}},"2":{"start":{"line":14,"column":31},"end":{"line":14,"column":33}},"3":{"start":{"line":16,"column":18},"end":{"line":16,"column":33}},"4":{"start":{"line":17,"column":18},"end":{"line":17,"column":33}},"5":{"start":{"line":19,"column":4},"end":{"line":21,"column":5}},"6":{"start":{"line":20,"column":6},"end":{"line":20,"column":84}},"7":{"start":{"line":24,"column":23},"end":{"line":24,"column":141}},"8":{"start":{"line":26,"column":4},"end":{"line":45,"column":5}},"9":{"start":{"line":27,"column":6},"end":{"line":44,"column":7}},"10":{"start":{"line":28,"column":20},"end":{"line":28,"column":69}},"11":{"start":{"line":29,"column":26},"end":{"line":29,"column":74}},"12":{"start":{"line":29,"column":56},"end":{"line":29,"column":72}},"13":{"start":{"line":30,"column":27},"end":{"line":30,"column":76}},"14":{"start":{"line":30,"column":58},"end":{"line":30,"column":74}},"15":{"start":{"line":32,"column":8},"end":{"line":37,"column":11}},"16":{"start":{"line":39,"column":8},"end":{"line":43,"column":11}},"17":{"start":{"line":47,"column":20},"end":{"line":47,"column":51}},"18":{"start":{"line":47,"column":45},"end":{"line":47,"column":49}},"19":{"start":{"line":50,"column":4},"end":{"line":107,"column":5}},"20":{"start":{"line":51,"column":6},"end":{"line":58,"column":7}},"21":{"start":{"line":52,"column":8},"end":{"line":56,"column":11}},"22":{"start":{"line":57,"column":8},"end":{"line":57,"column":17}},"23":{"start":{"line":60,"column":6},"end":{"line":67,"column":7}},"24":{"start":{"line":61,"column":8},"end":{"line":65,"column":11}},"25":{"start":{"line":66,"column":8},"end":{"line":66,"column":17}},"26":{"start":{"line":69,"column":25},"end":{"line":69,"column":60}},"27":{"start":{"line":70,"column":25},"end":{"line":70,"column":60}},"28":{"start":{"line":72,"column":6},"end":{"line":72,"column":47}},"29":{"start":{"line":72,"column":38},"end":{"line":72,"column":47}},"30":{"start":{"line":74,"column":25},"end":{"line":74,"column":67}},"31":{"start":{"line":75,"column":6},"end":{"line":82,"column":7}},"32":{"start":{"line":76,"column":8},"end":{"line":80,"column":11}},"33":{"start":{"line":81,"column":8},"end":{"line":81,"column":17}},"34":{"start":{"line":84,"column":24},"end":{"line":84,"column":64}},"35":{"start":{"line":85,"column":6},"end":{"line":92,"column":7}},"36":{"start":{"line":86,"column":8},"end":{"line":90,"column":11}},"37":{"start":{"line":91,"column":8},"end":{"line":91,"column":17}},"38":{"start":{"line":96,"column":8},"end":{"line":98,"column":57}},"39":{"start":{"line":100,"column":6},"end":{"line":106,"column":7}},"40":{"start":{"line":101,"column":8},"end":{"line":105,"column":11}},"41":{"start":{"line":109,"column":4},"end":{"line":113,"column":6}},"42":{"start":{"line":9,"column":0},"end":{"line":9,"column":13}}},"fnMap":{"0":{"name":"(anonymous_0)","decl":{"start":{"line":10,"column":2},"end":{"line":10,"column":22}},"loc":{"start":{"line":10,"column":51},"end":{"line":10,"column":55}}},"1":{"name":"(anonymous_1)","decl":{"start":{"line":12,"column":2},"end":{"line":12,"column":7}},"loc":{"start":{"line":12,"column":49},"end":{"line":114,"column":3}}},"2":{"name":"(anonymous_2)","decl":{"start":{"line":29,"column":49},"end":{"line":29,"column":50}},"loc":{"start":{"line":29,"column":56},"end":{"line":29,"column":72}}},"3":{"name":"(anonymous_3)","decl":{"start":{"line":30,"column":51},"end":{"line":30,"column":52}},"loc":{"start":{"line":30,"column":58},"end":{"line":30,"column":74}}},"4":{"name":"(anonymous_4)","decl":{"start":{"line":47,"column":38},"end":{"line":47,"column":39}},"loc":{"start":{"line":47,"column":45},"end":{"line":47,"column":49}}}},"branchMap":{"0":{"loc":{"start":{"line":16,"column":18},"end":{"line":16,"column":33}},"type":"binary-expr","locations":[{"start":{"line":16,"column":18},"end":{"line":16,"column":27}},{"start":{"line":16,"column":31},"end":{"line":16,"column":33}}]},"1":{"loc":{"start":{"line":17,"column":18},"end":{"line":17,"column":33}},"type":"binary-expr","locations":[{"start":{"line":17,"column":18},"end":{"line":17,"column":27}},{"start":{"line":17,"column":31},"end":{"line":17,"column":33}}]},"2":{"loc":{"start":{"line":19,"column":4},"end":{"line":21,"column":5}},"type":"if","locations":[{"start":{"line":19,"column":4},"end":{"line":21,"column":5}}]},"3":{"loc":{"start":{"line":51,"column":6},"end":{"line":58,"column":7}},"type":"if","locations":[{"start":{"line":51,"column":6},"end":{"line":58,"column":7}}]},"4":{"loc":{"start":{"line":60,"column":6},"end":{"line":67,"column":7}},"type":"if","locations":[{"start":{"line":60,"column":6},"end":{"line":67,"column":7}}]},"5":{"loc":{"start":{"line":72,"column":6},"end":{"line":72,"column":47}},"type":"if","locations":[{"start":{"line":72,"column":6},"end":{"line":72,"column":47}}]},"6":{"loc":{"start":{"line":72,"column":10},"end":{"line":72,"column":36}},"type":"binary-expr","locations":[{"start":{"line":72,"column":10},"end":{"line":72,"column":21}},{"start":{"line":72,"column":25},"end":{"line":72,"column":36}}]},"7":{"loc":{"start":{"line":75,"column":6},"end":{"line":82,"column":7}},"type":"if","locations":[{"start":{"line":75,"column":6},"end":{"line":82,"column":7}}]},"8":{"loc":{"start":{"line":85,"column":6},"end":{"line":92,"column":7}},"type":"if","locations":[{"start":{"line":85,"column":6},"end":{"line":92,"column":7}}]},"9":{"loc":{"start":{"line":96,"column":8},"end":{"line":98,"column":57}},"type":"binary-expr","locations":[{"start":{"line":96,"column":8},"end":{"line":96,"column":32}},{"start":{"line":97,"column":9},"end":{"line":97,"column":30}},{"start":{"line":97,"column":34},"end":{"line":97,"column":56}},{"start":{"line":98,"column":9},"end":{"line":98,"column":32}},{"start":{"line":98,"column":36},"end":{"line":98,"column":56}}]},"10":{"loc":{"start":{"line":100,"column":6},"end":{"line":106,"column":7}},"type":"if","locations":[{"start":{"line":100,"column":6},"end":{"line":106,"column":7}}]}},"s":{"0":8,"1":6,"2":6,"3":6,"4":6,"5":6,"6":1,"7":5,"8":5,"9":11,"10":11,"11":10,"12":12,"13":10,"14":10,"15":10,"16":1,"17":5,"18":11,"19":5,"20":7,"21":1,"22":1,"23":6,"24":0,"25":0,"26":6,"27":6,"28":6,"29":0,"30":6,"31":6,"32":0,"33":0,"34":6,"35":6,"36":1,"37":1,"38":5,"39":5,"40":2,"41":5,"42":2},"f":{"0":8,"1":6,"2":12,"3":10,"4":11},"b":{"0":[6,0],"1":[6,0],"2":[1],"3":[1],"4":[0],"5":[0],"6":[6,6],"7":[0],"8":[1],"9":[5,2,0,2,0],"10":[2]}}
,"E:\\AICreativeStudioPlatform\\node-engine\\src\\domain\\nodeRegistry.ts": {"path":"E:\\AICreativeStudioPlatform\\node-engine\\src\\domain\\nodeRegistry.ts","statementMap":{"0":{"start":{"line":1,"column":0},"end":{"line":1,"column":55}},"1":{"start":{"line":5,"column":22},"end":{"line":5,"column":42}},"2":{"start":{"line":8,"column":21},"end":{"line":8,"column":48}},"3":{"start":{"line":9,"column":4},"end":{"line":9,"column":36}},"4":{"start":{"line":9,"column":29},"end":{"line":9,"column":36}},"5":{"start":{"line":11,"column":47},"end":{"line":159,"column":6}},"6":{"start":{"line":161,"column":4},"end":{"line":163,"column":5}},"7":{"start":{"line":162,"column":6},"end":{"line":162,"column":39}},"8":{"start":{"line":167,"column":4},"end":{"line":167,"column":40}},"9":{"start":{"line":171,"column":17},"end":{"line":171,"column":53}},"10":{"start":{"line":172,"column":4},"end":{"line":174,"column":5}},"11":{"start":{"line":173,"column":6},"end":{"line":173,"column":93}},"12":{"start":{"line":175,"column":4},"end":{"line":175,"column":16}},"13":{"start":{"line":179,"column":4},"end":{"line":181,"column":5}},"14":{"start":{"line":180,"column":6},"end":{"line":180,"column":86}},"15":{"start":{"line":182,"column":21},"end":{"line":182,"column":62}},"16":{"start":{"line":183,"column":4},"end":{"line":185,"column":5}},"17":{"start":{"line":184,"column":6},"end":{"line":184,"column":96}},"18":{"start":{"line":186,"column":4},"end":{"line":186,"column":38}},"19":{"start":{"line":4,"column":0},"end":{"line":4,"column":13}}},"fnMap":{"0":{"name":"(anonymous_0)","decl":{"start":{"line":5,"column":2},"end":{"line":5,"column":22}},"loc":{"start":{"line":5,"column":42},"end":{"line":5,"column":46}}},"1":{"name":"(anonymous_1)","decl":{"start":{"line":7,"column":2},"end":{"line":7,"column":7}},"loc":{"start":{"line":7,"column":24},"end":{"line":164,"column":3}}},"2":{"name":"(anonymous_2)","decl":{"start":{"line":166,"column":2},"end":{"line":166,"column":7}},"loc":{"start":{"line":166,"column":49},"end":{"line":168,"column":3}}},"3":{"name":"(anonymous_3)","decl":{"start":{"line":170,"column":2},"end":{"line":170,"column":7}},"loc":{"start":{"line":170,"column":34},"end":{"line":176,"column":3}}},"4":{"name":"(anonymous_4)","decl":{"start":{"line":178,"column":2},"end":{"line":178,"column":7}},"loc":{"start":{"line":178,"column":45},"end":{"line":187,"column":3}}}},"branchMap":{"0":{"loc":{"start":{"line":9,"column":4},"end":{"line":9,"column":36}},"type":"if","locations":[{"start":{"line":9,"column":4},"end":{"line":9,"column":36}}]},"1":{"loc":{"start":{"line":172,"column":4},"end":{"line":174,"column":5}},"type":"if","locations":[{"start":{"line":172,"column":4},"end":{"line":174,"column":5}}]},"2":{"loc":{"start":{"line":179,"column":4},"end":{"line":181,"column":5}},"type":"if","locations":[{"start":{"line":179,"column":4},"end":{"line":181,"column":5}}]},"3":{"loc":{"start":{"line":179,"column":8},"end":{"line":179,"column":32}},"type":"binary-expr","locations":[{"start":{"line":179,"column":8},"end":{"line":179,"column":18}},{"start":{"line":179,"column":22},"end":{"line":179,"column":32}}]},"4":{"loc":{"start":{"line":183,"column":4},"end":{"line":185,"column":5}},"type":"if","locations":[{"start":{"line":183,"column":4},"end":{"line":185,"column":5}}]}},"s":{"0":3,"1":15,"2":12,"3":12,"4":1,"5":11,"6":11,"7":88,"8":4,"9":15,"10":15,"11":3,"12":12,"13":6,"14":2,"15":4,"16":4,"17":1,"18":3,"19":3},"f":{"0":15,"1":12,"2":4,"3":15,"4":6},"b":{"0":[1],"1":[3],"2":[2],"3":[6,4],"4":[1]}}
,"E:\\AICreativeStudioPlatform\\node-engine\\src\\domain\\types.ts": {"path":"E:\\AICreativeStudioPlatform\\node-engine\\src\\domain\\types.ts","statementMap":{"0":{"start":{"line":77,"column":4},"end":{"line":77,"column":19}},"1":{"start":{"line":78,"column":4},"end":{"line":78,"column":33}},"2":{"start":{"line":79,"column":4},"end":{"line":79,"column":21}},"3":{"start":{"line":80,"column":4},"end":{"line":80,"column":27}},"4":{"start":{"line":81,"column":4},"end":{"line":81,"column":52}},"5":{"start":{"line":71,"column":0},"end":{"line":71,"column":13}}},"fnMap":{"0":{"name":"(anonymous_0)","decl":{"start":{"line":76,"column":2},"end":{"line":76,"column":14}},"loc":{"start":{"line":76,"column":98},"end":{"line":82,"column":3}}}},"branchMap":{},"s":{"0":6,"1":6,"2":6,"3":6,"4":6,"5":3},"f":{"0":6},"b":{}}
,"E:\\AICreativeStudioPlatform\\node-engine\\src\\infra\\repository.ts": {"path":"E:\\AICreativeStudioPlatform\\node-engine\\src\\infra\\repository.ts","statementMap":{"0":{"start":{"line":10,"column":51},"end":{"line":10,"column":60}},"1":{"start":{"line":13,"column":15},"end":{"line":13,"column":46}},"2":{"start":{"line":14,"column":4},"end":{"line":16,"column":5}},"3":{"start":{"line":15,"column":6},"end":{"line":15,"column":65}},"4":{"start":{"line":15,"column":32},"end":{"line":15,"column":63}},"5":{"start":{"line":17,"column":4},"end":{"line":17,"column":16}},"6":{"start":{"line":21,"column":4},"end":{"line":21,"column":40}},"7":{"start":{"line":25,"column":4},"end":{"line":25,"column":36}},"8":{"start":{"line":26,"column":4},"end":{"line":26,"column":16}},"9":{"start":{"line":9,"column":0},"end":{"line":9,"column":13}}},"fnMap":{"0":{"name":"(anonymous_0)","decl":{"start":{"line":12,"column":2},"end":{"line":12,"column":7}},"loc":{"start":{"line":12,"column":49},"end":{"line":18,"column":3}}},"1":{"name":"(anonymous_1)","decl":{"start":{"line":15,"column":25},"end":{"line":15,"column":26}},"loc":{"start":{"line":15,"column":32},"end":{"line":15,"column":63}}},"2":{"name":"(anonymous_2)","decl":{"start":{"line":20,"column":2},"end":{"line":20,"column":7}},"loc":{"start":{"line":20,"column":35},"end":{"line":22,"column":3}}},"3":{"name":"(anonymous_3)","decl":{"start":{"line":24,"column":2},"end":{"line":24,"column":7}},"loc":{"start":{"line":24,"column":43},"end":{"line":27,"column":3}}}},"branchMap":{"0":{"loc":{"start":{"line":14,"column":4},"end":{"line":16,"column":5}},"type":"if","locations":[{"start":{"line":14,"column":4},"end":{"line":16,"column":5}}]},"1":{"loc":{"start":{"line":21,"column":11},"end":{"line":21,"column":39}},"type":"binary-expr","locations":[{"start":{"line":21,"column":11},"end":{"line":21,"column":31}},{"start":{"line":21,"column":35},"end":{"line":21,"column":39}}]}},"s":{"0":15,"1":16,"2":16,"3":2,"4":16,"5":16,"6":19,"7":91,"8":91,"9":3},"f":{"0":16,"1":16,"2":19,"3":91},"b":{"0":[2],"1":[19,6]}}
}
