TN:
SF:src\app.ts
FN:15,createApp
FNF:1
FNH:1
FNDA:4,createApp
DA:1,1
DA:2,1
DA:3,1
DA:4,1
DA:5,1
DA:6,1
DA:7,1
DA:15,1
DA:21,4
DA:22,4
DA:23,4
DA:25,4
DA:26,4
DA:31,4
DA:32,4
DA:34,4
DA:35,4
DA:37,4
DA:39,4
LF:19
LH:19
BRDA:15,0,0,4
BRDA:21,1,0,4
BRDA:21,1,1,4
BRDA:22,2,0,4
BRDA:22,2,1,4
BRDA:23,3,0,4
BRDA:23,3,1,4
BRDA:27,4,0,4
BRDA:27,4,1,4
BRF:9
BRH:9
end_of_record
TN:
SF:src\api\middleware.ts
FN:9,requestIdMiddleware
FN:16,errorHandlerMiddleware
FNF:2
FNH:2
FNDA:8,requestIdMiddleware
FNDA:3,errorHandlerMiddleware
DA:2,1
DA:3,1
DA:9,1
DA:10,8
DA:11,8
DA:12,8
DA:13,8
DA:16,1
DA:23,3
DA:25,3
DA:26,2
DA:34,2
DA:35,2
DA:38,1
DA:46,1
LF:15
LH:15
BRDA:10,0,0,8
BRDA:10,0,1,7
BRDA:23,1,0,3
BRDA:23,1,1,0
BRDA:25,2,0,2
BRDA:30,3,0,2
BRDA:30,3,1,2
BRDA:41,4,0,1
BRDA:41,4,1,0
BRF:9
BRH:7
end_of_record
TN:
SF:src\api\routes.ts
FN:5,createRouter
FN:12,(anonymous_1)
FN:22,(anonymous_2)
FN:33,(anonymous_3)
FN:43,(anonymous_4)
FNF:5
FNH:5
FNDA:4,createRouter
FNDA:2,(anonymous_1)
FNDA:2,(anonymous_2)
FNDA:2,(anonymous_3)
FNDA:2,(anonymous_4)
DA:1,1
DA:5,1
DA:9,4
DA:12,4
DA:13,2
DA:14,2
DA:15,2
DA:17,0
DA:22,4
DA:23,2
DA:24,2
DA:25,2
DA:26,1
DA:28,1
DA:33,4
DA:34,2
DA:35,2
DA:36,1
DA:38,1
DA:43,4
DA:44,2
DA:45,2
DA:46,1
DA:48,1
DA:52,4
LF:25
LH:24
BRF:0
BRH:0
end_of_record
TN:
SF:src\domain\graphValidator.ts
FN:10,(anonymous_0)
FN:12,(anonymous_1)
FN:29,(anonymous_2)
FN:30,(anonymous_3)
FN:47,(anonymous_4)
FNF:5
FNH:5
FNDA:8,(anonymous_0)
FNDA:6,(anonymous_1)
FNDA:12,(anonymous_2)
FNDA:10,(anonymous_3)
FNDA:11,(anonymous_4)
DA:9,2
DA:10,8
DA:13,6
DA:14,6
DA:16,6
DA:17,6
DA:19,6
DA:20,1
DA:24,5
DA:26,5
DA:27,11
DA:28,11
DA:29,12
DA:30,10
DA:32,10
DA:39,1
DA:47,11
DA:50,5
DA:51,7
DA:52,1
DA:57,1
DA:60,6
DA:61,0
DA:66,0
DA:69,6
DA:70,6
DA:72,6
DA:74,6
DA:75,6
DA:76,0
DA:81,0
DA:84,6
DA:85,6
DA:86,1
DA:91,1
DA:96,5
DA:100,5
DA:101,2
DA:109,5
LF:39
LH:35
BRDA:16,0,0,6
BRDA:16,0,1,0
BRDA:17,1,0,6
BRDA:17,1,1,0
BRDA:19,2,0,1
BRDA:51,3,0,1
BRDA:60,4,0,0
BRDA:72,5,0,0
BRDA:72,6,0,6
BRDA:72,6,1,6
BRDA:75,7,0,0
BRDA:85,8,0,1
BRDA:96,9,0,5
BRDA:96,9,1,2
BRDA:96,9,2,0
BRDA:96,9,3,2
BRDA:96,9,4,0
BRDA:100,10,0,2
BRF:18
BRH:11
end_of_record
TN:
SF:src\domain\nodeRegistry.ts
FN:5,(anonymous_0)
FN:7,(anonymous_1)
FN:166,(anonymous_2)
FN:170,(anonymous_3)
FN:178,(anonymous_4)
FNF:5
FNH:5
FNDA:15,(anonymous_0)
FNDA:12,(anonymous_1)
FNDA:4,(anonymous_2)
FNDA:15,(anonymous_3)
FNDA:6,(anonymous_4)
DA:1,3
DA:4,3
DA:5,15
DA:8,12
DA:9,12
DA:11,11
DA:161,11
DA:162,88
DA:167,4
DA:171,15
DA:172,15
DA:173,3
DA:175,12
DA:179,6
DA:180,2
DA:182,4
DA:183,4
DA:184,1
DA:186,3
LF:19
LH:19
BRDA:9,0,0,1
BRDA:172,1,0,3
BRDA:179,2,0,2
BRDA:179,3,0,6
BRDA:179,3,1,4
BRDA:183,4,0,1
BRF:6
BRH:6
end_of_record
TN:
SF:src\domain\types.ts
FN:76,(anonymous_0)
FNF:1
FNH:1
FNDA:6,(anonymous_0)
DA:71,3
DA:77,6
DA:78,6
DA:79,6
DA:80,6
DA:81,6
LF:6
LH:6
BRF:0
BRH:0
end_of_record
TN:
SF:src\infra\repository.ts
FN:12,(anonymous_0)
FN:15,(anonymous_1)
FN:20,(anonymous_2)
FN:24,(anonymous_3)
FNF:4
FNH:4
FNDA:16,(anonymous_0)
FNDA:16,(anonymous_1)
FNDA:19,(anonymous_2)
FNDA:91,(anonymous_3)
DA:9,3
DA:10,15
DA:13,16
DA:14,16
DA:15,16
DA:17,16
DA:21,19
DA:25,91
DA:26,91
LF:9
LH:9
BRDA:14,0,0,2
BRDA:21,1,0,19
BRDA:21,1,1,6
BRF:3
BRH:3
end_of_record
