TN:
SF:src\app.ts
FN:18,createApp
FNF:1
FNH:1
FNDA:4,createApp
DA:1,1
DA:2,1
DA:3,1
DA:4,1
DA:5,1
DA:6,1
DA:7,1
DA:8,1
DA:9,1
DA:18,1
DA:26,4
DA:27,4
DA:28,4
DA:29,4
DA:31,4
DA:33,4
DA:34,4
DA:39,4
DA:40,4
DA:42,4
DA:43,4
DA:45,4
DA:47,4
LF:23
LH:23
BRDA:18,0,0,4
BRDA:26,1,0,4
BRDA:26,1,1,4
BRDA:27,2,0,4
BRDA:27,2,1,4
BRDA:28,3,0,4
BRDA:28,3,1,4
BRDA:29,4,0,4
BRDA:29,4,1,4
BRDA:35,5,0,4
BRDA:35,5,1,4
BRF:11
BRH:11
end_of_record
TN:
SF:src\api\middleware.ts
FN:9,requestIdMiddleware
FN:16,errorHandlerMiddleware
FNF:2
FNH:2
FNDA:10,requestIdMiddleware
FNDA:4,errorHandlerMiddleware
DA:2,1
DA:3,1
DA:9,1
DA:10,10
DA:11,10
DA:12,10
DA:13,10
DA:16,1
DA:23,4
DA:25,4
DA:26,3
DA:34,3
DA:35,3
DA:38,1
DA:46,1
LF:15
LH:15
BRDA:10,0,0,10
BRDA:10,0,1,9
BRDA:23,1,0,4
BRDA:23,1,1,0
BRDA:25,2,0,3
BRDA:30,3,0,3
BRDA:30,3,1,3
BRDA:41,4,0,1
BRDA:41,4,1,0
BRF:9
BRH:7
end_of_record
TN:
SF:src\api\routes.ts
FN:4,createRouter
FN:8,(anonymous_1)
FN:18,(anonymous_2)
FN:31,(anonymous_3)
FN:41,(anonymous_4)
FN:58,(anonymous_5)
FN:74,(anonymous_6)
FNF:7
FNH:7
FNDA:4,createRouter
FNDA:2,(anonymous_1)
FNDA:2,(anonymous_2)
FNDA:2,(anonymous_3)
FNDA:2,(anonymous_4)
FNDA:1,(anonymous_5)
FNDA:1,(anonymous_6)
DA:1,1
DA:4,1
DA:5,4
DA:8,4
DA:9,2
DA:10,2
DA:11,1
DA:13,1
DA:18,4
DA:19,2
DA:20,2
DA:21,2
DA:22,2
DA:23,2
DA:24,1
DA:26,1
DA:31,4
DA:32,2
DA:33,2
DA:34,1
DA:36,1
DA:41,4
DA:42,2
DA:43,2
DA:44,2
DA:51,1
DA:53,1
DA:58,4
DA:59,1
DA:60,1
DA:61,1
DA:67,1
DA:69,0
DA:74,4
DA:75,1
DA:76,1
DA:77,1
DA:78,1
DA:84,0
DA:88,4
LF:40
LH:38
BRDA:22,0,0,0
BRDA:22,0,1,2
BRF:2
BRH:1
end_of_record
TN:
SF:src\domain\dagCompiler.ts
FN:4,(anonymous_0)
FN:17,(anonymous_1)
FNF:2
FNH:2
FNDA:20,(anonymous_0)
FNDA:25,(anonymous_1)
DA:1,3
DA:3,3
DA:5,20
DA:6,20
DA:8,20
DA:9,7
DA:17,25
DA:20,13
DA:21,15
DA:22,0
DA:24,15
DA:25,1
DA:30,12
DA:31,12
DA:33,12
DA:34,24
DA:35,24
DA:38,12
DA:39,14
DA:40,14
DA:44,12
DA:45,12
DA:46,12
DA:48,12
DA:49,24
DA:50,10
DA:54,12
DA:55,12
DA:57,12
DA:58,19
DA:63,19
DA:65,19
DA:67,19
DA:68,20
DA:69,20
DA:70,10
DA:71,10
DA:72,10
DA:73,10
DA:78,19
DA:79,19
DA:83,12
DA:84,2
DA:87,10
LF:44
LH:43
BRDA:5,0,0,20
BRDA:5,0,1,0
BRDA:6,1,0,20
BRDA:6,1,1,0
BRDA:8,2,0,7
BRDA:21,3,0,0
BRDA:24,4,0,1
BRDA:49,5,0,10
BRDA:68,6,0,20
BRDA:68,6,1,0
BRDA:72,7,0,10
BRDA:83,8,0,2
BRF:12
BRH:8
end_of_record
TN:
SF:src\domain\types.ts
FN:98,(anonymous_0)
FNF:1
FNH:1
FNDA:10,(anonymous_0)
DA:93,3
DA:99,10
DA:100,10
DA:101,10
DA:102,10
DA:103,10
LF:6
LH:6
BRF:0
BRH:0
end_of_record
TN:
SF:src\domain\workflowService.ts
FN:22,(anonymous_0)
FN:29,(anonymous_1)
FN:53,(anonymous_2)
FN:61,(anonymous_3)
FN:65,(anonymous_4)
FN:88,(anonymous_5)
FN:124,(anonymous_6)
FN:125,(anonymous_7)
FN:133,(anonymous_8)
FN:141,(anonymous_9)
FN:162,(anonymous_10)
FNF:11
FNH:10
FNDA:13,(anonymous_0)
FNDA:10,(anonymous_1)
FNDA:13,(anonymous_2)
FNDA:3,(anonymous_3)
FNDA:4,(anonymous_4)
FNDA:3,(anonymous_5)
FNDA:3,(anonymous_6)
FNDA:0,(anonymous_7)
FNDA:5,(anonymous_8)
FNDA:3,(anonymous_9)
FNDA:5,(anonymous_10)
DA:1,2
DA:2,2
DA:21,2
DA:23,13
DA:24,13
DA:25,13
DA:26,13
DA:30,10
DA:31,1
DA:34,9
DA:35,9
DA:48,9
DA:50,8
DA:54,13
DA:55,13
DA:56,3
DA:58,10
DA:62,3
DA:66,4
DA:68,3
DA:79,3
DA:81,3
DA:82,3
DA:83,1
DA:85,2
DA:89,3
DA:92,3
DA:94,3
DA:95,3
DA:96,3
DA:98,3
DA:99,3
DA:100,5
DA:107,3
DA:121,3
DA:124,3
DA:125,3
DA:126,0
DA:130,3
DA:134,5
DA:135,5
DA:136,2
DA:138,3
DA:142,3
DA:143,3
DA:146,3
DA:147,3
DA:149,3
DA:161,3
DA:162,5
DA:165,3
DA:166,5
DA:167,5
DA:168,5
DA:169,5
DA:171,5
DA:172,5
DA:174,5
DA:175,5
DA:176,3
DA:177,2
DA:178,2
DA:181,4
DA:182,4
DA:183,4
DA:188,4
DA:190,4
DA:201,1
DA:202,1
DA:203,1
DA:208,3
DA:209,2
DA:211,3
DA:212,3
DA:214,3
LF:75
LH:74
BRDA:30,0,0,1
BRDA:30,1,0,10
BRDA:30,1,1,10
BRDA:39,2,0,9
BRDA:39,2,1,7
BRDA:41,3,0,9
BRDA:41,3,1,0
BRDA:42,4,0,9
BRDA:42,4,1,0
BRDA:55,5,0,3
BRDA:70,6,0,3
BRDA:70,6,1,0
BRDA:71,7,0,0
BRDA:71,7,1,3
BRDA:72,8,0,3
BRDA:72,8,1,3
BRDA:73,9,0,3
BRDA:73,9,1,3
BRDA:82,10,0,1
BRDA:95,11,0,3
BRDA:95,11,1,1
BRDA:116,12,0,3
BRDA:116,12,1,2
BRDA:135,13,0,2
BRDA:143,14,0,0
BRDA:169,15,0,0
BRDA:169,16,0,5
BRDA:169,16,1,5
BRDA:175,17,0,3
BRDA:202,18,0,0
BRDA:202,18,1,1
BRDA:208,19,0,2
BRF:32
BRH:25
end_of_record
TN:
SF:src\events\publisher.ts
FN:47,(anonymous_0)
FN:51,(anonymous_1)
FNF:2
FNH:1
FNDA:10,(anonymous_0)
FNDA:0,(anonymous_1)
DA:44,2
DA:45,13
DA:48,10
DA:52,0
LF:4
LH:3
BRF:0
BRH:0
end_of_record
TN:
SF:src\infra\repository.ts
FN:20,(anonymous_0)
FN:23,(anonymous_1)
FN:28,(anonymous_2)
FN:38,(anonymous_3)
FN:42,(anonymous_4)
FN:47,(anonymous_5)
FN:59,(anonymous_6)
FN:64,(anonymous_7)
FN:68,(anonymous_8)
FNF:9
FNH:9
FNDA:3,(anonymous_0)
FNDA:5,(anonymous_1)
FNDA:1,(anonymous_2)
FNDA:13,(anonymous_3)
FNDA:8,(anonymous_4)
FNDA:2,(anonymous_5)
FNDA:3,(anonymous_6)
FNDA:8,(anonymous_7)
FNDA:6,(anonymous_8)
DA:16,2
DA:17,13
DA:18,13
DA:21,3
DA:22,3
DA:23,5
DA:25,3
DA:26,3
DA:27,3
DA:28,1
DA:29,1
DA:30,1
DA:33,3
DA:34,3
DA:35,3
DA:39,13
DA:43,8
DA:44,8
DA:48,2
DA:49,2
DA:50,2
DA:55,2
DA:56,2
DA:60,3
DA:61,3
DA:65,8
DA:69,6
DA:70,6
DA:71,6
DA:75,6
DA:76,6
LF:31
LH:31
BRDA:22,0,0,3
BRDA:25,1,0,3
BRDA:25,1,1,1
BRDA:27,2,0,1
BRDA:29,3,0,1
BRDA:34,4,0,1
BRDA:34,4,1,2
BRDA:34,5,0,3
BRDA:34,5,1,1
BRDA:39,6,0,13
BRDA:39,6,1,3
BRDA:49,7,0,0
BRDA:65,8,0,8
BRDA:65,8,1,2
BRDA:70,9,0,0
BRF:15
BRH:13
end_of_record
TN:
SF:src\infra\routingClient.ts
FN:22,(anonymous_0)
FNF:1
FNH:1
FNDA:2,(anonymous_0)
DA:21,2
DA:27,2
LF:2
LH:2
BRF:0
BRH:0
end_of_record
