TN:
SF:src\app.ts
FN:13,createApp
FNF:1
FNH:1
FNDA:6,createApp
DA:1,1
DA:2,1
DA:3,1
DA:4,1
DA:5,1
DA:6,1
DA:13,1
DA:17,6
DA:18,6
DA:20,6
DA:22,6
DA:28,6
DA:29,6
DA:31,6
DA:32,6
DA:34,6
DA:36,6
LF:17
LH:17
BRDA:13,0,0,6
BRDA:17,1,0,6
BRDA:17,1,1,6
BRDA:18,2,0,6
BRDA:18,2,1,6
BRDA:23,3,0,6
BRDA:23,3,1,6
BRF:7
BRH:7
end_of_record
TN:
SF:src\api\middleware.ts
FN:9,requestIdMiddleware
FN:16,errorHandlerMiddleware
FNF:2
FNH:2
FNDA:6,requestIdMiddleware
FNDA:2,errorHandlerMiddleware
DA:2,1
DA:3,1
DA:9,1
DA:10,6
DA:11,6
DA:12,6
DA:13,6
DA:16,1
DA:23,2
DA:25,2
DA:26,2
DA:34,2
DA:35,2
DA:38,0
DA:39,0
DA:47,0
LF:16
LH:13
BRDA:10,0,0,6
BRDA:10,0,1,5
BRDA:23,1,0,2
BRDA:23,1,1,0
BRDA:25,2,0,2
BRDA:30,3,0,2
BRDA:30,3,1,2
BRDA:42,4,0,0
BRDA:42,4,1,0
BRF:9
BRH:6
end_of_record
TN:
SF:src\api\routes.ts
FN:5,createRouter
FN:10,(anonymous_1)
FN:22,(anonymous_2)
FN:33,(anonymous_3)
FN:44,(anonymous_4)
FNF:5
FNH:5
FNDA:6,createRouter
FNDA:2,(anonymous_1)
FNDA:2,(anonymous_2)
FNDA:1,(anonymous_3)
FNDA:1,(anonymous_4)
DA:1,1
DA:5,1
DA:6,6
DA:10,6
DA:11,2
DA:12,2
DA:13,2
DA:14,2
DA:16,0
DA:22,6
DA:23,2
DA:24,2
DA:25,1
DA:27,1
DA:33,6
DA:34,1
DA:35,1
DA:36,1
DA:38,0
DA:44,6
DA:45,1
DA:46,1
DA:52,0
DA:54,1
DA:58,6
LF:25
LH:22
BRDA:48,0,0,1
BRDA:48,0,1,0
BRF:2
BRH:1
end_of_record
TN:
SF:src\domain\templateService.ts
FN:12,(anonymous_0)
FN:14,(anonymous_1)
FN:18,(anonymous_2)
FN:26,(anonymous_3)
FN:42,(anonymous_4)
FN:58,(anonymous_5)
FN:66,(anonymous_6)
FN:103,(anonymous_7)
FNF:8
FNH:5
FNDA:6,(anonymous_0)
FNDA:2,(anonymous_1)
FNDA:3,(anonymous_2)
FNDA:1,(anonymous_3)
FNDA:1,(anonymous_4)
FNDA:0,(anonymous_5)
FNDA:0,(anonymous_6)
FNDA:0,(anonymous_7)
DA:1,1
DA:9,1
DA:11,1
DA:12,6
DA:15,2
DA:19,3
DA:20,3
DA:21,1
DA:23,2
DA:27,1
DA:28,0
DA:31,1
DA:32,1
DA:39,1
DA:43,1
DA:44,1
DA:47,1
DA:48,2
DA:49,1
DA:54,0
DA:58,0
DA:59,0
DA:60,0
DA:62,0
DA:63,0
DA:64,0
DA:65,0
DA:66,0
DA:68,0
DA:72,0
DA:73,0
DA:75,0
DA:85,0
DA:86,0
DA:87,0
DA:88,0
DA:90,0
DA:91,0
DA:95,0
DA:96,0
DA:102,0
DA:103,0
DA:104,0
DA:111,0
DA:113,0
DA:120,0
DA:121,0
LF:47
LH:18
BRDA:20,0,0,1
BRDA:27,1,0,0
BRDA:27,2,0,1
BRDA:27,2,1,1
BRDA:27,2,2,1
BRDA:27,2,3,1
BRDA:44,3,0,1
BRDA:44,3,1,0
BRDA:48,4,0,1
BRDA:48,5,0,2
BRDA:48,5,1,2
BRDA:48,5,2,1
BRDA:60,6,0,0
BRDA:62,7,0,0
BRDA:62,7,1,0
BRDA:62,8,0,0
BRDA:62,8,1,0
BRDA:64,9,0,0
BRDA:64,9,1,0
BRDA:65,10,0,0
BRDA:65,10,1,0
BRDA:66,11,0,0
BRDA:73,12,0,0
BRDA:73,12,1,0
BRDA:78,13,0,0
BRDA:78,13,1,0
BRDA:79,14,0,0
BRDA:79,14,1,0
BRDA:80,15,0,0
BRDA:80,15,1,0
BRDA:85,16,0,0
BRDA:86,17,0,0
BRDA:86,18,0,0
BRDA:86,18,1,0
BRDA:88,19,0,0
BRDA:90,20,0,0
BRDA:102,21,0,0
BRDA:107,22,0,0
BRDA:107,22,1,0
BRDA:120,23,0,0
BRF:40
BRH:10
end_of_record
TN:
SF:src\domain\types.ts
FN:81,(anonymous_0)
FNF:1
FNH:1
FNDA:2,(anonymous_0)
DA:76,1
DA:82,2
DA:83,2
DA:84,2
DA:85,2
DA:86,2
LF:6
LH:6
BRF:0
BRH:0
end_of_record
TN:
SF:src\infra\repository.ts
FN:14,(anonymous_0)
FN:18,(anonymous_1)
FN:23,(anonymous_2)
FN:27,(anonymous_3)
FN:39,(anonymous_4)
FN:43,(anonymous_5)
FN:46,(anonymous_6)
FN:49,(anonymous_7)
FN:183,(anonymous_8)
FNF:9
FNH:7
FNDA:6,(anonymous_0)
FNDA:1,(anonymous_1)
FNDA:3,(anonymous_2)
FNDA:0,(anonymous_3)
FNDA:0,(anonymous_4)
FNDA:2,(anonymous_5)
FNDA:6,(anonymous_6)
FNDA:6,(anonymous_7)
FNDA:36,(anonymous_8)
DA:11,1
DA:12,6
DA:15,6
DA:19,1
DA:20,1
DA:24,3
DA:28,0
DA:29,0
DA:30,0
DA:35,0
DA:36,0
DA:40,0
DA:44,2
DA:45,2
DA:46,6
DA:50,6
DA:51,6
DA:183,36
LF:18
LH:12
BRDA:24,0,0,3
BRDA:24,0,1,1
BRDA:29,1,0,0
BRDA:45,2,0,1
BRF:4
BRH:3
end_of_record
