{"E:\\AICreativeStudioPlatform\\auth-service\\src\\app.ts": {"path":"E:\\AICreativeStudioPlatform\\auth-service\\src\\app.ts","statementMap":{"0":{"start":{"line":14,"column":0},"end":{"line":14,"column":16}},"1":{"start":{"line":1,"column":0},"end":{"line":1,"column":43}},"2":{"start":{"line":2,"column":0},"end":{"line":2,"column":24}},"3":{"start":{"line":3,"column":0},"end":{"line":3,"column":79}},"4":{"start":{"line":4,"column":0},"end":{"line":4,"column":44}},"5":{"start":{"line":5,"column":0},"end":{"line":5,"column":51}},"6":{"start":{"line":7,"column":0},"end":{"line":7,"column":68}},"7":{"start":{"line":19,"column":15},"end":{"line":19,"column":56}},"8":{"start":{"line":20,"column":22},"end":{"line":20,"column":63}},"9":{"start":{"line":22,"column":14},"end":{"line":22,"column":23}},"10":{"start":{"line":23,"column":2},"end":{"line":27,"column":6}},"11":{"start":{"line":28,"column":2},"end":{"line":28,"column":26}},"12":{"start":{"line":29,"column":2},"end":{"line":29,"column":31}},"13":{"start":{"line":31,"column":17},"end":{"line":31,"column":42}},"14":{"start":{"line":32,"column":2},"end":{"line":32,"column":23}},"15":{"start":{"line":34,"column":2},"end":{"line":34,"column":34}},"16":{"start":{"line":36,"column":2},"end":{"line":40,"column":4}}},"fnMap":{"0":{"name":"createApp","decl":{"start":{"line":14,"column":16},"end":{"line":14,"column":25}},"loc":{"start":{"line":14,"column":52},"end":{"line":41,"column":1}}}},"branchMap":{"0":{"loc":{"start":{"line":14,"column":26},"end":{"line":14,"column":52}},"type":"default-arg","locations":[{"start":{"line":14,"column":50},"end":{"line":14,"column":52}}]},"1":{"loc":{"start":{"line":19,"column":15},"end":{"line":19,"column":56}},"type":"binary-expr","locations":[{"start":{"line":19,"column":15},"end":{"line":19,"column":24}},{"start":{"line":19,"column":28},"end":{"line":19,"column":56}}]},"2":{"loc":{"start":{"line":20,"column":22},"end":{"line":20,"column":63}},"type":"binary-expr","locations":[{"start":{"line":20,"column":22},"end":{"line":20,"column":38}},{"start":{"line":20,"column":42},"end":{"line":20,"column":63}}]},"3":{"loc":{"start":{"line":24,"column":12},"end":{"line":24,"column":42}},"type":"binary-expr","locations":[{"start":{"line":24,"column":12},"end":{"line":24,"column":35}},{"start":{"line":24,"column":39},"end":{"line":24,"column":42}}]}},"s":{"0":1,"1":1,"2":1,"3":1,"4":1,"5":1,"6":1,"7":3,"8":3,"9":3,"10":3,"11":3,"12":3,"13":3,"14":3,"15":3,"16":3},"f":{"0":3},"b":{"0":[3],"1":[3,3],"2":[3,3],"3":[3,3]}}
,"E:\\AICreativeStudioPlatform\\auth-service\\src\\api\\middleware.ts": {"path":"E:\\AICreativeStudioPlatform\\auth-service\\src\\api\\middleware.ts","statementMap":{"0":{"start":{"line":11,"column":0},"end":{"line":11,"column":16}},"1":{"start":{"line":18,"column":0},"end":{"line":18,"column":16}},"2":{"start":{"line":48,"column":0},"end":{"line":48,"column":16}},"3":{"start":{"line":62,"column":0},"end":{"line":62,"column":16}},"4":{"start":{"line":2,"column":0},"end":{"line":2,"column":36}},"5":{"start":{"line":3,"column":0},"end":{"line":3,"column":89}},"6":{"start":{"line":12,"column":17},"end":{"line":12,"column":67}},"7":{"start":{"line":13,"column":2},"end":{"line":13,"column":24}},"8":{"start":{"line":14,"column":2},"end":{"line":14,"column":39}},"9":{"start":{"line":15,"column":2},"end":{"line":15,"column":9}},"10":{"start":{"line":19,"column":2},"end":{"line":45,"column":4}},"11":{"start":{"line":20,"column":23},"end":{"line":20,"column":48}},"12":{"start":{"line":21,"column":4},"end":{"line":35,"column":5}},"13":{"start":{"line":23,"column":26},"end":{"line":23,"column":53}},"14":{"start":{"line":24,"column":6},"end":{"line":33,"column":7}},"15":{"start":{"line":25,"column":8},"end":{"line":31,"column":10}},"16":{"start":{"line":32,"column":8},"end":{"line":32,"column":22}},"17":{"start":{"line":34,"column":6},"end":{"line":34,"column":96}},"18":{"start":{"line":37,"column":18},"end":{"line":37,"column":41}},"19":{"start":{"line":38,"column":4},"end":{"line":44,"column":5}},"20":{"start":{"line":39,"column":22},"end":{"line":39,"column":52}},"21":{"start":{"line":40,"column":6},"end":{"line":40,"column":30}},"22":{"start":{"line":41,"column":6},"end":{"line":41,"column":13}},"23":{"start":{"line":43,"column":6},"end":{"line":43,"column":16}},"24":{"start":{"line":49,"column":2},"end":{"line":59,"column":4}},"25":{"start":{"line":50,"column":4},"end":{"line":52,"column":5}},"26":{"start":{"line":51,"column":6},"end":{"line":51,"column":80}},"27":{"start":{"line":54,"column":4},"end":{"line":56,"column":5}},"28":{"start":{"line":55,"column":6},"end":{"line":55,"column":109}},"29":{"start":{"line":58,"column":4},"end":{"line":58,"column":11}},"30":{"start":{"line":69,"column":20},"end":{"line":69,"column":45}},"31":{"start":{"line":71,"column":2},"end":{"line":82,"column":3}},"32":{"start":{"line":72,"column":47},"end":{"line":79,"column":6}},"33":{"start":{"line":80,"column":4},"end":{"line":80,"column":50}},"34":{"start":{"line":81,"column":4},"end":{"line":81,"column":11}},"35":{"start":{"line":84,"column":45},"end":{"line":91,"column":4}},"36":{"start":{"line":92,"column":2},"end":{"line":92,"column":37}}},"fnMap":{"0":{"name":"requestIdMiddleware","decl":{"start":{"line":11,"column":16},"end":{"line":11,"column":35}},"loc":{"start":{"line":11,"column":87},"end":{"line":16,"column":1}}},"1":{"name":"createAuthMiddleware","decl":{"start":{"line":18,"column":16},"end":{"line":18,"column":36}},"loc":{"start":{"line":18,"column":61},"end":{"line":46,"column":1}}},"2":{"name":"(anonymous_2)","decl":{"start":{"line":19,"column":9},"end":{"line":19,"column":10}},"loc":{"start":{"line":19,"column":71},"end":{"line":45,"column":3}}},"3":{"name":"requirePermission","decl":{"start":{"line":48,"column":16},"end":{"line":48,"column":33}},"loc":{"start":{"line":48,"column":56},"end":{"line":60,"column":1}}},"4":{"name":"(anonymous_4)","decl":{"start":{"line":49,"column":9},"end":{"line":49,"column":10}},"loc":{"start":{"line":49,"column":71},"end":{"line":59,"column":3}}},"5":{"name":"errorHandlerMiddleware","decl":{"start":{"line":62,"column":16},"end":{"line":62,"column":38}},"loc":{"start":{"line":67,"column":20},"end":{"line":93,"column":1}}}},"branchMap":{"0":{"loc":{"start":{"line":12,"column":17},"end":{"line":12,"column":67}},"type":"binary-expr","locations":[{"start":{"line":12,"column":17},"end":{"line":12,"column":55}},{"start":{"line":12,"column":59},"end":{"line":12,"column":67}}]},"1":{"loc":{"start":{"line":21,"column":4},"end":{"line":35,"column":5}},"type":"if","locations":[{"start":{"line":21,"column":4},"end":{"line":35,"column":5}}]},"2":{"loc":{"start":{"line":21,"column":8},"end":{"line":21,"column":56}},"type":"binary-expr","locations":[{"start":{"line":21,"column":8},"end":{"line":21,"column":19}},{"start":{"line":21,"column":23},"end":{"line":21,"column":56}}]},"3":{"loc":{"start":{"line":24,"column":6},"end":{"line":33,"column":7}},"type":"if","locations":[{"start":{"line":24,"column":6},"end":{"line":33,"column":7}}]},"4":{"loc":{"start":{"line":50,"column":4},"end":{"line":52,"column":5}},"type":"if","locations":[{"start":{"line":50,"column":4},"end":{"line":52,"column":5}}]},"5":{"loc":{"start":{"line":54,"column":4},"end":{"line":56,"column":5}},"type":"if","locations":[{"start":{"line":54,"column":4},"end":{"line":56,"column":5}}]},"6":{"loc":{"start":{"line":54,"column":8},"end":{"line":54,"column":85}},"type":"binary-expr","locations":[{"start":{"line":54,"column":8},"end":{"line":54,"column":34}},{"start":{"line":54,"column":38},"end":{"line":54,"column":85}}]},"7":{"loc":{"start":{"line":69,"column":20},"end":{"line":69,"column":45}},"type":"binary-expr","locations":[{"start":{"line":69,"column":20},"end":{"line":69,"column":33}},{"start":{"line":69,"column":37},"end":{"line":69,"column":45}}]},"8":{"loc":{"start":{"line":71,"column":2},"end":{"line":82,"column":3}},"type":"if","locations":[{"start":{"line":71,"column":2},"end":{"line":82,"column":3}}]},"9":{"loc":{"start":{"line":76,"column":17},"end":{"line":76,"column":34}},"type":"binary-expr","locations":[{"start":{"line":76,"column":17},"end":{"line":76,"column":28}},{"start":{"line":76,"column":32},"end":{"line":76,"column":34}}]},"10":{"loc":{"start":{"line":87,"column":15},"end":{"line":87,"column":60}},"type":"binary-expr","locations":[{"start":{"line":87,"column":15},"end":{"line":87,"column":26}},{"start":{"line":87,"column":30},"end":{"line":87,"column":60}}]}},"s":{"0":1,"1":1,"2":1,"3":1,"4":1,"5":1,"6":4,"7":4,"8":4,"9":4,"10":3,"11":1,"12":1,"13":0,"14":0,"15":0,"16":0,"17":0,"18":1,"19":1,"20":1,"21":1,"22":1,"23":0,"24":21,"25":1,"26":0,"27":1,"28":0,"29":1,"30":0,"31":0,"32":0,"33":0,"34":0,"35":0,"36":0},"f":{"0":4,"1":3,"2":1,"3":21,"4":1,"5":0},"b":{"0":[4,3],"1":[0],"2":[1,1],"3":[0],"4":[0],"5":[0],"6":[1,1],"7":[0,0],"8":[0],"9":[0,0],"10":[0,0]}}
,"E:\\AICreativeStudioPlatform\\auth-service\\src\\api\\routes.ts": {"path":"E:\\AICreativeStudioPlatform\\auth-service\\src\\api\\routes.ts","statementMap":{"0":{"start":{"line":6,"column":0},"end":{"line":6,"column":16}},"1":{"start":{"line":1,"column":0},"end":{"line":1,"column":66}},"2":{"start":{"line":3,"column":0},"end":{"line":3,"column":60}},"3":{"start":{"line":4,"column":0},"end":{"line":4,"column":84}},"4":{"start":{"line":7,"column":17},"end":{"line":7,"column":25}},"5":{"start":{"line":8,"column":25},"end":{"line":8,"column":58}},"6":{"start":{"line":13,"column":2},"end":{"line":21,"column":5}},"7":{"start":{"line":14,"column":4},"end":{"line":20,"column":5}},"8":{"start":{"line":15,"column":48},"end":{"line":15,"column":56}},"9":{"start":{"line":16,"column":21},"end":{"line":16,"column":76}},"10":{"start":{"line":17,"column":6},"end":{"line":17,"column":57}},"11":{"start":{"line":19,"column":6},"end":{"line":19,"column":16}},"12":{"start":{"line":24,"column":2},"end":{"line":33,"column":5}},"13":{"start":{"line":25,"column":4},"end":{"line":32,"column":5}},"14":{"start":{"line":26,"column":34},"end":{"line":26,"column":42}},"15":{"start":{"line":27,"column":29},"end":{"line":27,"column":55}},"16":{"start":{"line":28,"column":21},"end":{"line":28,"column":70}},"17":{"start":{"line":29,"column":6},"end":{"line":29,"column":57}},"18":{"start":{"line":31,"column":6},"end":{"line":31,"column":16}},"19":{"start":{"line":36,"column":2},"end":{"line":44,"column":5}},"20":{"start":{"line":37,"column":4},"end":{"line":43,"column":5}},"21":{"start":{"line":38,"column":21},"end":{"line":38,"column":89}},"22":{"start":{"line":39,"column":21},"end":{"line":39,"column":61}},"23":{"start":{"line":40,"column":6},"end":{"line":40,"column":57}},"24":{"start":{"line":42,"column":6},"end":{"line":42,"column":16}},"25":{"start":{"line":49,"column":2},"end":{"line":57,"column":5}},"26":{"start":{"line":50,"column":4},"end":{"line":56,"column":5}},"27":{"start":{"line":51,"column":20},"end":{"line":51,"column":58}},"28":{"start":{"line":52,"column":20},"end":{"line":52,"column":54}},"29":{"start":{"line":53,"column":6},"end":{"line":53,"column":38}},"30":{"start":{"line":55,"column":6},"end":{"line":55,"column":16}},"31":{"start":{"line":60,"column":2},"end":{"line":68,"column":5}},"32":{"start":{"line":61,"column":4},"end":{"line":67,"column":5}},"33":{"start":{"line":62,"column":23},"end":{"line":62,"column":31}},"34":{"start":{"line":63,"column":19},"end":{"line":63,"column":72}},"35":{"start":{"line":64,"column":6},"end":{"line":64,"column":37}},"36":{"start":{"line":66,"column":6},"end":{"line":66,"column":16}},"37":{"start":{"line":71,"column":2},"end":{"line":79,"column":5}},"38":{"start":{"line":72,"column":4},"end":{"line":78,"column":5}},"39":{"start":{"line":73,"column":36},"end":{"line":73,"column":44}},"40":{"start":{"line":74,"column":19},"end":{"line":74,"column":105}},"41":{"start":{"line":75,"column":6},"end":{"line":75,"column":37}},"42":{"start":{"line":77,"column":6},"end":{"line":77,"column":16}},"43":{"start":{"line":82,"column":2},"end":{"line":89,"column":5}},"44":{"start":{"line":83,"column":4},"end":{"line":88,"column":5}},"45":{"start":{"line":84,"column":19},"end":{"line":84,"column":68}},"46":{"start":{"line":85,"column":6},"end":{"line":85,"column":37}},"47":{"start":{"line":87,"column":6},"end":{"line":87,"column":16}},"48":{"start":{"line":92,"column":2},"end":{"line":99,"column":5}},"49":{"start":{"line":93,"column":4},"end":{"line":98,"column":5}},"50":{"start":{"line":94,"column":21},"end":{"line":94,"column":55}},"51":{"start":{"line":95,"column":6},"end":{"line":95,"column":46}},"52":{"start":{"line":97,"column":6},"end":{"line":97,"column":16}},"53":{"start":{"line":104,"column":2},"end":{"line":111,"column":5}},"54":{"start":{"line":105,"column":4},"end":{"line":110,"column":5}},"55":{"start":{"line":106,"column":21},"end":{"line":106,"column":61}},"56":{"start":{"line":107,"column":6},"end":{"line":107,"column":61}},"57":{"start":{"line":109,"column":6},"end":{"line":109,"column":16}},"58":{"start":{"line":114,"column":2},"end":{"line":122,"column":5}},"59":{"start":{"line":115,"column":4},"end":{"line":121,"column":5}},"60":{"start":{"line":116,"column":55},"end":{"line":116,"column":63}},"61":{"start":{"line":117,"column":22},"end":{"line":117,"column":133}},"62":{"start":{"line":118,"column":6},"end":{"line":118,"column":47}},"63":{"start":{"line":120,"column":6},"end":{"line":120,"column":16}},"64":{"start":{"line":125,"column":2},"end":{"line":149,"column":5}},"65":{"start":{"line":126,"column":4},"end":{"line":148,"column":5}},"66":{"start":{"line":127,"column":21},"end":{"line":127,"column":75}},"67":{"start":{"line":128,"column":33},"end":{"line":128,"column":41}},"68":{"start":{"line":130,"column":23},"end":{"line":130,"column":63}},"69":{"start":{"line":131,"column":26},"end":{"line":131,"column":118}},"70":{"start":{"line":133,"column":6},"end":{"line":135,"column":7}},"71":{"start":{"line":134,"column":8},"end":{"line":134,"column":112}},"72":{"start":{"line":138,"column":6},"end":{"line":138,"column":90}},"73":{"start":{"line":140,"column":6},"end":{"line":145,"column":9}},"74":{"start":{"line":147,"column":6},"end":{"line":147,"column":16}},"75":{"start":{"line":152,"column":2},"end":{"line":160,"column":5}},"76":{"start":{"line":153,"column":4},"end":{"line":159,"column":5}},"77":{"start":{"line":154,"column":32},"end":{"line":154,"column":40}},"78":{"start":{"line":155,"column":24},"end":{"line":155,"column":71}},"79":{"start":{"line":156,"column":6},"end":{"line":156,"column":51}},"80":{"start":{"line":158,"column":6},"end":{"line":158,"column":16}},"81":{"start":{"line":163,"column":2},"end":{"line":174,"column":5}},"82":{"start":{"line":164,"column":4},"end":{"line":173,"column":5}},"83":{"start":{"line":165,"column":40},"end":{"line":165,"column":48}},"84":{"start":{"line":166,"column":21},"end":{"line":166,"column":76}},"85":{"start":{"line":167,"column":6},"end":{"line":169,"column":7}},"86":{"start":{"line":168,"column":8},"end":{"line":168,"column":89}},"87":{"start":{"line":170,"column":6},"end":{"line":170,"column":95}},"88":{"start":{"line":172,"column":6},"end":{"line":172,"column":16}},"89":{"start":{"line":179,"column":2},"end":{"line":186,"column":5}},"90":{"start":{"line":180,"column":4},"end":{"line":185,"column":5}},"91":{"start":{"line":181,"column":19},"end":{"line":181,"column":47}},"92":{"start":{"line":182,"column":6},"end":{"line":182,"column":37}},"93":{"start":{"line":184,"column":6},"end":{"line":184,"column":16}},"94":{"start":{"line":189,"column":2},"end":{"line":197,"column":5}},"95":{"start":{"line":190,"column":4},"end":{"line":196,"column":5}},"96":{"start":{"line":191,"column":21},"end":{"line":191,"column":94}},"97":{"start":{"line":192,"column":23},"end":{"line":192,"column":59}},"98":{"start":{"line":193,"column":6},"end":{"line":193,"column":41}},"99":{"start":{"line":195,"column":6},"end":{"line":195,"column":16}},"100":{"start":{"line":200,"column":2},"end":{"line":209,"column":5}},"101":{"start":{"line":201,"column":4},"end":{"line":208,"column":5}},"102":{"start":{"line":202,"column":20},"end":{"line":202,"column":81}},"103":{"start":{"line":203,"column":19},"end":{"line":203,"column":32}},"104":{"start":{"line":204,"column":18},"end":{"line":204,"column":61}},"105":{"start":{"line":205,"column":6},"end":{"line":205,"column":45}},"106":{"start":{"line":207,"column":6},"end":{"line":207,"column":16}},"107":{"start":{"line":212,"column":2},"end":{"line":220,"column":5}},"108":{"start":{"line":213,"column":4},"end":{"line":219,"column":5}},"109":{"start":{"line":214,"column":21},"end":{"line":214,"column":94}},"110":{"start":{"line":215,"column":19},"end":{"line":215,"column":56}},"111":{"start":{"line":216,"column":6},"end":{"line":216,"column":49}},"112":{"start":{"line":218,"column":6},"end":{"line":218,"column":16}},"113":{"start":{"line":222,"column":2},"end":{"line":222,"column":16}}},"fnMap":{"0":{"name":"createRouter","decl":{"start":{"line":6,"column":16},"end":{"line":6,"column":28}},"loc":{"start":{"line":6,"column":53},"end":{"line":223,"column":1}}},"1":{"name":"(anonymous_1)","decl":{"start":{"line":13,"column":33},"end":{"line":13,"column":38}},"loc":{"start":{"line":13,"column":91},"end":{"line":21,"column":3}}},"2":{"name":"(anonymous_2)","decl":{"start":{"line":24,"column":32},"end":{"line":24,"column":37}},"loc":{"start":{"line":24,"column":90},"end":{"line":33,"column":3}}},"3":{"name":"(anonymous_3)","decl":{"start":{"line":36,"column":44},"end":{"line":36,"column":49}},"loc":{"start":{"line":36,"column":106},"end":{"line":44,"column":3}}},"4":{"name":"(anonymous_4)","decl":{"start":{"line":49,"column":47},"end":{"line":49,"column":52}},"loc":{"start":{"line":49,"column":109},"end":{"line":57,"column":3}}},"5":{"name":"(anonymous_5)","decl":{"start":{"line":60,"column":92},"end":{"line":60,"column":97}},"loc":{"start":{"line":60,"column":154},"end":{"line":68,"column":3}}},"6":{"name":"(anonymous_6)","decl":{"start":{"line":71,"column":97},"end":{"line":71,"column":102}},"loc":{"start":{"line":71,"column":159},"end":{"line":79,"column":3}}},"7":{"name":"(anonymous_7)","decl":{"start":{"line":82,"column":100},"end":{"line":82,"column":105}},"loc":{"start":{"line":82,"column":162},"end":{"line":89,"column":3}}},"8":{"name":"(anonymous_8)","decl":{"start":{"line":92,"column":31},"end":{"line":92,"column":36}},"loc":{"start":{"line":92,"column":89},"end":{"line":99,"column":3}}},"9":{"name":"(anonymous_9)","decl":{"start":{"line":104,"column":36},"end":{"line":104,"column":41}},"loc":{"start":{"line":104,"column":94},"end":{"line":111,"column":3}}},"10":{"name":"(anonymous_10)","decl":{"start":{"line":114,"column":100},"end":{"line":114,"column":105}},"loc":{"start":{"line":114,"column":162},"end":{"line":122,"column":3}}},"11":{"name":"(anonymous_11)","decl":{"start":{"line":125,"column":53},"end":{"line":125,"column":58}},"loc":{"start":{"line":125,"column":115},"end":{"line":149,"column":3}}},"12":{"name":"(anonymous_12)","decl":{"start":{"line":152,"column":52},"end":{"line":152,"column":57}},"loc":{"start":{"line":152,"column":114},"end":{"line":160,"column":3}}},"13":{"name":"(anonymous_13)","decl":{"start":{"line":163,"column":52},"end":{"line":163,"column":57}},"loc":{"start":{"line":163,"column":114},"end":{"line":174,"column":3}}},"14":{"name":"(anonymous_14)","decl":{"start":{"line":179,"column":30},"end":{"line":179,"column":35}},"loc":{"start":{"line":179,"column":88},"end":{"line":186,"column":3}}},"15":{"name":"(anonymous_15)","decl":{"start":{"line":189,"column":87},"end":{"line":189,"column":92}},"loc":{"start":{"line":189,"column":149},"end":{"line":197,"column":3}}},"16":{"name":"(anonymous_16)","decl":{"start":{"line":200,"column":88},"end":{"line":200,"column":93}},"loc":{"start":{"line":200,"column":150},"end":{"line":209,"column":3}}},"17":{"name":"(anonymous_17)","decl":{"start":{"line":212,"column":84},"end":{"line":212,"column":89}},"loc":{"start":{"line":212,"column":146},"end":{"line":220,"column":3}}}},"branchMap":{"0":{"loc":{"start":{"line":27,"column":29},"end":{"line":27,"column":55}},"type":"binary-expr","locations":[{"start":{"line":27,"column":29},"end":{"line":27,"column":34}},{"start":{"line":27,"column":38},"end":{"line":27,"column":55}}]},"1":{"loc":{"start":{"line":38,"column":21},"end":{"line":38,"column":89}},"type":"binary-expr","locations":[{"start":{"line":38,"column":21},"end":{"line":38,"column":39}},{"start":{"line":38,"column":44},"end":{"line":38,"column":72}},{"start":{"line":38,"column":76},"end":{"line":38,"column":89}}]},"2":{"loc":{"start":{"line":74,"column":86},"end":{"line":74,"column":104}},"type":"binary-expr","locations":[{"start":{"line":74,"column":86},"end":{"line":74,"column":95}},{"start":{"line":74,"column":99},"end":{"line":74,"column":104}}]},"3":{"loc":{"start":{"line":127,"column":21},"end":{"line":127,"column":75}},"type":"binary-expr","locations":[{"start":{"line":127,"column":21},"end":{"line":127,"column":39}},{"start":{"line":127,"column":43},"end":{"line":127,"column":58}},{"start":{"line":127,"column":62},"end":{"line":127,"column":75}}]},"4":{"loc":{"start":{"line":131,"column":106},"end":{"line":131,"column":116}},"type":"binary-expr","locations":[{"start":{"line":131,"column":106},"end":{"line":131,"column":111}},{"start":{"line":131,"column":115},"end":{"line":131,"column":116}}]},"5":{"loc":{"start":{"line":133,"column":6},"end":{"line":135,"column":7}},"type":"if","locations":[{"start":{"line":133,"column":6},"end":{"line":135,"column":7}}]},"6":{"loc":{"start":{"line":167,"column":6},"end":{"line":169,"column":7}},"type":"if","locations":[{"start":{"line":167,"column":6},"end":{"line":169,"column":7}}]},"7":{"loc":{"start":{"line":170,"column":64},"end":{"line":170,"column":91}},"type":"binary-expr","locations":[{"start":{"line":170,"column":64},"end":{"line":170,"column":86}},{"start":{"line":170,"column":90},"end":{"line":170,"column":91}}]},"8":{"loc":{"start":{"line":191,"column":21},"end":{"line":191,"column":94}},"type":"binary-expr","locations":[{"start":{"line":191,"column":21},"end":{"line":191,"column":48}},{"start":{"line":191,"column":52},"end":{"line":191,"column":73}},{"start":{"line":191,"column":77},"end":{"line":191,"column":94}}]},"9":{"loc":{"start":{"line":202,"column":20},"end":{"line":202,"column":81}},"type":"binary-expr","locations":[{"start":{"line":202,"column":20},"end":{"line":202,"column":35}},{"start":{"line":202,"column":39},"end":{"line":202,"column":60}},{"start":{"line":202,"column":64},"end":{"line":202,"column":81}}]},"10":{"loc":{"start":{"line":214,"column":21},"end":{"line":214,"column":94}},"type":"binary-expr","locations":[{"start":{"line":214,"column":21},"end":{"line":214,"column":48}},{"start":{"line":214,"column":52},"end":{"line":214,"column":73}},{"start":{"line":214,"column":77},"end":{"line":214,"column":94}}]}},"s":{"0":1,"1":1,"2":1,"3":1,"4":3,"5":3,"6":3,"7":0,"8":0,"9":0,"10":0,"11":0,"12":3,"13":2,"14":2,"15":2,"16":2,"17":2,"18":0,"19":3,"20":0,"21":0,"22":0,"23":0,"24":0,"25":3,"26":0,"27":0,"28":0,"29":0,"30":0,"31":3,"32":0,"33":0,"34":0,"35":0,"36":0,"37":3,"38":0,"39":0,"40":0,"41":0,"42":0,"43":3,"44":0,"45":0,"46":0,"47":0,"48":3,"49":0,"50":0,"51":0,"52":0,"53":3,"54":0,"55":0,"56":0,"57":0,"58":3,"59":0,"60":0,"61":0,"62":0,"63":0,"64":3,"65":0,"66":0,"67":0,"68":0,"69":0,"70":0,"71":0,"72":0,"73":0,"74":0,"75":3,"76":0,"77":0,"78":0,"79":0,"80":0,"81":3,"82":0,"83":0,"84":0,"85":0,"86":0,"87":0,"88":0,"89":3,"90":1,"91":1,"92":1,"93":0,"94":3,"95":0,"96":0,"97":0,"98":0,"99":0,"100":3,"101":1,"102":1,"103":1,"104":1,"105":1,"106":0,"107":3,"108":0,"109":0,"110":0,"111":0,"112":0,"113":3},"f":{"0":3,"1":0,"2":2,"3":0,"4":0,"5":0,"6":0,"7":0,"8":0,"9":0,"10":0,"11":0,"12":0,"13":0,"14":1,"15":0,"16":1,"17":0},"b":{"0":[2,0],"1":[0,0,0],"2":[0,0],"3":[0,0,0],"4":[0,0],"5":[0],"6":[0],"7":[0,0],"8":[0,0,0],"9":[1,0,0],"10":[0,0,0]}}
,"E:\\AICreativeStudioPlatform\\auth-service\\src\\domain\\authService.ts": {"path":"E:\\AICreativeStudioPlatform\\auth-service\\src\\domain\\authService.ts","statementMap":{"0":{"start":{"line":1,"column":0},"end":{"line":1,"column":36}},"1":{"start":{"line":2,"column":0},"end":{"line":2,"column":30}},"2":{"start":{"line":3,"column":0},"end":{"line":3,"column":31}},"3":{"start":{"line":4,"column":0},"end":{"line":4,"column":85}},"4":{"start":{"line":5,"column":0},"end":{"line":5,"column":57}},"5":{"start":{"line":8,"column":19},"end":{"line":8,"column":97}},"6":{"start":{"line":9,"column":23},"end":{"line":9,"column":28}},"7":{"start":{"line":12,"column":22},"end":{"line":12,"column":42}},"8":{"start":{"line":15,"column":25},"end":{"line":15,"column":51}},"9":{"start":{"line":16,"column":4},"end":{"line":16,"column":40}},"10":{"start":{"line":16,"column":33},"end":{"line":16,"column":40}},"11":{"start":{"line":18,"column":16},"end":{"line":18,"column":40}},"12":{"start":{"line":20,"column":31},"end":{"line":26,"column":6}},"13":{"start":{"line":28,"column":31},"end":{"line":34,"column":6}},"14":{"start":{"line":36,"column":4},"end":{"line":36,"column":36}},"15":{"start":{"line":37,"column":4},"end":{"line":37,"column":36}},"16":{"start":{"line":40,"column":26},"end":{"line":40,"column":59}},"17":{"start":{"line":41,"column":25},"end":{"line":41,"column":57}},"18":{"start":{"line":42,"column":24},"end":{"line":42,"column":55}},"19":{"start":{"line":44,"column":33},"end":{"line":101,"column":6}},"20":{"start":{"line":103,"column":4},"end":{"line":105,"column":5}},"21":{"start":{"line":104,"column":6},"end":{"line":104,"column":36}},"22":{"start":{"line":107,"column":31},"end":{"line":114,"column":6}},"23":{"start":{"line":116,"column":4},"end":{"line":116,"column":45}},"24":{"start":{"line":120,"column":4},"end":{"line":122,"column":5}},"25":{"start":{"line":121,"column":6},"end":{"line":121,"column":89}},"26":{"start":{"line":124,"column":25},"end":{"line":124,"column":63}},"27":{"start":{"line":125,"column":4},"end":{"line":127,"column":5}},"28":{"start":{"line":126,"column":6},"end":{"line":126,"column":98}},"29":{"start":{"line":130,"column":15},"end":{"line":130,"column":41}},"30":{"start":{"line":131,"column":4},"end":{"line":141,"column":5}},"31":{"start":{"line":132,"column":39},"end":{"line":138,"column":8}},"32":{"start":{"line":139,"column":6},"end":{"line":139,"column":44}},"33":{"start":{"line":140,"column":6},"end":{"line":140,"column":26}},"34":{"start":{"line":143,"column":22},"end":{"line":143,"column":41}},"35":{"start":{"line":144,"column":16},"end":{"line":144,"column":67}},"36":{"start":{"line":146,"column":26},"end":{"line":146,"column":57}},"37":{"start":{"line":147,"column":19},"end":{"line":147,"column":52}},"38":{"start":{"line":150,"column":21},"end":{"line":150,"column":51}},"39":{"start":{"line":151,"column":24},"end":{"line":151,"column":45}},"40":{"start":{"line":152,"column":27},"end":{"line":152,"column":65}},"41":{"start":{"line":153,"column":24},"end":{"line":153,"column":48}},"42":{"start":{"line":154,"column":27},"end":{"line":154,"column":53}},"43":{"start":{"line":156,"column":26},"end":{"line":168,"column":6}},"44":{"start":{"line":170,"column":4},"end":{"line":170,"column":40}},"45":{"start":{"line":172,"column":18},"end":{"line":172,"column":45}},"46":{"start":{"line":173,"column":46},"end":{"line":173,"column":53}},"47":{"start":{"line":175,"column":4},"end":{"line":175,"column":42}},"48":{"start":{"line":179,"column":4},"end":{"line":181,"column":5}},"49":{"start":{"line":180,"column":6},"end":{"line":180,"column":68}},"50":{"start":{"line":183,"column":17},"end":{"line":183,"column":55}},"51":{"start":{"line":184,"column":4},"end":{"line":186,"column":5}},"52":{"start":{"line":185,"column":6},"end":{"line":185,"column":82}},"53":{"start":{"line":188,"column":4},"end":{"line":190,"column":5}},"54":{"start":{"line":189,"column":6},"end":{"line":189,"column":86}},"55":{"start":{"line":193,"column":4},"end":{"line":198,"column":5}},"56":{"start":{"line":194,"column":20},"end":{"line":194,"column":70}},"57":{"start":{"line":195,"column":6},"end":{"line":197,"column":7}},"58":{"start":{"line":196,"column":8},"end":{"line":196,"column":84}},"59":{"start":{"line":200,"column":16},"end":{"line":200,"column":56}},"60":{"start":{"line":201,"column":4},"end":{"line":203,"column":5}},"61":{"start":{"line":202,"column":6},"end":{"line":202,"column":73}},"62":{"start":{"line":205,"column":18},"end":{"line":205,"column":42}},"63":{"start":{"line":206,"column":46},"end":{"line":206,"column":50}},"64":{"start":{"line":208,"column":4},"end":{"line":208,"column":42}},"65":{"start":{"line":212,"column":32},"end":{"line":218,"column":6}},"66":{"start":{"line":220,"column":4},"end":{"line":220,"column":72}},"67":{"start":{"line":224,"column":4},"end":{"line":228,"column":5}},"68":{"start":{"line":225,"column":6},"end":{"line":225,"column":57}},"69":{"start":{"line":227,"column":6},"end":{"line":227,"column":86}},"70":{"start":{"line":232,"column":17},"end":{"line":232,"column":53}},"71":{"start":{"line":233,"column":4},"end":{"line":235,"column":5}},"72":{"start":{"line":234,"column":6},"end":{"line":234,"column":78}},"73":{"start":{"line":236,"column":16},"end":{"line":236,"column":56}},"74":{"start":{"line":237,"column":4},"end":{"line":239,"column":5}},"75":{"start":{"line":238,"column":6},"end":{"line":238,"column":73}},"76":{"start":{"line":240,"column":46},"end":{"line":240,"column":50}},"77":{"start":{"line":241,"column":4},"end":{"line":241,"column":35}},"78":{"start":{"line":245,"column":4},"end":{"line":245,"column":32}},"79":{"start":{"line":249,"column":4},"end":{"line":249,"column":40}},"80":{"start":{"line":253,"column":4},"end":{"line":255,"column":5}},"81":{"start":{"line":254,"column":6},"end":{"line":254,"column":75}},"82":{"start":{"line":257,"column":22},"end":{"line":257,"column":90}},"83":{"start":{"line":258,"column":20},"end":{"line":258,"column":98}},"84":{"start":{"line":260,"column":24},"end":{"line":267,"column":6}},"85":{"start":{"line":269,"column":4},"end":{"line":269,"column":39}},"86":{"start":{"line":274,"column":4},"end":{"line":278,"column":5}},"87":{"start":{"line":275,"column":6},"end":{"line":275,"column":52}},"88":{"start":{"line":277,"column":6},"end":{"line":277,"column":45}},"89":{"start":{"line":279,"column":4},"end":{"line":279,"column":53}},"90":{"start":{"line":279,"column":50},"end":{"line":279,"column":51}},"91":{"start":{"line":283,"column":17},"end":{"line":283,"column":53}},"92":{"start":{"line":284,"column":4},"end":{"line":286,"column":5}},"93":{"start":{"line":285,"column":6},"end":{"line":285,"column":78}},"94":{"start":{"line":287,"column":4},"end":{"line":287,"column":24}},"95":{"start":{"line":288,"column":4},"end":{"line":288,"column":51}},"96":{"start":{"line":289,"column":4},"end":{"line":289,"column":37}},"97":{"start":{"line":290,"column":46},"end":{"line":290,"column":50}},"98":{"start":{"line":291,"column":4},"end":{"line":291,"column":20}},"99":{"start":{"line":295,"column":17},"end":{"line":295,"column":53}},"100":{"start":{"line":296,"column":4},"end":{"line":298,"column":5}},"101":{"start":{"line":297,"column":6},"end":{"line":297,"column":78}},"102":{"start":{"line":300,"column":4},"end":{"line":306,"column":5}},"103":{"start":{"line":301,"column":6},"end":{"line":301,"column":37}},"104":{"start":{"line":302,"column":11},"end":{"line":306,"column":5}},"105":{"start":{"line":303,"column":6},"end":{"line":303,"column":72}},"106":{"start":{"line":304,"column":11},"end":{"line":306,"column":5}},"107":{"start":{"line":305,"column":6},"end":{"line":305,"column":49}},"108":{"start":{"line":308,"column":4},"end":{"line":308,"column":37}},"109":{"start":{"line":309,"column":46},"end":{"line":309,"column":50}},"110":{"start":{"line":310,"column":4},"end":{"line":310,"column":20}},"111":{"start":{"line":314,"column":17},"end":{"line":314,"column":53}},"112":{"start":{"line":315,"column":4},"end":{"line":317,"column":5}},"113":{"start":{"line":316,"column":6},"end":{"line":316,"column":78}},"114":{"start":{"line":318,"column":4},"end":{"line":318,"column":68}},"115":{"start":{"line":319,"column":4},"end":{"line":319,"column":37}},"116":{"start":{"line":320,"column":46},"end":{"line":320,"column":50}},"117":{"start":{"line":321,"column":4},"end":{"line":321,"column":20}},"118":{"start":{"line":325,"column":4},"end":{"line":356,"column":6}},"119":{"start":{"line":360,"column":16},"end":{"line":360,"column":40}},"120":{"start":{"line":361,"column":4},"end":{"line":366,"column":6}},"121":{"start":{"line":11,"column":0},"end":{"line":11,"column":13}}},"fnMap":{"0":{"name":"(anonymous_1)","decl":{"start":{"line":12,"column":2},"end":{"line":12,"column":22}},"loc":{"start":{"line":12,"column":42},"end":{"line":12,"column":46}}},"1":{"name":"(anonymous_2)","decl":{"start":{"line":14,"column":2},"end":{"line":14,"column":7}},"loc":{"start":{"line":14,"column":23},"end":{"line":117,"column":3}}},"2":{"name":"(anonymous_3)","decl":{"start":{"line":119,"column":2},"end":{"line":119,"column":7}},"loc":{"start":{"line":119,"column":76},"end":{"line":176,"column":3}}},"3":{"name":"(anonymous_4)","decl":{"start":{"line":178,"column":2},"end":{"line":178,"column":7}},"loc":{"start":{"line":178,"column":46},"end":{"line":209,"column":3}}},"4":{"name":"(anonymous_5)","decl":{"start":{"line":211,"column":9},"end":{"line":211,"column":22}},"loc":{"start":{"line":211,"column":33},"end":{"line":221,"column":3}}},"5":{"name":"(anonymous_6)","decl":{"start":{"line":223,"column":9},"end":{"line":223,"column":20}},"loc":{"start":{"line":223,"column":34},"end":{"line":229,"column":3}}},"6":{"name":"(anonymous_7)","decl":{"start":{"line":231,"column":2},"end":{"line":231,"column":7}},"loc":{"start":{"line":231,"column":37},"end":{"line":242,"column":3}}},"7":{"name":"(anonymous_8)","decl":{"start":{"line":244,"column":2},"end":{"line":244,"column":7}},"loc":{"start":{"line":244,"column":16},"end":{"line":246,"column":3}}},"8":{"name":"(anonymous_9)","decl":{"start":{"line":248,"column":2},"end":{"line":248,"column":7}},"loc":{"start":{"line":248,"column":33},"end":{"line":250,"column":3}}},"9":{"name":"(anonymous_10)","decl":{"start":{"line":252,"column":2},"end":{"line":252,"column":7}},"loc":{"start":{"line":252,"column":48},"end":{"line":270,"column":3}}},"10":{"name":"(anonymous_11)","decl":{"start":{"line":272,"column":2},"end":{"line":272,"column":7}},"loc":{"start":{"line":272,"column":32},"end":{"line":280,"column":3}}},"11":{"name":"(anonymous_12)","decl":{"start":{"line":279,"column":21},"end":{"line":279,"column":22}},"loc":{"start":{"line":279,"column":50},"end":{"line":279,"column":51}}},"12":{"name":"(anonymous_13)","decl":{"start":{"line":282,"column":2},"end":{"line":282,"column":7}},"loc":{"start":{"line":282,"column":56},"end":{"line":292,"column":3}}},"13":{"name":"(anonymous_14)","decl":{"start":{"line":294,"column":2},"end":{"line":294,"column":7}},"loc":{"start":{"line":294,"column":93},"end":{"line":311,"column":3}}},"14":{"name":"(anonymous_15)","decl":{"start":{"line":313,"column":2},"end":{"line":313,"column":7}},"loc":{"start":{"line":313,"column":39},"end":{"line":322,"column":3}}},"15":{"name":"(anonymous_16)","decl":{"start":{"line":324,"column":2},"end":{"line":324,"column":7}},"loc":{"start":{"line":324,"column":22},"end":{"line":357,"column":3}}},"16":{"name":"(anonymous_17)","decl":{"start":{"line":359,"column":2},"end":{"line":359,"column":7}},"loc":{"start":{"line":359,"column":34},"end":{"line":367,"column":3}}}},"branchMap":{"0":{"loc":{"start":{"line":8,"column":19},"end":{"line":8,"column":97}},"type":"binary-expr","locations":[{"start":{"line":8,"column":19},"end":{"line":8,"column":41}},{"start":{"line":8,"column":45},"end":{"line":8,"column":97}}]},"1":{"loc":{"start":{"line":16,"column":4},"end":{"line":16,"column":40}},"type":"if","locations":[{"start":{"line":16,"column":4},"end":{"line":16,"column":40}}]},"2":{"loc":{"start":{"line":120,"column":4},"end":{"line":122,"column":5}},"type":"if","locations":[{"start":{"line":120,"column":4},"end":{"line":122,"column":5}}]},"3":{"loc":{"start":{"line":120,"column":8},"end":{"line":120,"column":36}},"type":"binary-expr","locations":[{"start":{"line":120,"column":8},"end":{"line":120,"column":13}},{"start":{"line":120,"column":17},"end":{"line":120,"column":23}},{"start":{"line":120,"column":27},"end":{"line":120,"column":36}}]},"4":{"loc":{"start":{"line":125,"column":4},"end":{"line":127,"column":5}},"type":"if","locations":[{"start":{"line":125,"column":4},"end":{"line":127,"column":5}}]},"5":{"loc":{"start":{"line":131,"column":4},"end":{"line":141,"column":5}},"type":"if","locations":[{"start":{"line":131,"column":4},"end":{"line":141,"column":5}}]},"6":{"loc":{"start":{"line":143,"column":22},"end":{"line":143,"column":41}},"type":"binary-expr","locations":[{"start":{"line":143,"column":22},"end":{"line":143,"column":27}},{"start":{"line":143,"column":31},"end":{"line":143,"column":41}}]},"7":{"loc":{"start":{"line":144,"column":16},"end":{"line":144,"column":67}},"type":"binary-expr","locations":[{"start":{"line":144,"column":16},"end":{"line":144,"column":56}},{"start":{"line":144,"column":60},"end":{"line":144,"column":67}}]},"8":{"loc":{"start":{"line":152,"column":27},"end":{"line":152,"column":65}},"type":"cond-expr","locations":[{"start":{"line":152,"column":41},"end":{"line":152,"column":54}},{"start":{"line":152,"column":57},"end":{"line":152,"column":65}}]},"9":{"loc":{"start":{"line":154,"column":27},"end":{"line":154,"column":53}},"type":"cond-expr","locations":[{"start":{"line":154,"column":41},"end":{"line":154,"column":46}},{"start":{"line":154,"column":49},"end":{"line":154,"column":53}}]},"10":{"loc":{"start":{"line":179,"column":4},"end":{"line":181,"column":5}},"type":"if","locations":[{"start":{"line":179,"column":4},"end":{"line":181,"column":5}}]},"11":{"loc":{"start":{"line":184,"column":4},"end":{"line":186,"column":5}},"type":"if","locations":[{"start":{"line":184,"column":4},"end":{"line":186,"column":5}}]},"12":{"loc":{"start":{"line":188,"column":4},"end":{"line":190,"column":5}},"type":"if","locations":[{"start":{"line":188,"column":4},"end":{"line":190,"column":5}}]},"13":{"loc":{"start":{"line":193,"column":4},"end":{"line":198,"column":5}},"type":"if","locations":[{"start":{"line":193,"column":4},"end":{"line":198,"column":5}}]},"14":{"loc":{"start":{"line":193,"column":8},"end":{"line":193,"column":38}},"type":"binary-expr","locations":[{"start":{"line":193,"column":8},"end":{"line":193,"column":16}},{"start":{"line":193,"column":20},"end":{"line":193,"column":38}}]},"15":{"loc":{"start":{"line":195,"column":6},"end":{"line":197,"column":7}},"type":"if","locations":[{"start":{"line":195,"column":6},"end":{"line":197,"column":7}}]},"16":{"loc":{"start":{"line":201,"column":4},"end":{"line":203,"column":5}},"type":"if","locations":[{"start":{"line":201,"column":4},"end":{"line":203,"column":5}}]},"17":{"loc":{"start":{"line":217,"column":19},"end":{"line":217,"column":68}},"type":"binary-expr","locations":[{"start":{"line":217,"column":19},"end":{"line":217,"column":35}},{"start":{"line":217,"column":39},"end":{"line":217,"column":68}}]},"18":{"loc":{"start":{"line":233,"column":4},"end":{"line":235,"column":5}},"type":"if","locations":[{"start":{"line":233,"column":4},"end":{"line":235,"column":5}}]},"19":{"loc":{"start":{"line":237,"column":4},"end":{"line":239,"column":5}},"type":"if","locations":[{"start":{"line":237,"column":4},"end":{"line":239,"column":5}}]},"20":{"loc":{"start":{"line":253,"column":4},"end":{"line":255,"column":5}},"type":"if","locations":[{"start":{"line":253,"column":4},"end":{"line":255,"column":5}}]},"21":{"loc":{"start":{"line":274,"column":4},"end":{"line":278,"column":5}},"type":"if","locations":[{"start":{"line":274,"column":4},"end":{"line":278,"column":5}},{"start":{"line":276,"column":11},"end":{"line":278,"column":5}}]},"22":{"loc":{"start":{"line":284,"column":4},"end":{"line":286,"column":5}},"type":"if","locations":[{"start":{"line":284,"column":4},"end":{"line":286,"column":5}}]},"23":{"loc":{"start":{"line":296,"column":4},"end":{"line":298,"column":5}},"type":"if","locations":[{"start":{"line":296,"column":4},"end":{"line":298,"column":5}}]},"24":{"loc":{"start":{"line":300,"column":4},"end":{"line":306,"column":5}},"type":"if","locations":[{"start":{"line":300,"column":4},"end":{"line":306,"column":5}},{"start":{"line":302,"column":11},"end":{"line":306,"column":5}}]},"25":{"loc":{"start":{"line":302,"column":11},"end":{"line":306,"column":5}},"type":"if","locations":[{"start":{"line":302,"column":11},"end":{"line":306,"column":5}},{"start":{"line":304,"column":11},"end":{"line":306,"column":5}}]},"26":{"loc":{"start":{"line":304,"column":11},"end":{"line":306,"column":5}},"type":"if","locations":[{"start":{"line":304,"column":11},"end":{"line":306,"column":5}}]},"27":{"loc":{"start":{"line":315,"column":4},"end":{"line":317,"column":5}},"type":"if","locations":[{"start":{"line":315,"column":4},"end":{"line":317,"column":5}}]},"28":{"loc":{"start":{"line":318,"column":18},"end":{"line":318,"column":67}},"type":"cond-expr","locations":[{"start":{"line":318,"column":45},"end":{"line":318,"column":56}},{"start":{"line":318,"column":59},"end":{"line":318,"column":67}}]}},"s":{"0":1,"1":1,"2":1,"3":1,"4":1,"5":1,"6":1,"7":3,"8":3,"9":3,"10":3,"11":0,"12":0,"13":0,"14":0,"15":0,"16":0,"17":0,"18":0,"19":0,"20":0,"21":0,"22":0,"23":0,"24":0,"25":0,"26":0,"27":0,"28":0,"29":0,"30":0,"31":0,"32":0,"33":0,"34":0,"35":0,"36":0,"37":0,"38":0,"39":0,"40":0,"41":0,"42":0,"43":0,"44":0,"45":0,"46":0,"47":0,"48":2,"49":0,"50":2,"51":2,"52":0,"53":2,"54":0,"55":2,"56":2,"57":2,"58":0,"59":2,"60":2,"61":0,"62":2,"63":2,"64":2,"65":2,"66":2,"67":1,"68":1,"69":0,"70":0,"71":0,"72":0,"73":0,"74":0,"75":0,"76":0,"77":0,"78":1,"79":0,"80":1,"81":0,"82":1,"83":1,"84":1,"85":1,"86":0,"87":0,"88":0,"89":0,"90":0,"91":0,"92":0,"93":0,"94":0,"95":0,"96":0,"97":0,"98":0,"99":0,"100":0,"101":0,"102":0,"103":0,"104":0,"105":0,"106":0,"107":0,"108":0,"109":0,"110":0,"111":0,"112":0,"113":0,"114":0,"115":0,"116":0,"117":0,"118":0,"119":0,"120":0,"121":1},"f":{"0":3,"1":3,"2":0,"3":2,"4":2,"5":1,"6":0,"7":1,"8":0,"9":1,"10":0,"11":0,"12":0,"13":0,"14":0,"15":0,"16":0},"b":{"0":[1,1],"1":[3],"2":[0],"3":[0,0,0],"4":[0],"5":[0],"6":[0,0],"7":[0,0],"8":[0,0],"9":[0,0],"10":[0],"11":[0],"12":[0],"13":[2],"14":[2,2],"15":[0],"16":[0],"17":[2,0],"18":[0],"19":[0],"20":[0],"21":[0,0],"22":[0],"23":[0],"24":[0,0],"25":[0,0],"26":[0],"27":[0],"28":[0,0]}}
,"E:\\AICreativeStudioPlatform\\auth-service\\src\\domain\\creditEngine.ts": {"path":"E:\\AICreativeStudioPlatform\\auth-service\\src\\domain\\creditEngine.ts","statementMap":{"0":{"start":{"line":19,"column":13},"end":{"line":19,"column":37}},"1":{"start":{"line":21,"column":13},"end":{"line":127,"column":2}},"2":{"start":{"line":141,"column":55},"end":{"line":141,"column":64}},"3":{"start":{"line":142,"column":64},"end":{"line":142,"column":73}},"4":{"start":{"line":146,"column":4},"end":{"line":148,"column":7}},"5":{"start":{"line":147,"column":6},"end":{"line":147,"column":48}},"6":{"start":{"line":155,"column":17},"end":{"line":155,"column":89}},"7":{"start":{"line":156,"column":25},"end":{"line":156,"column":79}},"8":{"start":{"line":157,"column":28},"end":{"line":157,"column":84}},"9":{"start":{"line":158,"column":4},"end":{"line":158,"column":51}},"10":{"start":{"line":165,"column":4},"end":{"line":165,"column":50}},"11":{"start":{"line":173,"column":17},"end":{"line":173,"column":47}},"12":{"start":{"line":174,"column":4},"end":{"line":176,"column":5}},"13":{"start":{"line":175,"column":6},"end":{"line":175,"column":74}},"14":{"start":{"line":178,"column":31},"end":{"line":178,"column":80}},"15":{"start":{"line":179,"column":30},"end":{"line":179,"column":91}},"16":{"start":{"line":181,"column":37},"end":{"line":187,"column":6}},"17":{"start":{"line":189,"column":4},"end":{"line":189,"column":44}},"18":{"start":{"line":190,"column":4},"end":{"line":190,"column":19}},"19":{"start":{"line":202,"column":46},"end":{"line":202,"column":88}},"20":{"start":{"line":204,"column":4},"end":{"line":210,"column":5}},"21":{"start":{"line":205,"column":6},"end":{"line":209,"column":8}},"22":{"start":{"line":212,"column":26},"end":{"line":212,"column":90}},"23":{"start":{"line":213,"column":43},"end":{"line":221,"column":6}},"24":{"start":{"line":223,"column":4},"end":{"line":223,"column":61}},"25":{"start":{"line":225,"column":4},"end":{"line":230,"column":6}},"26":{"start":{"line":237,"column":15},"end":{"line":237,"column":58}},"27":{"start":{"line":238,"column":4},"end":{"line":238,"column":54}},"28":{"start":{"line":238,"column":41},"end":{"line":238,"column":54}},"29":{"start":{"line":240,"column":4},"end":{"line":240,"column":28}},"30":{"start":{"line":241,"column":4},"end":{"line":241,"column":51}},"31":{"start":{"line":242,"column":4},"end":{"line":242,"column":16}},"32":{"start":{"line":249,"column":15},"end":{"line":249,"column":58}},"33":{"start":{"line":250,"column":4},"end":{"line":250,"column":53}},"34":{"start":{"line":250,"column":41},"end":{"line":250,"column":53}},"35":{"start":{"line":252,"column":4},"end":{"line":252,"column":27}},"36":{"start":{"line":253,"column":4},"end":{"line":253,"column":23}},"37":{"start":{"line":254,"column":19},"end":{"line":254,"column":28}},"38":{"start":{"line":255,"column":19},"end":{"line":255,"column":28}},"39":{"start":{"line":256,"column":4},"end":{"line":256,"column":51}},"40":{"start":{"line":258,"column":4},"end":{"line":258,"column":46}},"41":{"start":{"line":140,"column":0},"end":{"line":140,"column":13}},"42":{"start":{"line":262,"column":13},"end":{"line":262,"column":53}}},"fnMap":{"0":{"name":"(anonymous_0)","decl":{"start":{"line":144,"column":2},"end":{"line":144,"column":null}},"loc":{"start":{"line":144,"column":2},"end":{"line":149,"column":3}}},"1":{"name":"(anonymous_1)","decl":{"start":{"line":146,"column":49},"end":{"line":146,"column":50}},"loc":{"start":{"line":146,"column":58},"end":{"line":148,"column":5}}},"2":{"name":"(anonymous_2)","decl":{"start":{"line":154,"column":9},"end":{"line":154,"column":30}},"loc":{"start":{"line":154,"column":65},"end":{"line":159,"column":3}}},"3":{"name":"(anonymous_3)","decl":{"start":{"line":164,"column":9},"end":{"line":164,"column":28}},"loc":{"start":{"line":164,"column":28},"end":{"line":166,"column":3}}},"4":{"name":"(anonymous_4)","decl":{"start":{"line":172,"column":9},"end":{"line":172,"column":27}},"loc":{"start":{"line":172,"column":97},"end":{"line":191,"column":3}}},"5":{"name":"(anonymous_5)","decl":{"start":{"line":196,"column":9},"end":{"line":196,"column":23}},"loc":{"start":{"line":200,"column":21},"end":{"line":231,"column":3}}},"6":{"name":"(anonymous_6)","decl":{"start":{"line":236,"column":9},"end":{"line":236,"column":22}},"loc":{"start":{"line":236,"column":44},"end":{"line":243,"column":3}}},"7":{"name":"(anonymous_7)","decl":{"start":{"line":248,"column":9},"end":{"line":248,"column":22}},"loc":{"start":{"line":248,"column":79},"end":{"line":259,"column":3}}}},"branchMap":{"0":{"loc":{"start":{"line":154,"column":48},"end":{"line":154,"column":65}},"type":"default-arg","locations":[{"start":{"line":154,"column":64},"end":{"line":154,"column":65}}]},"1":{"loc":{"start":{"line":155,"column":17},"end":{"line":155,"column":89}},"type":"binary-expr","locations":[{"start":{"line":155,"column":17},"end":{"line":155,"column":47}},{"start":{"line":155,"column":51},"end":{"line":155,"column":89}}]},"2":{"loc":{"start":{"line":174,"column":4},"end":{"line":176,"column":5}},"type":"if","locations":[{"start":{"line":174,"column":4},"end":{"line":176,"column":5}}]},"3":{"loc":{"start":{"line":200,"column":4},"end":{"line":200,"column":21}},"type":"default-arg","locations":[{"start":{"line":200,"column":20},"end":{"line":200,"column":21}}]},"4":{"loc":{"start":{"line":204,"column":4},"end":{"line":210,"column":5}},"type":"if","locations":[{"start":{"line":204,"column":4},"end":{"line":210,"column":5}}]},"5":{"loc":{"start":{"line":238,"column":4},"end":{"line":238,"column":54}},"type":"if","locations":[{"start":{"line":238,"column":4},"end":{"line":238,"column":54}}]},"6":{"loc":{"start":{"line":238,"column":8},"end":{"line":238,"column":39}},"type":"binary-expr","locations":[{"start":{"line":238,"column":8},"end":{"line":238,"column":11}},{"start":{"line":238,"column":15},"end":{"line":238,"column":39}}]},"7":{"loc":{"start":{"line":248,"column":46},"end":{"line":248,"column":79}},"type":"default-arg","locations":[{"start":{"line":248,"column":63},"end":{"line":248,"column":79}}]},"8":{"loc":{"start":{"line":250,"column":4},"end":{"line":250,"column":53}},"type":"if","locations":[{"start":{"line":250,"column":4},"end":{"line":250,"column":53}}]},"9":{"loc":{"start":{"line":250,"column":8},"end":{"line":250,"column":39}},"type":"binary-expr","locations":[{"start":{"line":250,"column":8},"end":{"line":250,"column":11}},{"start":{"line":250,"column":15},"end":{"line":250,"column":39}}]}},"s":{"0":1,"1":1,"2":1,"3":1,"4":1,"5":10,"6":0,"7":0,"8":0,"9":0,"10":0,"11":0,"12":0,"13":0,"14":0,"15":0,"16":0,"17":0,"18":0,"19":0,"20":0,"21":0,"22":0,"23":0,"24":0,"25":0,"26":0,"27":0,"28":0,"29":0,"30":0,"31":0,"32":0,"33":0,"34":0,"35":0,"36":0,"37":0,"38":0,"39":0,"40":0,"41":1,"42":1},"f":{"0":1,"1":10,"2":0,"3":0,"4":0,"5":0,"6":0,"7":0},"b":{"0":[0],"1":[0,0],"2":[0],"3":[0],"4":[0],"5":[0],"6":[0,0],"7":[0],"8":[0],"9":[0,0]}}
,"E:\\AICreativeStudioPlatform\\auth-service\\src\\domain\\permissionsMatrix.ts": {"path":"E:\\AICreativeStudioPlatform\\auth-service\\src\\domain\\permissionsMatrix.ts","statementMap":{"0":{"start":{"line":57,"column":0},"end":{"line":57,"column":16}},"1":{"start":{"line":61,"column":0},"end":{"line":61,"column":16}},"2":{"start":{"line":3,"column":13},"end":{"line":55,"column":2}},"3":{"start":{"line":58,"column":2},"end":{"line":58,"column":59}},"4":{"start":{"line":62,"column":22},"end":{"line":62,"column":46}},"5":{"start":{"line":63,"column":2},"end":{"line":63,"column":42}}},"fnMap":{"0":{"name":"getRolePermissions","decl":{"start":{"line":57,"column":16},"end":{"line":57,"column":34}},"loc":{"start":{"line":57,"column":49},"end":{"line":59,"column":1}}},"1":{"name":"hasPermission","decl":{"start":{"line":61,"column":16},"end":{"line":61,"column":29}},"loc":{"start":{"line":61,"column":68},"end":{"line":64,"column":1}}}},"branchMap":{"0":{"loc":{"start":{"line":58,"column":9},"end":{"line":58,"column":58}},"type":"binary-expr","locations":[{"start":{"line":58,"column":9},"end":{"line":58,"column":31}},{"start":{"line":58,"column":35},"end":{"line":58,"column":58}}]}},"s":{"0":1,"1":1,"2":1,"3":0,"4":0,"5":0},"f":{"0":0,"1":0},"b":{"0":[0,0]}}
,"E:\\AICreativeStudioPlatform\\auth-service\\src\\domain\\types.ts": {"path":"E:\\AICreativeStudioPlatform\\auth-service\\src\\domain\\types.ts","statementMap":{"0":{"start":{"line":78,"column":4},"end":{"line":78,"column":19}},"1":{"start":{"line":79,"column":4},"end":{"line":79,"column":33}},"2":{"start":{"line":80,"column":4},"end":{"line":80,"column":21}},"3":{"start":{"line":81,"column":4},"end":{"line":81,"column":27}},"4":{"start":{"line":82,"column":4},"end":{"line":82,"column":52}},"5":{"start":{"line":72,"column":0},"end":{"line":72,"column":13}}},"fnMap":{"0":{"name":"(anonymous_0)","decl":{"start":{"line":77,"column":2},"end":{"line":77,"column":14}},"loc":{"start":{"line":77,"column":98},"end":{"line":83,"column":3}}}},"branchMap":{},"s":{"0":0,"1":0,"2":0,"3":0,"4":0,"5":1},"f":{"0":0},"b":{}}
,"E:\\AICreativeStudioPlatform\\auth-service\\src\\infra\\jsonFileRepository.ts": {"path":"E:\\AICreativeStudioPlatform\\auth-service\\src\\infra\\jsonFileRepository.ts","statementMap":{"0":{"start":{"line":1,"column":0},"end":{"line":1,"column":20}},"1":{"start":{"line":2,"column":0},"end":{"line":2,"column":24}},"2":{"start":{"line":16,"column":4},"end":{"line":16,"column":79}},"3":{"start":{"line":17,"column":4},"end":{"line":17,"column":28}},"4":{"start":{"line":21,"column":16},"end":{"line":21,"column":43}},"5":{"start":{"line":22,"column":4},"end":{"line":24,"column":5}},"6":{"start":{"line":23,"column":6},"end":{"line":23,"column":45}},"7":{"start":{"line":25,"column":4},"end":{"line":28,"column":5}},"8":{"start":{"line":26,"column":37},"end":{"line":26,"column":73}},"9":{"start":{"line":27,"column":6},"end":{"line":27,"column":81}},"10":{"start":{"line":32,"column":4},"end":{"line":38,"column":5}},"11":{"start":{"line":33,"column":6},"end":{"line":33,"column":30}},"12":{"start":{"line":34,"column":22},"end":{"line":34,"column":61}},"13":{"start":{"line":35,"column":6},"end":{"line":35,"column":50}},"14":{"start":{"line":37,"column":6},"end":{"line":37,"column":50}},"15":{"start":{"line":42,"column":4},"end":{"line":42,"column":28}},"16":{"start":{"line":43,"column":4},"end":{"line":43,"column":76}},"17":{"start":{"line":47,"column":17},"end":{"line":47,"column":32}},"18":{"start":{"line":48,"column":4},"end":{"line":48,"column":34}},"19":{"start":{"line":52,"column":17},"end":{"line":52,"column":32}},"20":{"start":{"line":53,"column":19},"end":{"line":53,"column":45}},"21":{"start":{"line":54,"column":4},"end":{"line":56,"column":5}},"22":{"start":{"line":55,"column":6},"end":{"line":55,"column":60}},"23":{"start":{"line":55,"column":51},"end":{"line":55,"column":60}},"24":{"start":{"line":57,"column":4},"end":{"line":57,"column":16}},"25":{"start":{"line":61,"column":17},"end":{"line":61,"column":32}},"26":{"start":{"line":62,"column":4},"end":{"line":62,"column":31}},"27":{"start":{"line":63,"column":4},"end":{"line":63,"column":25}},"28":{"start":{"line":64,"column":4},"end":{"line":64,"column":16}},"29":{"start":{"line":68,"column":17},"end":{"line":68,"column":32}},"30":{"start":{"line":69,"column":4},"end":{"line":69,"column":31}},"31":{"start":{"line":70,"column":4},"end":{"line":70,"column":25}},"32":{"start":{"line":71,"column":4},"end":{"line":71,"column":16}},"33":{"start":{"line":75,"column":17},"end":{"line":75,"column":32}},"34":{"start":{"line":76,"column":4},"end":{"line":76,"column":71}},"35":{"start":{"line":76,"column":51},"end":{"line":76,"column":69}},"36":{"start":{"line":80,"column":17},"end":{"line":80,"column":32}},"37":{"start":{"line":81,"column":4},"end":{"line":81,"column":37}},"38":{"start":{"line":85,"column":17},"end":{"line":85,"column":32}},"39":{"start":{"line":86,"column":4},"end":{"line":86,"column":36}},"40":{"start":{"line":90,"column":17},"end":{"line":90,"column":32}},"41":{"start":{"line":91,"column":4},"end":{"line":91,"column":33}},"42":{"start":{"line":95,"column":17},"end":{"line":95,"column":32}},"43":{"start":{"line":96,"column":4},"end":{"line":96,"column":28}},"44":{"start":{"line":97,"column":4},"end":{"line":97,"column":25}},"45":{"start":{"line":98,"column":4},"end":{"line":98,"column":15}},"46":{"start":{"line":102,"column":17},"end":{"line":102,"column":32}},"47":{"start":{"line":103,"column":4},"end":{"line":103,"column":73}},"48":{"start":{"line":103,"column":53},"end":{"line":103,"column":71}},"49":{"start":{"line":107,"column":17},"end":{"line":107,"column":32}},"50":{"start":{"line":108,"column":4},"end":{"line":108,"column":31}},"51":{"start":{"line":109,"column":4},"end":{"line":109,"column":25}},"52":{"start":{"line":110,"column":4},"end":{"line":110,"column":15}},"53":{"start":{"line":12,"column":0},"end":{"line":12,"column":13}}},"fnMap":{"0":{"name":"(anonymous_1)","decl":{"start":{"line":15,"column":2},"end":{"line":15,"column":14}},"loc":{"start":{"line":15,"column":33},"end":{"line":18,"column":3}}},"1":{"name":"(anonymous_2)","decl":{"start":{"line":20,"column":10},"end":{"line":20,"column":26}},"loc":{"start":{"line":20,"column":26},"end":{"line":29,"column":3}}},"2":{"name":"(anonymous_3)","decl":{"start":{"line":31,"column":10},"end":{"line":31,"column":18}},"loc":{"start":{"line":31,"column":18},"end":{"line":39,"column":3}}},"3":{"name":"(anonymous_4)","decl":{"start":{"line":41,"column":10},"end":{"line":41,"column":19}},"loc":{"start":{"line":41,"column":39},"end":{"line":44,"column":3}}},"4":{"name":"(anonymous_5)","decl":{"start":{"line":46,"column":2},"end":{"line":46,"column":7}},"loc":{"start":{"line":46,"column":31},"end":{"line":49,"column":3}}},"5":{"name":"(anonymous_6)","decl":{"start":{"line":51,"column":2},"end":{"line":51,"column":7}},"loc":{"start":{"line":51,"column":37},"end":{"line":58,"column":3}}},"6":{"name":"(anonymous_7)","decl":{"start":{"line":60,"column":2},"end":{"line":60,"column":7}},"loc":{"start":{"line":60,"column":29},"end":{"line":65,"column":3}}},"7":{"name":"(anonymous_8)","decl":{"start":{"line":67,"column":2},"end":{"line":67,"column":7}},"loc":{"start":{"line":67,"column":29},"end":{"line":72,"column":3}}},"8":{"name":"(anonymous_9)","decl":{"start":{"line":74,"column":2},"end":{"line":74,"column":7}},"loc":{"start":{"line":74,"column":36},"end":{"line":77,"column":3}}},"9":{"name":"(anonymous_10)","decl":{"start":{"line":76,"column":44},"end":{"line":76,"column":45}},"loc":{"start":{"line":76,"column":51},"end":{"line":76,"column":69}}},"10":{"name":"(anonymous_11)","decl":{"start":{"line":79,"column":2},"end":{"line":79,"column":7}},"loc":{"start":{"line":79,"column":20},"end":{"line":82,"column":3}}},"11":{"name":"(anonymous_12)","decl":{"start":{"line":84,"column":2},"end":{"line":84,"column":7}},"loc":{"start":{"line":84,"column":16},"end":{"line":87,"column":3}}},"12":{"name":"(anonymous_13)","decl":{"start":{"line":89,"column":2},"end":{"line":89,"column":7}},"loc":{"start":{"line":89,"column":30},"end":{"line":92,"column":3}}},"13":{"name":"(anonymous_14)","decl":{"start":{"line":94,"column":2},"end":{"line":94,"column":7}},"loc":{"start":{"line":94,"column":35},"end":{"line":99,"column":3}}},"14":{"name":"(anonymous_15)","decl":{"start":{"line":101,"column":2},"end":{"line":101,"column":7}},"loc":{"start":{"line":101,"column":33},"end":{"line":104,"column":3}}},"15":{"name":"(anonymous_16)","decl":{"start":{"line":103,"column":46},"end":{"line":103,"column":47}},"loc":{"start":{"line":103,"column":53},"end":{"line":103,"column":71}}},"16":{"name":"(anonymous_17)","decl":{"start":{"line":106,"column":2},"end":{"line":106,"column":7}},"loc":{"start":{"line":106,"column":32},"end":{"line":111,"column":3}}}},"branchMap":{"0":{"loc":{"start":{"line":16,"column":20},"end":{"line":16,"column":78}},"type":"binary-expr","locations":[{"start":{"line":16,"column":20},"end":{"line":16,"column":30}},{"start":{"line":16,"column":34},"end":{"line":16,"column":78}}]},"1":{"loc":{"start":{"line":22,"column":4},"end":{"line":24,"column":5}},"type":"if","locations":[{"start":{"line":22,"column":4},"end":{"line":24,"column":5}}]},"2":{"loc":{"start":{"line":25,"column":4},"end":{"line":28,"column":5}},"type":"if","locations":[{"start":{"line":25,"column":4},"end":{"line":28,"column":5}}]},"3":{"loc":{"start":{"line":48,"column":11},"end":{"line":48,"column":33}},"type":"binary-expr","locations":[{"start":{"line":48,"column":11},"end":{"line":48,"column":25}},{"start":{"line":48,"column":29},"end":{"line":48,"column":33}}]},"4":{"loc":{"start":{"line":55,"column":6},"end":{"line":55,"column":60}},"type":"if","locations":[{"start":{"line":55,"column":6},"end":{"line":55,"column":60}}]},"5":{"loc":{"start":{"line":91,"column":11},"end":{"line":91,"column":32}},"type":"binary-expr","locations":[{"start":{"line":91,"column":11},"end":{"line":91,"column":24}},{"start":{"line":91,"column":28},"end":{"line":91,"column":32}}]}},"s":{"0":1,"1":1,"2":3,"3":3,"4":13,"5":13,"6":0,"7":13,"8":0,"9":0,"10":9,"11":9,"12":9,"13":9,"14":0,"15":1,"16":1,"17":0,"18":0,"19":2,"20":2,"21":2,"22":2,"23":2,"24":0,"25":0,"26":0,"27":0,"28":0,"29":0,"30":0,"31":0,"32":0,"33":0,"34":0,"35":0,"36":0,"37":0,"38":4,"39":4,"40":2,"41":2,"42":0,"43":0,"44":0,"45":0,"46":0,"47":0,"48":0,"49":1,"50":1,"51":1,"52":1,"53":1},"f":{"0":3,"1":13,"2":9,"3":1,"4":0,"5":2,"6":0,"7":0,"8":0,"9":0,"10":0,"11":4,"12":2,"13":0,"14":0,"15":0,"16":1},"b":{"0":[3,3],"1":[0],"2":[0],"3":[0,0],"4":[2],"5":[2,0]}}
}
