TN:
SF:src\app.ts
FN:14,createApp
FNF:1
FNH:1
FNDA:3,createApp
DA:1,1
DA:2,1
DA:3,1
DA:4,1
DA:5,1
DA:7,1
DA:14,1
DA:19,3
DA:20,3
DA:22,3
DA:23,3
DA:28,3
DA:29,3
DA:31,3
DA:32,3
DA:34,3
DA:36,3
LF:17
LH:17
BRDA:14,0,0,3
BRDA:19,1,0,3
BRDA:19,1,1,3
BRDA:20,2,0,3
BRDA:20,2,1,3
BRDA:24,3,0,3
BRDA:24,3,1,3
BRF:7
BRH:7
end_of_record
TN:
SF:src\api\middleware.ts
FN:11,requestIdMiddleware
FN:18,createAuthMiddleware
FN:19,(anonymous_2)
FN:48,requirePermission
FN:49,(anonymous_4)
FN:62,errorHandlerMiddleware
FNF:6
FNH:5
FNDA:4,requestIdMiddleware
FNDA:3,createAuthMiddleware
FNDA:1,(anonymous_2)
FNDA:21,requirePermission
FNDA:1,(anonymous_4)
FNDA:0,errorHandlerMiddleware
DA:2,1
DA:3,1
DA:11,1
DA:12,4
DA:13,4
DA:14,4
DA:15,4
DA:18,1
DA:19,3
DA:20,1
DA:21,1
DA:23,0
DA:24,0
DA:25,0
DA:32,0
DA:34,0
DA:37,1
DA:38,1
DA:39,1
DA:40,1
DA:41,1
DA:43,0
DA:48,1
DA:49,21
DA:50,1
DA:51,0
DA:54,1
DA:55,0
DA:58,1
DA:62,1
DA:69,0
DA:71,0
DA:72,0
DA:80,0
DA:81,0
DA:84,0
DA:92,0
LF:37
LH:22
BRDA:12,0,0,4
BRDA:12,0,1,3
BRDA:21,1,0,0
BRDA:21,2,0,1
BRDA:21,2,1,1
BRDA:24,3,0,0
BRDA:50,4,0,0
BRDA:54,5,0,0
BRDA:54,6,0,1
BRDA:54,6,1,1
BRDA:69,7,0,0
BRDA:69,7,1,0
BRDA:71,8,0,0
BRDA:76,9,0,0
BRDA:76,9,1,0
BRDA:87,10,0,0
BRDA:87,10,1,0
BRF:17
BRH:6
end_of_record
TN:
SF:src\api\routes.ts
FN:6,createRouter
FN:13,(anonymous_1)
FN:24,(anonymous_2)
FN:36,(anonymous_3)
FN:49,(anonymous_4)
FN:60,(anonymous_5)
FN:71,(anonymous_6)
FN:82,(anonymous_7)
FN:92,(anonymous_8)
FN:104,(anonymous_9)
FN:114,(anonymous_10)
FN:125,(anonymous_11)
FN:152,(anonymous_12)
FN:163,(anonymous_13)
FN:179,(anonymous_14)
FN:189,(anonymous_15)
FN:200,(anonymous_16)
FN:212,(anonymous_17)
FNF:18
FNH:4
FNDA:3,createRouter
FNDA:0,(anonymous_1)
FNDA:2,(anonymous_2)
FNDA:0,(anonymous_3)
FNDA:0,(anonymous_4)
FNDA:0,(anonymous_5)
FNDA:0,(anonymous_6)
FNDA:0,(anonymous_7)
FNDA:0,(anonymous_8)
FNDA:0,(anonymous_9)
FNDA:0,(anonymous_10)
FNDA:0,(anonymous_11)
FNDA:0,(anonymous_12)
FNDA:0,(anonymous_13)
FNDA:1,(anonymous_14)
FNDA:0,(anonymous_15)
FNDA:1,(anonymous_16)
FNDA:0,(anonymous_17)
DA:1,1
DA:3,1
DA:4,1
DA:6,1
DA:7,3
DA:8,3
DA:13,3
DA:14,0
DA:15,0
DA:16,0
DA:17,0
DA:19,0
DA:24,3
DA:25,2
DA:26,2
DA:27,2
DA:28,2
DA:29,2
DA:31,0
DA:36,3
DA:37,0
DA:38,0
DA:39,0
DA:40,0
DA:42,0
DA:49,3
DA:50,0
DA:51,0
DA:52,0
DA:53,0
DA:55,0
DA:60,3
DA:61,0
DA:62,0
DA:63,0
DA:64,0
DA:66,0
DA:71,3
DA:72,0
DA:73,0
DA:74,0
DA:75,0
DA:77,0
DA:82,3
DA:83,0
DA:84,0
DA:85,0
DA:87,0
DA:92,3
DA:93,0
DA:94,0
DA:95,0
DA:97,0
DA:104,3
DA:105,0
DA:106,0
DA:107,0
DA:109,0
DA:114,3
DA:115,0
DA:116,0
DA:117,0
DA:118,0
DA:120,0
DA:125,3
DA:126,0
DA:127,0
DA:128,0
DA:130,0
DA:131,0
DA:133,0
DA:134,0
DA:138,0
DA:140,0
DA:147,0
DA:152,3
DA:153,0
DA:154,0
DA:155,0
DA:156,0
DA:158,0
DA:163,3
DA:164,0
DA:165,0
DA:166,0
DA:167,0
DA:168,0
DA:170,0
DA:172,0
DA:179,3
DA:180,1
DA:181,1
DA:182,1
DA:184,0
DA:189,3
DA:190,0
DA:191,0
DA:192,0
DA:193,0
DA:195,0
DA:200,3
DA:201,1
DA:202,1
DA:203,1
DA:204,1
DA:205,1
DA:207,0
DA:212,3
DA:213,0
DA:214,0
DA:215,0
DA:216,0
DA:218,0
DA:222,3
LF:114
LH:37
BRDA:27,0,0,2
BRDA:27,0,1,0
BRDA:38,1,0,0
BRDA:38,1,1,0
BRDA:38,1,2,0
BRDA:74,2,0,0
BRDA:74,2,1,0
BRDA:127,3,0,0
BRDA:127,3,1,0
BRDA:127,3,2,0
BRDA:131,4,0,0
BRDA:131,4,1,0
BRDA:133,5,0,0
BRDA:167,6,0,0
BRDA:170,7,0,0
BRDA:170,7,1,0
BRDA:191,8,0,0
BRDA:191,8,1,0
BRDA:191,8,2,0
BRDA:202,9,0,1
BRDA:202,9,1,0
BRDA:202,9,2,0
BRDA:214,10,0,0
BRDA:214,10,1,0
BRDA:214,10,2,0
BRF:25
BRH:2
end_of_record
TN:
SF:src\domain\authService.ts
FN:12,(anonymous_1)
FN:14,(anonymous_2)
FN:119,(anonymous_3)
FN:178,(anonymous_4)
FN:211,(anonymous_5)
FN:223,(anonymous_6)
FN:231,(anonymous_7)
FN:244,(anonymous_8)
FN:248,(anonymous_9)
FN:252,(anonymous_10)
FN:272,(anonymous_11)
FN:279,(anonymous_12)
FN:282,(anonymous_13)
FN:294,(anonymous_14)
FN:313,(anonymous_15)
FN:324,(anonymous_16)
FN:359,(anonymous_17)
FNF:17
FNH:7
FNDA:3,(anonymous_1)
FNDA:3,(anonymous_2)
FNDA:0,(anonymous_3)
FNDA:2,(anonymous_4)
FNDA:2,(anonymous_5)
FNDA:1,(anonymous_6)
FNDA:0,(anonymous_7)
FNDA:1,(anonymous_8)
FNDA:0,(anonymous_9)
FNDA:1,(anonymous_10)
FNDA:0,(anonymous_11)
FNDA:0,(anonymous_12)
FNDA:0,(anonymous_13)
FNDA:0,(anonymous_14)
FNDA:0,(anonymous_15)
FNDA:0,(anonymous_16)
FNDA:0,(anonymous_17)
DA:1,1
DA:2,1
DA:3,1
DA:4,1
DA:5,1
DA:8,1
DA:9,1
DA:11,1
DA:12,3
DA:15,3
DA:16,3
DA:18,0
DA:20,0
DA:28,0
DA:36,0
DA:37,0
DA:40,0
DA:41,0
DA:42,0
DA:44,0
DA:103,0
DA:104,0
DA:107,0
DA:116,0
DA:120,0
DA:121,0
DA:124,0
DA:125,0
DA:126,0
DA:130,0
DA:131,0
DA:132,0
DA:139,0
DA:140,0
DA:143,0
DA:144,0
DA:146,0
DA:147,0
DA:150,0
DA:151,0
DA:152,0
DA:153,0
DA:154,0
DA:156,0
DA:170,0
DA:172,0
DA:173,0
DA:175,0
DA:179,2
DA:180,0
DA:183,2
DA:184,2
DA:185,0
DA:188,2
DA:189,0
DA:193,2
DA:194,2
DA:195,2
DA:196,0
DA:200,2
DA:201,2
DA:202,0
DA:205,2
DA:206,2
DA:208,2
DA:212,2
DA:220,2
DA:224,1
DA:225,1
DA:227,0
DA:232,0
DA:233,0
DA:234,0
DA:236,0
DA:237,0
DA:238,0
DA:240,0
DA:241,0
DA:245,1
DA:249,0
DA:253,1
DA:254,0
DA:257,1
DA:258,1
DA:260,1
DA:269,1
DA:274,0
DA:275,0
DA:277,0
DA:279,0
DA:283,0
DA:284,0
DA:285,0
DA:287,0
DA:288,0
DA:289,0
DA:290,0
DA:291,0
DA:295,0
DA:296,0
DA:297,0
DA:300,0
DA:301,0
DA:302,0
DA:303,0
DA:304,0
DA:305,0
DA:308,0
DA:309,0
DA:310,0
DA:314,0
DA:315,0
DA:316,0
DA:318,0
DA:319,0
DA:320,0
DA:321,0
DA:325,0
DA:360,0
DA:361,0
LF:120
LH:33
BRDA:8,0,0,1
BRDA:8,0,1,1
BRDA:16,1,0,3
BRDA:120,2,0,0
BRDA:120,3,0,0
BRDA:120,3,1,0
BRDA:120,3,2,0
BRDA:125,4,0,0
BRDA:131,5,0,0
BRDA:143,6,0,0
BRDA:143,6,1,0
BRDA:144,7,0,0
BRDA:144,7,1,0
BRDA:152,8,0,0
BRDA:152,8,1,0
BRDA:154,9,0,0
BRDA:154,9,1,0
BRDA:179,10,0,0
BRDA:184,11,0,0
BRDA:188,12,0,0
BRDA:193,13,0,2
BRDA:193,14,0,2
BRDA:193,14,1,2
BRDA:195,15,0,0
BRDA:201,16,0,0
BRDA:217,17,0,2
BRDA:217,17,1,0
BRDA:233,18,0,0
BRDA:237,19,0,0
BRDA:253,20,0,0
BRDA:274,21,0,0
BRDA:274,21,1,0
BRDA:284,22,0,0
BRDA:296,23,0,0
BRDA:300,24,0,0
BRDA:300,24,1,0
BRDA:302,25,0,0
BRDA:302,25,1,0
BRDA:304,26,0,0
BRDA:315,27,0,0
BRDA:318,28,0,0
BRDA:318,28,1,0
BRF:42
BRH:7
end_of_record
TN:
SF:src\domain\creditEngine.ts
FN:144,(anonymous_0)
FN:146,(anonymous_1)
FN:154,(anonymous_2)
FN:164,(anonymous_3)
FN:172,(anonymous_4)
FN:196,(anonymous_5)
FN:236,(anonymous_6)
FN:248,(anonymous_7)
FNF:8
FNH:2
FNDA:1,(anonymous_0)
FNDA:10,(anonymous_1)
FNDA:0,(anonymous_2)
FNDA:0,(anonymous_3)
FNDA:0,(anonymous_4)
FNDA:0,(anonymous_5)
FNDA:0,(anonymous_6)
FNDA:0,(anonymous_7)
DA:19,1
DA:21,1
DA:140,1
DA:141,1
DA:142,1
DA:146,1
DA:147,10
DA:155,0
DA:156,0
DA:157,0
DA:158,0
DA:165,0
DA:173,0
DA:174,0
DA:175,0
DA:178,0
DA:179,0
DA:181,0
DA:189,0
DA:190,0
DA:202,0
DA:204,0
DA:205,0
DA:212,0
DA:213,0
DA:223,0
DA:225,0
DA:237,0
DA:238,0
DA:240,0
DA:241,0
DA:242,0
DA:249,0
DA:250,0
DA:252,0
DA:253,0
DA:254,0
DA:255,0
DA:256,0
DA:258,0
DA:262,1
LF:41
LH:8
BRDA:154,0,0,0
BRDA:155,1,0,0
BRDA:155,1,1,0
BRDA:174,2,0,0
BRDA:200,3,0,0
BRDA:204,4,0,0
BRDA:238,5,0,0
BRDA:238,6,0,0
BRDA:238,6,1,0
BRDA:248,7,0,0
BRDA:250,8,0,0
BRDA:250,9,0,0
BRDA:250,9,1,0
BRF:13
BRH:0
end_of_record
TN:
SF:src\domain\permissionsMatrix.ts
FN:57,getRolePermissions
FN:61,hasPermission
FNF:2
FNH:0
FNDA:0,getRolePermissions
FNDA:0,hasPermission
DA:3,1
DA:57,1
DA:58,0
DA:61,1
DA:62,0
DA:63,0
LF:6
LH:3
BRDA:58,0,0,0
BRDA:58,0,1,0
BRF:2
BRH:0
end_of_record
TN:
SF:src\domain\types.ts
FN:77,(anonymous_0)
FNF:1
FNH:0
FNDA:0,(anonymous_0)
DA:72,1
DA:78,0
DA:79,0
DA:80,0
DA:81,0
DA:82,0
LF:6
LH:1
BRF:0
BRH:0
end_of_record
TN:
SF:src\infra\jsonFileRepository.ts
FN:15,(anonymous_1)
FN:20,(anonymous_2)
FN:31,(anonymous_3)
FN:41,(anonymous_4)
FN:46,(anonymous_5)
FN:51,(anonymous_6)
FN:60,(anonymous_7)
FN:67,(anonymous_8)
FN:74,(anonymous_9)
FN:76,(anonymous_10)
FN:79,(anonymous_11)
FN:84,(anonymous_12)
FN:89,(anonymous_13)
FN:94,(anonymous_14)
FN:101,(anonymous_15)
FN:103,(anonymous_16)
FN:106,(anonymous_17)
FNF:17
FNH:8
FNDA:3,(anonymous_1)
FNDA:13,(anonymous_2)
FNDA:9,(anonymous_3)
FNDA:1,(anonymous_4)
FNDA:0,(anonymous_5)
FNDA:2,(anonymous_6)
FNDA:0,(anonymous_7)
FNDA:0,(anonymous_8)
FNDA:0,(anonymous_9)
FNDA:0,(anonymous_10)
FNDA:0,(anonymous_11)
FNDA:4,(anonymous_12)
FNDA:2,(anonymous_13)
FNDA:0,(anonymous_14)
FNDA:0,(anonymous_15)
FNDA:0,(anonymous_16)
FNDA:1,(anonymous_17)
DA:1,1
DA:2,1
DA:12,1
DA:16,3
DA:17,3
DA:21,13
DA:22,13
DA:23,0
DA:25,13
DA:26,0
DA:27,0
DA:32,9
DA:33,9
DA:34,9
DA:35,9
DA:37,0
DA:42,1
DA:43,1
DA:47,0
DA:48,0
DA:52,2
DA:53,2
DA:54,2
DA:55,2
DA:57,0
DA:61,0
DA:62,0
DA:63,0
DA:64,0
DA:68,0
DA:69,0
DA:70,0
DA:71,0
DA:75,0
DA:76,0
DA:80,0
DA:81,0
DA:85,4
DA:86,4
DA:90,2
DA:91,2
DA:95,0
DA:96,0
DA:97,0
DA:98,0
DA:102,0
DA:103,0
DA:107,1
DA:108,1
DA:109,1
DA:110,1
LF:51
LH:26
BRDA:16,0,0,3
BRDA:16,0,1,3
BRDA:22,1,0,0
BRDA:25,2,0,0
BRDA:48,3,0,0
BRDA:48,3,1,0
BRDA:55,4,0,2
BRDA:91,5,0,2
BRDA:91,5,1,0
BRF:9
BRH:4
end_of_record
