{"E:\\AICreativeStudioPlatform\\execution-engine\\src\\app.ts": {"path":"E:\\AICreativeStudioPlatform\\execution-engine\\src\\app.ts","statementMap":{"0":{"start":{"line":11,"column":0},"end":{"line":11,"column":16}},"1":{"start":{"line":1,"column":0},"end":{"line":1,"column":43}},"2":{"start":{"line":2,"column":0},"end":{"line":2,"column":24}},"3":{"start":{"line":3,"column":0},"end":{"line":3,"column":79}},"4":{"start":{"line":4,"column":0},"end":{"line":4,"column":44}},"5":{"start":{"line":5,"column":0},"end":{"line":5,"column":61}},"6":{"start":{"line":15,"column":27},"end":{"line":15,"column":74}},"7":{"start":{"line":17,"column":14},"end":{"line":17,"column":23}},"8":{"start":{"line":18,"column":2},"end":{"line":22,"column":6}},"9":{"start":{"line":23,"column":2},"end":{"line":23,"column":26}},"10":{"start":{"line":24,"column":2},"end":{"line":24,"column":31}},"11":{"start":{"line":26,"column":17},"end":{"line":26,"column":47}},"12":{"start":{"line":27,"column":2},"end":{"line":27,"column":23}},"13":{"start":{"line":29,"column":2},"end":{"line":29,"column":34}},"14":{"start":{"line":31,"column":2},"end":{"line":34,"column":4}}},"fnMap":{"0":{"name":"createApp","decl":{"start":{"line":11,"column":16},"end":{"line":11,"column":25}},"loc":{"start":{"line":11,"column":52},"end":{"line":35,"column":1}}}},"branchMap":{"0":{"loc":{"start":{"line":11,"column":26},"end":{"line":11,"column":52}},"type":"default-arg","locations":[{"start":{"line":11,"column":50},"end":{"line":11,"column":52}}]},"1":{"loc":{"start":{"line":15,"column":27},"end":{"line":15,"column":74}},"type":"binary-expr","locations":[{"start":{"line":15,"column":27},"end":{"line":15,"column":48}},{"start":{"line":15,"column":52},"end":{"line":15,"column":74}}]},"2":{"loc":{"start":{"line":19,"column":12},"end":{"line":19,"column":42}},"type":"binary-expr","locations":[{"start":{"line":19,"column":12},"end":{"line":19,"column":35}},{"start":{"line":19,"column":39},"end":{"line":19,"column":42}}]}},"s":{"0":1,"1":1,"2":1,"3":1,"4":1,"5":1,"6":3,"7":3,"8":3,"9":3,"10":3,"11":3,"12":3,"13":3,"14":3},"f":{"0":3},"b":{"0":[3],"1":[3,3],"2":[3,3]}}
,"E:\\AICreativeStudioPlatform\\execution-engine\\src\\api\\middleware.ts": {"path":"E:\\AICreativeStudioPlatform\\execution-engine\\src\\api\\middleware.ts","statementMap":{"0":{"start":{"line":9,"column":0},"end":{"line":9,"column":16}},"1":{"start":{"line":16,"column":0},"end":{"line":16,"column":16}},"2":{"start":{"line":2,"column":0},"end":{"line":2,"column":36}},"3":{"start":{"line":3,"column":0},"end":{"line":3,"column":65}},"4":{"start":{"line":10,"column":17},"end":{"line":10,"column":67}},"5":{"start":{"line":11,"column":2},"end":{"line":11,"column":24}},"6":{"start":{"line":12,"column":2},"end":{"line":12,"column":39}},"7":{"start":{"line":13,"column":2},"end":{"line":13,"column":9}},"8":{"start":{"line":23,"column":20},"end":{"line":23,"column":45}},"9":{"start":{"line":25,"column":2},"end":{"line":36,"column":3}},"10":{"start":{"line":26,"column":47},"end":{"line":33,"column":6}},"11":{"start":{"line":34,"column":4},"end":{"line":34,"column":50}},"12":{"start":{"line":35,"column":4},"end":{"line":35,"column":11}},"13":{"start":{"line":38,"column":45},"end":{"line":45,"column":4}},"14":{"start":{"line":46,"column":2},"end":{"line":46,"column":37}}},"fnMap":{"0":{"name":"requestIdMiddleware","decl":{"start":{"line":9,"column":16},"end":{"line":9,"column":35}},"loc":{"start":{"line":9,"column":89},"end":{"line":14,"column":1}}},"1":{"name":"errorHandlerMiddleware","decl":{"start":{"line":16,"column":16},"end":{"line":16,"column":38}},"loc":{"start":{"line":21,"column":20},"end":{"line":47,"column":1}}}},"branchMap":{"0":{"loc":{"start":{"line":10,"column":17},"end":{"line":10,"column":67}},"type":"binary-expr","locations":[{"start":{"line":10,"column":17},"end":{"line":10,"column":55}},{"start":{"line":10,"column":59},"end":{"line":10,"column":67}}]},"1":{"loc":{"start":{"line":23,"column":20},"end":{"line":23,"column":45}},"type":"binary-expr","locations":[{"start":{"line":23,"column":20},"end":{"line":23,"column":33}},{"start":{"line":23,"column":37},"end":{"line":23,"column":45}}]},"2":{"loc":{"start":{"line":25,"column":2},"end":{"line":36,"column":3}},"type":"if","locations":[{"start":{"line":25,"column":2},"end":{"line":36,"column":3}}]},"3":{"loc":{"start":{"line":30,"column":17},"end":{"line":30,"column":34}},"type":"binary-expr","locations":[{"start":{"line":30,"column":17},"end":{"line":30,"column":28}},{"start":{"line":30,"column":32},"end":{"line":30,"column":34}}]},"4":{"loc":{"start":{"line":41,"column":15},"end":{"line":41,"column":60}},"type":"binary-expr","locations":[{"start":{"line":41,"column":15},"end":{"line":41,"column":26}},{"start":{"line":41,"column":30},"end":{"line":41,"column":60}}]}},"s":{"0":1,"1":1,"2":1,"3":1,"4":3,"5":3,"6":3,"7":3,"8":1,"9":1,"10":1,"11":1,"12":1,"13":0,"14":0},"f":{"0":3,"1":1},"b":{"0":[3,2],"1":[1,0],"2":[1],"3":[1,1],"4":[0,0]}}
,"E:\\AICreativeStudioPlatform\\execution-engine\\src\\api\\routes.ts": {"path":"E:\\AICreativeStudioPlatform\\execution-engine\\src\\api\\routes.ts","statementMap":{"0":{"start":{"line":4,"column":0},"end":{"line":4,"column":16}},"1":{"start":{"line":1,"column":0},"end":{"line":1,"column":66}},"2":{"start":{"line":5,"column":17},"end":{"line":5,"column":25}},"3":{"start":{"line":8,"column":2},"end":{"line":15,"column":5}},"4":{"start":{"line":9,"column":4},"end":{"line":14,"column":5}},"5":{"start":{"line":10,"column":21},"end":{"line":10,"column":71}},"6":{"start":{"line":11,"column":6},"end":{"line":11,"column":35}},"7":{"start":{"line":13,"column":6},"end":{"line":13,"column":16}},"8":{"start":{"line":17,"column":2},"end":{"line":17,"column":16}}},"fnMap":{"0":{"name":"createRouter","decl":{"start":{"line":4,"column":16},"end":{"line":4,"column":28}},"loc":{"start":{"line":4,"column":63},"end":{"line":18,"column":1}}},"1":{"name":"(anonymous_1)","decl":{"start":{"line":8,"column":40},"end":{"line":8,"column":45}},"loc":{"start":{"line":8,"column":98},"end":{"line":15,"column":3}}}},"branchMap":{},"s":{"0":1,"1":1,"2":3,"3":3,"4":3,"5":3,"6":2,"7":1,"8":3},"f":{"0":3,"1":3},"b":{}}
,"E:\\AICreativeStudioPlatform\\execution-engine\\src\\domain\\executionService.ts": {"path":"E:\\AICreativeStudioPlatform\\execution-engine\\src\\domain\\executionService.ts","statementMap":{"0":{"start":{"line":1,"column":0},"end":{"line":1,"column":36}},"1":{"start":{"line":2,"column":0},"end":{"line":2,"column":86}},"2":{"start":{"line":6,"column":4},"end":{"line":8,"column":5}},"3":{"start":{"line":7,"column":6},"end":{"line":7,"column":84}},"4":{"start":{"line":10,"column":21},"end":{"line":10,"column":73}},"5":{"start":{"line":11,"column":18},"end":{"line":11,"column":61}},"6":{"start":{"line":13,"column":16},"end":{"line":13,"column":35}},"7":{"start":{"line":15,"column":50},"end":{"line":15,"column":57}},"8":{"start":{"line":16,"column":14},"end":{"line":16,"column":83}},"9":{"start":{"line":17,"column":23},"end":{"line":17,"column":91}},"10":{"start":{"line":18,"column":21},"end":{"line":18,"column":32}},"11":{"start":{"line":19,"column":42},"end":{"line":19,"column":51}},"12":{"start":{"line":21,"column":4},"end":{"line":35,"column":5}},"13":{"start":{"line":22,"column":6},"end":{"line":22,"column":27}},"14":{"start":{"line":23,"column":6},"end":{"line":23,"column":100}},"15":{"start":{"line":24,"column":6},"end":{"line":24,"column":90}},"16":{"start":{"line":25,"column":6},"end":{"line":25,"column":31}},"17":{"start":{"line":26,"column":6},"end":{"line":26,"column":23}},"18":{"start":{"line":27,"column":11},"end":{"line":35,"column":5}},"19":{"start":{"line":28,"column":6},"end":{"line":28,"column":27}},"20":{"start":{"line":29,"column":6},"end":{"line":29,"column":76}},"21":{"start":{"line":30,"column":6},"end":{"line":30,"column":23}},"22":{"start":{"line":31,"column":11},"end":{"line":35,"column":5}},"23":{"start":{"line":32,"column":6},"end":{"line":32,"column":27}},"24":{"start":{"line":33,"column":6},"end":{"line":33,"column":82}},"25":{"start":{"line":34,"column":6},"end":{"line":34,"column":31}},"26":{"start":{"line":37,"column":24},"end":{"line":37,"column":118}},"27":{"start":{"line":38,"column":22},"end":{"line":38,"column":113}},"28":{"start":{"line":40,"column":4},"end":{"line":59,"column":6}},"29":{"start":{"line":4,"column":0},"end":{"line":4,"column":13}}},"fnMap":{"0":{"name":"(anonymous_0)","decl":{"start":{"line":5,"column":2},"end":{"line":5,"column":7}},"loc":{"start":{"line":5,"column":55},"end":{"line":60,"column":3}}}},"branchMap":{"0":{"loc":{"start":{"line":6,"column":4},"end":{"line":8,"column":5}},"type":"if","locations":[{"start":{"line":6,"column":4},"end":{"line":8,"column":5}}]},"1":{"loc":{"start":{"line":10,"column":21},"end":{"line":10,"column":73}},"type":"binary-expr","locations":[{"start":{"line":10,"column":21},"end":{"line":10,"column":36}},{"start":{"line":10,"column":40},"end":{"line":10,"column":73}}]},"2":{"loc":{"start":{"line":11,"column":18},"end":{"line":11,"column":61}},"type":"binary-expr","locations":[{"start":{"line":11,"column":18},"end":{"line":11,"column":30}},{"start":{"line":11,"column":34},"end":{"line":11,"column":61}}]},"3":{"loc":{"start":{"line":21,"column":4},"end":{"line":35,"column":5}},"type":"if","locations":[{"start":{"line":21,"column":4},"end":{"line":35,"column":5}},{"start":{"line":27,"column":11},"end":{"line":35,"column":5}}]},"4":{"loc":{"start":{"line":21,"column":8},"end":{"line":21,"column":59}},"type":"binary-expr","locations":[{"start":{"line":21,"column":8},"end":{"line":21,"column":31}},{"start":{"line":21,"column":35},"end":{"line":21,"column":59}}]},"5":{"loc":{"start":{"line":27,"column":11},"end":{"line":35,"column":5}},"type":"if","locations":[{"start":{"line":27,"column":11},"end":{"line":35,"column":5}},{"start":{"line":31,"column":11},"end":{"line":35,"column":5}}]},"6":{"loc":{"start":{"line":27,"column":15},"end":{"line":27,"column":63}},"type":"binary-expr","locations":[{"start":{"line":27,"column":15},"end":{"line":27,"column":38}},{"start":{"line":27,"column":42},"end":{"line":27,"column":63}}]},"7":{"loc":{"start":{"line":31,"column":11},"end":{"line":35,"column":5}},"type":"if","locations":[{"start":{"line":31,"column":11},"end":{"line":35,"column":5}}]},"8":{"loc":{"start":{"line":37,"column":24},"end":{"line":37,"column":118}},"type":"binary-expr","locations":[{"start":{"line":37,"column":24},"end":{"line":37,"column":51}},{"start":{"line":37,"column":56},"end":{"line":37,"column":85}},{"start":{"line":37,"column":89},"end":{"line":37,"column":118}}]}},"s":{"0":1,"1":1,"2":3,"3":1,"4":2,"5":2,"6":2,"7":2,"8":2,"9":2,"10":2,"11":2,"12":2,"13":1,"14":1,"15":1,"16":1,"17":1,"18":1,"19":0,"20":0,"21":0,"22":1,"23":0,"24":0,"25":0,"26":2,"27":2,"28":2,"29":1},"f":{"0":3},"b":{"0":[1],"1":[2,2],"2":[2,2],"3":[1,1],"4":[2,1],"5":[0,1],"6":[1,1],"7":[0],"8":[2,0,0]}}
,"E:\\AICreativeStudioPlatform\\execution-engine\\src\\domain\\types.ts": {"path":"E:\\AICreativeStudioPlatform\\execution-engine\\src\\domain\\types.ts","statementMap":{"0":{"start":{"line":47,"column":4},"end":{"line":47,"column":19}},"1":{"start":{"line":48,"column":4},"end":{"line":48,"column":33}},"2":{"start":{"line":49,"column":4},"end":{"line":49,"column":21}},"3":{"start":{"line":50,"column":4},"end":{"line":50,"column":27}},"4":{"start":{"line":51,"column":4},"end":{"line":51,"column":52}},"5":{"start":{"line":41,"column":0},"end":{"line":41,"column":13}}},"fnMap":{"0":{"name":"(anonymous_0)","decl":{"start":{"line":46,"column":2},"end":{"line":46,"column":14}},"loc":{"start":{"line":46,"column":98},"end":{"line":52,"column":3}}}},"branchMap":{},"s":{"0":1,"1":1,"2":1,"3":1,"4":1,"5":1},"f":{"0":1},"b":{}}
}
