TN:
SF:src\app.ts
FN:11,createApp
FNF:1
FNH:1
FNDA:3,createApp
DA:1,1
DA:2,1
DA:3,1
DA:4,1
DA:5,1
DA:11,1
DA:15,3
DA:17,3
DA:18,3
DA:23,3
DA:24,3
DA:26,3
DA:27,3
DA:29,3
DA:31,3
LF:15
LH:15
BRDA:11,0,0,3
BRDA:15,1,0,3
BRDA:15,1,1,3
BRDA:19,2,0,3
BRDA:19,2,1,3
BRF:5
BRH:5
end_of_record
TN:
SF:src\api\middleware.ts
FN:9,requestIdMiddleware
FN:16,errorHandlerMiddleware
FNF:2
FNH:2
FNDA:3,requestIdMiddleware
FNDA:1,errorHandlerMiddleware
DA:2,1
DA:3,1
DA:9,1
DA:10,3
DA:11,3
DA:12,3
DA:13,3
DA:16,1
DA:23,1
DA:25,1
DA:26,1
DA:34,1
DA:35,1
DA:38,0
DA:46,0
LF:15
LH:13
BRDA:10,0,0,3
BRDA:10,0,1,2
BRDA:23,1,0,1
BRDA:23,1,1,0
BRDA:25,2,0,1
BRDA:30,3,0,1
BRDA:30,3,1,1
BRDA:41,4,0,0
BRDA:41,4,1,0
BRF:9
BRH:6
end_of_record
TN:
SF:src\api\routes.ts
FN:4,createRouter
FN:8,(anonymous_1)
FNF:2
FNH:2
FNDA:3,createRouter
FNDA:3,(anonymous_1)
DA:1,1
DA:4,1
DA:5,3
DA:8,3
DA:9,3
DA:10,3
DA:11,2
DA:13,1
DA:17,3
LF:9
LH:9
BRF:0
BRH:0
end_of_record
TN:
SF:src\domain\executionService.ts
FN:5,(anonymous_0)
FNF:1
FNH:1
FNDA:3,(anonymous_0)
DA:1,1
DA:2,1
DA:4,1
DA:6,3
DA:7,1
DA:10,2
DA:11,2
DA:13,2
DA:15,2
DA:16,2
DA:17,2
DA:18,2
DA:19,2
DA:21,2
DA:22,1
DA:23,1
DA:24,1
DA:25,1
DA:26,1
DA:27,1
DA:28,0
DA:29,0
DA:30,0
DA:31,1
DA:32,0
DA:33,0
DA:34,0
DA:37,2
DA:38,2
DA:40,2
LF:30
LH:24
BRDA:6,0,0,1
BRDA:10,1,0,2
BRDA:10,1,1,2
BRDA:11,2,0,2
BRDA:11,2,1,2
BRDA:21,3,0,1
BRDA:21,3,1,1
BRDA:21,4,0,2
BRDA:21,4,1,1
BRDA:27,5,0,0
BRDA:27,5,1,1
BRDA:27,6,0,1
BRDA:27,6,1,1
BRDA:31,7,0,0
BRDA:37,8,0,2
BRDA:37,8,1,0
BRDA:37,8,2,0
BRF:17
BRH:13
end_of_record
TN:
SF:src\domain\types.ts
FN:46,(anonymous_0)
FNF:1
FNH:1
FNDA:1,(anonymous_0)
DA:41,1
DA:47,1
DA:48,1
DA:49,1
DA:50,1
DA:51,1
LF:6
LH:6
BRF:0
BRH:0
end_of_record
