{"E:\\AICreativeStudioPlatform\\video-editor-service\\src\\app.ts": {"path":"E:\\AICreativeStudioPlatform\\video-editor-service\\src\\app.ts","statementMap":{"0":{"start":{"line":16,"column":0},"end":{"line":16,"column":16}},"1":{"start":{"line":1,"column":0},"end":{"line":1,"column":43}},"2":{"start":{"line":2,"column":0},"end":{"line":2,"column":24}},"3":{"start":{"line":3,"column":0},"end":{"line":3,"column":24}},"4":{"start":{"line":4,"column":0},"end":{"line":4,"column":79}},"5":{"start":{"line":5,"column":0},"end":{"line":5,"column":44}},"6":{"start":{"line":6,"column":0},"end":{"line":6,"column":59}},"7":{"start":{"line":7,"column":0},"end":{"line":7,"column":55}},"8":{"start":{"line":8,"column":0},"end":{"line":8,"column":80}},"9":{"start":{"line":21,"column":15},"end":{"line":21,"column":58}},"10":{"start":{"line":22,"column":26},"end":{"line":22,"column":75}},"11":{"start":{"line":23,"column":24},"end":{"line":23,"column":69}},"12":{"start":{"line":25,"column":14},"end":{"line":25,"column":23}},"13":{"start":{"line":27,"column":2},"end":{"line":31,"column":6}},"14":{"start":{"line":33,"column":2},"end":{"line":33,"column":43}},"15":{"start":{"line":34,"column":2},"end":{"line":34,"column":31}},"16":{"start":{"line":37,"column":22},"end":{"line":37,"column":81}},"17":{"start":{"line":38,"column":2},"end":{"line":38,"column":51}},"18":{"start":{"line":40,"column":17},"end":{"line":40,"column":61}},"19":{"start":{"line":41,"column":2},"end":{"line":41,"column":23}},"20":{"start":{"line":43,"column":2},"end":{"line":43,"column":34}},"21":{"start":{"line":45,"column":2},"end":{"line":45,"column":49}}},"fnMap":{"0":{"name":"createApp","decl":{"start":{"line":16,"column":16},"end":{"line":16,"column":25}},"loc":{"start":{"line":16,"column":52},"end":{"line":46,"column":1}}}},"branchMap":{"0":{"loc":{"start":{"line":16,"column":26},"end":{"line":16,"column":52}},"type":"default-arg","locations":[{"start":{"line":16,"column":50},"end":{"line":16,"column":52}}]},"1":{"loc":{"start":{"line":21,"column":15},"end":{"line":21,"column":58}},"type":"binary-expr","locations":[{"start":{"line":21,"column":15},"end":{"line":21,"column":24}},{"start":{"line":21,"column":28},"end":{"line":21,"column":58}}]},"2":{"loc":{"start":{"line":22,"column":26},"end":{"line":22,"column":75}},"type":"binary-expr","locations":[{"start":{"line":22,"column":26},"end":{"line":22,"column":46}},{"start":{"line":22,"column":50},"end":{"line":22,"column":75}}]},"3":{"loc":{"start":{"line":23,"column":24},"end":{"line":23,"column":69}},"type":"binary-expr","locations":[{"start":{"line":23,"column":24},"end":{"line":23,"column":42}},{"start":{"line":23,"column":46},"end":{"line":23,"column":69}}]},"4":{"loc":{"start":{"line":28,"column":12},"end":{"line":28,"column":42}},"type":"binary-expr","locations":[{"start":{"line":28,"column":12},"end":{"line":28,"column":35}},{"start":{"line":28,"column":39},"end":{"line":28,"column":42}}]},"5":{"loc":{"start":{"line":37,"column":35},"end":{"line":37,"column":80}},"type":"binary-expr","locations":[{"start":{"line":37,"column":35},"end":{"line":37,"column":65}},{"start":{"line":37,"column":69},"end":{"line":37,"column":80}}]}},"s":{"0":1,"1":1,"2":1,"3":1,"4":1,"5":1,"6":1,"7":1,"8":1,"9":4,"10":4,"11":4,"12":4,"13":4,"14":4,"15":4,"16":4,"17":4,"18":4,"19":4,"20":4,"21":4},"f":{"0":4},"b":{"0":[4],"1":[4,4],"2":[4,4],"3":[4,4],"4":[4,4],"5":[4,0]}}
,"E:\\AICreativeStudioPlatform\\video-editor-service\\src\\api\\middleware.ts": {"path":"E:\\AICreativeStudioPlatform\\video-editor-service\\src\\api\\middleware.ts","statementMap":{"0":{"start":{"line":9,"column":0},"end":{"line":9,"column":16}},"1":{"start":{"line":16,"column":0},"end":{"line":16,"column":16}},"2":{"start":{"line":2,"column":0},"end":{"line":2,"column":36}},"3":{"start":{"line":3,"column":0},"end":{"line":3,"column":65}},"4":{"start":{"line":10,"column":17},"end":{"line":10,"column":67}},"5":{"start":{"line":11,"column":2},"end":{"line":11,"column":24}},"6":{"start":{"line":12,"column":2},"end":{"line":12,"column":39}},"7":{"start":{"line":13,"column":2},"end":{"line":13,"column":9}},"8":{"start":{"line":23,"column":20},"end":{"line":23,"column":45}},"9":{"start":{"line":25,"column":2},"end":{"line":36,"column":3}},"10":{"start":{"line":26,"column":47},"end":{"line":33,"column":6}},"11":{"start":{"line":34,"column":4},"end":{"line":34,"column":50}},"12":{"start":{"line":35,"column":4},"end":{"line":35,"column":11}},"13":{"start":{"line":38,"column":2},"end":{"line":38,"column":64}},"14":{"start":{"line":39,"column":45},"end":{"line":46,"column":4}},"15":{"start":{"line":47,"column":2},"end":{"line":47,"column":37}}},"fnMap":{"0":{"name":"requestIdMiddleware","decl":{"start":{"line":9,"column":16},"end":{"line":9,"column":35}},"loc":{"start":{"line":9,"column":89},"end":{"line":14,"column":1}}},"1":{"name":"errorHandlerMiddleware","decl":{"start":{"line":16,"column":16},"end":{"line":16,"column":38}},"loc":{"start":{"line":21,"column":21},"end":{"line":48,"column":1}}}},"branchMap":{"0":{"loc":{"start":{"line":10,"column":17},"end":{"line":10,"column":67}},"type":"binary-expr","locations":[{"start":{"line":10,"column":17},"end":{"line":10,"column":55}},{"start":{"line":10,"column":59},"end":{"line":10,"column":67}}]},"1":{"loc":{"start":{"line":23,"column":20},"end":{"line":23,"column":45}},"type":"binary-expr","locations":[{"start":{"line":23,"column":20},"end":{"line":23,"column":33}},{"start":{"line":23,"column":37},"end":{"line":23,"column":45}}]},"2":{"loc":{"start":{"line":25,"column":2},"end":{"line":36,"column":3}},"type":"if","locations":[{"start":{"line":25,"column":2},"end":{"line":36,"column":3}}]},"3":{"loc":{"start":{"line":30,"column":17},"end":{"line":30,"column":34}},"type":"binary-expr","locations":[{"start":{"line":30,"column":17},"end":{"line":30,"column":28}},{"start":{"line":30,"column":32},"end":{"line":30,"column":34}}]},"4":{"loc":{"start":{"line":42,"column":15},"end":{"line":42,"column":60}},"type":"binary-expr","locations":[{"start":{"line":42,"column":15},"end":{"line":42,"column":26}},{"start":{"line":42,"column":30},"end":{"line":42,"column":60}}]}},"s":{"0":1,"1":1,"2":1,"3":1,"4":12,"5":12,"6":12,"7":12,"8":1,"9":1,"10":1,"11":1,"12":1,"13":0,"14":0,"15":0},"f":{"0":12,"1":1},"b":{"0":[12,11],"1":[1,0],"2":[1],"3":[1,1],"4":[0,0]}}
,"E:\\AICreativeStudioPlatform\\video-editor-service\\src\\api\\routes.ts": {"path":"E:\\AICreativeStudioPlatform\\video-editor-service\\src\\api\\routes.ts","statementMap":{"0":{"start":{"line":7,"column":0},"end":{"line":7,"column":16}},"1":{"start":{"line":1,"column":0},"end":{"line":1,"column":66}},"2":{"start":{"line":4,"column":0},"end":{"line":4,"column":60}},"3":{"start":{"line":8,"column":17},"end":{"line":8,"column":25}},"4":{"start":{"line":12,"column":2},"end":{"line":15,"column":5}},"5":{"start":{"line":13,"column":20},"end":{"line":13,"column":39}},"6":{"start":{"line":14,"column":4},"end":{"line":14,"column":38}},"7":{"start":{"line":19,"column":2},"end":{"line":27,"column":5}},"8":{"start":{"line":20,"column":4},"end":{"line":26,"column":5}},"9":{"start":{"line":21,"column":61},"end":{"line":21,"column":69}},"10":{"start":{"line":22,"column":23},"end":{"line":22,"column":107}},"11":{"start":{"line":23,"column":6},"end":{"line":23,"column":41}},"12":{"start":{"line":25,"column":6},"end":{"line":25,"column":16}},"13":{"start":{"line":31,"column":2},"end":{"line":38,"column":5}},"14":{"start":{"line":32,"column":4},"end":{"line":37,"column":5}},"15":{"start":{"line":33,"column":23},"end":{"line":33,"column":71}},"16":{"start":{"line":34,"column":6},"end":{"line":34,"column":41}},"17":{"start":{"line":36,"column":6},"end":{"line":36,"column":16}},"18":{"start":{"line":42,"column":2},"end":{"line":55,"column":5}},"19":{"start":{"line":43,"column":4},"end":{"line":54,"column":5}},"20":{"start":{"line":44,"column":32},"end":{"line":49,"column":8}},"21":{"start":{"line":50,"column":23},"end":{"line":50,"column":82}},"22":{"start":{"line":51,"column":6},"end":{"line":51,"column":41}},"23":{"start":{"line":53,"column":6},"end":{"line":53,"column":16}},"24":{"start":{"line":59,"column":2},"end":{"line":67,"column":5}},"25":{"start":{"line":60,"column":4},"end":{"line":66,"column":5}},"26":{"start":{"line":61,"column":24},"end":{"line":61,"column":66}},"27":{"start":{"line":62,"column":24},"end":{"line":62,"column":70}},"28":{"start":{"line":63,"column":6},"end":{"line":63,"column":42}},"29":{"start":{"line":65,"column":6},"end":{"line":65,"column":16}},"30":{"start":{"line":71,"column":2},"end":{"line":80,"column":5}},"31":{"start":{"line":72,"column":4},"end":{"line":79,"column":5}},"32":{"start":{"line":73,"column":23},"end":{"line":73,"column":71}},"33":{"start":{"line":74,"column":43},"end":{"line":74,"column":77}},"34":{"start":{"line":75,"column":18},"end":{"line":75,"column":73}},"35":{"start":{"line":76,"column":6},"end":{"line":76,"column":36}},"36":{"start":{"line":78,"column":6},"end":{"line":78,"column":16}},"37":{"start":{"line":84,"column":2},"end":{"line":91,"column":5}},"38":{"start":{"line":85,"column":4},"end":{"line":90,"column":5}},"39":{"start":{"line":86,"column":18},"end":{"line":86,"column":68}},"40":{"start":{"line":87,"column":6},"end":{"line":87,"column":36}},"41":{"start":{"line":89,"column":6},"end":{"line":89,"column":16}},"42":{"start":{"line":93,"column":2},"end":{"line":93,"column":16}}},"fnMap":{"0":{"name":"createRouter","decl":{"start":{"line":7,"column":16},"end":{"line":7,"column":28}},"loc":{"start":{"line":7,"column":91},"end":{"line":94,"column":1}}},"1":{"name":"(anonymous_1)","decl":{"start":{"line":12,"column":35},"end":{"line":12,"column":36}},"loc":{"start":{"line":12,"column":68},"end":{"line":15,"column":3}}},"2":{"name":"(anonymous_2)","decl":{"start":{"line":19,"column":37},"end":{"line":19,"column":42}},"loc":{"start":{"line":19,"column":95},"end":{"line":27,"column":3}}},"3":{"name":"(anonymous_3)","decl":{"start":{"line":31,"column":40},"end":{"line":31,"column":45}},"loc":{"start":{"line":31,"column":98},"end":{"line":38,"column":3}}},"4":{"name":"(anonymous_4)","decl":{"start":{"line":42,"column":42},"end":{"line":42,"column":47}},"loc":{"start":{"line":42,"column":100},"end":{"line":55,"column":3}}},"5":{"name":"(anonymous_5)","decl":{"start":{"line":59,"column":37},"end":{"line":59,"column":42}},"loc":{"start":{"line":59,"column":95},"end":{"line":67,"column":3}}},"6":{"name":"(anonymous_6)","decl":{"start":{"line":71,"column":48},"end":{"line":71,"column":53}},"loc":{"start":{"line":71,"column":106},"end":{"line":80,"column":3}}},"7":{"name":"(anonymous_7)","decl":{"start":{"line":84,"column":41},"end":{"line":84,"column":46}},"loc":{"start":{"line":84,"column":99},"end":{"line":91,"column":3}}}},"branchMap":{"0":{"loc":{"start":{"line":46,"column":20},"end":{"line":46,"column":50}},"type":"binary-expr","locations":[{"start":{"line":46,"column":20},"end":{"line":46,"column":39}},{"start":{"line":46,"column":43},"end":{"line":46,"column":50}}]},"1":{"loc":{"start":{"line":48,"column":17},"end":{"line":48,"column":39}},"type":"binary-expr","locations":[{"start":{"line":48,"column":17},"end":{"line":48,"column":33}},{"start":{"line":48,"column":37},"end":{"line":48,"column":39}}]},"2":{"loc":{"start":{"line":74,"column":43},"end":{"line":74,"column":77}},"type":"binary-expr","locations":[{"start":{"line":74,"column":43},"end":{"line":74,"column":58}},{"start":{"line":74,"column":62},"end":{"line":74,"column":77}}]}},"s":{"0":1,"1":1,"2":1,"3":4,"4":4,"5":1,"6":1,"7":4,"8":3,"9":3,"10":3,"11":3,"12":0,"13":4,"14":0,"15":0,"16":0,"17":0,"18":4,"19":5,"20":5,"21":5,"22":5,"23":0,"24":4,"25":0,"26":0,"27":0,"28":0,"29":0,"30":4,"31":2,"32":2,"33":2,"34":2,"35":1,"36":1,"37":4,"38":1,"39":1,"40":1,"41":0,"42":4},"f":{"0":4,"1":1,"2":3,"3":0,"4":5,"5":0,"6":2,"7":1},"b":{"0":[5,4],"1":[5,0],"2":[2,0]}}
,"E:\\AICreativeStudioPlatform\\video-editor-service\\src\\domain\\exportPresets.ts": {"path":"E:\\AICreativeStudioPlatform\\video-editor-service\\src\\domain\\exportPresets.ts","statementMap":{"0":{"start":{"line":66,"column":0},"end":{"line":66,"column":16}},"1":{"start":{"line":74,"column":0},"end":{"line":74,"column":16}},"2":{"start":{"line":3,"column":13},"end":{"line":64,"column":2}},"3":{"start":{"line":67,"column":17},"end":{"line":67,"column":37}},"4":{"start":{"line":68,"column":2},"end":{"line":70,"column":3}},"5":{"start":{"line":69,"column":4},"end":{"line":69,"column":55}},"6":{"start":{"line":71,"column":2},"end":{"line":71,"column":16}},"7":{"start":{"line":75,"column":2},"end":{"line":75,"column":39}}},"fnMap":{"0":{"name":"getExportPreset","decl":{"start":{"line":66,"column":16},"end":{"line":66,"column":31}},"loc":{"start":{"line":66,"column":54},"end":{"line":72,"column":1}}},"1":{"name":"listExportPresets","decl":{"start":{"line":74,"column":16},"end":{"line":74,"column":33}},"loc":{"start":{"line":74,"column":33},"end":{"line":76,"column":1}}}},"branchMap":{"0":{"loc":{"start":{"line":68,"column":2},"end":{"line":70,"column":3}},"type":"if","locations":[{"start":{"line":68,"column":2},"end":{"line":70,"column":3}}]}},"s":{"0":1,"1":1,"2":1,"3":2,"4":2,"5":0,"6":2,"7":1},"f":{"0":2,"1":1},"b":{"0":[0]}}
,"E:\\AICreativeStudioPlatform\\video-editor-service\\src\\domain\\renderService.ts": {"path":"E:\\AICreativeStudioPlatform\\video-editor-service\\src\\domain\\renderService.ts","statementMap":{"0":{"start":{"line":1,"column":0},"end":{"line":1,"column":81}},"1":{"start":{"line":2,"column":0},"end":{"line":2,"column":50}},"2":{"start":{"line":4,"column":0},"end":{"line":4,"column":36}},"3":{"start":{"line":5,"column":0},"end":{"line":5,"column":20}},"4":{"start":{"line":6,"column":0},"end":{"line":6,"column":24}},"5":{"start":{"line":9,"column":22},"end":{"line":9,"column":44}},"6":{"start":{"line":12,"column":19},"end":{"line":12,"column":46}},"7":{"start":{"line":13,"column":16},"end":{"line":13,"column":40}},"8":{"start":{"line":14,"column":18},"end":{"line":14,"column":38}},"9":{"start":{"line":16,"column":4},"end":{"line":18,"column":5}},"10":{"start":{"line":17,"column":6},"end":{"line":17,"column":90}},"11":{"start":{"line":21,"column":27},"end":{"line":29,"column":6}},"12":{"start":{"line":30,"column":4},"end":{"line":30,"column":39}},"13":{"start":{"line":33,"column":4},"end":{"line":40,"column":7}},"14":{"start":{"line":34,"column":6},"end":{"line":34,"column":72}},"15":{"start":{"line":35,"column":6},"end":{"line":39,"column":9}},"16":{"start":{"line":42,"column":4},"end":{"line":42,"column":15}},"17":{"start":{"line":46,"column":16},"end":{"line":46,"column":53}},"18":{"start":{"line":47,"column":4},"end":{"line":49,"column":5}},"19":{"start":{"line":48,"column":6},"end":{"line":48,"column":87}},"20":{"start":{"line":50,"column":4},"end":{"line":50,"column":15}},"21":{"start":{"line":54,"column":4},"end":{"line":54,"column":48}},"22":{"start":{"line":58,"column":23},"end":{"line":58,"column":82}},"23":{"start":{"line":59,"column":4},"end":{"line":61,"column":5}},"24":{"start":{"line":60,"column":6},"end":{"line":60,"column":52}},"25":{"start":{"line":63,"column":21},"end":{"line":63,"column":56}},"26":{"start":{"line":64,"column":23},"end":{"line":64,"column":54}},"27":{"start":{"line":67,"column":4},"end":{"line":67,"column":51}},"28":{"start":{"line":67,"column":29},"end":{"line":67,"column":49}},"29":{"start":{"line":68,"column":4},"end":{"line":68,"column":66}},"30":{"start":{"line":70,"column":4},"end":{"line":70,"column":51}},"31":{"start":{"line":70,"column":29},"end":{"line":70,"column":49}},"32":{"start":{"line":71,"column":4},"end":{"line":71,"column":66}},"33":{"start":{"line":74,"column":27},"end":{"line":74,"column":153}},"34":{"start":{"line":77,"column":4},"end":{"line":77,"column":113}},"35":{"start":{"line":79,"column":23},"end":{"line":79,"column":47}},"36":{"start":{"line":80,"column":18},"end":{"line":80,"column":41}},"37":{"start":{"line":82,"column":4},"end":{"line":88,"column":7}},"38":{"start":{"line":8,"column":0},"end":{"line":8,"column":13}}},"fnMap":{"0":{"name":"(anonymous_1)","decl":{"start":{"line":9,"column":2},"end":{"line":9,"column":22}},"loc":{"start":{"line":9,"column":44},"end":{"line":9,"column":48}}},"1":{"name":"(anonymous_2)","decl":{"start":{"line":11,"column":2},"end":{"line":11,"column":7}},"loc":{"start":{"line":11,"column":77},"end":{"line":43,"column":3}}},"2":{"name":"(anonymous_3)","decl":{"start":{"line":33,"column":59},"end":{"line":33,"column":62}},"loc":{"start":{"line":33,"column":65},"end":{"line":40,"column":5}}},"3":{"name":"(anonymous_4)","decl":{"start":{"line":45,"column":2},"end":{"line":45,"column":7}},"loc":{"start":{"line":45,"column":31},"end":{"line":51,"column":3}}},"4":{"name":"(anonymous_5)","decl":{"start":{"line":53,"column":2},"end":{"line":53,"column":7}},"loc":{"start":{"line":53,"column":42},"end":{"line":55,"column":3}}},"5":{"name":"(anonymous_6)","decl":{"start":{"line":57,"column":10},"end":{"line":57,"column":15}},"loc":{"start":{"line":57,"column":122},"end":{"line":89,"column":3}}},"6":{"name":"(anonymous_7)","decl":{"start":{"line":67,"column":22},"end":{"line":67,"column":25}},"loc":{"start":{"line":67,"column":29},"end":{"line":67,"column":49}}},"7":{"name":"(anonymous_8)","decl":{"start":{"line":70,"column":22},"end":{"line":70,"column":25}},"loc":{"start":{"line":70,"column":29},"end":{"line":70,"column":49}}}},"branchMap":{"0":{"loc":{"start":{"line":16,"column":4},"end":{"line":18,"column":5}},"type":"if","locations":[{"start":{"line":16,"column":4},"end":{"line":18,"column":5}}]},"1":{"loc":{"start":{"line":27,"column":19},"end":{"line":27,"column":47}},"type":"binary-expr","locations":[{"start":{"line":27,"column":19},"end":{"line":27,"column":39}},{"start":{"line":27,"column":43},"end":{"line":27,"column":47}}]},"2":{"loc":{"start":{"line":37,"column":24},"end":{"line":37,"column":70}},"type":"binary-expr","locations":[{"start":{"line":37,"column":24},"end":{"line":37,"column":45}},{"start":{"line":37,"column":49},"end":{"line":37,"column":70}}]},"3":{"loc":{"start":{"line":47,"column":4},"end":{"line":49,"column":5}},"type":"if","locations":[{"start":{"line":47,"column":4},"end":{"line":49,"column":5}}]},"4":{"loc":{"start":{"line":58,"column":36},"end":{"line":58,"column":81}},"type":"binary-expr","locations":[{"start":{"line":58,"column":36},"end":{"line":58,"column":66}},{"start":{"line":58,"column":70},"end":{"line":58,"column":81}}]},"5":{"loc":{"start":{"line":59,"column":4},"end":{"line":61,"column":5}},"type":"if","locations":[{"start":{"line":59,"column":4},"end":{"line":61,"column":5}}]},"6":{"loc":{"start":{"line":74,"column":27},"end":{"line":74,"column":153}},"type":"binary-expr","locations":[{"start":{"line":74,"column":27},"end":{"line":74,"column":62}},{"start":{"line":74,"column":66},"end":{"line":74,"column":153}}]},"7":{"loc":{"start":{"line":85,"column":18},"end":{"line":85,"column":114}},"type":"cond-expr","locations":[{"start":{"line":85,"column":54},"end":{"line":85,"column":68}},{"start":{"line":85,"column":71},"end":{"line":85,"column":114}}]}},"s":{"0":1,"1":1,"2":1,"3":1,"4":1,"5":4,"6":2,"7":2,"8":2,"9":2,"10":1,"11":1,"12":1,"13":1,"14":0,"15":0,"16":1,"17":1,"18":1,"19":0,"20":1,"21":0,"22":1,"23":1,"24":1,"25":1,"26":1,"27":1,"28":1,"29":0,"30":0,"31":0,"32":0,"33":0,"34":0,"35":0,"36":0,"37":0,"38":1},"f":{"0":4,"1":2,"2":0,"3":1,"4":0,"5":1,"6":1,"7":0},"b":{"0":[1],"1":[1,0],"2":[0,0],"3":[0],"4":[1,0],"5":[1],"6":[0,0],"7":[0,0]}}
,"E:\\AICreativeStudioPlatform\\video-editor-service\\src\\domain\\timelineService.ts": {"path":"E:\\AICreativeStudioPlatform\\video-editor-service\\src\\domain\\timelineService.ts","statementMap":{"0":{"start":{"line":1,"column":0},"end":{"line":1,"column":null}},"1":{"start":{"line":13,"column":0},"end":{"line":13,"column":36}},"2":{"start":{"line":16,"column":22},"end":{"line":16,"column":44}},"3":{"start":{"line":24,"column":16},"end":{"line":24,"column":40}},"4":{"start":{"line":25,"column":38},"end":{"line":41,"column":6}},"5":{"start":{"line":42,"column":4},"end":{"line":42,"column":46}},"6":{"start":{"line":46,"column":21},"end":{"line":46,"column":57}},"7":{"start":{"line":47,"column":4},"end":{"line":49,"column":5}},"8":{"start":{"line":48,"column":6},"end":{"line":48,"column":91}},"9":{"start":{"line":50,"column":4},"end":{"line":50,"column":20}},"10":{"start":{"line":54,"column":21},"end":{"line":54,"column":47}},"11":{"start":{"line":55,"column":19},"end":{"line":55,"column":41}},"12":{"start":{"line":57,"column":4},"end":{"line":162,"column":5}},"13":{"start":{"line":59,"column":24},"end":{"line":59,"column":null}},"14":{"start":{"line":66,"column":8},"end":{"line":68,"column":9}},"15":{"start":{"line":67,"column":10},"end":{"line":67,"column":91}},"16":{"start":{"line":70,"column":24},"end":{"line":70,"column":77}},"17":{"start":{"line":71,"column":27},"end":{"line":71,"column":54}},"18":{"start":{"line":72,"column":32},"end":{"line":82,"column":10}},"19":{"start":{"line":83,"column":8},"end":{"line":83,"column":32}},"20":{"start":{"line":84,"column":8},"end":{"line":84,"column":14}},"21":{"start":{"line":88,"column":8},"end":{"line":88,"column":103}},"22":{"start":{"line":88,"column":25},"end":{"line":88,"column":103}},"23":{"start":{"line":89,"column":8},"end":{"line":89,"column":69}},"24":{"start":{"line":89,"column":48},"end":{"line":89,"column":67}},"25":{"start":{"line":90,"column":8},"end":{"line":90,"column":14}},"26":{"start":{"line":94,"column":8},"end":{"line":94,"column":101}},"27":{"start":{"line":94,"column":25},"end":{"line":94,"column":101}},"28":{"start":{"line":95,"column":23},"end":{"line":95,"column":66}},"29":{"start":{"line":95,"column":46},"end":{"line":95,"column":65}},"30":{"start":{"line":96,"column":8},"end":{"line":96,"column":98}},"31":{"start":{"line":96,"column":21},"end":{"line":96,"column":98}},"32":{"start":{"line":97,"column":24},"end":{"line":97,"column":86}},"33":{"start":{"line":98,"column":8},"end":{"line":98,"column":94}},"34":{"start":{"line":98,"column":49},"end":{"line":98,"column":94}},"35":{"start":{"line":99,"column":8},"end":{"line":99,"column":88}},"36":{"start":{"line":99,"column":47},"end":{"line":99,"column":88}},"37":{"start":{"line":100,"column":8},"end":{"line":100,"column":86}},"38":{"start":{"line":101,"column":8},"end":{"line":101,"column":14}},"39":{"start":{"line":105,"column":8},"end":{"line":105,"column":106}},"40":{"start":{"line":105,"column":25},"end":{"line":105,"column":106}},"41":{"start":{"line":106,"column":23},"end":{"line":106,"column":66}},"42":{"start":{"line":106,"column":46},"end":{"line":106,"column":65}},"43":{"start":{"line":107,"column":8},"end":{"line":107,"column":98}},"44":{"start":{"line":107,"column":21},"end":{"line":107,"column":98}},"45":{"start":{"line":108,"column":23},"end":{"line":108,"column":69}},"46":{"start":{"line":109,"column":8},"end":{"line":109,"column":29}},"47":{"start":{"line":110,"column":8},"end":{"line":110,"column":14}},"48":{"start":{"line":114,"column":8},"end":{"line":114,"column":107}},"49":{"start":{"line":114,"column":25},"end":{"line":114,"column":107}},"50":{"start":{"line":115,"column":23},"end":{"line":115,"column":66}},"51":{"start":{"line":115,"column":46},"end":{"line":115,"column":65}},"52":{"start":{"line":116,"column":8},"end":{"line":116,"column":98}},"53":{"start":{"line":116,"column":21},"end":{"line":116,"column":98}},"54":{"start":{"line":117,"column":8},"end":{"line":117,"column":74}},"55":{"start":{"line":118,"column":8},"end":{"line":118,"column":14}},"56":{"start":{"line":122,"column":24},"end":{"line":122,"column":134}},"57":{"start":{"line":123,"column":8},"end":{"line":123,"column":105}},"58":{"start":{"line":123,"column":27},"end":{"line":123,"column":105}},"59":{"start":{"line":124,"column":34},"end":{"line":132,"column":10}},"60":{"start":{"line":133,"column":8},"end":{"line":133,"column":35}},"61":{"start":{"line":134,"column":8},"end":{"line":134,"column":14}},"62":{"start":{"line":138,"column":24},"end":{"line":138,"column":152}},"63":{"start":{"line":139,"column":8},"end":{"line":139,"column":111}},"64":{"start":{"line":139,"column":32},"end":{"line":139,"column":111}},"65":{"start":{"line":140,"column":37},"end":{"line":149,"column":10}},"66":{"start":{"line":150,"column":8},"end":{"line":150,"column":38}},"67":{"start":{"line":151,"column":8},"end":{"line":151,"column":14}},"68":{"start":{"line":155,"column":20},"end":{"line":155,"column":78}},"69":{"start":{"line":156,"column":8},"end":{"line":156,"column":43}},"70":{"start":{"line":156,"column":16},"end":{"line":156,"column":43}},"71":{"start":{"line":157,"column":8},"end":{"line":157,"column":14}},"72":{"start":{"line":161,"column":8},"end":{"line":161,"column":107}},"73":{"start":{"line":164,"column":4},"end":{"line":164,"column":29}},"74":{"start":{"line":165,"column":4},"end":{"line":165,"column":63}},"75":{"start":{"line":166,"column":4},"end":{"line":166,"column":50}},"76":{"start":{"line":170,"column":4},"end":{"line":170,"column":46}},"77":{"start":{"line":174,"column":4},"end":{"line":174,"column":37}},"78":{"start":{"line":174,"column":28},"end":{"line":174,"column":37}},"79":{"start":{"line":175,"column":4},"end":{"line":175,"column":49}},"80":{"start":{"line":175,"column":38},"end":{"line":175,"column":46}},"81":{"start":{"line":179,"column":21},"end":{"line":179,"column":108}},"82":{"start":{"line":179,"column":94},"end":{"line":179,"column":102}},"83":{"start":{"line":180,"column":21},"end":{"line":180,"column":108}},"84":{"start":{"line":180,"column":94},"end":{"line":180,"column":102}},"85":{"start":{"line":181,"column":4},"end":{"line":181,"column":40}},"86":{"start":{"line":15,"column":0},"end":{"line":15,"column":13}}},"fnMap":{"0":{"name":"(anonymous_0)","decl":{"start":{"line":16,"column":2},"end":{"line":16,"column":22}},"loc":{"start":{"line":16,"column":44},"end":{"line":16,"column":48}}},"1":{"name":"(anonymous_1)","decl":{"start":{"line":18,"column":2},"end":{"line":18,"column":7}},"loc":{"start":{"line":23,"column":3},"end":{"line":43,"column":3}}},"2":{"name":"(anonymous_2)","decl":{"start":{"line":45,"column":2},"end":{"line":45,"column":7}},"loc":{"start":{"line":45,"column":30},"end":{"line":51,"column":3}}},"3":{"name":"(anonymous_3)","decl":{"start":{"line":53,"column":2},"end":{"line":53,"column":7}},"loc":{"start":{"line":53,"column":56},"end":{"line":167,"column":3}}},"4":{"name":"(anonymous_4)","decl":{"start":{"line":89,"column":43},"end":{"line":89,"column":44}},"loc":{"start":{"line":89,"column":48},"end":{"line":89,"column":67}}},"5":{"name":"(anonymous_5)","decl":{"start":{"line":95,"column":41},"end":{"line":95,"column":42}},"loc":{"start":{"line":95,"column":46},"end":{"line":95,"column":65}}},"6":{"name":"(anonymous_6)","decl":{"start":{"line":106,"column":41},"end":{"line":106,"column":42}},"loc":{"start":{"line":106,"column":46},"end":{"line":106,"column":65}}},"7":{"name":"(anonymous_7)","decl":{"start":{"line":115,"column":41},"end":{"line":115,"column":42}},"loc":{"start":{"line":115,"column":46},"end":{"line":115,"column":65}}},"8":{"name":"(anonymous_8)","decl":{"start":{"line":169,"column":2},"end":{"line":169,"column":7}},"loc":{"start":{"line":169,"column":40},"end":{"line":171,"column":3}}},"9":{"name":"(anonymous_9)","decl":{"start":{"line":173,"column":10},"end":{"line":173,"column":24}},"loc":{"start":{"line":173,"column":43},"end":{"line":176,"column":3}}},"10":{"name":"(anonymous_10)","decl":{"start":{"line":175,"column":33},"end":{"line":175,"column":34}},"loc":{"start":{"line":175,"column":38},"end":{"line":175,"column":46}}},"11":{"name":"(anonymous_11)","decl":{"start":{"line":178,"column":10},"end":{"line":178,"column":32}},"loc":{"start":{"line":178,"column":66},"end":{"line":182,"column":3}}},"12":{"name":"(anonymous_12)","decl":{"start":{"line":179,"column":76},"end":{"line":179,"column":77}},"loc":{"start":{"line":179,"column":94},"end":{"line":179,"column":102}}},"13":{"name":"(anonymous_13)","decl":{"start":{"line":180,"column":76},"end":{"line":180,"column":77}},"loc":{"start":{"line":180,"column":94},"end":{"line":180,"column":102}}}},"branchMap":{"0":{"loc":{"start":{"line":28,"column":12},"end":{"line":28,"column":51}},"type":"binary-expr","locations":[{"start":{"line":28,"column":12},"end":{"line":28,"column":23}},{"start":{"line":28,"column":27},"end":{"line":28,"column":51}}]},"1":{"loc":{"start":{"line":30,"column":20},"end":{"line":30,"column":49}},"type":"binary-expr","locations":[{"start":{"line":30,"column":20},"end":{"line":30,"column":39}},{"start":{"line":30,"column":43},"end":{"line":30,"column":49}}]},"2":{"loc":{"start":{"line":31,"column":18},"end":{"line":31,"column":46}},"type":"binary-expr","locations":[{"start":{"line":31,"column":18},"end":{"line":31,"column":35}},{"start":{"line":31,"column":39},"end":{"line":31,"column":46}}]},"3":{"loc":{"start":{"line":47,"column":4},"end":{"line":49,"column":5}},"type":"if","locations":[{"start":{"line":47,"column":4},"end":{"line":49,"column":5}}]},"4":{"loc":{"start":{"line":57,"column":4},"end":{"line":162,"column":5}},"type":"switch","locations":[{"start":{"line":58,"column":6},"end":{"line":85,"column":7}},{"start":{"line":87,"column":6},"end":{"line":91,"column":7}},{"start":{"line":93,"column":6},"end":{"line":102,"column":7}},{"start":{"line":104,"column":6},"end":{"line":111,"column":7}},{"start":{"line":113,"column":6},"end":{"line":119,"column":7}},{"start":{"line":121,"column":6},"end":{"line":135,"column":7}},{"start":{"line":137,"column":6},"end":{"line":152,"column":7}},{"start":{"line":154,"column":6},"end":{"line":158,"column":7}},{"start":{"line":160,"column":6},"end":{"line":161,"column":107}}]},"5":{"loc":{"start":{"line":66,"column":8},"end":{"line":68,"column":9}},"type":"if","locations":[{"start":{"line":66,"column":8},"end":{"line":68,"column":9}}]},"6":{"loc":{"start":{"line":70,"column":24},"end":{"line":70,"column":77}},"type":"binary-expr","locations":[{"start":{"line":70,"column":24},"end":{"line":70,"column":40}},{"start":{"line":70,"column":44},"end":{"line":70,"column":77}}]},"7":{"loc":{"start":{"line":71,"column":27},"end":{"line":71,"column":54}},"type":"binary-expr","locations":[{"start":{"line":71,"column":27},"end":{"line":71,"column":46}},{"start":{"line":71,"column":50},"end":{"line":71,"column":54}}]},"8":{"loc":{"start":{"line":77,"column":25},"end":{"line":77,"column":51}},"type":"binary-expr","locations":[{"start":{"line":77,"column":25},"end":{"line":77,"column":46}},{"start":{"line":77,"column":50},"end":{"line":77,"column":51}}]},"9":{"loc":{"start":{"line":78,"column":23},"end":{"line":78,"column":56}},"type":"binary-expr","locations":[{"start":{"line":78,"column":23},"end":{"line":78,"column":42}},{"start":{"line":78,"column":46},"end":{"line":78,"column":56}}]},"10":{"loc":{"start":{"line":88,"column":8},"end":{"line":88,"column":103}},"type":"if","locations":[{"start":{"line":88,"column":8},"end":{"line":88,"column":103}}]},"11":{"loc":{"start":{"line":94,"column":8},"end":{"line":94,"column":101}},"type":"if","locations":[{"start":{"line":94,"column":8},"end":{"line":94,"column":101}}]},"12":{"loc":{"start":{"line":96,"column":8},"end":{"line":96,"column":98}},"type":"if","locations":[{"start":{"line":96,"column":8},"end":{"line":96,"column":98}}]},"13":{"loc":{"start":{"line":98,"column":8},"end":{"line":98,"column":94}},"type":"if","locations":[{"start":{"line":98,"column":8},"end":{"line":98,"column":94}}]},"14":{"loc":{"start":{"line":99,"column":8},"end":{"line":99,"column":88}},"type":"if","locations":[{"start":{"line":99,"column":8},"end":{"line":99,"column":88}}]},"15":{"loc":{"start":{"line":105,"column":8},"end":{"line":105,"column":106}},"type":"if","locations":[{"start":{"line":105,"column":8},"end":{"line":105,"column":106}}]},"16":{"loc":{"start":{"line":107,"column":8},"end":{"line":107,"column":98}},"type":"if","locations":[{"start":{"line":107,"column":8},"end":{"line":107,"column":98}}]},"17":{"loc":{"start":{"line":108,"column":23},"end":{"line":108,"column":69}},"type":"binary-expr","locations":[{"start":{"line":108,"column":23},"end":{"line":108,"column":62}},{"start":{"line":108,"column":66},"end":{"line":108,"column":69}}]},"18":{"loc":{"start":{"line":114,"column":8},"end":{"line":114,"column":107}},"type":"if","locations":[{"start":{"line":114,"column":8},"end":{"line":114,"column":107}}]},"19":{"loc":{"start":{"line":116,"column":8},"end":{"line":116,"column":98}},"type":"if","locations":[{"start":{"line":116,"column":8},"end":{"line":116,"column":98}}]},"20":{"loc":{"start":{"line":117,"column":25},"end":{"line":117,"column":73}},"type":"binary-expr","locations":[{"start":{"line":117,"column":25},"end":{"line":117,"column":66}},{"start":{"line":117,"column":70},"end":{"line":117,"column":73}}]},"21":{"loc":{"start":{"line":123,"column":8},"end":{"line":123,"column":105}},"type":"if","locations":[{"start":{"line":123,"column":8},"end":{"line":123,"column":105}}]},"22":{"loc":{"start":{"line":127,"column":20},"end":{"line":127,"column":41}},"type":"binary-expr","locations":[{"start":{"line":127,"column":20},"end":{"line":127,"column":36}},{"start":{"line":127,"column":40},"end":{"line":127,"column":41}}]},"23":{"loc":{"start":{"line":128,"column":19},"end":{"line":128,"column":40}},"type":"binary-expr","locations":[{"start":{"line":128,"column":19},"end":{"line":128,"column":35}},{"start":{"line":128,"column":39},"end":{"line":128,"column":40}}]},"24":{"loc":{"start":{"line":128,"column":45},"end":{"line":128,"column":72}},"type":"binary-expr","locations":[{"start":{"line":128,"column":45},"end":{"line":128,"column":64}},{"start":{"line":128,"column":68},"end":{"line":128,"column":72}}]},"25":{"loc":{"start":{"line":129,"column":21},"end":{"line":129,"column":44}},"type":"binary-expr","locations":[{"start":{"line":129,"column":21},"end":{"line":129,"column":38}},{"start":{"line":129,"column":42},"end":{"line":129,"column":44}}]},"26":{"loc":{"start":{"line":130,"column":22},"end":{"line":130,"column":53}},"type":"binary-expr","locations":[{"start":{"line":130,"column":22},"end":{"line":130,"column":40}},{"start":{"line":130,"column":44},"end":{"line":130,"column":53}}]},"27":{"loc":{"start":{"line":139,"column":8},"end":{"line":139,"column":111}},"type":"if","locations":[{"start":{"line":139,"column":8},"end":{"line":139,"column":111}}]},"28":{"loc":{"start":{"line":143,"column":20},"end":{"line":143,"column":41}},"type":"binary-expr","locations":[{"start":{"line":143,"column":20},"end":{"line":143,"column":36}},{"start":{"line":143,"column":40},"end":{"line":143,"column":41}}]},"29":{"loc":{"start":{"line":144,"column":19},"end":{"line":144,"column":40}},"type":"binary-expr","locations":[{"start":{"line":144,"column":19},"end":{"line":144,"column":35}},{"start":{"line":144,"column":39},"end":{"line":144,"column":40}}]},"30":{"loc":{"start":{"line":144,"column":45},"end":{"line":144,"column":72}},"type":"binary-expr","locations":[{"start":{"line":144,"column":45},"end":{"line":144,"column":64}},{"start":{"line":144,"column":68},"end":{"line":144,"column":72}}]},"31":{"loc":{"start":{"line":145,"column":17},"end":{"line":145,"column":35}},"type":"binary-expr","locations":[{"start":{"line":145,"column":17},"end":{"line":145,"column":30}},{"start":{"line":145,"column":34},"end":{"line":145,"column":35}}]},"32":{"loc":{"start":{"line":146,"column":17},"end":{"line":146,"column":35}},"type":"binary-expr","locations":[{"start":{"line":146,"column":17},"end":{"line":146,"column":30}},{"start":{"line":146,"column":34},"end":{"line":146,"column":35}}]},"33":{"loc":{"start":{"line":147,"column":21},"end":{"line":147,"column":44}},"type":"binary-expr","locations":[{"start":{"line":147,"column":21},"end":{"line":147,"column":38}},{"start":{"line":147,"column":42},"end":{"line":147,"column":44}}]},"34":{"loc":{"start":{"line":156,"column":8},"end":{"line":156,"column":43}},"type":"if","locations":[{"start":{"line":156,"column":8},"end":{"line":156,"column":43}}]},"35":{"loc":{"start":{"line":174,"column":4},"end":{"line":174,"column":37}},"type":"if","locations":[{"start":{"line":174,"column":4},"end":{"line":174,"column":37}}]},"36":{"loc":{"start":{"line":179,"column":21},"end":{"line":179,"column":108}},"type":"cond-expr","locations":[{"start":{"line":179,"column":47},"end":{"line":179,"column":104}},{"start":{"line":179,"column":107},"end":{"line":179,"column":108}}]},"37":{"loc":{"start":{"line":180,"column":21},"end":{"line":180,"column":108}},"type":"cond-expr","locations":[{"start":{"line":180,"column":47},"end":{"line":180,"column":104}},{"start":{"line":180,"column":107},"end":{"line":180,"column":108}}]}},"s":{"0":1,"1":1,"2":4,"3":3,"4":3,"5":3,"6":7,"7":7,"8":0,"9":7,"10":5,"11":5,"12":5,"13":2,"14":2,"15":0,"16":2,"17":2,"18":2,"19":2,"20":2,"21":0,"22":0,"23":0,"24":0,"25":0,"26":1,"27":0,"28":1,"29":1,"30":1,"31":0,"32":1,"33":1,"34":1,"35":1,"36":1,"37":1,"38":1,"39":0,"40":0,"41":0,"42":0,"43":0,"44":0,"45":0,"46":0,"47":0,"48":0,"49":0,"50":0,"51":0,"52":0,"53":0,"54":0,"55":0,"56":1,"57":1,"58":0,"59":1,"60":1,"61":1,"62":1,"63":1,"64":0,"65":1,"66":1,"67":1,"68":0,"69":0,"70":0,"71":0,"72":0,"73":5,"74":5,"75":5,"76":0,"77":2,"78":2,"79":0,"80":0,"81":5,"82":5,"83":5,"84":0,"85":5,"86":1},"f":{"0":4,"1":3,"2":7,"3":5,"4":0,"5":1,"6":0,"7":0,"8":0,"9":2,"10":0,"11":5,"12":5,"13":0},"b":{"0":[3,0],"1":[3,2],"2":[3,3],"3":[0],"4":[2,0,1,0,0,1,1,0,0],"5":[0],"6":[2,2],"7":[2,0],"8":[2,2],"9":[2,2],"10":[0],"11":[0],"12":[0],"13":[1],"14":[1],"15":[0],"16":[0],"17":[0,0],"18":[0],"19":[0],"20":[0,0],"21":[0],"22":[1,0],"23":[1,0],"24":[1,0],"25":[1,1],"26":[1,1],"27":[0],"28":[1,1],"29":[1,1],"30":[1,1],"31":[1,0],"32":[1,0],"33":[1,0],"34":[0],"35":[2],"36":[5,0],"37":[0,5]}}
,"E:\\AICreativeStudioPlatform\\video-editor-service\\src\\domain\\types.ts": {"path":"E:\\AICreativeStudioPlatform\\video-editor-service\\src\\domain\\types.ts","statementMap":{"0":{"start":{"line":156,"column":4},"end":{"line":156,"column":19}},"1":{"start":{"line":157,"column":4},"end":{"line":157,"column":33}},"2":{"start":{"line":158,"column":4},"end":{"line":158,"column":21}},"3":{"start":{"line":159,"column":4},"end":{"line":159,"column":27}},"4":{"start":{"line":160,"column":4},"end":{"line":160,"column":52}},"5":{"start":{"line":150,"column":0},"end":{"line":150,"column":13}}},"fnMap":{"0":{"name":"(anonymous_0)","decl":{"start":{"line":155,"column":2},"end":{"line":155,"column":14}},"loc":{"start":{"line":155,"column":98},"end":{"line":161,"column":3}}}},"branchMap":{},"s":{"0":1,"1":1,"2":1,"3":1,"4":1,"5":1},"f":{"0":1},"b":{}}
,"E:\\AICreativeStudioPlatform\\video-editor-service\\src\\infra\\repository.ts": {"path":"E:\\AICreativeStudioPlatform\\video-editor-service\\src\\infra\\repository.ts","statementMap":{"0":{"start":{"line":16,"column":52},"end":{"line":16,"column":61}},"1":{"start":{"line":17,"column":47},"end":{"line":17,"column":56}},"2":{"start":{"line":20,"column":4},"end":{"line":20,"column":46}},"3":{"start":{"line":21,"column":4},"end":{"line":21,"column":20}},"4":{"start":{"line":25,"column":4},"end":{"line":25,"column":42}},"5":{"start":{"line":29,"column":21},"end":{"line":29,"column":43}},"6":{"start":{"line":30,"column":4},"end":{"line":32,"column":5}},"7":{"start":{"line":31,"column":6},"end":{"line":31,"column":52}},"8":{"start":{"line":33,"column":37},"end":{"line":37,"column":6}},"9":{"start":{"line":38,"column":4},"end":{"line":38,"column":36}},"10":{"start":{"line":39,"column":4},"end":{"line":39,"column":19}},"11":{"start":{"line":43,"column":16},"end":{"line":43,"column":51}},"12":{"start":{"line":44,"column":4},"end":{"line":44,"column":31}},"13":{"start":{"line":44,"column":20},"end":{"line":44,"column":31}},"14":{"start":{"line":45,"column":4},"end":{"line":45,"column":55}},"15":{"start":{"line":45,"column":27},"end":{"line":45,"column":53}},"16":{"start":{"line":49,"column":4},"end":{"line":49,"column":37}},"17":{"start":{"line":50,"column":4},"end":{"line":50,"column":15}},"18":{"start":{"line":54,"column":4},"end":{"line":54,"column":43}},"19":{"start":{"line":58,"column":21},"end":{"line":58,"column":44}},"20":{"start":{"line":59,"column":4},"end":{"line":61,"column":5}},"21":{"start":{"line":60,"column":6},"end":{"line":60,"column":54}},"22":{"start":{"line":62,"column":31},"end":{"line":62,"column":57}},"23":{"start":{"line":63,"column":4},"end":{"line":63,"column":37}},"24":{"start":{"line":64,"column":4},"end":{"line":64,"column":19}},"25":{"start":{"line":68,"column":16},"end":{"line":68,"column":52}},"26":{"start":{"line":69,"column":4},"end":{"line":69,"column":32}},"27":{"start":{"line":69,"column":21},"end":{"line":69,"column":32}},"28":{"start":{"line":70,"column":4},"end":{"line":70,"column":57}},"29":{"start":{"line":70,"column":27},"end":{"line":70,"column":55}},"30":{"start":{"line":15,"column":0},"end":{"line":15,"column":13}}},"fnMap":{"0":{"name":"(anonymous_0)","decl":{"start":{"line":19,"column":2},"end":{"line":19,"column":7}},"loc":{"start":{"line":19,"column":48},"end":{"line":22,"column":3}}},"1":{"name":"(anonymous_1)","decl":{"start":{"line":24,"column":2},"end":{"line":24,"column":7}},"loc":{"start":{"line":24,"column":35},"end":{"line":26,"column":3}}},"2":{"name":"(anonymous_2)","decl":{"start":{"line":28,"column":2},"end":{"line":28,"column":7}},"loc":{"start":{"line":28,"column":67},"end":{"line":40,"column":3}}},"3":{"name":"(anonymous_3)","decl":{"start":{"line":42,"column":2},"end":{"line":42,"column":7}},"loc":{"start":{"line":42,"column":40},"end":{"line":46,"column":3}}},"4":{"name":"(anonymous_4)","decl":{"start":{"line":45,"column":22},"end":{"line":45,"column":23}},"loc":{"start":{"line":45,"column":27},"end":{"line":45,"column":53}}},"5":{"name":"(anonymous_5)","decl":{"start":{"line":48,"column":2},"end":{"line":48,"column":7}},"loc":{"start":{"line":48,"column":36},"end":{"line":51,"column":3}}},"6":{"name":"(anonymous_6)","decl":{"start":{"line":53,"column":2},"end":{"line":53,"column":7}},"loc":{"start":{"line":53,"column":36},"end":{"line":55,"column":3}}},"7":{"name":"(anonymous_7)","decl":{"start":{"line":57,"column":2},"end":{"line":57,"column":7}},"loc":{"start":{"line":57,"column":62},"end":{"line":65,"column":3}}},"8":{"name":"(anonymous_8)","decl":{"start":{"line":67,"column":2},"end":{"line":67,"column":7}},"loc":{"start":{"line":67,"column":42},"end":{"line":71,"column":3}}},"9":{"name":"(anonymous_9)","decl":{"start":{"line":70,"column":22},"end":{"line":70,"column":23}},"loc":{"start":{"line":70,"column":27},"end":{"line":70,"column":55}}}},"branchMap":{"0":{"loc":{"start":{"line":25,"column":11},"end":{"line":25,"column":41}},"type":"binary-expr","locations":[{"start":{"line":25,"column":11},"end":{"line":25,"column":33}},{"start":{"line":25,"column":37},"end":{"line":25,"column":41}}]},"1":{"loc":{"start":{"line":30,"column":4},"end":{"line":32,"column":5}},"type":"if","locations":[{"start":{"line":30,"column":4},"end":{"line":32,"column":5}}]},"2":{"loc":{"start":{"line":44,"column":4},"end":{"line":44,"column":31}},"type":"if","locations":[{"start":{"line":44,"column":4},"end":{"line":44,"column":31}}]},"3":{"loc":{"start":{"line":54,"column":11},"end":{"line":54,"column":42}},"type":"binary-expr","locations":[{"start":{"line":54,"column":11},"end":{"line":54,"column":34}},{"start":{"line":54,"column":38},"end":{"line":54,"column":42}}]},"4":{"loc":{"start":{"line":59,"column":4},"end":{"line":61,"column":5}},"type":"if","locations":[{"start":{"line":59,"column":4},"end":{"line":61,"column":5}}]},"5":{"loc":{"start":{"line":69,"column":4},"end":{"line":69,"column":32}},"type":"if","locations":[{"start":{"line":69,"column":4},"end":{"line":69,"column":32}}]}},"s":{"0":4,"1":4,"2":3,"3":3,"4":7,"5":5,"6":5,"7":0,"8":5,"9":5,"10":5,"11":0,"12":0,"13":0,"14":0,"15":0,"16":1,"17":1,"18":1,"19":0,"20":0,"21":0,"22":0,"23":0,"24":0,"25":0,"26":0,"27":0,"28":0,"29":0,"30":1},"f":{"0":3,"1":7,"2":5,"3":0,"4":0,"5":1,"6":1,"7":0,"8":0,"9":0},"b":{"0":[7,0],"1":[0],"2":[0],"3":[1,0],"4":[0],"5":[0]}}
}
