TN:
SF:src\app.ts
FN:16,createApp
FNF:1
FNH:1
FNDA:4,createApp
DA:1,1
DA:2,1
DA:3,1
DA:4,1
DA:5,1
DA:6,1
DA:7,1
DA:8,1
DA:16,1
DA:21,4
DA:22,4
DA:23,4
DA:25,4
DA:27,4
DA:33,4
DA:34,4
DA:37,4
DA:38,4
DA:40,4
DA:41,4
DA:43,4
DA:45,4
LF:22
LH:22
BRDA:16,0,0,4
BRDA:21,1,0,4
BRDA:21,1,1,4
BRDA:22,2,0,4
BRDA:22,2,1,4
BRDA:23,3,0,4
BRDA:23,3,1,4
BRDA:28,4,0,4
BRDA:28,4,1,4
BRDA:37,5,0,4
BRDA:37,5,1,0
BRF:11
BRH:10
end_of_record
TN:
SF:src\api\middleware.ts
FN:9,requestIdMiddleware
FN:16,errorHandlerMiddleware
FNF:2
FNH:2
FNDA:12,requestIdMiddleware
FNDA:1,errorHandlerMiddleware
DA:2,1
DA:3,1
DA:9,1
DA:10,12
DA:11,12
DA:12,12
DA:13,12
DA:16,1
DA:23,1
DA:25,1
DA:26,1
DA:34,1
DA:35,1
DA:38,0
DA:39,0
DA:47,0
LF:16
LH:13
BRDA:10,0,0,12
BRDA:10,0,1,11
BRDA:23,1,0,1
BRDA:23,1,1,0
BRDA:25,2,0,1
BRDA:30,3,0,1
BRDA:30,3,1,1
BRDA:42,4,0,0
BRDA:42,4,1,0
BRF:9
BRH:6
end_of_record
TN:
SF:src\api\routes.ts
FN:7,createRouter
FN:12,(anonymous_1)
FN:19,(anonymous_2)
FN:31,(anonymous_3)
FN:42,(anonymous_4)
FN:59,(anonymous_5)
FN:71,(anonymous_6)
FN:84,(anonymous_7)
FNF:8
FNH:6
FNDA:4,createRouter
FNDA:1,(anonymous_1)
FNDA:3,(anonymous_2)
FNDA:0,(anonymous_3)
FNDA:5,(anonymous_4)
FNDA:0,(anonymous_5)
FNDA:2,(anonymous_6)
FNDA:1,(anonymous_7)
DA:1,1
DA:4,1
DA:7,1
DA:8,4
DA:12,4
DA:13,1
DA:14,1
DA:19,4
DA:20,3
DA:21,3
DA:22,3
DA:23,3
DA:25,0
DA:31,4
DA:32,0
DA:33,0
DA:34,0
DA:36,0
DA:42,4
DA:43,5
DA:44,5
DA:50,5
DA:51,5
DA:53,0
DA:59,4
DA:60,0
DA:61,0
DA:62,0
DA:63,0
DA:65,0
DA:71,4
DA:72,2
DA:73,2
DA:74,2
DA:75,2
DA:76,1
DA:78,1
DA:84,4
DA:85,1
DA:86,1
DA:87,1
DA:89,0
DA:93,4
LF:43
LH:31
BRDA:46,0,0,5
BRDA:46,0,1,4
BRDA:48,1,0,5
BRDA:48,1,1,0
BRDA:74,2,0,2
BRDA:74,2,1,0
BRF:6
BRH:4
end_of_record
TN:
SF:src\domain\exportPresets.ts
FN:66,getExportPreset
FN:74,listExportPresets
FNF:2
FNH:2
FNDA:2,getExportPreset
FNDA:1,listExportPresets
DA:3,1
DA:66,1
DA:67,2
DA:68,2
DA:69,0
DA:71,2
DA:74,1
DA:75,1
LF:8
LH:7
BRDA:68,0,0,0
BRF:1
BRH:0
end_of_record
TN:
SF:src\domain\renderService.ts
FN:9,(anonymous_1)
FN:11,(anonymous_2)
FN:33,(anonymous_3)
FN:45,(anonymous_4)
FN:53,(anonymous_5)
FN:57,(anonymous_6)
FN:67,(anonymous_7)
FN:70,(anonymous_8)
FNF:8
FNH:5
FNDA:4,(anonymous_1)
FNDA:2,(anonymous_2)
FNDA:0,(anonymous_3)
FNDA:1,(anonymous_4)
FNDA:0,(anonymous_5)
FNDA:1,(anonymous_6)
FNDA:1,(anonymous_7)
FNDA:0,(anonymous_8)
DA:1,1
DA:2,1
DA:4,1
DA:5,1
DA:6,1
DA:8,1
DA:9,4
DA:12,2
DA:13,2
DA:14,2
DA:16,2
DA:17,1
DA:21,1
DA:30,1
DA:33,1
DA:34,0
DA:35,0
DA:42,1
DA:46,1
DA:47,1
DA:48,0
DA:50,1
DA:54,0
DA:58,1
DA:59,1
DA:60,1
DA:63,1
DA:64,1
DA:67,1
DA:68,0
DA:70,0
DA:71,0
DA:74,0
DA:77,0
DA:79,0
DA:80,0
DA:82,0
LF:37
LH:25
BRDA:16,0,0,1
BRDA:27,1,0,1
BRDA:27,1,1,0
BRDA:37,2,0,0
BRDA:37,2,1,0
BRDA:47,3,0,0
BRDA:58,4,0,1
BRDA:58,4,1,0
BRDA:59,5,0,1
BRDA:74,6,0,0
BRDA:74,6,1,0
BRDA:85,7,0,0
BRDA:85,7,1,0
BRF:13
BRH:4
end_of_record
TN:
SF:src\domain\timelineService.ts
FN:16,(anonymous_0)
FN:18,(anonymous_1)
FN:45,(anonymous_2)
FN:53,(anonymous_3)
FN:89,(anonymous_4)
FN:95,(anonymous_5)
FN:106,(anonymous_6)
FN:115,(anonymous_7)
FN:169,(anonymous_8)
FN:173,(anonymous_9)
FN:175,(anonymous_10)
FN:178,(anonymous_11)
FN:179,(anonymous_12)
FN:180,(anonymous_13)
FNF:14
FNH:8
FNDA:4,(anonymous_0)
FNDA:3,(anonymous_1)
FNDA:7,(anonymous_2)
FNDA:5,(anonymous_3)
FNDA:0,(anonymous_4)
FNDA:1,(anonymous_5)
FNDA:0,(anonymous_6)
FNDA:0,(anonymous_7)
FNDA:0,(anonymous_8)
FNDA:2,(anonymous_9)
FNDA:0,(anonymous_10)
FNDA:5,(anonymous_11)
FNDA:5,(anonymous_12)
FNDA:0,(anonymous_13)
DA:1,1
DA:13,1
DA:15,1
DA:16,4
DA:24,3
DA:25,3
DA:42,3
DA:46,7
DA:47,7
DA:48,0
DA:50,7
DA:54,5
DA:55,5
DA:57,5
DA:59,2
DA:66,2
DA:67,0
DA:70,2
DA:71,2
DA:72,2
DA:83,2
DA:84,2
DA:88,0
DA:89,0
DA:90,0
DA:94,1
DA:95,1
DA:96,1
DA:97,1
DA:98,1
DA:99,1
DA:100,1
DA:101,1
DA:105,0
DA:106,0
DA:107,0
DA:108,0
DA:109,0
DA:110,0
DA:114,0
DA:115,0
DA:116,0
DA:117,0
DA:118,0
DA:122,1
DA:123,1
DA:124,1
DA:133,1
DA:134,1
DA:138,1
DA:139,1
DA:140,1
DA:150,1
DA:151,1
DA:155,0
DA:156,0
DA:157,0
DA:161,0
DA:164,5
DA:165,5
DA:166,5
DA:170,0
DA:174,2
DA:175,0
DA:179,5
DA:180,5
DA:181,5
LF:67
LH:45
BRDA:28,0,0,3
BRDA:28,0,1,0
BRDA:30,1,0,3
BRDA:30,1,1,2
BRDA:31,2,0,3
BRDA:31,2,1,3
BRDA:47,3,0,0
BRDA:57,4,0,2
BRDA:57,4,1,0
BRDA:57,4,2,1
BRDA:57,4,3,0
BRDA:57,4,4,0
BRDA:57,4,5,1
BRDA:57,4,6,1
BRDA:57,4,7,0
BRDA:57,4,8,0
BRDA:66,5,0,0
BRDA:70,6,0,2
BRDA:70,6,1,2
BRDA:71,7,0,2
BRDA:71,7,1,0
BRDA:77,8,0,2
BRDA:77,8,1,2
BRDA:78,9,0,2
BRDA:78,9,1,2
BRDA:88,10,0,0
BRDA:94,11,0,0
BRDA:96,12,0,0
BRDA:98,13,0,1
BRDA:99,14,0,1
BRDA:105,15,0,0
BRDA:107,16,0,0
BRDA:108,17,0,0
BRDA:108,17,1,0
BRDA:114,18,0,0
BRDA:116,19,0,0
BRDA:117,20,0,0
BRDA:117,20,1,0
BRDA:123,21,0,0
BRDA:127,22,0,1
BRDA:127,22,1,0
BRDA:128,23,0,1
BRDA:128,23,1,0
BRDA:128,24,0,1
BRDA:128,24,1,0
BRDA:129,25,0,1
BRDA:129,25,1,1
BRDA:130,26,0,1
BRDA:130,26,1,1
BRDA:139,27,0,0
BRDA:143,28,0,1
BRDA:143,28,1,1
BRDA:144,29,0,1
BRDA:144,29,1,1
BRDA:144,30,0,1
BRDA:144,30,1,1
BRDA:145,31,0,1
BRDA:145,31,1,0
BRDA:146,32,0,1
BRDA:146,32,1,0
BRDA:147,33,0,1
BRDA:147,33,1,0
BRDA:156,34,0,0
BRDA:174,35,0,2
BRDA:179,36,0,5
BRDA:179,36,1,0
BRDA:180,37,0,0
BRDA:180,37,1,5
BRF:68
BRH:37
end_of_record
TN:
SF:src\domain\types.ts
FN:155,(anonymous_0)
FNF:1
FNH:1
FNDA:1,(anonymous_0)
DA:150,1
DA:156,1
DA:157,1
DA:158,1
DA:159,1
DA:160,1
LF:6
LH:6
BRF:0
BRH:0
end_of_record
TN:
SF:src\infra\repository.ts
FN:19,(anonymous_0)
FN:24,(anonymous_1)
FN:28,(anonymous_2)
FN:42,(anonymous_3)
FN:45,(anonymous_4)
FN:48,(anonymous_5)
FN:53,(anonymous_6)
FN:57,(anonymous_7)
FN:67,(anonymous_8)
FN:70,(anonymous_9)
FNF:10
FNH:5
FNDA:3,(anonymous_0)
FNDA:7,(anonymous_1)
FNDA:5,(anonymous_2)
FNDA:0,(anonymous_3)
FNDA:0,(anonymous_4)
FNDA:1,(anonymous_5)
FNDA:1,(anonymous_6)
FNDA:0,(anonymous_7)
FNDA:0,(anonymous_8)
FNDA:0,(anonymous_9)
DA:15,1
DA:16,4
DA:17,4
DA:20,3
DA:21,3
DA:25,7
DA:29,5
DA:30,5
DA:31,0
DA:33,5
DA:38,5
DA:39,5
DA:43,0
DA:44,0
DA:45,0
DA:49,1
DA:50,1
DA:54,1
DA:58,0
DA:59,0
DA:60,0
DA:62,0
DA:63,0
DA:64,0
DA:68,0
DA:69,0
DA:70,0
LF:27
LH:14
BRDA:25,0,0,7
BRDA:25,0,1,0
BRDA:30,1,0,0
BRDA:44,2,0,0
BRDA:54,3,0,1
BRDA:54,3,1,0
BRDA:59,4,0,0
BRDA:69,5,0,0
BRF:8
BRH:2
end_of_record
