{"E:\\AICreativeStudioPlatform\\project-service\\src\\app.ts": {"path":"E:\\AICreativeStudioPlatform\\project-service\\src\\app.ts","statementMap":{"0":{"start":{"line":13,"column":0},"end":{"line":13,"column":16}},"1":{"start":{"line":1,"column":0},"end":{"line":1,"column":43}},"2":{"start":{"line":2,"column":0},"end":{"line":2,"column":24}},"3":{"start":{"line":3,"column":0},"end":{"line":3,"column":79}},"4":{"start":{"line":4,"column":0},"end":{"line":4,"column":44}},"5":{"start":{"line":5,"column":0},"end":{"line":5,"column":57}},"6":{"start":{"line":6,"column":0},"end":{"line":6,"column":82}},"7":{"start":{"line":18,"column":15},"end":{"line":18,"column":59}},"8":{"start":{"line":19,"column":25},"end":{"line":19,"column":72}},"9":{"start":{"line":21,"column":14},"end":{"line":21,"column":23}},"10":{"start":{"line":22,"column":2},"end":{"line":26,"column":6}},"11":{"start":{"line":27,"column":2},"end":{"line":27,"column":26}},"12":{"start":{"line":28,"column":2},"end":{"line":28,"column":31}},"13":{"start":{"line":30,"column":17},"end":{"line":30,"column":45}},"14":{"start":{"line":31,"column":2},"end":{"line":31,"column":23}},"15":{"start":{"line":33,"column":2},"end":{"line":33,"column":34}},"16":{"start":{"line":35,"column":2},"end":{"line":39,"column":4}}},"fnMap":{"0":{"name":"createApp","decl":{"start":{"line":13,"column":16},"end":{"line":13,"column":25}},"loc":{"start":{"line":13,"column":52},"end":{"line":40,"column":1}}}},"branchMap":{"0":{"loc":{"start":{"line":13,"column":26},"end":{"line":13,"column":52}},"type":"default-arg","locations":[{"start":{"line":13,"column":50},"end":{"line":13,"column":52}}]},"1":{"loc":{"start":{"line":18,"column":15},"end":{"line":18,"column":59}},"type":"binary-expr","locations":[{"start":{"line":18,"column":15},"end":{"line":18,"column":24}},{"start":{"line":18,"column":28},"end":{"line":18,"column":59}}]},"2":{"loc":{"start":{"line":19,"column":25},"end":{"line":19,"column":72}},"type":"binary-expr","locations":[{"start":{"line":19,"column":25},"end":{"line":19,"column":44}},{"start":{"line":19,"column":48},"end":{"line":19,"column":72}}]},"3":{"loc":{"start":{"line":23,"column":12},"end":{"line":23,"column":42}},"type":"binary-expr","locations":[{"start":{"line":23,"column":12},"end":{"line":23,"column":35}},{"start":{"line":23,"column":39},"end":{"line":23,"column":42}}]}},"s":{"0":1,"1":1,"2":1,"3":1,"4":1,"5":1,"6":1,"7":2,"8":2,"9":2,"10":2,"11":2,"12":2,"13":2,"14":2,"15":2,"16":2},"f":{"0":2},"b":{"0":[2],"1":[2,2],"2":[2,2],"3":[2,2]}}
,"E:\\AICreativeStudioPlatform\\project-service\\src\\api\\middleware.ts": {"path":"E:\\AICreativeStudioPlatform\\project-service\\src\\api\\middleware.ts","statementMap":{"0":{"start":{"line":9,"column":0},"end":{"line":9,"column":16}},"1":{"start":{"line":16,"column":0},"end":{"line":16,"column":16}},"2":{"start":{"line":2,"column":0},"end":{"line":2,"column":36}},"3":{"start":{"line":3,"column":0},"end":{"line":3,"column":65}},"4":{"start":{"line":10,"column":17},"end":{"line":10,"column":67}},"5":{"start":{"line":11,"column":2},"end":{"line":11,"column":24}},"6":{"start":{"line":12,"column":2},"end":{"line":12,"column":39}},"7":{"start":{"line":13,"column":2},"end":{"line":13,"column":9}},"8":{"start":{"line":23,"column":20},"end":{"line":23,"column":45}},"9":{"start":{"line":25,"column":2},"end":{"line":36,"column":3}},"10":{"start":{"line":26,"column":47},"end":{"line":33,"column":6}},"11":{"start":{"line":34,"column":4},"end":{"line":34,"column":50}},"12":{"start":{"line":35,"column":4},"end":{"line":35,"column":11}},"13":{"start":{"line":38,"column":45},"end":{"line":45,"column":4}},"14":{"start":{"line":46,"column":2},"end":{"line":46,"column":37}}},"fnMap":{"0":{"name":"requestIdMiddleware","decl":{"start":{"line":9,"column":16},"end":{"line":9,"column":35}},"loc":{"start":{"line":9,"column":89},"end":{"line":14,"column":1}}},"1":{"name":"errorHandlerMiddleware","decl":{"start":{"line":16,"column":16},"end":{"line":16,"column":38}},"loc":{"start":{"line":21,"column":20},"end":{"line":47,"column":1}}}},"branchMap":{"0":{"loc":{"start":{"line":10,"column":17},"end":{"line":10,"column":67}},"type":"binary-expr","locations":[{"start":{"line":10,"column":17},"end":{"line":10,"column":55}},{"start":{"line":10,"column":59},"end":{"line":10,"column":67}}]},"1":{"loc":{"start":{"line":23,"column":20},"end":{"line":23,"column":45}},"type":"binary-expr","locations":[{"start":{"line":23,"column":20},"end":{"line":23,"column":33}},{"start":{"line":23,"column":37},"end":{"line":23,"column":45}}]},"2":{"loc":{"start":{"line":25,"column":2},"end":{"line":36,"column":3}},"type":"if","locations":[{"start":{"line":25,"column":2},"end":{"line":36,"column":3}}]},"3":{"loc":{"start":{"line":30,"column":17},"end":{"line":30,"column":34}},"type":"binary-expr","locations":[{"start":{"line":30,"column":17},"end":{"line":30,"column":28}},{"start":{"line":30,"column":32},"end":{"line":30,"column":34}}]},"4":{"loc":{"start":{"line":41,"column":15},"end":{"line":41,"column":60}},"type":"binary-expr","locations":[{"start":{"line":41,"column":15},"end":{"line":41,"column":26}},{"start":{"line":41,"column":30},"end":{"line":41,"column":60}}]}},"s":{"0":1,"1":1,"2":1,"3":1,"4":2,"5":2,"6":2,"7":2,"8":0,"9":0,"10":0,"11":0,"12":0,"13":0,"14":0},"f":{"0":2,"1":0},"b":{"0":[2,1],"1":[0,0],"2":[0],"3":[0,0],"4":[0,0]}}
,"E:\\AICreativeStudioPlatform\\project-service\\src\\api\\routes.ts": {"path":"E:\\AICreativeStudioPlatform\\project-service\\src\\api\\routes.ts","statementMap":{"0":{"start":{"line":4,"column":0},"end":{"line":4,"column":16}},"1":{"start":{"line":1,"column":0},"end":{"line":1,"column":66}},"2":{"start":{"line":5,"column":17},"end":{"line":5,"column":25}},"3":{"start":{"line":8,"column":2},"end":{"line":16,"column":5}},"4":{"start":{"line":9,"column":4},"end":{"line":15,"column":5}},"5":{"start":{"line":10,"column":21},"end":{"line":10,"column":69}},"6":{"start":{"line":11,"column":23},"end":{"line":11,"column":63}},"7":{"start":{"line":12,"column":6},"end":{"line":12,"column":41}},"8":{"start":{"line":14,"column":6},"end":{"line":14,"column":16}},"9":{"start":{"line":19,"column":2},"end":{"line":26,"column":5}},"10":{"start":{"line":20,"column":4},"end":{"line":25,"column":5}},"11":{"start":{"line":21,"column":22},"end":{"line":21,"column":72}},"12":{"start":{"line":22,"column":6},"end":{"line":22,"column":40}},"13":{"start":{"line":24,"column":6},"end":{"line":24,"column":16}},"14":{"start":{"line":29,"column":2},"end":{"line":36,"column":5}},"15":{"start":{"line":30,"column":4},"end":{"line":35,"column":5}},"16":{"start":{"line":31,"column":22},"end":{"line":31,"column":66}},"17":{"start":{"line":32,"column":6},"end":{"line":32,"column":40}},"18":{"start":{"line":34,"column":6},"end":{"line":34,"column":16}},"19":{"start":{"line":39,"column":2},"end":{"line":46,"column":5}},"20":{"start":{"line":40,"column":4},"end":{"line":45,"column":5}},"21":{"start":{"line":41,"column":23},"end":{"line":41,"column":71}},"22":{"start":{"line":42,"column":6},"end":{"line":42,"column":41}},"23":{"start":{"line":44,"column":6},"end":{"line":44,"column":16}},"24":{"start":{"line":49,"column":2},"end":{"line":57,"column":5}},"25":{"start":{"line":50,"column":4},"end":{"line":56,"column":5}},"26":{"start":{"line":51,"column":43},"end":{"line":51,"column":51}},"27":{"start":{"line":52,"column":22},"end":{"line":52,"column":95}},"28":{"start":{"line":53,"column":6},"end":{"line":53,"column":40}},"29":{"start":{"line":55,"column":6},"end":{"line":55,"column":16}},"30":{"start":{"line":60,"column":2},"end":{"line":67,"column":5}},"31":{"start":{"line":61,"column":4},"end":{"line":66,"column":5}},"32":{"start":{"line":62,"column":22},"end":{"line":62,"column":88}},"33":{"start":{"line":63,"column":6},"end":{"line":63,"column":40}},"34":{"start":{"line":65,"column":6},"end":{"line":65,"column":16}},"35":{"start":{"line":69,"column":2},"end":{"line":69,"column":16}}},"fnMap":{"0":{"name":"createRouter","decl":{"start":{"line":4,"column":16},"end":{"line":4,"column":28}},"loc":{"start":{"line":4,"column":59},"end":{"line":70,"column":1}}},"1":{"name":"(anonymous_1)","decl":{"start":{"line":8,"column":29},"end":{"line":8,"column":34}},"loc":{"start":{"line":8,"column":87},"end":{"line":16,"column":3}}},"2":{"name":"(anonymous_2)","decl":{"start":{"line":19,"column":33},"end":{"line":19,"column":38}},"loc":{"start":{"line":19,"column":91},"end":{"line":26,"column":3}}},"3":{"name":"(anonymous_3)","decl":{"start":{"line":29,"column":30},"end":{"line":29,"column":35}},"loc":{"start":{"line":29,"column":88},"end":{"line":36,"column":3}}},"4":{"name":"(anonymous_4)","decl":{"start":{"line":39,"column":42},"end":{"line":39,"column":47}},"loc":{"start":{"line":39,"column":100},"end":{"line":46,"column":3}}},"5":{"name":"(anonymous_5)","decl":{"start":{"line":49,"column":43},"end":{"line":49,"column":48}},"loc":{"start":{"line":49,"column":101},"end":{"line":57,"column":3}}},"6":{"name":"(anonymous_6)","decl":{"start":{"line":60,"column":57},"end":{"line":60,"column":62}},"loc":{"start":{"line":60,"column":115},"end":{"line":67,"column":3}}}},"branchMap":{"0":{"loc":{"start":{"line":10,"column":21},"end":{"line":10,"column":69}},"type":"binary-expr","locations":[{"start":{"line":10,"column":21},"end":{"line":10,"column":48}},{"start":{"line":10,"column":52},"end":{"line":10,"column":69}}]}},"s":{"0":1,"1":1,"2":2,"3":2,"4":1,"5":1,"6":1,"7":1,"8":0,"9":2,"10":0,"11":0,"12":0,"13":0,"14":2,"15":1,"16":1,"17":1,"18":0,"19":2,"20":0,"21":0,"22":0,"23":0,"24":2,"25":0,"26":0,"27":0,"28":0,"29":0,"30":2,"31":0,"32":0,"33":0,"34":0,"35":2},"f":{"0":2,"1":1,"2":0,"3":1,"4":0,"5":0,"6":0},"b":{"0":[1,0]}}
,"E:\\AICreativeStudioPlatform\\project-service\\src\\domain\\projectService.ts": {"path":"E:\\AICreativeStudioPlatform\\project-service\\src\\domain\\projectService.ts","statementMap":{"0":{"start":{"line":1,"column":0},"end":{"line":1,"column":36}},"1":{"start":{"line":2,"column":0},"end":{"line":2,"column":64}},"2":{"start":{"line":6,"column":22},"end":{"line":6,"column":45}},"3":{"start":{"line":9,"column":21},"end":{"line":9,"column":68}},"4":{"start":{"line":10,"column":4},"end":{"line":10,"column":36}},"5":{"start":{"line":10,"column":29},"end":{"line":10,"column":36}},"6":{"start":{"line":12,"column":16},"end":{"line":12,"column":40}},"7":{"start":{"line":14,"column":39},"end":{"line":35,"column":6}},"8":{"start":{"line":37,"column":4},"end":{"line":39,"column":5}},"9":{"start":{"line":38,"column":6},"end":{"line":38,"column":42}},"10":{"start":{"line":43,"column":4},"end":{"line":43,"column":41}},"11":{"start":{"line":47,"column":20},"end":{"line":47,"column":55}},"12":{"start":{"line":48,"column":4},"end":{"line":50,"column":5}},"13":{"start":{"line":49,"column":6},"end":{"line":49,"column":80}},"14":{"start":{"line":51,"column":4},"end":{"line":51,"column":19}},"15":{"start":{"line":55,"column":4},"end":{"line":57,"column":5}},"16":{"start":{"line":56,"column":6},"end":{"line":56,"column":75}},"17":{"start":{"line":59,"column":16},"end":{"line":59,"column":40}},"18":{"start":{"line":60,"column":29},"end":{"line":69,"column":6}},"19":{"start":{"line":71,"column":4},"end":{"line":71,"column":44}},"20":{"start":{"line":75,"column":4},"end":{"line":75,"column":41}},"21":{"start":{"line":76,"column":4},"end":{"line":76,"column":45}},"22":{"start":{"line":80,"column":4},"end":{"line":80,"column":41}},"23":{"start":{"line":81,"column":21},"end":{"line":81,"column":60}},"24":{"start":{"line":82,"column":23},"end":{"line":82,"column":42}},"25":{"start":{"line":83,"column":16},"end":{"line":83,"column":40}},"26":{"start":{"line":85,"column":20},"end":{"line":92,"column":6}},"27":{"start":{"line":93,"column":4},"end":{"line":93,"column":42}},"28":{"start":{"line":97,"column":21},"end":{"line":97,"column":55}},"29":{"start":{"line":98,"column":19},"end":{"line":98,"column":57}},"30":{"start":{"line":98,"column":38},"end":{"line":98,"column":56}},"31":{"start":{"line":99,"column":4},"end":{"line":101,"column":5}},"32":{"start":{"line":100,"column":6},"end":{"line":100,"column":113}},"33":{"start":{"line":103,"column":4},"end":{"line":103,"column":107}},"34":{"start":{"line":5,"column":0},"end":{"line":5,"column":13}}},"fnMap":{"0":{"name":"(anonymous_0)","decl":{"start":{"line":6,"column":2},"end":{"line":6,"column":22}},"loc":{"start":{"line":6,"column":45},"end":{"line":6,"column":49}}},"1":{"name":"(anonymous_1)","decl":{"start":{"line":8,"column":2},"end":{"line":8,"column":7}},"loc":{"start":{"line":8,"column":27},"end":{"line":40,"column":3}}},"2":{"name":"(anonymous_2)","decl":{"start":{"line":42,"column":2},"end":{"line":42,"column":7}},"loc":{"start":{"line":42,"column":34},"end":{"line":44,"column":3}}},"3":{"name":"(anonymous_3)","decl":{"start":{"line":46,"column":2},"end":{"line":46,"column":7}},"loc":{"start":{"line":46,"column":33},"end":{"line":52,"column":3}}},"4":{"name":"(anonymous_4)","decl":{"start":{"line":54,"column":2},"end":{"line":54,"column":7}},"loc":{"start":{"line":54,"column":47},"end":{"line":72,"column":3}}},"5":{"name":"(anonymous_5)","decl":{"start":{"line":74,"column":2},"end":{"line":74,"column":7}},"loc":{"start":{"line":74,"column":38},"end":{"line":77,"column":3}}},"6":{"name":"(anonymous_6)","decl":{"start":{"line":79,"column":2},"end":{"line":79,"column":7}},"loc":{"start":{"line":79,"column":78},"end":{"line":94,"column":3}}},"7":{"name":"(anonymous_7)","decl":{"start":{"line":96,"column":2},"end":{"line":96,"column":7}},"loc":{"start":{"line":96,"column":59},"end":{"line":104,"column":3}}},"8":{"name":"(anonymous_8)","decl":{"start":{"line":98,"column":33},"end":{"line":98,"column":34}},"loc":{"start":{"line":98,"column":38},"end":{"line":98,"column":56}}}},"branchMap":{"0":{"loc":{"start":{"line":10,"column":4},"end":{"line":10,"column":36}},"type":"if","locations":[{"start":{"line":10,"column":4},"end":{"line":10,"column":36}}]},"1":{"loc":{"start":{"line":48,"column":4},"end":{"line":50,"column":5}},"type":"if","locations":[{"start":{"line":48,"column":4},"end":{"line":50,"column":5}}]},"2":{"loc":{"start":{"line":55,"column":4},"end":{"line":57,"column":5}},"type":"if","locations":[{"start":{"line":55,"column":4},"end":{"line":57,"column":5}}]},"3":{"loc":{"start":{"line":62,"column":14},"end":{"line":62,"column":47}},"type":"binary-expr","locations":[{"start":{"line":62,"column":14},"end":{"line":62,"column":26}},{"start":{"line":62,"column":30},"end":{"line":62,"column":47}}]},"4":{"loc":{"start":{"line":64,"column":19},"end":{"line":64,"column":42}},"type":"binary-expr","locations":[{"start":{"line":64,"column":19},"end":{"line":64,"column":36}},{"start":{"line":64,"column":40},"end":{"line":64,"column":42}}]},"5":{"loc":{"start":{"line":65,"column":18},"end":{"line":65,"column":43}},"type":"binary-expr","locations":[{"start":{"line":65,"column":18},"end":{"line":65,"column":34}},{"start":{"line":65,"column":38},"end":{"line":65,"column":43}}]},"6":{"loc":{"start":{"line":90,"column":21},"end":{"line":90,"column":69}},"type":"binary-expr","locations":[{"start":{"line":90,"column":21},"end":{"line":90,"column":33}},{"start":{"line":90,"column":37},"end":{"line":90,"column":69}}]},"7":{"loc":{"start":{"line":99,"column":4},"end":{"line":101,"column":5}},"type":"if","locations":[{"start":{"line":99,"column":4},"end":{"line":101,"column":5}}]}},"s":{"0":1,"1":1,"2":2,"3":2,"4":2,"5":0,"6":2,"7":2,"8":2,"9":4,"10":1,"11":0,"12":0,"13":0,"14":0,"15":1,"16":0,"17":1,"18":1,"19":1,"20":0,"21":0,"22":0,"23":0,"24":0,"25":0,"26":0,"27":0,"28":0,"29":0,"30":0,"31":0,"32":0,"33":0,"34":1},"f":{"0":2,"1":2,"2":1,"3":0,"4":1,"5":0,"6":0,"7":0,"8":0},"b":{"0":[0],"1":[0],"2":[0],"3":[1,0],"4":[1,0],"5":[1,1],"6":[0,0],"7":[0]}}
,"E:\\AICreativeStudioPlatform\\project-service\\src\\domain\\types.ts": {"path":"E:\\AICreativeStudioPlatform\\project-service\\src\\domain\\types.ts","statementMap":{"0":{"start":{"line":43,"column":4},"end":{"line":43,"column":19}},"1":{"start":{"line":44,"column":4},"end":{"line":44,"column":33}},"2":{"start":{"line":45,"column":4},"end":{"line":45,"column":21}},"3":{"start":{"line":46,"column":4},"end":{"line":46,"column":27}},"4":{"start":{"line":47,"column":4},"end":{"line":47,"column":52}},"5":{"start":{"line":37,"column":0},"end":{"line":37,"column":13}}},"fnMap":{"0":{"name":"(anonymous_0)","decl":{"start":{"line":42,"column":2},"end":{"line":42,"column":14}},"loc":{"start":{"line":42,"column":98},"end":{"line":48,"column":3}}}},"branchMap":{},"s":{"0":0,"1":0,"2":0,"3":0,"4":0,"5":1},"f":{"0":0},"b":{}}
,"E:\\AICreativeStudioPlatform\\project-service\\src\\infra\\repository.ts": {"path":"E:\\AICreativeStudioPlatform\\project-service\\src\\infra\\repository.ts","statementMap":{"0":{"start":{"line":13,"column":43},"end":{"line":13,"column":52}},"1":{"start":{"line":14,"column":52},"end":{"line":14,"column":61}},"2":{"start":{"line":17,"column":4},"end":{"line":17,"column":80}},"3":{"start":{"line":17,"column":60},"end":{"line":17,"column":78}},"4":{"start":{"line":21,"column":4},"end":{"line":21,"column":41}},"5":{"start":{"line":25,"column":4},"end":{"line":25,"column":43}},"6":{"start":{"line":26,"column":4},"end":{"line":26,"column":19}},"7":{"start":{"line":30,"column":17},"end":{"line":30,"column":60}},"8":{"start":{"line":31,"column":4},"end":{"line":31,"column":23}},"9":{"start":{"line":32,"column":4},"end":{"line":32,"column":48}},"10":{"start":{"line":33,"column":4},"end":{"line":33,"column":19}},"11":{"start":{"line":37,"column":4},"end":{"line":37,"column":46}},"12":{"start":{"line":12,"column":0},"end":{"line":12,"column":13}}},"fnMap":{"0":{"name":"(anonymous_0)","decl":{"start":{"line":16,"column":2},"end":{"line":16,"column":7}},"loc":{"start":{"line":16,"column":34},"end":{"line":18,"column":3}}},"1":{"name":"(anonymous_1)","decl":{"start":{"line":17,"column":53},"end":{"line":17,"column":54}},"loc":{"start":{"line":17,"column":60},"end":{"line":17,"column":78}}},"2":{"name":"(anonymous_2)","decl":{"start":{"line":20,"column":2},"end":{"line":20,"column":7}},"loc":{"start":{"line":20,"column":34},"end":{"line":22,"column":3}}},"3":{"name":"(anonymous_3)","decl":{"start":{"line":24,"column":2},"end":{"line":24,"column":7}},"loc":{"start":{"line":24,"column":38},"end":{"line":27,"column":3}}},"4":{"name":"(anonymous_4)","decl":{"start":{"line":29,"column":2},"end":{"line":29,"column":7}},"loc":{"start":{"line":29,"column":43},"end":{"line":34,"column":3}}},"5":{"name":"(anonymous_5)","decl":{"start":{"line":36,"column":2},"end":{"line":36,"column":7}},"loc":{"start":{"line":36,"column":38},"end":{"line":38,"column":3}}}},"branchMap":{"0":{"loc":{"start":{"line":21,"column":11},"end":{"line":21,"column":40}},"type":"binary-expr","locations":[{"start":{"line":21,"column":11},"end":{"line":21,"column":32}},{"start":{"line":21,"column":36},"end":{"line":21,"column":40}}]},"1":{"loc":{"start":{"line":30,"column":17},"end":{"line":30,"column":60}},"type":"binary-expr","locations":[{"start":{"line":30,"column":17},"end":{"line":30,"column":54}},{"start":{"line":30,"column":58},"end":{"line":30,"column":60}}]},"2":{"loc":{"start":{"line":37,"column":11},"end":{"line":37,"column":45}},"type":"binary-expr","locations":[{"start":{"line":37,"column":11},"end":{"line":37,"column":39}},{"start":{"line":37,"column":43},"end":{"line":37,"column":45}}]}},"s":{"0":2,"1":2,"2":3,"3":2,"4":0,"5":5,"6":5,"7":0,"8":0,"9":0,"10":0,"11":0,"12":1},"f":{"0":3,"1":2,"2":0,"3":5,"4":0,"5":0},"b":{"0":[0,0],"1":[0,0],"2":[0,0]}}
}
