TN:
SF:src\app.ts
FN:13,createApp
FNF:1
FNH:1
FNDA:2,createApp
DA:1,1
DA:2,1
DA:3,1
DA:4,1
DA:5,1
DA:6,1
DA:13,1
DA:18,2
DA:19,2
DA:21,2
DA:22,2
DA:27,2
DA:28,2
DA:30,2
DA:31,2
DA:33,2
DA:35,2
LF:17
LH:17
BRDA:13,0,0,2
BRDA:18,1,0,2
BRDA:18,1,1,2
BRDA:19,2,0,2
BRDA:19,2,1,2
BRDA:23,3,0,2
BRDA:23,3,1,2
BRF:7
BRH:7
end_of_record
TN:
SF:src\api\middleware.ts
FN:9,requestIdMiddleware
FN:16,errorHandlerMiddleware
FNF:2
FNH:1
FNDA:2,requestIdMiddleware
FNDA:0,errorHandlerMiddleware
DA:2,1
DA:3,1
DA:9,1
DA:10,2
DA:11,2
DA:12,2
DA:13,2
DA:16,1
DA:23,0
DA:25,0
DA:26,0
DA:34,0
DA:35,0
DA:38,0
DA:46,0
LF:15
LH:8
BRDA:10,0,0,2
BRDA:10,0,1,1
BRDA:23,1,0,0
BRDA:23,1,1,0
BRDA:25,2,0,0
BRDA:30,3,0,0
BRDA:30,3,1,0
BRDA:41,4,0,0
BRDA:41,4,1,0
BRF:9
BRH:2
end_of_record
TN:
SF:src\api\routes.ts
FN:4,createRouter
FN:8,(anonymous_1)
FN:19,(anonymous_2)
FN:29,(anonymous_3)
FN:39,(anonymous_4)
FN:49,(anonymous_5)
FN:60,(anonymous_6)
FNF:7
FNH:3
FNDA:2,createRouter
FNDA:1,(anonymous_1)
FNDA:0,(anonymous_2)
FNDA:1,(anonymous_3)
FNDA:0,(anonymous_4)
FNDA:0,(anonymous_5)
FNDA:0,(anonymous_6)
DA:1,1
DA:4,1
DA:5,2
DA:8,2
DA:9,1
DA:10,1
DA:11,1
DA:12,1
DA:14,0
DA:19,2
DA:20,0
DA:21,0
DA:22,0
DA:24,0
DA:29,2
DA:30,1
DA:31,1
DA:32,1
DA:34,0
DA:39,2
DA:40,0
DA:41,0
DA:42,0
DA:44,0
DA:49,2
DA:50,0
DA:51,0
DA:52,0
DA:53,0
DA:55,0
DA:60,2
DA:61,0
DA:62,0
DA:63,0
DA:65,0
DA:69,2
LF:36
LH:17
BRDA:10,0,0,1
BRDA:10,0,1,0
BRF:2
BRH:1
end_of_record
TN:
SF:src\domain\projectService.ts
FN:6,(anonymous_0)
FN:8,(anonymous_1)
FN:42,(anonymous_2)
FN:46,(anonymous_3)
FN:54,(anonymous_4)
FN:74,(anonymous_5)
FN:79,(anonymous_6)
FN:96,(anonymous_7)
FN:98,(anonymous_8)
FNF:9
FNH:4
FNDA:2,(anonymous_0)
FNDA:2,(anonymous_1)
FNDA:1,(anonymous_2)
FNDA:0,(anonymous_3)
FNDA:1,(anonymous_4)
FNDA:0,(anonymous_5)
FNDA:0,(anonymous_6)
FNDA:0,(anonymous_7)
FNDA:0,(anonymous_8)
DA:1,1
DA:2,1
DA:5,1
DA:6,2
DA:9,2
DA:10,2
DA:12,2
DA:14,2
DA:37,2
DA:38,4
DA:43,1
DA:47,0
DA:48,0
DA:49,0
DA:51,0
DA:55,1
DA:56,0
DA:59,1
DA:60,1
DA:71,1
DA:75,0
DA:76,0
DA:80,0
DA:81,0
DA:82,0
DA:83,0
DA:85,0
DA:93,0
DA:97,0
DA:98,0
DA:99,0
DA:100,0
DA:103,0
LF:33
LH:15
BRDA:10,0,0,0
BRDA:48,1,0,0
BRDA:55,2,0,0
BRDA:62,3,0,1
BRDA:62,3,1,0
BRDA:64,4,0,1
BRDA:64,4,1,0
BRDA:65,5,0,1
BRDA:65,5,1,1
BRDA:90,6,0,0
BRDA:90,6,1,0
BRDA:99,7,0,0
BRF:12
BRH:4
end_of_record
TN:
SF:src\domain\types.ts
FN:42,(anonymous_0)
FNF:1
FNH:0
FNDA:0,(anonymous_0)
DA:37,1
DA:43,0
DA:44,0
DA:45,0
DA:46,0
DA:47,0
LF:6
LH:1
BRF:0
BRH:0
end_of_record
TN:
SF:src\infra\repository.ts
FN:16,(anonymous_0)
FN:17,(anonymous_1)
FN:20,(anonymous_2)
FN:24,(anonymous_3)
FN:29,(anonymous_4)
FN:36,(anonymous_5)
FNF:6
FNH:3
FNDA:3,(anonymous_0)
FNDA:2,(anonymous_1)
FNDA:0,(anonymous_2)
FNDA:5,(anonymous_3)
FNDA:0,(anonymous_4)
FNDA:0,(anonymous_5)
DA:12,1
DA:13,2
DA:14,2
DA:17,3
DA:21,0
DA:25,5
DA:26,5
DA:30,0
DA:31,0
DA:32,0
DA:33,0
DA:37,0
LF:12
LH:6
BRDA:21,0,0,0
BRDA:21,0,1,0
BRDA:30,1,0,0
BRDA:30,1,1,0
BRDA:37,2,0,0
BRDA:37,2,1,0
BRF:6
BRH:0
end_of_record
