{"E:\\AICreativeStudioPlatform\\video-service\\src\\app.ts": {"path":"E:\\AICreativeStudioPlatform\\video-service\\src\\app.ts","statementMap":{"0":{"start":{"line":15,"column":0},"end":{"line":15,"column":16}},"1":{"start":{"line":1,"column":0},"end":{"line":1,"column":43}},"2":{"start":{"line":2,"column":0},"end":{"line":2,"column":24}},"3":{"start":{"line":3,"column":0},"end":{"line":3,"column":79}},"4":{"start":{"line":4,"column":0},"end":{"line":4,"column":44}},"5":{"start":{"line":5,"column":0},"end":{"line":5,"column":53}},"6":{"start":{"line":6,"column":0},"end":{"line":6,"column":61}},"7":{"start":{"line":7,"column":0},"end":{"line":7,"column":84}},"8":{"start":{"line":20,"column":19},"end":{"line":20,"column":58}},"9":{"start":{"line":21,"column":15},"end":{"line":21,"column":60}},"10":{"start":{"line":22,"column":23},"end":{"line":22,"column":76}},"11":{"start":{"line":24,"column":14},"end":{"line":24,"column":23}},"12":{"start":{"line":26,"column":2},"end":{"line":30,"column":6}},"13":{"start":{"line":32,"column":2},"end":{"line":32,"column":43}},"14":{"start":{"line":33,"column":2},"end":{"line":33,"column":31}},"15":{"start":{"line":35,"column":17},"end":{"line":35,"column":43}},"16":{"start":{"line":36,"column":2},"end":{"line":36,"column":23}},"17":{"start":{"line":38,"column":2},"end":{"line":38,"column":34}},"18":{"start":{"line":40,"column":2},"end":{"line":40,"column":41}}},"fnMap":{"0":{"name":"createApp","decl":{"start":{"line":15,"column":16},"end":{"line":15,"column":25}},"loc":{"start":{"line":15,"column":52},"end":{"line":41,"column":1}}}},"branchMap":{"0":{"loc":{"start":{"line":15,"column":26},"end":{"line":15,"column":52}},"type":"default-arg","locations":[{"start":{"line":15,"column":50},"end":{"line":15,"column":52}}]},"1":{"loc":{"start":{"line":20,"column":19},"end":{"line":20,"column":58}},"type":"binary-expr","locations":[{"start":{"line":20,"column":19},"end":{"line":20,"column":32}},{"start":{"line":20,"column":36},"end":{"line":20,"column":58}}]},"2":{"loc":{"start":{"line":21,"column":15},"end":{"line":21,"column":60}},"type":"binary-expr","locations":[{"start":{"line":21,"column":15},"end":{"line":21,"column":24}},{"start":{"line":21,"column":28},"end":{"line":21,"column":60}}]},"3":{"loc":{"start":{"line":22,"column":23},"end":{"line":22,"column":76}},"type":"binary-expr","locations":[{"start":{"line":22,"column":23},"end":{"line":22,"column":40}},{"start":{"line":22,"column":44},"end":{"line":22,"column":76}}]},"4":{"loc":{"start":{"line":27,"column":12},"end":{"line":27,"column":42}},"type":"binary-expr","locations":[{"start":{"line":27,"column":12},"end":{"line":27,"column":35}},{"start":{"line":27,"column":39},"end":{"line":27,"column":42}}]}},"s":{"0":1,"1":1,"2":1,"3":1,"4":1,"5":1,"6":1,"7":1,"8":9,"9":9,"10":9,"11":9,"12":9,"13":9,"14":9,"15":9,"16":9,"17":9,"18":9},"f":{"0":9},"b":{"0":[9],"1":[9,9],"2":[9,9],"3":[9,9],"4":[9,9]}}
,"E:\\AICreativeStudioPlatform\\video-service\\src\\api\\middleware.ts": {"path":"E:\\AICreativeStudioPlatform\\video-service\\src\\api\\middleware.ts","statementMap":{"0":{"start":{"line":9,"column":0},"end":{"line":9,"column":16}},"1":{"start":{"line":16,"column":0},"end":{"line":16,"column":16}},"2":{"start":{"line":2,"column":0},"end":{"line":2,"column":36}},"3":{"start":{"line":3,"column":0},"end":{"line":3,"column":65}},"4":{"start":{"line":10,"column":17},"end":{"line":10,"column":67}},"5":{"start":{"line":11,"column":2},"end":{"line":11,"column":24}},"6":{"start":{"line":12,"column":2},"end":{"line":12,"column":39}},"7":{"start":{"line":13,"column":2},"end":{"line":13,"column":9}},"8":{"start":{"line":23,"column":20},"end":{"line":23,"column":45}},"9":{"start":{"line":25,"column":2},"end":{"line":36,"column":3}},"10":{"start":{"line":26,"column":47},"end":{"line":33,"column":6}},"11":{"start":{"line":34,"column":4},"end":{"line":34,"column":50}},"12":{"start":{"line":35,"column":4},"end":{"line":35,"column":11}},"13":{"start":{"line":38,"column":2},"end":{"line":38,"column":57}},"14":{"start":{"line":39,"column":45},"end":{"line":46,"column":4}},"15":{"start":{"line":47,"column":2},"end":{"line":47,"column":37}}},"fnMap":{"0":{"name":"requestIdMiddleware","decl":{"start":{"line":9,"column":16},"end":{"line":9,"column":35}},"loc":{"start":{"line":9,"column":89},"end":{"line":14,"column":1}}},"1":{"name":"errorHandlerMiddleware","decl":{"start":{"line":16,"column":16},"end":{"line":16,"column":38}},"loc":{"start":{"line":21,"column":21},"end":{"line":48,"column":1}}}},"branchMap":{"0":{"loc":{"start":{"line":10,"column":17},"end":{"line":10,"column":67}},"type":"binary-expr","locations":[{"start":{"line":10,"column":17},"end":{"line":10,"column":55}},{"start":{"line":10,"column":59},"end":{"line":10,"column":67}}]},"1":{"loc":{"start":{"line":23,"column":20},"end":{"line":23,"column":45}},"type":"binary-expr","locations":[{"start":{"line":23,"column":20},"end":{"line":23,"column":33}},{"start":{"line":23,"column":37},"end":{"line":23,"column":45}}]},"2":{"loc":{"start":{"line":25,"column":2},"end":{"line":36,"column":3}},"type":"if","locations":[{"start":{"line":25,"column":2},"end":{"line":36,"column":3}}]},"3":{"loc":{"start":{"line":30,"column":17},"end":{"line":30,"column":34}},"type":"binary-expr","locations":[{"start":{"line":30,"column":17},"end":{"line":30,"column":28}},{"start":{"line":30,"column":32},"end":{"line":30,"column":34}}]},"4":{"loc":{"start":{"line":42,"column":15},"end":{"line":42,"column":60}},"type":"binary-expr","locations":[{"start":{"line":42,"column":15},"end":{"line":42,"column":26}},{"start":{"line":42,"column":30},"end":{"line":42,"column":60}}]}},"s":{"0":1,"1":1,"2":1,"3":1,"4":9,"5":9,"6":9,"7":9,"8":7,"9":7,"10":7,"11":7,"12":7,"13":0,"14":0,"15":0},"f":{"0":9,"1":7},"b":{"0":[9,8],"1":[7,0],"2":[7],"3":[7,7],"4":[0,0]}}
,"E:\\AICreativeStudioPlatform\\video-service\\src\\api\\routes.ts": {"path":"E:\\AICreativeStudioPlatform\\video-service\\src\\api\\routes.ts","statementMap":{"0":{"start":{"line":5,"column":0},"end":{"line":5,"column":16}},"1":{"start":{"line":1,"column":0},"end":{"line":1,"column":66}},"2":{"start":{"line":6,"column":17},"end":{"line":6,"column":25}},"3":{"start":{"line":10,"column":2},"end":{"line":34,"column":5}},"4":{"start":{"line":11,"column":4},"end":{"line":33,"column":5}},"5":{"start":{"line":12,"column":46},"end":{"line":28,"column":8}},"6":{"start":{"line":29,"column":18},"end":{"line":29,"column":65}},"7":{"start":{"line":30,"column":6},"end":{"line":30,"column":36}},"8":{"start":{"line":32,"column":6},"end":{"line":32,"column":16}},"9":{"start":{"line":38,"column":2},"end":{"line":45,"column":5}},"10":{"start":{"line":39,"column":4},"end":{"line":44,"column":5}},"11":{"start":{"line":40,"column":18},"end":{"line":40,"column":67}},"12":{"start":{"line":41,"column":6},"end":{"line":41,"column":36}},"13":{"start":{"line":43,"column":6},"end":{"line":43,"column":16}},"14":{"start":{"line":49,"column":2},"end":{"line":57,"column":5}},"15":{"start":{"line":50,"column":4},"end":{"line":56,"column":5}},"16":{"start":{"line":51,"column":20},"end":{"line":51,"column":58}},"17":{"start":{"line":52,"column":19},"end":{"line":52,"column":53}},"18":{"start":{"line":53,"column":6},"end":{"line":53,"column":37}},"19":{"start":{"line":55,"column":6},"end":{"line":55,"column":16}},"20":{"start":{"line":61,"column":2},"end":{"line":68,"column":5}},"21":{"start":{"line":62,"column":4},"end":{"line":67,"column":5}},"22":{"start":{"line":63,"column":18},"end":{"line":63,"column":64}},"23":{"start":{"line":64,"column":6},"end":{"line":64,"column":36}},"24":{"start":{"line":66,"column":6},"end":{"line":66,"column":16}},"25":{"start":{"line":73,"column":2},"end":{"line":80,"column":5}},"26":{"start":{"line":74,"column":4},"end":{"line":79,"column":5}},"27":{"start":{"line":75,"column":24},"end":{"line":75,"column":58}},"28":{"start":{"line":76,"column":6},"end":{"line":76,"column":42}},"29":{"start":{"line":78,"column":6},"end":{"line":78,"column":16}},"30":{"start":{"line":84,"column":2},"end":{"line":99,"column":5}},"31":{"start":{"line":85,"column":4},"end":{"line":98,"column":5}},"32":{"start":{"line":86,"column":46},"end":{"line":93,"column":8}},"33":{"start":{"line":94,"column":24},"end":{"line":94,"column":64}},"34":{"start":{"line":95,"column":6},"end":{"line":95,"column":42}},"35":{"start":{"line":97,"column":6},"end":{"line":97,"column":16}},"36":{"start":{"line":101,"column":2},"end":{"line":101,"column":16}}},"fnMap":{"0":{"name":"createRouter","decl":{"start":{"line":5,"column":16},"end":{"line":5,"column":28}},"loc":{"start":{"line":5,"column":55},"end":{"line":102,"column":1}}},"1":{"name":"(anonymous_1)","decl":{"start":{"line":10,"column":36},"end":{"line":10,"column":41}},"loc":{"start":{"line":10,"column":94},"end":{"line":34,"column":3}}},"2":{"name":"(anonymous_2)","decl":{"start":{"line":38,"column":38},"end":{"line":38,"column":43}},"loc":{"start":{"line":38,"column":96},"end":{"line":45,"column":3}}},"3":{"name":"(anonymous_3)","decl":{"start":{"line":49,"column":31},"end":{"line":49,"column":36}},"loc":{"start":{"line":49,"column":89},"end":{"line":57,"column":3}}},"4":{"name":"(anonymous_4)","decl":{"start":{"line":61,"column":41},"end":{"line":61,"column":46}},"loc":{"start":{"line":61,"column":99},"end":{"line":68,"column":3}}},"5":{"name":"(anonymous_5)","decl":{"start":{"line":73,"column":36},"end":{"line":73,"column":41}},"loc":{"start":{"line":73,"column":94},"end":{"line":80,"column":3}}},"6":{"name":"(anonymous_6)","decl":{"start":{"line":84,"column":36},"end":{"line":84,"column":41}},"loc":{"start":{"line":84,"column":94},"end":{"line":99,"column":3}}}},"branchMap":{},"s":{"0":1,"1":1,"2":9,"3":9,"4":5,"5":5,"6":5,"7":0,"8":5,"9":9,"10":1,"11":1,"12":0,"13":1,"14":9,"15":0,"16":0,"17":0,"18":0,"19":0,"20":9,"21":1,"22":1,"23":0,"24":1,"25":9,"26":1,"27":1,"28":1,"29":0,"30":9,"31":1,"32":1,"33":1,"34":1,"35":0,"36":9},"f":{"0":9,"1":5,"2":1,"3":0,"4":1,"5":1,"6":1},"b":{}}
,"E:\\AICreativeStudioPlatform\\video-service\\src\\domain\\providerRegistry.ts": {"path":"E:\\AICreativeStudioPlatform\\video-service\\src\\domain\\providerRegistry.ts","statementMap":{"0":{"start":{"line":8,"column":0},"end":{"line":8,"column":58}},"1":{"start":{"line":9,"column":0},"end":{"line":9,"column":54}},"2":{"start":{"line":10,"column":0},"end":{"line":10,"column":54}},"3":{"start":{"line":11,"column":0},"end":{"line":11,"column":68}},"4":{"start":{"line":12,"column":0},"end":{"line":12,"column":64}},"5":{"start":{"line":13,"column":0},"end":{"line":13,"column":78}},"6":{"start":{"line":19,"column":4},"end":{"line":25,"column":52}},"7":{"start":{"line":33,"column":4},"end":{"line":33,"column":77}},"8":{"start":{"line":33,"column":59},"end":{"line":33,"column":75}},"9":{"start":{"line":40,"column":4},"end":{"line":40,"column":47}},"10":{"start":{"line":49,"column":4},"end":{"line":59,"column":5}},"11":{"start":{"line":50,"column":24},"end":{"line":50,"column":70}},"12":{"start":{"line":51,"column":6},"end":{"line":53,"column":7}},"13":{"start":{"line":52,"column":8},"end":{"line":52,"column":25}},"14":{"start":{"line":54,"column":6},"end":{"line":58,"column":8}},"15":{"start":{"line":62,"column":4},"end":{"line":94,"column":5}},"16":{"start":{"line":63,"column":25},"end":{"line":63,"column":82}},"17":{"start":{"line":64,"column":28},"end":{"line":66,"column":23}},"18":{"start":{"line":65,"column":21},"end":{"line":65,"column":51}},"19":{"start":{"line":66,"column":18},"end":{"line":66,"column":22}},"20":{"start":{"line":68,"column":6},"end":{"line":74,"column":7}},"21":{"start":{"line":69,"column":8},"end":{"line":73,"column":10}},"22":{"start":{"line":76,"column":23},"end":{"line":83,"column":8}},"23":{"start":{"line":85,"column":6},"end":{"line":91,"column":7}},"24":{"start":{"line":86,"column":21},"end":{"line":86,"column":76}},"25":{"start":{"line":87,"column":8},"end":{"line":90,"column":9}},"26":{"start":{"line":88,"column":25},"end":{"line":88,"column":88}},"27":{"start":{"line":89,"column":10},"end":{"line":89,"column":61}},"28":{"start":{"line":89,"column":47},"end":{"line":89,"column":61}},"29":{"start":{"line":97,"column":22},"end":{"line":97,"column":93}},"30":{"start":{"line":97,"column":62},"end":{"line":97,"column":92}},"31":{"start":{"line":98,"column":4},"end":{"line":104,"column":5}},"32":{"start":{"line":99,"column":6},"end":{"line":103,"column":8}},"33":{"start":{"line":105,"column":4},"end":{"line":105,"column":21}},"34":{"start":{"line":109,"column":4},"end":{"line":109,"column":34}},"35":{"start":{"line":15,"column":0},"end":{"line":15,"column":13}}},"fnMap":{"0":{"name":"(anonymous_0)","decl":{"start":{"line":18,"column":2},"end":{"line":18,"column":null}},"loc":{"start":{"line":18,"column":2},"end":{"line":26,"column":3}}},"1":{"name":"(anonymous_1)","decl":{"start":{"line":32,"column":2},"end":{"line":32,"column":24}},"loc":{"start":{"line":32,"column":24},"end":{"line":34,"column":3}}},"2":{"name":"(anonymous_2)","decl":{"start":{"line":33,"column":54},"end":{"line":33,"column":55}},"loc":{"start":{"line":33,"column":59},"end":{"line":33,"column":75}}},"3":{"name":"(anonymous_3)","decl":{"start":{"line":39,"column":2},"end":{"line":39,"column":17}},"loc":{"start":{"line":39,"column":17},"end":{"line":41,"column":3}}},"4":{"name":"(anonymous_4)","decl":{"start":{"line":47,"column":2},"end":{"line":47,"column":7}},"loc":{"start":{"line":47,"column":55},"end":{"line":106,"column":3}}},"5":{"name":"(anonymous_5)","decl":{"start":{"line":65,"column":16},"end":{"line":65,"column":17}},"loc":{"start":{"line":65,"column":21},"end":{"line":65,"column":51}}},"6":{"name":"(anonymous_6)","decl":{"start":{"line":66,"column":13},"end":{"line":66,"column":14}},"loc":{"start":{"line":66,"column":18},"end":{"line":66,"column":22}}},"7":{"name":"(anonymous_7)","decl":{"start":{"line":97,"column":57},"end":{"line":97,"column":58}},"loc":{"start":{"line":97,"column":62},"end":{"line":97,"column":92}}},"8":{"name":"(anonymous_8)","decl":{"start":{"line":108,"column":2},"end":{"line":108,"column":13}},"loc":{"start":{"line":108,"column":35},"end":{"line":110,"column":3}}}},"branchMap":{"0":{"loc":{"start":{"line":49,"column":4},"end":{"line":59,"column":5}},"type":"if","locations":[{"start":{"line":49,"column":4},"end":{"line":59,"column":5}}]},"1":{"loc":{"start":{"line":51,"column":6},"end":{"line":53,"column":7}},"type":"if","locations":[{"start":{"line":51,"column":6},"end":{"line":53,"column":7}}]},"2":{"loc":{"start":{"line":51,"column":10},"end":{"line":51,"column":89}},"type":"binary-expr","locations":[{"start":{"line":51,"column":10},"end":{"line":51,"column":19}},{"start":{"line":51,"column":23},"end":{"line":51,"column":47}},{"start":{"line":51,"column":51},"end":{"line":51,"column":89}}]},"3":{"loc":{"start":{"line":63,"column":25},"end":{"line":63,"column":82}},"type":"binary-expr","locations":[{"start":{"line":63,"column":25},"end":{"line":63,"column":55}},{"start":{"line":63,"column":59},"end":{"line":63,"column":82}}]},"4":{"loc":{"start":{"line":68,"column":6},"end":{"line":74,"column":7}},"type":"if","locations":[{"start":{"line":68,"column":6},"end":{"line":74,"column":7}}]},"5":{"loc":{"start":{"line":85,"column":6},"end":{"line":91,"column":7}},"type":"if","locations":[{"start":{"line":85,"column":6},"end":{"line":91,"column":7}}]},"6":{"loc":{"start":{"line":87,"column":8},"end":{"line":90,"column":9}},"type":"if","locations":[{"start":{"line":87,"column":8},"end":{"line":90,"column":9}}]},"7":{"loc":{"start":{"line":89,"column":10},"end":{"line":89,"column":61}},"type":"if","locations":[{"start":{"line":89,"column":10},"end":{"line":89,"column":61}}]},"8":{"loc":{"start":{"line":89,"column":14},"end":{"line":89,"column":45}},"type":"binary-expr","locations":[{"start":{"line":89,"column":14},"end":{"line":89,"column":20}},{"start":{"line":89,"column":24},"end":{"line":89,"column":45}}]},"9":{"loc":{"start":{"line":98,"column":4},"end":{"line":104,"column":5}},"type":"if","locations":[{"start":{"line":98,"column":4},"end":{"line":104,"column":5}}]}},"s":{"0":1,"1":1,"2":1,"3":1,"4":1,"5":1,"6":9,"7":3,"8":15,"9":1,"10":1,"11":0,"12":0,"13":0,"14":0,"15":1,"16":1,"17":1,"18":2,"19":2,"20":1,"21":0,"22":1,"23":1,"24":0,"25":0,"26":0,"27":0,"28":0,"29":1,"30":1,"31":1,"32":0,"33":1,"34":0,"35":1},"f":{"0":9,"1":3,"2":15,"3":1,"4":1,"5":2,"6":2,"7":1,"8":0},"b":{"0":[0],"1":[0],"2":[0,0,0],"3":[1,0],"4":[0],"5":[0],"6":[0],"7":[0],"8":[0,0],"9":[0]}}
,"E:\\AICreativeStudioPlatform\\video-service\\src\\domain\\types.ts": {"path":"E:\\AICreativeStudioPlatform\\video-service\\src\\domain\\types.ts","statementMap":{"0":{"start":{"line":107,"column":4},"end":{"line":107,"column":19}},"1":{"start":{"line":108,"column":4},"end":{"line":108,"column":33}},"2":{"start":{"line":109,"column":4},"end":{"line":109,"column":21}},"3":{"start":{"line":110,"column":4},"end":{"line":110,"column":27}},"4":{"start":{"line":111,"column":4},"end":{"line":111,"column":52}},"5":{"start":{"line":101,"column":0},"end":{"line":101,"column":13}}},"fnMap":{"0":{"name":"(anonymous_0)","decl":{"start":{"line":106,"column":2},"end":{"line":106,"column":14}},"loc":{"start":{"line":106,"column":98},"end":{"line":112,"column":3}}}},"branchMap":{},"s":{"0":7,"1":7,"2":7,"3":7,"4":7,"5":1},"f":{"0":7},"b":{}}
,"E:\\AICreativeStudioPlatform\\video-service\\src\\domain\\videoService.ts": {"path":"E:\\AICreativeStudioPlatform\\video-service\\src\\domain\\videoService.ts","statementMap":{"0":{"start":{"line":1,"column":0},"end":{"line":1,"column":88}},"1":{"start":{"line":7,"column":12},"end":{"line":7,"column":38}},"2":{"start":{"line":8,"column":12},"end":{"line":8,"column":36}},"3":{"start":{"line":15,"column":4},"end":{"line":15,"column":34}},"4":{"start":{"line":17,"column":21},"end":{"line":17,"column":65}},"5":{"start":{"line":18,"column":16},"end":{"line":18,"column":49}},"6":{"start":{"line":19,"column":4},"end":{"line":19,"column":34}},"7":{"start":{"line":26,"column":16},"end":{"line":26,"column":50}},"8":{"start":{"line":27,"column":4},"end":{"line":29,"column":5}},"9":{"start":{"line":28,"column":6},"end":{"line":28,"column":82}},"10":{"start":{"line":32,"column":4},"end":{"line":34,"column":5}},"11":{"start":{"line":33,"column":6},"end":{"line":33,"column":17}},"12":{"start":{"line":36,"column":21},"end":{"line":36,"column":60}},"13":{"start":{"line":37,"column":4},"end":{"line":39,"column":5}},"14":{"start":{"line":38,"column":6},"end":{"line":38,"column":111}},"15":{"start":{"line":41,"column":20},"end":{"line":41,"column":89}},"16":{"start":{"line":42,"column":4},"end":{"line":42,"column":47}},"17":{"start":{"line":49,"column":16},"end":{"line":49,"column":50}},"18":{"start":{"line":50,"column":4},"end":{"line":52,"column":5}},"19":{"start":{"line":51,"column":6},"end":{"line":51,"column":82}},"20":{"start":{"line":54,"column":4},"end":{"line":56,"column":5}},"21":{"start":{"line":55,"column":6},"end":{"line":55,"column":134}},"22":{"start":{"line":58,"column":21},"end":{"line":58,"column":60}},"23":{"start":{"line":59,"column":4},"end":{"line":61,"column":5}},"24":{"start":{"line":60,"column":6},"end":{"line":60,"column":52}},"25":{"start":{"line":63,"column":4},"end":{"line":63,"column":101}},"26":{"start":{"line":71,"column":4},"end":{"line":71,"column":75}},"27":{"start":{"line":71,"column":52},"end":{"line":71,"column":73}},"28":{"start":{"line":78,"column":4},"end":{"line":78,"column":34}},"29":{"start":{"line":80,"column":23},"end":{"line":81,"column":50}},"30":{"start":{"line":81,"column":19},"end":{"line":81,"column":49}},"31":{"start":{"line":83,"column":4},"end":{"line":89,"column":5}},"32":{"start":{"line":84,"column":6},"end":{"line":88,"column":8}},"33":{"start":{"line":91,"column":4},"end":{"line":91,"column":56}},"34":{"start":{"line":91,"column":31},"end":{"line":91,"column":54}},"35":{"start":{"line":95,"column":4},"end":{"line":95,"column":37}},"36":{"start":{"line":99,"column":4},"end":{"line":101,"column":5}},"37":{"start":{"line":100,"column":6},"end":{"line":100,"column":90}},"38":{"start":{"line":102,"column":4},"end":{"line":104,"column":5}},"39":{"start":{"line":103,"column":6},"end":{"line":103,"column":138}},"40":{"start":{"line":105,"column":4},"end":{"line":107,"column":5}},"41":{"start":{"line":106,"column":6},"end":{"line":106,"column":98}},"42":{"start":{"line":108,"column":4},"end":{"line":110,"column":5}},"43":{"start":{"line":109,"column":6},"end":{"line":109,"column":119}},"44":{"start":{"line":111,"column":4},"end":{"line":113,"column":5}},"45":{"start":{"line":112,"column":6},"end":{"line":112,"column":155}},"46":{"start":{"line":5,"column":0},"end":{"line":5,"column":13}}},"fnMap":{"0":{"name":"(anonymous_0)","decl":{"start":{"line":6,"column":2},"end":{"line":6,"column":null}},"loc":{"start":{"line":8,"column":36},"end":{"line":9,"column":6}}},"1":{"name":"(anonymous_1)","decl":{"start":{"line":14,"column":2},"end":{"line":14,"column":7}},"loc":{"start":{"line":14,"column":59},"end":{"line":20,"column":3}}},"2":{"name":"(anonymous_2)","decl":{"start":{"line":25,"column":2},"end":{"line":25,"column":7}},"loc":{"start":{"line":25,"column":34},"end":{"line":43,"column":3}}},"3":{"name":"(anonymous_3)","decl":{"start":{"line":48,"column":2},"end":{"line":48,"column":7}},"loc":{"start":{"line":48,"column":31},"end":{"line":64,"column":3}}},"4":{"name":"(anonymous_4)","decl":{"start":{"line":70,"column":2},"end":{"line":70,"column":7}},"loc":{"start":{"line":70,"column":21},"end":{"line":72,"column":3}}},"5":{"name":"(anonymous_5)","decl":{"start":{"line":71,"column":47},"end":{"line":71,"column":48}},"loc":{"start":{"line":71,"column":52},"end":{"line":71,"column":73}}},"6":{"name":"(anonymous_6)","decl":{"start":{"line":77,"column":2},"end":{"line":77,"column":7}},"loc":{"start":{"line":77,"column":52},"end":{"line":92,"column":3}}},"7":{"name":"(anonymous_7)","decl":{"start":{"line":81,"column":14},"end":{"line":81,"column":15}},"loc":{"start":{"line":81,"column":19},"end":{"line":81,"column":49}}},"8":{"name":"(anonymous_8)","decl":{"start":{"line":91,"column":26},"end":{"line":91,"column":27}},"loc":{"start":{"line":91,"column":31},"end":{"line":91,"column":54}}},"9":{"name":"(anonymous_9)","decl":{"start":{"line":94,"column":2},"end":{"line":94,"column":7}},"loc":{"start":{"line":94,"column":31},"end":{"line":96,"column":3}}},"10":{"name":"(anonymous_10)","decl":{"start":{"line":98,"column":10},"end":{"line":98,"column":25}},"loc":{"start":{"line":98,"column":57},"end":{"line":114,"column":3}}}},"branchMap":{"0":{"loc":{"start":{"line":27,"column":4},"end":{"line":29,"column":5}},"type":"if","locations":[{"start":{"line":27,"column":4},"end":{"line":29,"column":5}}]},"1":{"loc":{"start":{"line":32,"column":4},"end":{"line":34,"column":5}},"type":"if","locations":[{"start":{"line":32,"column":4},"end":{"line":34,"column":5}}]},"2":{"loc":{"start":{"line":32,"column":8},"end":{"line":32,"column":91}},"type":"binary-expr","locations":[{"start":{"line":32,"column":8},"end":{"line":32,"column":34}},{"start":{"line":32,"column":38},"end":{"line":32,"column":61}},{"start":{"line":32,"column":65},"end":{"line":32,"column":91}}]},"3":{"loc":{"start":{"line":37,"column":4},"end":{"line":39,"column":5}},"type":"if","locations":[{"start":{"line":37,"column":4},"end":{"line":39,"column":5}}]},"4":{"loc":{"start":{"line":50,"column":4},"end":{"line":52,"column":5}},"type":"if","locations":[{"start":{"line":50,"column":4},"end":{"line":52,"column":5}}]},"5":{"loc":{"start":{"line":54,"column":4},"end":{"line":56,"column":5}},"type":"if","locations":[{"start":{"line":54,"column":4},"end":{"line":56,"column":5}}]},"6":{"loc":{"start":{"line":54,"column":8},"end":{"line":54,"column":91}},"type":"binary-expr","locations":[{"start":{"line":54,"column":8},"end":{"line":54,"column":34}},{"start":{"line":54,"column":38},"end":{"line":54,"column":61}},{"start":{"line":54,"column":65},"end":{"line":54,"column":91}}]},"7":{"loc":{"start":{"line":59,"column":4},"end":{"line":61,"column":5}},"type":"if","locations":[{"start":{"line":59,"column":4},"end":{"line":61,"column":5}}]},"8":{"loc":{"start":{"line":83,"column":4},"end":{"line":89,"column":5}},"type":"if","locations":[{"start":{"line":83,"column":4},"end":{"line":89,"column":5}}]},"9":{"loc":{"start":{"line":99,"column":4},"end":{"line":101,"column":5}},"type":"if","locations":[{"start":{"line":99,"column":4},"end":{"line":101,"column":5}}]},"10":{"loc":{"start":{"line":99,"column":8},"end":{"line":99,"column":61}},"type":"binary-expr","locations":[{"start":{"line":99,"column":8},"end":{"line":99,"column":23}},{"start":{"line":99,"column":27},"end":{"line":99,"column":61}}]},"11":{"loc":{"start":{"line":102,"column":4},"end":{"line":104,"column":5}},"type":"if","locations":[{"start":{"line":102,"column":4},"end":{"line":104,"column":5}}]},"12":{"loc":{"start":{"line":105,"column":4},"end":{"line":107,"column":5}},"type":"if","locations":[{"start":{"line":105,"column":4},"end":{"line":107,"column":5}}]},"13":{"loc":{"start":{"line":105,"column":8},"end":{"line":105,"column":64}},"type":"binary-expr","locations":[{"start":{"line":105,"column":8},"end":{"line":105,"column":42}},{"start":{"line":105,"column":46},"end":{"line":105,"column":64}}]},"14":{"loc":{"start":{"line":108,"column":4},"end":{"line":110,"column":5}},"type":"if","locations":[{"start":{"line":108,"column":4},"end":{"line":110,"column":5}}]},"15":{"loc":{"start":{"line":108,"column":8},"end":{"line":108,"column":101}},"type":"binary-expr","locations":[{"start":{"line":108,"column":8},"end":{"line":108,"column":43}},{"start":{"line":108,"column":48},"end":{"line":108,"column":67}},{"start":{"line":108,"column":71},"end":{"line":108,"column":100}}]},"16":{"loc":{"start":{"line":111,"column":4},"end":{"line":113,"column":5}},"type":"if","locations":[{"start":{"line":111,"column":4},"end":{"line":113,"column":5}}]},"17":{"loc":{"start":{"line":111,"column":8},"end":{"line":111,"column":151}},"type":"binary-expr","locations":[{"start":{"line":111,"column":8},"end":{"line":111,"column":34}},{"start":{"line":111,"column":38},"end":{"line":111,"column":151}}]}},"s":{"0":1,"1":9,"2":9,"3":5,"4":1,"5":1,"6":0,"7":1,"8":1,"9":1,"10":0,"11":0,"12":0,"13":0,"14":0,"15":0,"16":0,"17":1,"18":1,"19":1,"20":0,"21":0,"22":0,"23":0,"24":0,"25":0,"26":1,"27":5,"28":1,"29":1,"30":2,"31":1,"32":0,"33":1,"34":2,"35":0,"36":6,"37":1,"38":5,"39":1,"40":4,"41":1,"42":3,"43":1,"44":2,"45":0,"46":1},"f":{"0":9,"1":5,"2":1,"3":1,"4":1,"5":5,"6":1,"7":2,"8":2,"9":0,"10":6},"b":{"0":[1],"1":[0],"2":[0,0,0],"3":[0],"4":[1],"5":[0],"6":[0,0,0],"7":[0],"8":[0],"9":[1],"10":[6,5],"11":[1],"12":[1],"13":[4,1],"14":[1],"15":[3,1,1],"16":[0],"17":[2,0]}}
,"E:\\AICreativeStudioPlatform\\video-service\\src\\domain\\providers\\GoogleVeoAdapter.ts": {"path":"E:\\AICreativeStudioPlatform\\video-service\\src\\domain\\providers\\GoogleVeoAdapter.ts","statementMap":{"0":{"start":{"line":8,"column":0},"end":{"line":8,"column":48}},"1":{"start":{"line":9,"column":0},"end":{"line":9,"column":null}},"2":{"start":{"line":18,"column":0},"end":{"line":18,"column":36}},"3":{"start":{"line":20,"column":21},"end":{"line":20,"column":71}},"4":{"start":{"line":21,"column":18},"end":{"line":21,"column":44}},"5":{"start":{"line":24,"column":35},"end":{"line":24,"column":47}},"6":{"start":{"line":25,"column":25},"end":{"line":25,"column":41}},"7":{"start":{"line":31,"column":20},"end":{"line":31,"column":80}},"8":{"start":{"line":32,"column":17},"end":{"line":32,"column":98}},"9":{"start":{"line":32,"column":73},"end":{"line":32,"column":81}},"10":{"start":{"line":33,"column":16},"end":{"line":33,"column":33}},"11":{"start":{"line":34,"column":4},"end":{"line":34,"column":59}},"12":{"start":{"line":34,"column":35},"end":{"line":34,"column":59}},"13":{"start":{"line":35,"column":4},"end":{"line":35,"column":34}},"14":{"start":{"line":35,"column":22},"end":{"line":35,"column":32}},"15":{"start":{"line":36,"column":4},"end":{"line":36,"column":27}},"16":{"start":{"line":40,"column":4},"end":{"line":40,"column":35}},"17":{"start":{"line":44,"column":4},"end":{"line":44,"column":16}},"18":{"start":{"line":48,"column":4},"end":{"line":58,"column":6}},"19":{"start":{"line":62,"column":21},"end":{"line":62,"column":50}},"20":{"start":{"line":63,"column":4},"end":{"line":68,"column":6}},"21":{"start":{"line":72,"column":17},"end":{"line":72,"column":29}},"22":{"start":{"line":73,"column":4},"end":{"line":75,"column":5}},"23":{"start":{"line":74,"column":6},"end":{"line":74,"column":151}},"24":{"start":{"line":77,"column":16},"end":{"line":77,"column":40}},"25":{"start":{"line":78,"column":23},"end":{"line":78,"column":44}},"26":{"start":{"line":80,"column":21},"end":{"line":80,"column":35}},"27":{"start":{"line":81,"column":4},"end":{"line":81,"column":75}},"28":{"start":{"line":81,"column":28},"end":{"line":81,"column":75}},"29":{"start":{"line":82,"column":4},"end":{"line":82,"column":80}},"30":{"start":{"line":82,"column":26},"end":{"line":82,"column":80}},"31":{"start":{"line":84,"column":17},"end":{"line":91,"column":6}},"32":{"start":{"line":93,"column":37},"end":{"line":93,"column":41}},"33":{"start":{"line":96,"column":4},"end":{"line":142,"column":5}},"34":{"start":{"line":97,"column":6},"end":{"line":141,"column":7}},"35":{"start":{"line":98,"column":25},"end":{"line":104,"column":null}},"36":{"start":{"line":107,"column":8},"end":{"line":118,"column":9}},"37":{"start":{"line":108,"column":28},"end":{"line":108,"column":135}},"38":{"start":{"line":108,"column":63},"end":{"line":108,"column":65}},"39":{"start":{"line":109,"column":10},"end":{"line":113,"column":11}},"40":{"start":{"line":110,"column":12},"end":{"line":110,"column":122}},"41":{"start":{"line":111,"column":12},"end":{"line":111,"column":242}},"42":{"start":{"line":112,"column":12},"end":{"line":112,"column":21}},"43":{"start":{"line":114,"column":10},"end":{"line":116,"column":11}},"44":{"start":{"line":115,"column":12},"end":{"line":115,"column":144}},"45":{"start":{"line":117,"column":10},"end":{"line":117,"column":137}},"46":{"start":{"line":120,"column":21},"end":{"line":120,"column":62}},"47":{"start":{"line":121,"column":8},"end":{"line":123,"column":9}},"48":{"start":{"line":122,"column":10},"end":{"line":122,"column":109}},"49":{"start":{"line":125,"column":8},"end":{"line":134,"column":10}},"50":{"start":{"line":136,"column":8},"end":{"line":139,"column":9}},"51":{"start":{"line":137,"column":10},"end":{"line":137,"column":47}},"52":{"start":{"line":137,"column":38},"end":{"line":137,"column":47}},"53":{"start":{"line":138,"column":10},"end":{"line":138,"column":20}},"54":{"start":{"line":140,"column":8},"end":{"line":140,"column":115}},"55":{"start":{"line":145,"column":4},"end":{"line":145,"column":128}},"56":{"start":{"line":149,"column":17},"end":{"line":149,"column":29}},"57":{"start":{"line":150,"column":4},"end":{"line":152,"column":5}},"58":{"start":{"line":151,"column":6},"end":{"line":151,"column":91}},"59":{"start":{"line":154,"column":16},"end":{"line":154,"column":23}},"60":{"start":{"line":155,"column":21},"end":{"line":157,"column":null}},"61":{"start":{"line":160,"column":4},"end":{"line":162,"column":5}},"62":{"start":{"line":161,"column":6},"end":{"line":161,"column":106}},"63":{"start":{"line":164,"column":15},"end":{"line":164,"column":null}},"64":{"start":{"line":175,"column":16},"end":{"line":175,"column":40}},"65":{"start":{"line":176,"column":19},"end":{"line":176,"column":35}},"66":{"start":{"line":177,"column":21},"end":{"line":177,"column":31}},"67":{"start":{"line":180,"column":6},"end":{"line":183,"column":35}},"68":{"start":{"line":185,"column":4},"end":{"line":196,"column":6}},"69":{"start":{"line":204,"column":4},"end":{"line":204,"column":43}},"70":{"start":{"line":204,"column":30},"end":{"line":204,"column":43}},"71":{"start":{"line":205,"column":4},"end":{"line":210,"column":5}},"72":{"start":{"line":206,"column":18},"end":{"line":206,"column":78}},"73":{"start":{"line":207,"column":6},"end":{"line":207,"column":30}},"74":{"start":{"line":209,"column":6},"end":{"line":209,"column":19}},"75":{"start":{"line":23,"column":0},"end":{"line":23,"column":13}}},"fnMap":{"0":{"name":"(anonymous_0)","decl":{"start":{"line":30,"column":2},"end":{"line":30,"column":14}},"loc":{"start":{"line":30,"column":21},"end":{"line":37,"column":3}}},"1":{"name":"(anonymous_1)","decl":{"start":{"line":32,"column":68},"end":{"line":32,"column":69}},"loc":{"start":{"line":32,"column":73},"end":{"line":32,"column":81}}},"2":{"name":"(anonymous_2)","decl":{"start":{"line":35,"column":17},"end":{"line":35,"column":18}},"loc":{"start":{"line":35,"column":22},"end":{"line":35,"column":32}}},"3":{"name":"(anonymous_3)","decl":{"start":{"line":39,"column":2},"end":{"line":39,"column":14}},"loc":{"start":{"line":39,"column":14},"end":{"line":41,"column":3}}},"4":{"name":"(anonymous_4)","decl":{"start":{"line":43,"column":2},"end":{"line":43,"column":15}},"loc":{"start":{"line":43,"column":44},"end":{"line":45,"column":3}}},"5":{"name":"(anonymous_5)","decl":{"start":{"line":47,"column":2},"end":{"line":47,"column":19}},"loc":{"start":{"line":47,"column":19},"end":{"line":59,"column":3}}},"6":{"name":"(anonymous_6)","decl":{"start":{"line":61,"column":2},"end":{"line":61,"column":14}},"loc":{"start":{"line":61,"column":46},"end":{"line":69,"column":3}}},"7":{"name":"(anonymous_7)","decl":{"start":{"line":71,"column":2},"end":{"line":71,"column":7}},"loc":{"start":{"line":71,"column":49},"end":{"line":146,"column":3}}},"8":{"name":"(anonymous_8)","decl":{"start":{"line":108,"column":56},"end":{"line":108,"column":59}},"loc":{"start":{"line":108,"column":63},"end":{"line":108,"column":65}}},"9":{"name":"(anonymous_9)","decl":{"start":{"line":148,"column":2},"end":{"line":148,"column":7}},"loc":{"start":{"line":148,"column":96},"end":{"line":197,"column":3}}},"10":{"name":"(anonymous_10)","decl":{"start":{"line":199,"column":2},"end":{"line":199,"column":7}},"loc":{"start":{"line":199,"column":40},"end":{"line":201,"column":3}}},"11":{"name":"(anonymous_11)","decl":{"start":{"line":203,"column":2},"end":{"line":203,"column":7}},"loc":{"start":{"line":203,"column":19},"end":{"line":211,"column":3}}}},"branchMap":{"0":{"loc":{"start":{"line":31,"column":20},"end":{"line":31,"column":80}},"type":"binary-expr","locations":[{"start":{"line":31,"column":20},"end":{"line":31,"column":50}},{"start":{"line":31,"column":54},"end":{"line":31,"column":80}}]},"1":{"loc":{"start":{"line":32,"column":18},"end":{"line":32,"column":51}},"type":"binary-expr","locations":[{"start":{"line":32,"column":18},"end":{"line":32,"column":45}},{"start":{"line":32,"column":49},"end":{"line":32,"column":51}}]},"2":{"loc":{"start":{"line":34,"column":4},"end":{"line":34,"column":59}},"type":"if","locations":[{"start":{"line":34,"column":4},"end":{"line":34,"column":59}}]},"3":{"loc":{"start":{"line":34,"column":8},"end":{"line":34,"column":33}},"type":"binary-expr","locations":[{"start":{"line":34,"column":8},"end":{"line":34,"column":15}},{"start":{"line":34,"column":19},"end":{"line":34,"column":33}}]},"4":{"loc":{"start":{"line":62,"column":21},"end":{"line":62,"column":50}},"type":"binary-expr","locations":[{"start":{"line":62,"column":21},"end":{"line":62,"column":45}},{"start":{"line":62,"column":49},"end":{"line":62,"column":50}}]},"5":{"loc":{"start":{"line":73,"column":4},"end":{"line":75,"column":5}},"type":"if","locations":[{"start":{"line":73,"column":4},"end":{"line":75,"column":5}}]},"6":{"loc":{"start":{"line":81,"column":4},"end":{"line":81,"column":75}},"type":"if","locations":[{"start":{"line":81,"column":4},"end":{"line":81,"column":75}}]},"7":{"loc":{"start":{"line":82,"column":4},"end":{"line":82,"column":80}},"type":"if","locations":[{"start":{"line":82,"column":4},"end":{"line":82,"column":80}}]},"8":{"loc":{"start":{"line":89,"column":21},"end":{"line":89,"column":51}},"type":"binary-expr","locations":[{"start":{"line":89,"column":21},"end":{"line":89,"column":41}},{"start":{"line":89,"column":45},"end":{"line":89,"column":51}}]},"9":{"loc":{"start":{"line":107,"column":8},"end":{"line":118,"column":9}},"type":"if","locations":[{"start":{"line":107,"column":8},"end":{"line":118,"column":9}}]},"10":{"loc":{"start":{"line":109,"column":10},"end":{"line":113,"column":11}},"type":"if","locations":[{"start":{"line":109,"column":10},"end":{"line":113,"column":11}}]},"11":{"loc":{"start":{"line":109,"column":14},"end":{"line":109,"column":89}},"type":"binary-expr","locations":[{"start":{"line":109,"column":14},"end":{"line":109,"column":37}},{"start":{"line":109,"column":41},"end":{"line":109,"column":89}}]},"12":{"loc":{"start":{"line":114,"column":10},"end":{"line":116,"column":11}},"type":"if","locations":[{"start":{"line":114,"column":10},"end":{"line":116,"column":11}}]},"13":{"loc":{"start":{"line":115,"column":93},"end":{"line":115,"column":140}},"type":"binary-expr","locations":[{"start":{"line":115,"column":93},"end":{"line":115,"column":117}},{"start":{"line":115,"column":121},"end":{"line":115,"column":140}}]},"14":{"loc":{"start":{"line":117,"column":86},"end":{"line":117,"column":133}},"type":"binary-expr","locations":[{"start":{"line":117,"column":86},"end":{"line":117,"column":110}},{"start":{"line":117,"column":114},"end":{"line":117,"column":133}}]},"15":{"loc":{"start":{"line":121,"column":8},"end":{"line":123,"column":9}},"type":"if","locations":[{"start":{"line":121,"column":8},"end":{"line":123,"column":9}}]},"16":{"loc":{"start":{"line":136,"column":8},"end":{"line":139,"column":9}},"type":"if","locations":[{"start":{"line":136,"column":8},"end":{"line":139,"column":9}}]},"17":{"loc":{"start":{"line":137,"column":10},"end":{"line":137,"column":47}},"type":"if","locations":[{"start":{"line":137,"column":10},"end":{"line":137,"column":47}}]},"18":{"loc":{"start":{"line":145,"column":10},"end":{"line":145,"column":127}},"type":"binary-expr","locations":[{"start":{"line":145,"column":10},"end":{"line":145,"column":19}},{"start":{"line":145,"column":23},"end":{"line":145,"column":127}}]},"19":{"loc":{"start":{"line":150,"column":4},"end":{"line":152,"column":5}},"type":"if","locations":[{"start":{"line":150,"column":4},"end":{"line":152,"column":5}}]},"20":{"loc":{"start":{"line":160,"column":4},"end":{"line":162,"column":5}},"type":"if","locations":[{"start":{"line":160,"column":4},"end":{"line":162,"column":5}}]},"21":{"loc":{"start":{"line":180,"column":6},"end":{"line":183,"column":35}},"type":"binary-expr","locations":[{"start":{"line":180,"column":6},"end":{"line":180,"column":50}},{"start":{"line":181,"column":6},"end":{"line":181,"column":45}},{"start":{"line":182,"column":6},"end":{"line":182,"column":40}},{"start":{"line":183,"column":6},"end":{"line":183,"column":35}}]},"22":{"loc":{"start":{"line":189,"column":14},"end":{"line":189,"column":71}},"type":"cond-expr","locations":[{"start":{"line":189,"column":25},"end":{"line":189,"column":33}},{"start":{"line":189,"column":36},"end":{"line":189,"column":71}}]},"23":{"loc":{"start":{"line":189,"column":36},"end":{"line":189,"column":71}},"type":"cond-expr","locations":[{"start":{"line":189,"column":45},"end":{"line":189,"column":56}},{"start":{"line":189,"column":59},"end":{"line":189,"column":71}}]},"24":{"loc":{"start":{"line":190,"column":20},"end":{"line":190,"column":37}},"type":"cond-expr","locations":[{"start":{"line":190,"column":29},"end":{"line":190,"column":32}},{"start":{"line":190,"column":35},"end":{"line":190,"column":37}}]},"25":{"loc":{"start":{"line":204,"column":4},"end":{"line":204,"column":43}},"type":"if","locations":[{"start":{"line":204,"column":4},"end":{"line":204,"column":43}}]}},"s":{"0":1,"1":1,"2":1,"3":1,"4":1,"5":9,"6":9,"7":4,"8":4,"9":56,"10":4,"11":4,"12":4,"13":4,"14":56,"15":4,"16":4,"17":2,"18":1,"19":1,"20":1,"21":0,"22":0,"23":0,"24":0,"25":0,"26":0,"27":0,"28":0,"29":0,"30":0,"31":0,"32":0,"33":0,"34":0,"35":0,"36":0,"37":0,"38":0,"39":0,"40":0,"41":0,"42":0,"43":0,"44":0,"45":0,"46":0,"47":0,"48":0,"49":0,"50":0,"51":0,"52":0,"53":0,"54":0,"55":0,"56":0,"57":0,"58":0,"59":0,"60":0,"61":0,"62":0,"63":0,"64":0,"65":0,"66":0,"67":0,"68":0,"69":0,"70":0,"71":0,"72":0,"73":0,"74":0,"75":1},"f":{"0":4,"1":56,"2":56,"3":4,"4":2,"5":1,"6":1,"7":0,"8":0,"9":0,"10":0,"11":0},"b":{"0":[4,0],"1":[4,0],"2":[4],"3":[4,4],"4":[1,1],"5":[0],"6":[0],"7":[0],"8":[0,0],"9":[0],"10":[0],"11":[0,0],"12":[0],"13":[0,0],"14":[0,0],"15":[0],"16":[0],"17":[0],"18":[0,0],"19":[0],"20":[0],"21":[0,0,0,0],"22":[0,0],"23":[0,0],"24":[0,0],"25":[0]}}
,"E:\\AICreativeStudioPlatform\\video-service\\src\\domain\\providers\\LumaAdapter.ts": {"path":"E:\\AICreativeStudioPlatform\\video-service\\src\\domain\\providers\\LumaAdapter.ts","statementMap":{"0":{"start":{"line":8,"column":0},"end":{"line":8,"column":48}},"1":{"start":{"line":9,"column":0},"end":{"line":9,"column":null}},"2":{"start":{"line":18,"column":0},"end":{"line":18,"column":36}},"3":{"start":{"line":20,"column":22},"end":{"line":20,"column":64}},"4":{"start":{"line":23,"column":35},"end":{"line":23,"column":41}},"5":{"start":{"line":24,"column":25},"end":{"line":24,"column":45}},"6":{"start":{"line":27,"column":4},"end":{"line":27,"column":36}},"7":{"start":{"line":31,"column":4},"end":{"line":31,"column":25}},"8":{"start":{"line":35,"column":4},"end":{"line":35,"column":16}},"9":{"start":{"line":39,"column":4},"end":{"line":49,"column":6}},"10":{"start":{"line":53,"column":21},"end":{"line":53,"column":50}},"11":{"start":{"line":54,"column":4},"end":{"line":59,"column":6}},"12":{"start":{"line":63,"column":4},"end":{"line":65,"column":5}},"13":{"start":{"line":64,"column":6},"end":{"line":64,"column":121}},"14":{"start":{"line":67,"column":16},"end":{"line":67,"column":40}},"15":{"start":{"line":68,"column":23},"end":{"line":68,"column":45}},"16":{"start":{"line":70,"column":42},"end":{"line":74,"column":6}},"17":{"start":{"line":77,"column":4},"end":{"line":84,"column":5}},"18":{"start":{"line":78,"column":6},"end":{"line":83,"column":8}},"19":{"start":{"line":87,"column":4},"end":{"line":93,"column":5}},"20":{"start":{"line":88,"column":49},"end":{"line":88,"column":51}},"21":{"start":{"line":89,"column":6},"end":{"line":91,"column":9}},"22":{"start":{"line":90,"column":8},"end":{"line":90,"column":56}},"23":{"start":{"line":92,"column":6},"end":{"line":92,"column":33}},"24":{"start":{"line":95,"column":21},"end":{"line":102,"column":6}},"25":{"start":{"line":104,"column":4},"end":{"line":110,"column":5}},"26":{"start":{"line":105,"column":24},"end":{"line":105,"column":90}},"27":{"start":{"line":105,"column":59},"end":{"line":105,"column":61}},"28":{"start":{"line":106,"column":6},"end":{"line":108,"column":7}},"29":{"start":{"line":107,"column":8},"end":{"line":107,"column":90}},"30":{"start":{"line":109,"column":6},"end":{"line":109,"column":119}},"31":{"start":{"line":112,"column":17},"end":{"line":112,"column":71}},"32":{"start":{"line":114,"column":4},"end":{"line":123,"column":6}},"33":{"start":{"line":127,"column":4},"end":{"line":129,"column":5}},"34":{"start":{"line":128,"column":6},"end":{"line":128,"column":85}},"35":{"start":{"line":131,"column":21},"end":{"line":133,"column":6}},"36":{"start":{"line":135,"column":4},"end":{"line":137,"column":5}},"37":{"start":{"line":136,"column":6},"end":{"line":136,"column":100}},"38":{"start":{"line":139,"column":16},"end":{"line":139,"column":null}},"39":{"start":{"line":146,"column":16},"end":{"line":146,"column":40}},"40":{"start":{"line":147,"column":19},"end":{"line":147,"column":44}},"41":{"start":{"line":149,"column":4},"end":{"line":161,"column":6}},"42":{"start":{"line":165,"column":4},"end":{"line":165,"column":29}},"43":{"start":{"line":165,"column":22},"end":{"line":165,"column":29}},"44":{"start":{"line":166,"column":4},"end":{"line":169,"column":7}},"45":{"start":{"line":173,"column":4},"end":{"line":173,"column":35}},"46":{"start":{"line":173,"column":22},"end":{"line":173,"column":35}},"47":{"start":{"line":174,"column":4},"end":{"line":181,"column":5}},"48":{"start":{"line":175,"column":18},"end":{"line":177,"column":8}},"49":{"start":{"line":178,"column":6},"end":{"line":178,"column":30}},"50":{"start":{"line":180,"column":6},"end":{"line":180,"column":19}},"51":{"start":{"line":185,"column":4},"end":{"line":191,"column":5}},"52":{"start":{"line":186,"column":25},"end":{"line":186,"column":41}},"53":{"start":{"line":187,"column":25},"end":{"line":187,"column":45}},"54":{"start":{"line":188,"column":25},"end":{"line":188,"column":44}},"55":{"start":{"line":189,"column":25},"end":{"line":189,"column":41}},"56":{"start":{"line":190,"column":25},"end":{"line":190,"column":45}},"57":{"start":{"line":22,"column":0},"end":{"line":22,"column":13}}},"fnMap":{"0":{"name":"(anonymous_0)","decl":{"start":{"line":26,"column":2},"end":{"line":26,"column":14}},"loc":{"start":{"line":26,"column":20},"end":{"line":28,"column":3}}},"1":{"name":"(anonymous_1)","decl":{"start":{"line":30,"column":2},"end":{"line":30,"column":14}},"loc":{"start":{"line":30,"column":14},"end":{"line":32,"column":3}}},"2":{"name":"(anonymous_2)","decl":{"start":{"line":34,"column":2},"end":{"line":34,"column":15}},"loc":{"start":{"line":34,"column":44},"end":{"line":36,"column":3}}},"3":{"name":"(anonymous_3)","decl":{"start":{"line":38,"column":2},"end":{"line":38,"column":19}},"loc":{"start":{"line":38,"column":19},"end":{"line":50,"column":3}}},"4":{"name":"(anonymous_4)","decl":{"start":{"line":52,"column":2},"end":{"line":52,"column":14}},"loc":{"start":{"line":52,"column":46},"end":{"line":60,"column":3}}},"5":{"name":"(anonymous_5)","decl":{"start":{"line":62,"column":2},"end":{"line":62,"column":7}},"loc":{"start":{"line":62,"column":49},"end":{"line":124,"column":3}}},"6":{"name":"(anonymous_6)","decl":{"start":{"line":89,"column":33},"end":{"line":89,"column":34}},"loc":{"start":{"line":89,"column":44},"end":{"line":91,"column":7}}},"7":{"name":"(anonymous_7)","decl":{"start":{"line":105,"column":52},"end":{"line":105,"column":55}},"loc":{"start":{"line":105,"column":59},"end":{"line":105,"column":61}}},"8":{"name":"(anonymous_8)","decl":{"start":{"line":126,"column":2},"end":{"line":126,"column":7}},"loc":{"start":{"line":126,"column":96},"end":{"line":162,"column":3}}},"9":{"name":"(anonymous_9)","decl":{"start":{"line":164,"column":2},"end":{"line":164,"column":7}},"loc":{"start":{"line":164,"column":39},"end":{"line":170,"column":3}}},"10":{"name":"(anonymous_10)","decl":{"start":{"line":172,"column":2},"end":{"line":172,"column":7}},"loc":{"start":{"line":172,"column":19},"end":{"line":182,"column":3}}},"11":{"name":"(anonymous_11)","decl":{"start":{"line":184,"column":10},"end":{"line":184,"column":19}},"loc":{"start":{"line":184,"column":37},"end":{"line":192,"column":3}}}},"branchMap":{"0":{"loc":{"start":{"line":53,"column":21},"end":{"line":53,"column":50}},"type":"binary-expr","locations":[{"start":{"line":53,"column":21},"end":{"line":53,"column":45}},{"start":{"line":53,"column":49},"end":{"line":53,"column":50}}]},"1":{"loc":{"start":{"line":63,"column":4},"end":{"line":65,"column":5}},"type":"if","locations":[{"start":{"line":63,"column":4},"end":{"line":65,"column":5}}]},"2":{"loc":{"start":{"line":72,"column":20},"end":{"line":72,"column":50}},"type":"binary-expr","locations":[{"start":{"line":72,"column":20},"end":{"line":72,"column":40}},{"start":{"line":72,"column":44},"end":{"line":72,"column":50}}]},"3":{"loc":{"start":{"line":77,"column":4},"end":{"line":84,"column":5}},"type":"if","locations":[{"start":{"line":77,"column":4},"end":{"line":84,"column":5}}]},"4":{"loc":{"start":{"line":87,"column":4},"end":{"line":93,"column":5}},"type":"if","locations":[{"start":{"line":87,"column":4},"end":{"line":93,"column":5}}]},"5":{"loc":{"start":{"line":87,"column":8},"end":{"line":87,"column":59}},"type":"binary-expr","locations":[{"start":{"line":87,"column":8},"end":{"line":87,"column":26}},{"start":{"line":87,"column":30},"end":{"line":87,"column":59}}]},"6":{"loc":{"start":{"line":104,"column":4},"end":{"line":110,"column":5}},"type":"if","locations":[{"start":{"line":104,"column":4},"end":{"line":110,"column":5}}]},"7":{"loc":{"start":{"line":106,"column":6},"end":{"line":108,"column":7}},"type":"if","locations":[{"start":{"line":106,"column":6},"end":{"line":108,"column":7}}]},"8":{"loc":{"start":{"line":109,"column":76},"end":{"line":109,"column":115}},"type":"binary-expr","locations":[{"start":{"line":109,"column":76},"end":{"line":109,"column":92}},{"start":{"line":109,"column":96},"end":{"line":109,"column":115}}]},"9":{"loc":{"start":{"line":127,"column":4},"end":{"line":129,"column":5}},"type":"if","locations":[{"start":{"line":127,"column":4},"end":{"line":129,"column":5}}]},"10":{"loc":{"start":{"line":135,"column":4},"end":{"line":137,"column":5}},"type":"if","locations":[{"start":{"line":135,"column":4},"end":{"line":137,"column":5}}]},"11":{"loc":{"start":{"line":154,"column":20},"end":{"line":154,"column":53}},"type":"cond-expr","locations":[{"start":{"line":154,"column":45},"end":{"line":154,"column":48}},{"start":{"line":154,"column":51},"end":{"line":154,"column":53}}]},"12":{"loc":{"start":{"line":157,"column":19},"end":{"line":157,"column":78}},"type":"cond-expr","locations":[{"start":{"line":157,"column":41},"end":{"line":157,"column":66}},{"start":{"line":157,"column":69},"end":{"line":157,"column":78}}]},"13":{"loc":{"start":{"line":165,"column":4},"end":{"line":165,"column":29}},"type":"if","locations":[{"start":{"line":165,"column":4},"end":{"line":165,"column":29}}]},"14":{"loc":{"start":{"line":173,"column":4},"end":{"line":173,"column":35}},"type":"if","locations":[{"start":{"line":173,"column":4},"end":{"line":173,"column":35}}]},"15":{"loc":{"start":{"line":185,"column":4},"end":{"line":191,"column":5}},"type":"switch","locations":[{"start":{"line":186,"column":6},"end":{"line":186,"column":41}},{"start":{"line":187,"column":6},"end":{"line":187,"column":45}},{"start":{"line":188,"column":6},"end":{"line":188,"column":44}},{"start":{"line":189,"column":6},"end":{"line":189,"column":41}},{"start":{"line":190,"column":6},"end":{"line":190,"column":45}}]}},"s":{"0":1,"1":1,"2":1,"3":1,"4":9,"5":9,"6":4,"7":4,"8":0,"9":1,"10":0,"11":0,"12":0,"13":0,"14":0,"15":0,"16":0,"17":0,"18":0,"19":0,"20":0,"21":0,"22":0,"23":0,"24":0,"25":0,"26":0,"27":0,"28":0,"29":0,"30":0,"31":0,"32":0,"33":0,"34":0,"35":0,"36":0,"37":0,"38":0,"39":0,"40":0,"41":0,"42":0,"43":0,"44":0,"45":0,"46":0,"47":0,"48":0,"49":0,"50":0,"51":0,"52":0,"53":0,"54":0,"55":0,"56":0,"57":1},"f":{"0":4,"1":4,"2":0,"3":1,"4":0,"5":0,"6":0,"7":0,"8":0,"9":0,"10":0,"11":0},"b":{"0":[0,0],"1":[0],"2":[0,0],"3":[0],"4":[0],"5":[0,0],"6":[0],"7":[0],"8":[0,0],"9":[0],"10":[0],"11":[0,0],"12":[0,0],"13":[0],"14":[0],"15":[0,0,0,0,0]}}
,"E:\\AICreativeStudioPlatform\\video-service\\src\\domain\\providers\\OpenAIVideoAdapter.ts": {"path":"E:\\AICreativeStudioPlatform\\video-service\\src\\domain\\providers\\OpenAIVideoAdapter.ts","statementMap":{"0":{"start":{"line":8,"column":0},"end":{"line":8,"column":48}},"1":{"start":{"line":9,"column":0},"end":{"line":9,"column":null}},"2":{"start":{"line":18,"column":0},"end":{"line":18,"column":36}},"3":{"start":{"line":20,"column":24},"end":{"line":20,"column":51}},"4":{"start":{"line":23,"column":35},"end":{"line":23,"column":43}},"5":{"start":{"line":24,"column":25},"end":{"line":24,"column":38}},"6":{"start":{"line":27,"column":4},"end":{"line":27,"column":38}},"7":{"start":{"line":31,"column":4},"end":{"line":31,"column":25}},"8":{"start":{"line":35,"column":4},"end":{"line":35,"column":16}},"9":{"start":{"line":39,"column":4},"end":{"line":49,"column":6}},"10":{"start":{"line":53,"column":21},"end":{"line":53,"column":50}},"11":{"start":{"line":54,"column":4},"end":{"line":59,"column":6}},"12":{"start":{"line":63,"column":4},"end":{"line":65,"column":5}},"13":{"start":{"line":64,"column":6},"end":{"line":64,"column":125}},"14":{"start":{"line":67,"column":16},"end":{"line":67,"column":40}},"15":{"start":{"line":68,"column":23},"end":{"line":68,"column":47}},"16":{"start":{"line":70,"column":21},"end":{"line":70,"column":35}},"17":{"start":{"line":71,"column":4},"end":{"line":71,"column":75}},"18":{"start":{"line":71,"column":28},"end":{"line":71,"column":75}},"19":{"start":{"line":72,"column":4},"end":{"line":72,"column":80}},"20":{"start":{"line":72,"column":26},"end":{"line":72,"column":80}},"21":{"start":{"line":73,"column":4},"end":{"line":75,"column":5}},"22":{"start":{"line":74,"column":6},"end":{"line":74,"column":75}},"23":{"start":{"line":77,"column":42},"end":{"line":82,"column":6}},"24":{"start":{"line":84,"column":4},"end":{"line":86,"column":5}},"25":{"start":{"line":85,"column":6},"end":{"line":85,"column":47}},"26":{"start":{"line":88,"column":21},"end":{"line":95,"column":6}},"27":{"start":{"line":97,"column":4},"end":{"line":113,"column":5}},"28":{"start":{"line":98,"column":24},"end":{"line":98,"column":114}},"29":{"start":{"line":98,"column":59},"end":{"line":98,"column":61}},"30":{"start":{"line":99,"column":6},"end":{"line":105,"column":7}},"31":{"start":{"line":100,"column":8},"end":{"line":104,"column":10}},"32":{"start":{"line":106,"column":6},"end":{"line":108,"column":7}},"33":{"start":{"line":107,"column":8},"end":{"line":107,"column":92}},"34":{"start":{"line":109,"column":6},"end":{"line":111,"column":7}},"35":{"start":{"line":110,"column":8},"end":{"line":110,"column":127}},"36":{"start":{"line":112,"column":6},"end":{"line":112,"column":129}},"37":{"start":{"line":116,"column":17},"end":{"line":116,"column":106}},"38":{"start":{"line":119,"column":4},"end":{"line":131,"column":5}},"39":{"start":{"line":120,"column":6},"end":{"line":130,"column":8}},"40":{"start":{"line":133,"column":4},"end":{"line":142,"column":6}},"41":{"start":{"line":146,"column":4},"end":{"line":148,"column":5}},"42":{"start":{"line":147,"column":6},"end":{"line":147,"column":87}},"43":{"start":{"line":150,"column":21},"end":{"line":152,"column":6}},"44":{"start":{"line":154,"column":4},"end":{"line":156,"column":5}},"45":{"start":{"line":155,"column":6},"end":{"line":155,"column":102}},"46":{"start":{"line":158,"column":16},"end":{"line":158,"column":null}},"47":{"start":{"line":165,"column":16},"end":{"line":165,"column":40}},"48":{"start":{"line":166,"column":19},"end":{"line":166,"column":45}},"49":{"start":{"line":168,"column":4},"end":{"line":179,"column":6}},"50":{"start":{"line":187,"column":4},"end":{"line":187,"column":35}},"51":{"start":{"line":187,"column":22},"end":{"line":187,"column":35}},"52":{"start":{"line":188,"column":4},"end":{"line":195,"column":5}},"53":{"start":{"line":189,"column":18},"end":{"line":191,"column":8}},"54":{"start":{"line":192,"column":6},"end":{"line":192,"column":30}},"55":{"start":{"line":194,"column":6},"end":{"line":194,"column":19}},"56":{"start":{"line":199,"column":4},"end":{"line":207,"column":5}},"57":{"start":{"line":200,"column":26},"end":{"line":200,"column":42}},"58":{"start":{"line":201,"column":26},"end":{"line":201,"column":46}},"59":{"start":{"line":203,"column":26},"end":{"line":203,"column":45}},"60":{"start":{"line":204,"column":26},"end":{"line":204,"column":42}},"61":{"start":{"line":205,"column":26},"end":{"line":205,"column":45}},"62":{"start":{"line":206,"column":26},"end":{"line":206,"column":46}},"63":{"start":{"line":211,"column":17},"end":{"line":211,"column":39}},"64":{"start":{"line":212,"column":4},"end":{"line":216,"column":5}},"65":{"start":{"line":213,"column":20},"end":{"line":213,"column":59}},"66":{"start":{"line":214,"column":20},"end":{"line":214,"column":58}},"67":{"start":{"line":215,"column":20},"end":{"line":215,"column":59}},"68":{"start":{"line":22,"column":0},"end":{"line":22,"column":13}}},"fnMap":{"0":{"name":"(anonymous_0)","decl":{"start":{"line":26,"column":2},"end":{"line":26,"column":14}},"loc":{"start":{"line":26,"column":20},"end":{"line":28,"column":3}}},"1":{"name":"(anonymous_1)","decl":{"start":{"line":30,"column":2},"end":{"line":30,"column":14}},"loc":{"start":{"line":30,"column":14},"end":{"line":32,"column":3}}},"2":{"name":"(anonymous_2)","decl":{"start":{"line":34,"column":2},"end":{"line":34,"column":15}},"loc":{"start":{"line":34,"column":44},"end":{"line":36,"column":3}}},"3":{"name":"(anonymous_3)","decl":{"start":{"line":38,"column":2},"end":{"line":38,"column":19}},"loc":{"start":{"line":38,"column":19},"end":{"line":50,"column":3}}},"4":{"name":"(anonymous_4)","decl":{"start":{"line":52,"column":2},"end":{"line":52,"column":14}},"loc":{"start":{"line":52,"column":46},"end":{"line":60,"column":3}}},"5":{"name":"(anonymous_5)","decl":{"start":{"line":62,"column":2},"end":{"line":62,"column":7}},"loc":{"start":{"line":62,"column":49},"end":{"line":143,"column":3}}},"6":{"name":"(anonymous_6)","decl":{"start":{"line":98,"column":52},"end":{"line":98,"column":55}},"loc":{"start":{"line":98,"column":59},"end":{"line":98,"column":61}}},"7":{"name":"(anonymous_7)","decl":{"start":{"line":145,"column":2},"end":{"line":145,"column":7}},"loc":{"start":{"line":145,"column":96},"end":{"line":180,"column":3}}},"8":{"name":"(anonymous_8)","decl":{"start":{"line":182,"column":2},"end":{"line":182,"column":7}},"loc":{"start":{"line":182,"column":40},"end":{"line":184,"column":3}}},"9":{"name":"(anonymous_9)","decl":{"start":{"line":186,"column":2},"end":{"line":186,"column":7}},"loc":{"start":{"line":186,"column":19},"end":{"line":196,"column":3}}},"10":{"name":"(anonymous_10)","decl":{"start":{"line":198,"column":10},"end":{"line":198,"column":19}},"loc":{"start":{"line":198,"column":34},"end":{"line":208,"column":3}}},"11":{"name":"(anonymous_11)","decl":{"start":{"line":210,"column":10},"end":{"line":210,"column":23}},"loc":{"start":{"line":210,"column":63},"end":{"line":217,"column":3}}}},"branchMap":{"0":{"loc":{"start":{"line":53,"column":21},"end":{"line":53,"column":50}},"type":"binary-expr","locations":[{"start":{"line":53,"column":21},"end":{"line":53,"column":45}},{"start":{"line":53,"column":49},"end":{"line":53,"column":50}}]},"1":{"loc":{"start":{"line":63,"column":4},"end":{"line":65,"column":5}},"type":"if","locations":[{"start":{"line":63,"column":4},"end":{"line":65,"column":5}}]},"2":{"loc":{"start":{"line":71,"column":4},"end":{"line":71,"column":75}},"type":"if","locations":[{"start":{"line":71,"column":4},"end":{"line":71,"column":75}}]},"3":{"loc":{"start":{"line":72,"column":4},"end":{"line":72,"column":80}},"type":"if","locations":[{"start":{"line":72,"column":4},"end":{"line":72,"column":80}}]},"4":{"loc":{"start":{"line":73,"column":4},"end":{"line":75,"column":5}},"type":"if","locations":[{"start":{"line":73,"column":4},"end":{"line":75,"column":5}}]},"5":{"loc":{"start":{"line":73,"column":8},"end":{"line":73,"column":59}},"type":"binary-expr","locations":[{"start":{"line":73,"column":8},"end":{"line":73,"column":26}},{"start":{"line":73,"column":30},"end":{"line":73,"column":59}}]},"6":{"loc":{"start":{"line":81,"column":31},"end":{"line":81,"column":61}},"type":"binary-expr","locations":[{"start":{"line":81,"column":31},"end":{"line":81,"column":51}},{"start":{"line":81,"column":55},"end":{"line":81,"column":61}}]},"7":{"loc":{"start":{"line":81,"column":63},"end":{"line":81,"column":92}},"type":"binary-expr","locations":[{"start":{"line":81,"column":63},"end":{"line":81,"column":81}},{"start":{"line":81,"column":85},"end":{"line":81,"column":92}}]},"8":{"loc":{"start":{"line":84,"column":4},"end":{"line":86,"column":5}},"type":"if","locations":[{"start":{"line":84,"column":4},"end":{"line":86,"column":5}}]},"9":{"loc":{"start":{"line":97,"column":4},"end":{"line":113,"column":5}},"type":"if","locations":[{"start":{"line":97,"column":4},"end":{"line":113,"column":5}}]},"10":{"loc":{"start":{"line":99,"column":6},"end":{"line":105,"column":7}},"type":"if","locations":[{"start":{"line":99,"column":6},"end":{"line":105,"column":7}}]},"11":{"loc":{"start":{"line":106,"column":6},"end":{"line":108,"column":7}},"type":"if","locations":[{"start":{"line":106,"column":6},"end":{"line":108,"column":7}}]},"12":{"loc":{"start":{"line":109,"column":6},"end":{"line":111,"column":7}},"type":"if","locations":[{"start":{"line":109,"column":6},"end":{"line":111,"column":7}}]},"13":{"loc":{"start":{"line":109,"column":10},"end":{"line":109,"column":89}},"type":"binary-expr","locations":[{"start":{"line":109,"column":10},"end":{"line":109,"column":33}},{"start":{"line":109,"column":37},"end":{"line":109,"column":89}}]},"14":{"loc":{"start":{"line":112,"column":78},"end":{"line":112,"column":125}},"type":"binary-expr","locations":[{"start":{"line":112,"column":78},"end":{"line":112,"column":102}},{"start":{"line":112,"column":106},"end":{"line":112,"column":125}}]},"15":{"loc":{"start":{"line":119,"column":4},"end":{"line":131,"column":5}},"type":"if","locations":[{"start":{"line":119,"column":4},"end":{"line":131,"column":5}}]},"16":{"loc":{"start":{"line":123,"column":25},"end":{"line":123,"column":46}},"type":"binary-expr","locations":[{"start":{"line":123,"column":25},"end":{"line":123,"column":32}},{"start":{"line":123,"column":36},"end":{"line":123,"column":46}}]},"17":{"loc":{"start":{"line":136,"column":23},"end":{"line":136,"column":44}},"type":"binary-expr","locations":[{"start":{"line":136,"column":23},"end":{"line":136,"column":30}},{"start":{"line":136,"column":34},"end":{"line":136,"column":44}}]},"18":{"loc":{"start":{"line":146,"column":4},"end":{"line":148,"column":5}},"type":"if","locations":[{"start":{"line":146,"column":4},"end":{"line":148,"column":5}}]},"19":{"loc":{"start":{"line":154,"column":4},"end":{"line":156,"column":5}},"type":"if","locations":[{"start":{"line":154,"column":4},"end":{"line":156,"column":5}}]},"20":{"loc":{"start":{"line":173,"column":20},"end":{"line":173,"column":53}},"type":"cond-expr","locations":[{"start":{"line":173,"column":45},"end":{"line":173,"column":48}},{"start":{"line":173,"column":51},"end":{"line":173,"column":53}}]},"21":{"loc":{"start":{"line":187,"column":4},"end":{"line":187,"column":35}},"type":"if","locations":[{"start":{"line":187,"column":4},"end":{"line":187,"column":35}}]},"22":{"loc":{"start":{"line":199,"column":4},"end":{"line":207,"column":5}},"type":"switch","locations":[{"start":{"line":200,"column":6},"end":{"line":200,"column":42}},{"start":{"line":201,"column":6},"end":{"line":201,"column":46}},{"start":{"line":202,"column":6},"end":{"line":202,"column":23}},{"start":{"line":203,"column":6},"end":{"line":203,"column":45}},{"start":{"line":204,"column":6},"end":{"line":204,"column":42}},{"start":{"line":205,"column":6},"end":{"line":205,"column":45}},{"start":{"line":206,"column":6},"end":{"line":206,"column":46}}]},"23":{"loc":{"start":{"line":212,"column":4},"end":{"line":216,"column":5}},"type":"switch","locations":[{"start":{"line":213,"column":6},"end":{"line":213,"column":59}},{"start":{"line":214,"column":6},"end":{"line":214,"column":58}},{"start":{"line":215,"column":6},"end":{"line":215,"column":59}}]},"24":{"loc":{"start":{"line":213,"column":27},"end":{"line":213,"column":58}},"type":"cond-expr","locations":[{"start":{"line":213,"column":34},"end":{"line":213,"column":45}},{"start":{"line":213,"column":48},"end":{"line":213,"column":58}}]},"25":{"loc":{"start":{"line":214,"column":27},"end":{"line":214,"column":57}},"type":"cond-expr","locations":[{"start":{"line":214,"column":34},"end":{"line":214,"column":45}},{"start":{"line":214,"column":48},"end":{"line":214,"column":57}}]},"26":{"loc":{"start":{"line":215,"column":27},"end":{"line":215,"column":58}},"type":"cond-expr","locations":[{"start":{"line":215,"column":34},"end":{"line":215,"column":45}},{"start":{"line":215,"column":48},"end":{"line":215,"column":58}}]}},"s":{"0":1,"1":1,"2":1,"3":1,"4":9,"5":9,"6":6,"7":4,"8":3,"9":1,"10":1,"11":1,"12":1,"13":0,"14":1,"15":1,"16":1,"17":1,"18":0,"19":1,"20":0,"21":1,"22":0,"23":1,"24":1,"25":0,"26":1,"27":1,"28":1,"29":1,"30":1,"31":1,"32":0,"33":0,"34":0,"35":0,"36":0,"37":0,"38":0,"39":0,"40":0,"41":0,"42":0,"43":0,"44":0,"45":0,"46":0,"47":0,"48":0,"49":0,"50":0,"51":0,"52":0,"53":0,"54":0,"55":0,"56":0,"57":0,"58":0,"59":0,"60":0,"61":0,"62":0,"63":1,"64":1,"65":0,"66":0,"67":1,"68":1},"f":{"0":6,"1":4,"2":3,"3":1,"4":1,"5":1,"6":1,"7":0,"8":0,"9":0,"10":0,"11":1},"b":{"0":[1,1],"1":[0],"2":[0],"3":[0],"4":[0],"5":[1,0],"6":[1,1],"7":[1,1],"8":[0],"9":[1],"10":[1],"11":[0],"12":[0],"13":[0,0],"14":[0,0],"15":[0],"16":[0,0],"17":[0,0],"18":[0],"19":[0],"20":[0,0],"21":[0],"22":[0,0,0,0,0,0,0],"23":[0,0,1],"24":[0,0],"25":[0,0],"26":[1,0]}}
,"E:\\AICreativeStudioPlatform\\video-service\\src\\domain\\providers\\PikaAdapter.ts": {"path":"E:\\AICreativeStudioPlatform\\video-service\\src\\domain\\providers\\PikaAdapter.ts","statementMap":{"0":{"start":{"line":8,"column":0},"end":{"line":8,"column":48}},"1":{"start":{"line":9,"column":0},"end":{"line":9,"column":null}},"2":{"start":{"line":18,"column":0},"end":{"line":18,"column":36}},"3":{"start":{"line":20,"column":22},"end":{"line":20,"column":47}},"4":{"start":{"line":23,"column":35},"end":{"line":23,"column":41}},"5":{"start":{"line":24,"column":25},"end":{"line":24,"column":35}},"6":{"start":{"line":27,"column":4},"end":{"line":27,"column":36}},"7":{"start":{"line":31,"column":4},"end":{"line":31,"column":25}},"8":{"start":{"line":35,"column":4},"end":{"line":35,"column":16}},"9":{"start":{"line":39,"column":4},"end":{"line":49,"column":6}},"10":{"start":{"line":53,"column":21},"end":{"line":53,"column":50}},"11":{"start":{"line":54,"column":4},"end":{"line":59,"column":6}},"12":{"start":{"line":63,"column":4},"end":{"line":65,"column":5}},"13":{"start":{"line":64,"column":6},"end":{"line":64,"column":121}},"14":{"start":{"line":67,"column":16},"end":{"line":67,"column":40}},"15":{"start":{"line":68,"column":23},"end":{"line":68,"column":45}},"16":{"start":{"line":70,"column":42},"end":{"line":76,"column":6}},"17":{"start":{"line":78,"column":4},"end":{"line":80,"column":5}},"18":{"start":{"line":79,"column":6},"end":{"line":79,"column":37}},"19":{"start":{"line":82,"column":21},"end":{"line":89,"column":6}},"20":{"start":{"line":91,"column":4},"end":{"line":100,"column":5}},"21":{"start":{"line":92,"column":24},"end":{"line":92,"column":90}},"22":{"start":{"line":92,"column":59},"end":{"line":92,"column":61}},"23":{"start":{"line":93,"column":6},"end":{"line":95,"column":7}},"24":{"start":{"line":94,"column":8},"end":{"line":94,"column":90}},"25":{"start":{"line":96,"column":6},"end":{"line":98,"column":7}},"26":{"start":{"line":97,"column":8},"end":{"line":97,"column":127}},"27":{"start":{"line":99,"column":6},"end":{"line":99,"column":120}},"28":{"start":{"line":102,"column":17},"end":{"line":102,"column":75}},"29":{"start":{"line":104,"column":4},"end":{"line":113,"column":6}},"30":{"start":{"line":117,"column":4},"end":{"line":119,"column":5}},"31":{"start":{"line":118,"column":6},"end":{"line":118,"column":85}},"32":{"start":{"line":121,"column":21},"end":{"line":123,"column":6}},"33":{"start":{"line":125,"column":4},"end":{"line":127,"column":5}},"34":{"start":{"line":126,"column":6},"end":{"line":126,"column":100}},"35":{"start":{"line":129,"column":16},"end":{"line":129,"column":null}},"36":{"start":{"line":138,"column":16},"end":{"line":138,"column":40}},"37":{"start":{"line":139,"column":19},"end":{"line":139,"column":45}},"38":{"start":{"line":141,"column":4},"end":{"line":153,"column":6}},"39":{"start":{"line":157,"column":4},"end":{"line":157,"column":29}},"40":{"start":{"line":157,"column":22},"end":{"line":157,"column":29}},"41":{"start":{"line":158,"column":4},"end":{"line":161,"column":7}},"42":{"start":{"line":165,"column":4},"end":{"line":165,"column":35}},"43":{"start":{"line":165,"column":22},"end":{"line":165,"column":35}},"44":{"start":{"line":166,"column":4},"end":{"line":173,"column":5}},"45":{"start":{"line":167,"column":18},"end":{"line":169,"column":8}},"46":{"start":{"line":170,"column":6},"end":{"line":170,"column":30}},"47":{"start":{"line":172,"column":6},"end":{"line":172,"column":19}},"48":{"start":{"line":177,"column":4},"end":{"line":188,"column":5}},"49":{"start":{"line":178,"column":25},"end":{"line":178,"column":41}},"50":{"start":{"line":180,"column":25},"end":{"line":180,"column":45}},"51":{"start":{"line":183,"column":25},"end":{"line":183,"column":44}},"52":{"start":{"line":185,"column":25},"end":{"line":185,"column":41}},"53":{"start":{"line":186,"column":25},"end":{"line":186,"column":44}},"54":{"start":{"line":187,"column":25},"end":{"line":187,"column":45}},"55":{"start":{"line":22,"column":0},"end":{"line":22,"column":13}}},"fnMap":{"0":{"name":"(anonymous_0)","decl":{"start":{"line":26,"column":2},"end":{"line":26,"column":14}},"loc":{"start":{"line":26,"column":20},"end":{"line":28,"column":3}}},"1":{"name":"(anonymous_1)","decl":{"start":{"line":30,"column":2},"end":{"line":30,"column":14}},"loc":{"start":{"line":30,"column":14},"end":{"line":32,"column":3}}},"2":{"name":"(anonymous_2)","decl":{"start":{"line":34,"column":2},"end":{"line":34,"column":15}},"loc":{"start":{"line":34,"column":44},"end":{"line":36,"column":3}}},"3":{"name":"(anonymous_3)","decl":{"start":{"line":38,"column":2},"end":{"line":38,"column":19}},"loc":{"start":{"line":38,"column":19},"end":{"line":50,"column":3}}},"4":{"name":"(anonymous_4)","decl":{"start":{"line":52,"column":2},"end":{"line":52,"column":14}},"loc":{"start":{"line":52,"column":46},"end":{"line":60,"column":3}}},"5":{"name":"(anonymous_5)","decl":{"start":{"line":62,"column":2},"end":{"line":62,"column":7}},"loc":{"start":{"line":62,"column":49},"end":{"line":114,"column":3}}},"6":{"name":"(anonymous_6)","decl":{"start":{"line":92,"column":52},"end":{"line":92,"column":55}},"loc":{"start":{"line":92,"column":59},"end":{"line":92,"column":61}}},"7":{"name":"(anonymous_7)","decl":{"start":{"line":116,"column":2},"end":{"line":116,"column":7}},"loc":{"start":{"line":116,"column":96},"end":{"line":154,"column":3}}},"8":{"name":"(anonymous_8)","decl":{"start":{"line":156,"column":2},"end":{"line":156,"column":7}},"loc":{"start":{"line":156,"column":39},"end":{"line":162,"column":3}}},"9":{"name":"(anonymous_9)","decl":{"start":{"line":164,"column":2},"end":{"line":164,"column":7}},"loc":{"start":{"line":164,"column":19},"end":{"line":174,"column":3}}},"10":{"name":"(anonymous_10)","decl":{"start":{"line":176,"column":10},"end":{"line":176,"column":19}},"loc":{"start":{"line":176,"column":38},"end":{"line":189,"column":3}}}},"branchMap":{"0":{"loc":{"start":{"line":53,"column":21},"end":{"line":53,"column":50}},"type":"binary-expr","locations":[{"start":{"line":53,"column":21},"end":{"line":53,"column":45}},{"start":{"line":53,"column":49},"end":{"line":53,"column":50}}]},"1":{"loc":{"start":{"line":63,"column":4},"end":{"line":65,"column":5}},"type":"if","locations":[{"start":{"line":63,"column":4},"end":{"line":65,"column":5}}]},"2":{"loc":{"start":{"line":72,"column":16},"end":{"line":72,"column":45}},"type":"binary-expr","locations":[{"start":{"line":72,"column":16},"end":{"line":72,"column":40}},{"start":{"line":72,"column":44},"end":{"line":72,"column":45}}]},"3":{"loc":{"start":{"line":73,"column":19},"end":{"line":73,"column":49}},"type":"binary-expr","locations":[{"start":{"line":73,"column":19},"end":{"line":73,"column":39}},{"start":{"line":73,"column":43},"end":{"line":73,"column":49}}]},"4":{"loc":{"start":{"line":74,"column":18},"end":{"line":74,"column":47}},"type":"binary-expr","locations":[{"start":{"line":74,"column":18},"end":{"line":74,"column":36}},{"start":{"line":74,"column":40},"end":{"line":74,"column":47}}]},"5":{"loc":{"start":{"line":75,"column":17},"end":{"line":75,"column":34}},"type":"binary-expr","locations":[{"start":{"line":75,"column":17},"end":{"line":75,"column":28}},{"start":{"line":75,"column":32},"end":{"line":75,"column":34}}]},"6":{"loc":{"start":{"line":78,"column":4},"end":{"line":80,"column":5}},"type":"if","locations":[{"start":{"line":78,"column":4},"end":{"line":80,"column":5}}]},"7":{"loc":{"start":{"line":91,"column":4},"end":{"line":100,"column":5}},"type":"if","locations":[{"start":{"line":91,"column":4},"end":{"line":100,"column":5}}]},"8":{"loc":{"start":{"line":93,"column":6},"end":{"line":95,"column":7}},"type":"if","locations":[{"start":{"line":93,"column":6},"end":{"line":95,"column":7}}]},"9":{"loc":{"start":{"line":96,"column":6},"end":{"line":98,"column":7}},"type":"if","locations":[{"start":{"line":96,"column":6},"end":{"line":98,"column":7}}]},"10":{"loc":{"start":{"line":97,"column":76},"end":{"line":97,"column":123}},"type":"binary-expr","locations":[{"start":{"line":97,"column":76},"end":{"line":97,"column":93}},{"start":{"line":97,"column":97},"end":{"line":97,"column":123}}]},"11":{"loc":{"start":{"line":99,"column":76},"end":{"line":99,"column":116}},"type":"binary-expr","locations":[{"start":{"line":99,"column":76},"end":{"line":99,"column":93}},{"start":{"line":99,"column":97},"end":{"line":99,"column":116}}]},"12":{"loc":{"start":{"line":117,"column":4},"end":{"line":119,"column":5}},"type":"if","locations":[{"start":{"line":117,"column":4},"end":{"line":119,"column":5}}]},"13":{"loc":{"start":{"line":125,"column":4},"end":{"line":127,"column":5}},"type":"if","locations":[{"start":{"line":125,"column":4},"end":{"line":127,"column":5}}]},"14":{"loc":{"start":{"line":146,"column":20},"end":{"line":146,"column":88}},"type":"cond-expr","locations":[{"start":{"line":146,"column":45},"end":{"line":146,"column":48}},{"start":{"line":146,"column":51},"end":{"line":146,"column":88}}]},"15":{"loc":{"start":{"line":146,"column":63},"end":{"line":146,"column":80}},"type":"binary-expr","locations":[{"start":{"line":146,"column":63},"end":{"line":146,"column":75}},{"start":{"line":146,"column":79},"end":{"line":146,"column":80}}]},"16":{"loc":{"start":{"line":157,"column":4},"end":{"line":157,"column":29}},"type":"if","locations":[{"start":{"line":157,"column":4},"end":{"line":157,"column":29}}]},"17":{"loc":{"start":{"line":165,"column":4},"end":{"line":165,"column":35}},"type":"if","locations":[{"start":{"line":165,"column":4},"end":{"line":165,"column":35}}]},"18":{"loc":{"start":{"line":177,"column":4},"end":{"line":188,"column":5}},"type":"switch","locations":[{"start":{"line":178,"column":6},"end":{"line":178,"column":41}},{"start":{"line":179,"column":6},"end":{"line":179,"column":24}},{"start":{"line":180,"column":6},"end":{"line":180,"column":45}},{"start":{"line":181,"column":6},"end":{"line":181,"column":22}},{"start":{"line":182,"column":6},"end":{"line":182,"column":23}},{"start":{"line":183,"column":6},"end":{"line":183,"column":44}},{"start":{"line":184,"column":6},"end":{"line":184,"column":20}},{"start":{"line":185,"column":6},"end":{"line":185,"column":41}},{"start":{"line":186,"column":6},"end":{"line":186,"column":44}},{"start":{"line":187,"column":6},"end":{"line":187,"column":45}}]}},"s":{"0":1,"1":1,"2":1,"3":1,"4":9,"5":9,"6":4,"7":4,"8":0,"9":1,"10":0,"11":0,"12":0,"13":0,"14":0,"15":0,"16":0,"17":0,"18":0,"19":0,"20":0,"21":0,"22":0,"23":0,"24":0,"25":0,"26":0,"27":0,"28":0,"29":0,"30":0,"31":0,"32":0,"33":0,"34":0,"35":0,"36":0,"37":0,"38":0,"39":0,"40":0,"41":0,"42":0,"43":0,"44":0,"45":0,"46":0,"47":0,"48":0,"49":0,"50":0,"51":0,"52":0,"53":0,"54":0,"55":1},"f":{"0":4,"1":4,"2":0,"3":1,"4":0,"5":0,"6":0,"7":0,"8":0,"9":0,"10":0},"b":{"0":[0,0],"1":[0],"2":[0,0],"3":[0,0],"4":[0,0],"5":[0,0],"6":[0],"7":[0],"8":[0],"9":[0],"10":[0,0],"11":[0,0],"12":[0],"13":[0],"14":[0,0],"15":[0,0],"16":[0],"17":[0],"18":[0,0,0,0,0,0,0,0,0,0]}}
,"E:\\AICreativeStudioPlatform\\video-service\\src\\domain\\providers\\RunwayAdapter.ts": {"path":"E:\\AICreativeStudioPlatform\\video-service\\src\\domain\\providers\\RunwayAdapter.ts","statementMap":{"0":{"start":{"line":8,"column":0},"end":{"line":8,"column":48}},"1":{"start":{"line":9,"column":0},"end":{"line":9,"column":null}},"2":{"start":{"line":18,"column":0},"end":{"line":18,"column":36}},"3":{"start":{"line":20,"column":24},"end":{"line":20,"column":53}},"4":{"start":{"line":23,"column":35},"end":{"line":23,"column":43}},"5":{"start":{"line":24,"column":25},"end":{"line":24,"column":51}},"6":{"start":{"line":27,"column":4},"end":{"line":27,"column":38}},"7":{"start":{"line":31,"column":4},"end":{"line":31,"column":25}},"8":{"start":{"line":35,"column":4},"end":{"line":35,"column":16}},"9":{"start":{"line":39,"column":4},"end":{"line":49,"column":6}},"10":{"start":{"line":53,"column":21},"end":{"line":53,"column":50}},"11":{"start":{"line":54,"column":4},"end":{"line":59,"column":6}},"12":{"start":{"line":63,"column":4},"end":{"line":65,"column":5}},"13":{"start":{"line":64,"column":6},"end":{"line":64,"column":125}},"14":{"start":{"line":67,"column":16},"end":{"line":67,"column":40}},"15":{"start":{"line":68,"column":23},"end":{"line":68,"column":47}},"16":{"start":{"line":72,"column":42},"end":{"line":77,"column":6}},"17":{"start":{"line":79,"column":4},"end":{"line":81,"column":5}},"18":{"start":{"line":80,"column":6},"end":{"line":80,"column":43}},"19":{"start":{"line":83,"column":21},"end":{"line":91,"column":6}},"20":{"start":{"line":93,"column":4},"end":{"line":99,"column":5}},"21":{"start":{"line":94,"column":24},"end":{"line":94,"column":90}},"22":{"start":{"line":94,"column":59},"end":{"line":94,"column":61}},"23":{"start":{"line":95,"column":6},"end":{"line":97,"column":7}},"24":{"start":{"line":96,"column":8},"end":{"line":96,"column":116}},"25":{"start":{"line":98,"column":6},"end":{"line":98,"column":120}},"26":{"start":{"line":101,"column":17},"end":{"line":101,"column":56}},"27":{"start":{"line":103,"column":4},"end":{"line":112,"column":6}},"28":{"start":{"line":116,"column":4},"end":{"line":118,"column":5}},"29":{"start":{"line":117,"column":6},"end":{"line":117,"column":87}},"30":{"start":{"line":120,"column":21},"end":{"line":125,"column":6}},"31":{"start":{"line":127,"column":4},"end":{"line":129,"column":5}},"32":{"start":{"line":128,"column":6},"end":{"line":128,"column":102}},"33":{"start":{"line":131,"column":17},"end":{"line":131,"column":null}},"34":{"start":{"line":139,"column":16},"end":{"line":139,"column":40}},"35":{"start":{"line":140,"column":19},"end":{"line":140,"column":46}},"36":{"start":{"line":142,"column":4},"end":{"line":153,"column":6}},"37":{"start":{"line":157,"column":4},"end":{"line":157,"column":29}},"38":{"start":{"line":157,"column":22},"end":{"line":157,"column":29}},"39":{"start":{"line":158,"column":4},"end":{"line":164,"column":7}},"40":{"start":{"line":168,"column":4},"end":{"line":168,"column":35}},"41":{"start":{"line":168,"column":22},"end":{"line":168,"column":35}},"42":{"start":{"line":169,"column":4},"end":{"line":176,"column":5}},"43":{"start":{"line":170,"column":18},"end":{"line":172,"column":8}},"44":{"start":{"line":173,"column":6},"end":{"line":173,"column":30}},"45":{"start":{"line":175,"column":6},"end":{"line":175,"column":19}},"46":{"start":{"line":180,"column":4},"end":{"line":187,"column":5}},"47":{"start":{"line":181,"column":25},"end":{"line":181,"column":41}},"48":{"start":{"line":182,"column":25},"end":{"line":182,"column":45}},"49":{"start":{"line":183,"column":25},"end":{"line":183,"column":44}},"50":{"start":{"line":184,"column":25},"end":{"line":184,"column":41}},"51":{"start":{"line":185,"column":25},"end":{"line":185,"column":44}},"52":{"start":{"line":186,"column":25},"end":{"line":186,"column":45}},"53":{"start":{"line":191,"column":4},"end":{"line":195,"column":5}},"54":{"start":{"line":192,"column":19},"end":{"line":192,"column":37}},"55":{"start":{"line":193,"column":19},"end":{"line":193,"column":36}},"56":{"start":{"line":194,"column":19},"end":{"line":194,"column":37}},"57":{"start":{"line":22,"column":0},"end":{"line":22,"column":13}}},"fnMap":{"0":{"name":"(anonymous_0)","decl":{"start":{"line":26,"column":2},"end":{"line":26,"column":14}},"loc":{"start":{"line":26,"column":20},"end":{"line":28,"column":3}}},"1":{"name":"(anonymous_1)","decl":{"start":{"line":30,"column":2},"end":{"line":30,"column":14}},"loc":{"start":{"line":30,"column":14},"end":{"line":32,"column":3}}},"2":{"name":"(anonymous_2)","decl":{"start":{"line":34,"column":2},"end":{"line":34,"column":15}},"loc":{"start":{"line":34,"column":44},"end":{"line":36,"column":3}}},"3":{"name":"(anonymous_3)","decl":{"start":{"line":38,"column":2},"end":{"line":38,"column":19}},"loc":{"start":{"line":38,"column":19},"end":{"line":50,"column":3}}},"4":{"name":"(anonymous_4)","decl":{"start":{"line":52,"column":2},"end":{"line":52,"column":14}},"loc":{"start":{"line":52,"column":46},"end":{"line":60,"column":3}}},"5":{"name":"(anonymous_5)","decl":{"start":{"line":62,"column":2},"end":{"line":62,"column":7}},"loc":{"start":{"line":62,"column":49},"end":{"line":113,"column":3}}},"6":{"name":"(anonymous_6)","decl":{"start":{"line":94,"column":52},"end":{"line":94,"column":55}},"loc":{"start":{"line":94,"column":59},"end":{"line":94,"column":61}}},"7":{"name":"(anonymous_7)","decl":{"start":{"line":115,"column":2},"end":{"line":115,"column":7}},"loc":{"start":{"line":115,"column":96},"end":{"line":154,"column":3}}},"8":{"name":"(anonymous_8)","decl":{"start":{"line":156,"column":2},"end":{"line":156,"column":7}},"loc":{"start":{"line":156,"column":39},"end":{"line":165,"column":3}}},"9":{"name":"(anonymous_9)","decl":{"start":{"line":167,"column":2},"end":{"line":167,"column":7}},"loc":{"start":{"line":167,"column":19},"end":{"line":177,"column":3}}},"10":{"name":"(anonymous_10)","decl":{"start":{"line":179,"column":10},"end":{"line":179,"column":19}},"loc":{"start":{"line":179,"column":40},"end":{"line":188,"column":3}}},"11":{"name":"(anonymous_11)","decl":{"start":{"line":190,"column":10},"end":{"line":190,"column":24}},"loc":{"start":{"line":190,"column":35},"end":{"line":196,"column":3}}}},"branchMap":{"0":{"loc":{"start":{"line":53,"column":21},"end":{"line":53,"column":50}},"type":"binary-expr","locations":[{"start":{"line":53,"column":21},"end":{"line":53,"column":45}},{"start":{"line":53,"column":49},"end":{"line":53,"column":50}}]},"1":{"loc":{"start":{"line":63,"column":4},"end":{"line":65,"column":5}},"type":"if","locations":[{"start":{"line":63,"column":4},"end":{"line":65,"column":5}}]},"2":{"loc":{"start":{"line":75,"column":16},"end":{"line":75,"column":45}},"type":"binary-expr","locations":[{"start":{"line":75,"column":16},"end":{"line":75,"column":40}},{"start":{"line":75,"column":44},"end":{"line":75,"column":45}}]},"3":{"loc":{"start":{"line":76,"column":33},"end":{"line":76,"column":63}},"type":"binary-expr","locations":[{"start":{"line":76,"column":33},"end":{"line":76,"column":53}},{"start":{"line":76,"column":57},"end":{"line":76,"column":63}}]},"4":{"loc":{"start":{"line":79,"column":4},"end":{"line":81,"column":5}},"type":"if","locations":[{"start":{"line":79,"column":4},"end":{"line":81,"column":5}}]},"5":{"loc":{"start":{"line":93,"column":4},"end":{"line":99,"column":5}},"type":"if","locations":[{"start":{"line":93,"column":4},"end":{"line":99,"column":5}}]},"6":{"loc":{"start":{"line":95,"column":6},"end":{"line":97,"column":7}},"type":"if","locations":[{"start":{"line":95,"column":6},"end":{"line":97,"column":7}}]},"7":{"loc":{"start":{"line":98,"column":78},"end":{"line":98,"column":116}},"type":"binary-expr","locations":[{"start":{"line":98,"column":78},"end":{"line":98,"column":93}},{"start":{"line":98,"column":97},"end":{"line":98,"column":116}}]},"8":{"loc":{"start":{"line":116,"column":4},"end":{"line":118,"column":5}},"type":"if","locations":[{"start":{"line":116,"column":4},"end":{"line":118,"column":5}}]},"9":{"loc":{"start":{"line":127,"column":4},"end":{"line":129,"column":5}},"type":"if","locations":[{"start":{"line":127,"column":4},"end":{"line":129,"column":5}}]},"10":{"loc":{"start":{"line":147,"column":20},"end":{"line":147,"column":89}},"type":"cond-expr","locations":[{"start":{"line":147,"column":45},"end":{"line":147,"column":48}},{"start":{"line":147,"column":51},"end":{"line":147,"column":89}}]},"11":{"loc":{"start":{"line":147,"column":63},"end":{"line":147,"column":81}},"type":"binary-expr","locations":[{"start":{"line":147,"column":63},"end":{"line":147,"column":76}},{"start":{"line":147,"column":80},"end":{"line":147,"column":81}}]},"12":{"loc":{"start":{"line":157,"column":4},"end":{"line":157,"column":29}},"type":"if","locations":[{"start":{"line":157,"column":4},"end":{"line":157,"column":29}}]},"13":{"loc":{"start":{"line":168,"column":4},"end":{"line":168,"column":35}},"type":"if","locations":[{"start":{"line":168,"column":4},"end":{"line":168,"column":35}}]},"14":{"loc":{"start":{"line":180,"column":4},"end":{"line":187,"column":5}},"type":"switch","locations":[{"start":{"line":181,"column":6},"end":{"line":181,"column":41}},{"start":{"line":182,"column":6},"end":{"line":182,"column":45}},{"start":{"line":183,"column":6},"end":{"line":183,"column":44}},{"start":{"line":184,"column":6},"end":{"line":184,"column":41}},{"start":{"line":185,"column":6},"end":{"line":185,"column":44}},{"start":{"line":186,"column":6},"end":{"line":186,"column":45}}]},"15":{"loc":{"start":{"line":191,"column":4},"end":{"line":195,"column":5}},"type":"switch","locations":[{"start":{"line":192,"column":6},"end":{"line":192,"column":37}},{"start":{"line":193,"column":6},"end":{"line":193,"column":36}},{"start":{"line":194,"column":6},"end":{"line":194,"column":37}}]}},"s":{"0":1,"1":1,"2":1,"3":1,"4":9,"5":9,"6":4,"7":4,"8":0,"9":1,"10":0,"11":0,"12":0,"13":0,"14":0,"15":0,"16":0,"17":0,"18":0,"19":0,"20":0,"21":0,"22":0,"23":0,"24":0,"25":0,"26":0,"27":0,"28":0,"29":0,"30":0,"31":0,"32":0,"33":0,"34":0,"35":0,"36":0,"37":0,"38":0,"39":0,"40":0,"41":0,"42":0,"43":0,"44":0,"45":0,"46":0,"47":0,"48":0,"49":0,"50":0,"51":0,"52":0,"53":0,"54":0,"55":0,"56":0,"57":1},"f":{"0":4,"1":4,"2":0,"3":1,"4":0,"5":0,"6":0,"7":0,"8":0,"9":0,"10":0,"11":0},"b":{"0":[0,0],"1":[0],"2":[0,0],"3":[0,0],"4":[0],"5":[0],"6":[0],"7":[0,0],"8":[0],"9":[0],"10":[0,0],"11":[0,0],"12":[0],"13":[0],"14":[0,0,0,0,0,0],"15":[0,0,0]}}
,"E:\\AICreativeStudioPlatform\\video-service\\src\\domain\\providers\\VideoProvider.ts": {"path":"E:\\AICreativeStudioPlatform\\video-service\\src\\domain\\providers\\VideoProvider.ts","statementMap":{"0":{"start":{"line":16,"column":0},"end":{"line":16,"column":22}}},"fnMap":{},"branchMap":{},"s":{"0":1},"f":{},"b":{}}
,"E:\\AICreativeStudioPlatform\\video-service\\src\\infra\\repository.ts": {"path":"E:\\AICreativeStudioPlatform\\video-service\\src\\infra\\repository.ts","statementMap":{"0":{"start":{"line":16,"column":40},"end":{"line":16,"column":49}},"1":{"start":{"line":19,"column":4},"end":{"line":19,"column":31}},"2":{"start":{"line":20,"column":4},"end":{"line":20,"column":15}},"3":{"start":{"line":24,"column":4},"end":{"line":24,"column":37}},"4":{"start":{"line":28,"column":21},"end":{"line":28,"column":38}},"5":{"start":{"line":29,"column":4},"end":{"line":31,"column":5}},"6":{"start":{"line":30,"column":6},"end":{"line":30,"column":47}},"7":{"start":{"line":32,"column":30},"end":{"line":32,"column":94}},"8":{"start":{"line":33,"column":4},"end":{"line":33,"column":31}},"9":{"start":{"line":34,"column":4},"end":{"line":34,"column":19}},"10":{"start":{"line":38,"column":16},"end":{"line":38,"column":46}},"11":{"start":{"line":39,"column":4},"end":{"line":39,"column":27}},"12":{"start":{"line":39,"column":16},"end":{"line":39,"column":27}},"13":{"start":{"line":40,"column":4},"end":{"line":40,"column":55}},"14":{"start":{"line":40,"column":27},"end":{"line":40,"column":53}},"15":{"start":{"line":15,"column":0},"end":{"line":15,"column":13}}},"fnMap":{"0":{"name":"(anonymous_0)","decl":{"start":{"line":18,"column":2},"end":{"line":18,"column":7}},"loc":{"start":{"line":18,"column":29},"end":{"line":21,"column":3}}},"1":{"name":"(anonymous_1)","decl":{"start":{"line":23,"column":2},"end":{"line":23,"column":7}},"loc":{"start":{"line":23,"column":30},"end":{"line":25,"column":3}}},"2":{"name":"(anonymous_2)","decl":{"start":{"line":27,"column":2},"end":{"line":27,"column":7}},"loc":{"start":{"line":27,"column":55},"end":{"line":35,"column":3}}},"3":{"name":"(anonymous_3)","decl":{"start":{"line":37,"column":2},"end":{"line":37,"column":7}},"loc":{"start":{"line":37,"column":31},"end":{"line":41,"column":3}}},"4":{"name":"(anonymous_4)","decl":{"start":{"line":40,"column":22},"end":{"line":40,"column":23}},"loc":{"start":{"line":40,"column":27},"end":{"line":40,"column":53}}}},"branchMap":{"0":{"loc":{"start":{"line":24,"column":11},"end":{"line":24,"column":36}},"type":"binary-expr","locations":[{"start":{"line":24,"column":11},"end":{"line":24,"column":28}},{"start":{"line":24,"column":32},"end":{"line":24,"column":36}}]},"1":{"loc":{"start":{"line":29,"column":4},"end":{"line":31,"column":5}},"type":"if","locations":[{"start":{"line":29,"column":4},"end":{"line":31,"column":5}}]},"2":{"loc":{"start":{"line":39,"column":4},"end":{"line":39,"column":27}},"type":"if","locations":[{"start":{"line":39,"column":4},"end":{"line":39,"column":27}}]}},"s":{"0":9,"1":0,"2":0,"3":2,"4":0,"5":0,"6":0,"7":0,"8":0,"9":0,"10":0,"11":0,"12":0,"13":0,"14":0,"15":1},"f":{"0":0,"1":2,"2":0,"3":0,"4":0},"b":{"0":[2,2],"1":[0],"2":[0]}}
}
