TN:
SF:src\app.ts
FN:15,createApp
FNF:1
FNH:1
FNDA:9,createApp
DA:1,1
DA:2,1
DA:3,1
DA:4,1
DA:5,1
DA:6,1
DA:7,1
DA:15,1
DA:20,9
DA:21,9
DA:22,9
DA:24,9
DA:26,9
DA:32,9
DA:33,9
DA:35,9
DA:36,9
DA:38,9
DA:40,9
LF:19
LH:19
BRDA:15,0,0,9
BRDA:20,1,0,9
BRDA:20,1,1,9
BRDA:21,2,0,9
BRDA:21,2,1,9
BRDA:22,3,0,9
BRDA:22,3,1,9
BRDA:27,4,0,9
BRDA:27,4,1,9
BRF:9
BRH:9
end_of_record
TN:
SF:src\api\middleware.ts
FN:9,requestIdMiddleware
FN:16,errorHandlerMiddleware
FNF:2
FNH:2
FNDA:9,requestIdMiddleware
FNDA:7,errorHandlerMiddleware
DA:2,1
DA:3,1
DA:9,1
DA:10,9
DA:11,9
DA:12,9
DA:13,9
DA:16,1
DA:23,7
DA:25,7
DA:26,7
DA:34,7
DA:35,7
DA:38,0
DA:39,0
DA:47,0
LF:16
LH:13
BRDA:10,0,0,9
BRDA:10,0,1,8
BRDA:23,1,0,7
BRDA:23,1,1,0
BRDA:25,2,0,7
BRDA:30,3,0,7
BRDA:30,3,1,7
BRDA:42,4,0,0
BRDA:42,4,1,0
BRF:9
BRH:6
end_of_record
TN:
SF:src\api\routes.ts
FN:5,createRouter
FN:10,(anonymous_1)
FN:38,(anonymous_2)
FN:49,(anonymous_3)
FN:61,(anonymous_4)
FN:73,(anonymous_5)
FN:84,(anonymous_6)
FNF:7
FNH:6
FNDA:9,createRouter
FNDA:5,(anonymous_1)
FNDA:1,(anonymous_2)
FNDA:0,(anonymous_3)
FNDA:1,(anonymous_4)
FNDA:1,(anonymous_5)
FNDA:1,(anonymous_6)
DA:1,1
DA:5,1
DA:6,9
DA:10,9
DA:11,5
DA:12,5
DA:29,5
DA:30,0
DA:32,5
DA:38,9
DA:39,1
DA:40,1
DA:41,0
DA:43,1
DA:49,9
DA:50,0
DA:51,0
DA:52,0
DA:53,0
DA:55,0
DA:61,9
DA:62,1
DA:63,1
DA:64,0
DA:66,1
DA:73,9
DA:74,1
DA:75,1
DA:76,1
DA:78,0
DA:84,9
DA:85,1
DA:86,1
DA:94,1
DA:95,1
DA:97,0
DA:101,9
LF:37
LH:27
BRF:0
BRH:0
end_of_record
TN:
SF:src\domain\providerRegistry.ts
FN:18,(anonymous_0)
FN:32,(anonymous_1)
FN:33,(anonymous_2)
FN:39,(anonymous_3)
FN:47,(anonymous_4)
FN:65,(anonymous_5)
FN:66,(anonymous_6)
FN:97,(anonymous_7)
FN:108,(anonymous_8)
FNF:9
FNH:8
FNDA:9,(anonymous_0)
FNDA:3,(anonymous_1)
FNDA:15,(anonymous_2)
FNDA:1,(anonymous_3)
FNDA:1,(anonymous_4)
FNDA:2,(anonymous_5)
FNDA:2,(anonymous_6)
FNDA:1,(anonymous_7)
FNDA:0,(anonymous_8)
DA:8,1
DA:9,1
DA:10,1
DA:11,1
DA:12,1
DA:13,1
DA:15,1
DA:19,9
DA:33,15
DA:40,1
DA:49,1
DA:50,0
DA:51,0
DA:52,0
DA:54,0
DA:62,1
DA:63,1
DA:64,1
DA:65,2
DA:66,2
DA:68,1
DA:69,0
DA:76,1
DA:85,1
DA:86,0
DA:87,0
DA:88,0
DA:89,0
DA:97,1
DA:98,1
DA:99,0
DA:105,1
DA:109,0
LF:33
LH:22
BRDA:49,0,0,0
BRDA:51,1,0,0
BRDA:51,2,0,0
BRDA:51,2,1,0
BRDA:51,2,2,0
BRDA:63,3,0,1
BRDA:63,3,1,0
BRDA:68,4,0,0
BRDA:85,5,0,0
BRDA:87,6,0,0
BRDA:89,7,0,0
BRDA:89,8,0,0
BRDA:89,8,1,0
BRDA:98,9,0,0
BRF:14
BRH:1
end_of_record
TN:
SF:src\domain\types.ts
FN:106,(anonymous_0)
FNF:1
FNH:1
FNDA:7,(anonymous_0)
DA:101,1
DA:107,7
DA:108,7
DA:109,7
DA:110,7
DA:111,7
LF:6
LH:6
BRF:0
BRH:0
end_of_record
TN:
SF:src\domain\videoService.ts
FN:6,(anonymous_0)
FN:14,(anonymous_1)
FN:25,(anonymous_2)
FN:48,(anonymous_3)
FN:70,(anonymous_4)
FN:71,(anonymous_5)
FN:77,(anonymous_6)
FN:81,(anonymous_7)
FN:91,(anonymous_8)
FN:94,(anonymous_9)
FN:98,(anonymous_10)
FNF:11
FNH:10
FNDA:9,(anonymous_0)
FNDA:5,(anonymous_1)
FNDA:1,(anonymous_2)
FNDA:1,(anonymous_3)
FNDA:1,(anonymous_4)
FNDA:5,(anonymous_5)
FNDA:1,(anonymous_6)
FNDA:2,(anonymous_7)
FNDA:2,(anonymous_8)
FNDA:0,(anonymous_9)
FNDA:6,(anonymous_10)
DA:1,1
DA:5,1
DA:7,9
DA:8,9
DA:15,5
DA:17,1
DA:18,1
DA:19,0
DA:26,1
DA:27,1
DA:28,1
DA:32,0
DA:33,0
DA:36,0
DA:37,0
DA:38,0
DA:41,0
DA:42,0
DA:49,1
DA:50,1
DA:51,1
DA:54,0
DA:55,0
DA:58,0
DA:59,0
DA:60,0
DA:63,0
DA:71,5
DA:78,1
DA:80,1
DA:81,2
DA:83,1
DA:84,0
DA:91,2
DA:95,0
DA:99,6
DA:100,1
DA:102,5
DA:103,1
DA:105,4
DA:106,1
DA:108,3
DA:109,1
DA:111,2
DA:112,0
LF:45
LH:28
BRDA:27,0,0,1
BRDA:32,1,0,0
BRDA:32,2,0,0
BRDA:32,2,1,0
BRDA:32,2,2,0
BRDA:37,3,0,0
BRDA:50,4,0,1
BRDA:54,5,0,0
BRDA:54,6,0,0
BRDA:54,6,1,0
BRDA:54,6,2,0
BRDA:59,7,0,0
BRDA:83,8,0,0
BRDA:99,9,0,1
BRDA:99,10,0,6
BRDA:99,10,1,5
BRDA:102,11,0,1
BRDA:105,12,0,1
BRDA:105,13,0,4
BRDA:105,13,1,1
BRDA:108,14,0,1
BRDA:108,15,0,3
BRDA:108,15,1,1
BRDA:108,15,2,1
BRDA:111,16,0,0
BRDA:111,17,0,2
BRDA:111,17,1,0
BRF:27
BRH:14
end_of_record
TN:
SF:src\domain\providers\GoogleVeoAdapter.ts
FN:30,(anonymous_0)
FN:32,(anonymous_1)
FN:35,(anonymous_2)
FN:39,(anonymous_3)
FN:43,(anonymous_4)
FN:47,(anonymous_5)
FN:61,(anonymous_6)
FN:71,(anonymous_7)
FN:108,(anonymous_8)
FN:148,(anonymous_9)
FN:199,(anonymous_10)
FN:203,(anonymous_11)
FNF:12
FNH:7
FNDA:4,(anonymous_0)
FNDA:56,(anonymous_1)
FNDA:56,(anonymous_2)
FNDA:4,(anonymous_3)
FNDA:2,(anonymous_4)
FNDA:1,(anonymous_5)
FNDA:1,(anonymous_6)
FNDA:0,(anonymous_7)
FNDA:0,(anonymous_8)
FNDA:0,(anonymous_9)
FNDA:0,(anonymous_10)
FNDA:0,(anonymous_11)
DA:8,1
DA:9,1
DA:18,1
DA:20,1
DA:21,1
DA:23,1
DA:24,9
DA:25,9
DA:31,4
DA:32,56
DA:33,4
DA:34,4
DA:35,56
DA:36,4
DA:40,4
DA:44,2
DA:48,1
DA:62,1
DA:63,1
DA:72,0
DA:73,0
DA:74,0
DA:77,0
DA:78,0
DA:80,0
DA:81,0
DA:82,0
DA:84,0
DA:93,0
DA:96,0
DA:97,0
DA:98,0
DA:107,0
DA:108,0
DA:109,0
DA:110,0
DA:111,0
DA:112,0
DA:114,0
DA:115,0
DA:117,0
DA:120,0
DA:121,0
DA:122,0
DA:125,0
DA:136,0
DA:137,0
DA:138,0
DA:140,0
DA:145,0
DA:149,0
DA:150,0
DA:151,0
DA:154,0
DA:155,0
DA:160,0
DA:161,0
DA:164,0
DA:175,0
DA:176,0
DA:177,0
DA:180,0
DA:185,0
DA:204,0
DA:205,0
DA:206,0
DA:207,0
DA:209,0
LF:68
LH:19
BRDA:31,0,0,4
BRDA:31,0,1,0
BRDA:32,1,0,4
BRDA:32,1,1,0
BRDA:34,2,0,4
BRDA:34,3,0,4
BRDA:34,3,1,4
BRDA:62,4,0,1
BRDA:62,4,1,1
BRDA:73,5,0,0
BRDA:81,6,0,0
BRDA:82,7,0,0
BRDA:89,8,0,0
BRDA:89,8,1,0
BRDA:107,9,0,0
BRDA:109,10,0,0
BRDA:109,11,0,0
BRDA:109,11,1,0
BRDA:114,12,0,0
BRDA:115,13,0,0
BRDA:115,13,1,0
BRDA:117,14,0,0
BRDA:117,14,1,0
BRDA:121,15,0,0
BRDA:136,16,0,0
BRDA:137,17,0,0
BRDA:145,18,0,0
BRDA:145,18,1,0
BRDA:150,19,0,0
BRDA:160,20,0,0
BRDA:180,21,0,0
BRDA:180,21,1,0
BRDA:180,21,2,0
BRDA:180,21,3,0
BRDA:189,22,0,0
BRDA:189,22,1,0
BRDA:189,23,0,0
BRDA:189,23,1,0
BRDA:190,24,0,0
BRDA:190,24,1,0
BRDA:204,25,0,0
BRF:41
BRH:7
end_of_record
TN:
SF:src\domain\providers\LumaAdapter.ts
FN:26,(anonymous_0)
FN:30,(anonymous_1)
FN:34,(anonymous_2)
FN:38,(anonymous_3)
FN:52,(anonymous_4)
FN:62,(anonymous_5)
FN:89,(anonymous_6)
FN:105,(anonymous_7)
FN:126,(anonymous_8)
FN:164,(anonymous_9)
FN:172,(anonymous_10)
FN:184,(anonymous_11)
FNF:12
FNH:3
FNDA:4,(anonymous_0)
FNDA:4,(anonymous_1)
FNDA:0,(anonymous_2)
FNDA:1,(anonymous_3)
FNDA:0,(anonymous_4)
FNDA:0,(anonymous_5)
FNDA:0,(anonymous_6)
FNDA:0,(anonymous_7)
FNDA:0,(anonymous_8)
FNDA:0,(anonymous_9)
FNDA:0,(anonymous_10)
FNDA:0,(anonymous_11)
DA:8,1
DA:9,1
DA:18,1
DA:20,1
DA:22,1
DA:23,9
DA:24,9
DA:27,4
DA:31,4
DA:35,0
DA:39,1
DA:53,0
DA:54,0
DA:63,0
DA:64,0
DA:67,0
DA:68,0
DA:70,0
DA:77,0
DA:78,0
DA:87,0
DA:88,0
DA:89,0
DA:90,0
DA:92,0
DA:95,0
DA:104,0
DA:105,0
DA:106,0
DA:107,0
DA:109,0
DA:112,0
DA:114,0
DA:127,0
DA:128,0
DA:131,0
DA:135,0
DA:136,0
DA:139,0
DA:146,0
DA:147,0
DA:149,0
DA:165,0
DA:166,0
DA:173,0
DA:174,0
DA:175,0
DA:178,0
DA:180,0
DA:185,0
DA:186,0
DA:187,0
DA:188,0
DA:189,0
DA:190,0
LF:55
LH:10
BRDA:53,0,0,0
BRDA:53,0,1,0
BRDA:63,1,0,0
BRDA:72,2,0,0
BRDA:72,2,1,0
BRDA:77,3,0,0
BRDA:87,4,0,0
BRDA:87,5,0,0
BRDA:87,5,1,0
BRDA:104,6,0,0
BRDA:106,7,0,0
BRDA:109,8,0,0
BRDA:109,8,1,0
BRDA:127,9,0,0
BRDA:135,10,0,0
BRDA:154,11,0,0
BRDA:154,11,1,0
BRDA:157,12,0,0
BRDA:157,12,1,0
BRDA:165,13,0,0
BRDA:173,14,0,0
BRDA:185,15,0,0
BRDA:185,15,1,0
BRDA:185,15,2,0
BRDA:185,15,3,0
BRDA:185,15,4,0
BRF:26
BRH:0
end_of_record
TN:
SF:src\domain\providers\OpenAIVideoAdapter.ts
FN:26,(anonymous_0)
FN:30,(anonymous_1)
FN:34,(anonymous_2)
FN:38,(anonymous_3)
FN:52,(anonymous_4)
FN:62,(anonymous_5)
FN:98,(anonymous_6)
FN:145,(anonymous_7)
FN:182,(anonymous_8)
FN:186,(anonymous_9)
FN:198,(anonymous_10)
FN:210,(anonymous_11)
FNF:12
FNH:8
FNDA:6,(anonymous_0)
FNDA:4,(anonymous_1)
FNDA:3,(anonymous_2)
FNDA:1,(anonymous_3)
FNDA:1,(anonymous_4)
FNDA:1,(anonymous_5)
FNDA:1,(anonymous_6)
FNDA:0,(anonymous_7)
FNDA:0,(anonymous_8)
FNDA:0,(anonymous_9)
FNDA:0,(anonymous_10)
FNDA:1,(anonymous_11)
DA:8,1
DA:9,1
DA:18,1
DA:20,1
DA:22,1
DA:23,9
DA:24,9
DA:27,6
DA:31,4
DA:35,3
DA:39,1
DA:53,1
DA:54,1
DA:63,1
DA:64,0
DA:67,1
DA:68,1
DA:70,1
DA:71,1
DA:72,1
DA:73,1
DA:74,0
DA:77,1
DA:84,1
DA:85,0
DA:88,1
DA:97,1
DA:98,1
DA:99,1
DA:100,1
DA:106,0
DA:107,0
DA:109,0
DA:110,0
DA:112,0
DA:116,0
DA:119,0
DA:120,0
DA:133,0
DA:146,0
DA:147,0
DA:150,0
DA:154,0
DA:155,0
DA:158,0
DA:165,0
DA:166,0
DA:168,0
DA:187,0
DA:188,0
DA:189,0
DA:192,0
DA:194,0
DA:199,0
DA:200,0
DA:201,0
DA:203,0
DA:204,0
DA:205,0
DA:206,0
DA:211,1
DA:212,1
DA:213,0
DA:214,0
DA:215,1
LF:65
LH:30
BRDA:53,0,0,1
BRDA:53,0,1,1
BRDA:63,1,0,0
BRDA:71,2,0,0
BRDA:72,3,0,0
BRDA:73,4,0,0
BRDA:73,5,0,1
BRDA:73,5,1,0
BRDA:81,6,0,1
BRDA:81,6,1,1
BRDA:81,7,0,1
BRDA:81,7,1,1
BRDA:84,8,0,0
BRDA:97,9,0,1
BRDA:99,10,0,1
BRDA:106,11,0,0
BRDA:109,12,0,0
BRDA:109,13,0,0
BRDA:109,13,1,0
BRDA:112,14,0,0
BRDA:112,14,1,0
BRDA:119,15,0,0
BRDA:123,16,0,0
BRDA:123,16,1,0
BRDA:136,17,0,0
BRDA:136,17,1,0
BRDA:146,18,0,0
BRDA:154,19,0,0
BRDA:173,20,0,0
BRDA:173,20,1,0
BRDA:187,21,0,0
BRDA:199,22,0,0
BRDA:199,22,1,0
BRDA:199,22,2,0
BRDA:199,22,3,0
BRDA:199,22,4,0
BRDA:199,22,5,0
BRDA:199,22,6,0
BRDA:212,23,0,0
BRDA:212,23,1,0
BRDA:212,23,2,1
BRDA:213,24,0,0
BRDA:213,24,1,0
BRDA:214,25,0,0
BRDA:214,25,1,0
BRDA:215,26,0,1
BRDA:215,26,1,0
BRF:47
BRH:11
end_of_record
TN:
SF:src\domain\providers\PikaAdapter.ts
FN:26,(anonymous_0)
FN:30,(anonymous_1)
FN:34,(anonymous_2)
FN:38,(anonymous_3)
FN:52,(anonymous_4)
FN:62,(anonymous_5)
FN:92,(anonymous_6)
FN:116,(anonymous_7)
FN:156,(anonymous_8)
FN:164,(anonymous_9)
FN:176,(anonymous_10)
FNF:11
FNH:3
FNDA:4,(anonymous_0)
FNDA:4,(anonymous_1)
FNDA:0,(anonymous_2)
FNDA:1,(anonymous_3)
FNDA:0,(anonymous_4)
FNDA:0,(anonymous_5)
FNDA:0,(anonymous_6)
FNDA:0,(anonymous_7)
FNDA:0,(anonymous_8)
FNDA:0,(anonymous_9)
FNDA:0,(anonymous_10)
DA:8,1
DA:9,1
DA:18,1
DA:20,1
DA:22,1
DA:23,9
DA:24,9
DA:27,4
DA:31,4
DA:35,0
DA:39,1
DA:53,0
DA:54,0
DA:63,0
DA:64,0
DA:67,0
DA:68,0
DA:70,0
DA:78,0
DA:79,0
DA:82,0
DA:91,0
DA:92,0
DA:93,0
DA:94,0
DA:96,0
DA:97,0
DA:99,0
DA:102,0
DA:104,0
DA:117,0
DA:118,0
DA:121,0
DA:125,0
DA:126,0
DA:129,0
DA:138,0
DA:139,0
DA:141,0
DA:157,0
DA:158,0
DA:165,0
DA:166,0
DA:167,0
DA:170,0
DA:172,0
DA:177,0
DA:178,0
DA:180,0
DA:183,0
DA:185,0
DA:186,0
DA:187,0
LF:53
LH:10
BRDA:53,0,0,0
BRDA:53,0,1,0
BRDA:63,1,0,0
BRDA:72,2,0,0
BRDA:72,2,1,0
BRDA:73,3,0,0
BRDA:73,3,1,0
BRDA:74,4,0,0
BRDA:74,4,1,0
BRDA:75,5,0,0
BRDA:75,5,1,0
BRDA:78,6,0,0
BRDA:91,7,0,0
BRDA:93,8,0,0
BRDA:96,9,0,0
BRDA:97,10,0,0
BRDA:97,10,1,0
BRDA:99,11,0,0
BRDA:99,11,1,0
BRDA:117,12,0,0
BRDA:125,13,0,0
BRDA:146,14,0,0
BRDA:146,14,1,0
BRDA:146,15,0,0
BRDA:146,15,1,0
BRDA:157,16,0,0
BRDA:165,17,0,0
BRDA:177,18,0,0
BRDA:177,18,1,0
BRDA:177,18,2,0
BRDA:177,18,3,0
BRDA:177,18,4,0
BRDA:177,18,5,0
BRDA:177,18,6,0
BRDA:177,18,7,0
BRDA:177,18,8,0
BRDA:177,18,9,0
BRF:37
BRH:0
end_of_record
TN:
SF:src\domain\providers\RunwayAdapter.ts
FN:26,(anonymous_0)
FN:30,(anonymous_1)
FN:34,(anonymous_2)
FN:38,(anonymous_3)
FN:52,(anonymous_4)
FN:62,(anonymous_5)
FN:94,(anonymous_6)
FN:115,(anonymous_7)
FN:156,(anonymous_8)
FN:167,(anonymous_9)
FN:179,(anonymous_10)
FN:190,(anonymous_11)
FNF:12
FNH:3
FNDA:4,(anonymous_0)
FNDA:4,(anonymous_1)
FNDA:0,(anonymous_2)
FNDA:1,(anonymous_3)
FNDA:0,(anonymous_4)
FNDA:0,(anonymous_5)
FNDA:0,(anonymous_6)
FNDA:0,(anonymous_7)
FNDA:0,(anonymous_8)
FNDA:0,(anonymous_9)
FNDA:0,(anonymous_10)
FNDA:0,(anonymous_11)
DA:8,1
DA:9,1
DA:18,1
DA:20,1
DA:22,1
DA:23,9
DA:24,9
DA:27,4
DA:31,4
DA:35,0
DA:39,1
DA:53,0
DA:54,0
DA:63,0
DA:64,0
DA:67,0
DA:68,0
DA:72,0
DA:79,0
DA:80,0
DA:83,0
DA:93,0
DA:94,0
DA:95,0
DA:96,0
DA:98,0
DA:101,0
DA:103,0
DA:116,0
DA:117,0
DA:120,0
DA:127,0
DA:128,0
DA:131,0
DA:139,0
DA:140,0
DA:142,0
DA:157,0
DA:158,0
DA:168,0
DA:169,0
DA:170,0
DA:173,0
DA:175,0
DA:180,0
DA:181,0
DA:182,0
DA:183,0
DA:184,0
DA:185,0
DA:186,0
DA:191,0
DA:192,0
DA:193,0
DA:194,0
LF:55
LH:10
BRDA:53,0,0,0
BRDA:53,0,1,0
BRDA:63,1,0,0
BRDA:75,2,0,0
BRDA:75,2,1,0
BRDA:76,3,0,0
BRDA:76,3,1,0
BRDA:79,4,0,0
BRDA:93,5,0,0
BRDA:95,6,0,0
BRDA:98,7,0,0
BRDA:98,7,1,0
BRDA:116,8,0,0
BRDA:127,9,0,0
BRDA:147,10,0,0
BRDA:147,10,1,0
BRDA:147,11,0,0
BRDA:147,11,1,0
BRDA:157,12,0,0
BRDA:168,13,0,0
BRDA:180,14,0,0
BRDA:180,14,1,0
BRDA:180,14,2,0
BRDA:180,14,3,0
BRDA:180,14,4,0
BRDA:180,14,5,0
BRDA:191,15,0,0
BRDA:191,15,1,0
BRDA:191,15,2,0
BRF:29
BRH:0
end_of_record
TN:
SF:src\domain\providers\VideoProvider.ts
FNF:0
FNH:0
DA:16,1
LF:1
LH:1
BRF:0
BRH:0
end_of_record
TN:
SF:src\infra\repository.ts
FN:18,(anonymous_0)
FN:23,(anonymous_1)
FN:27,(anonymous_2)
FN:37,(anonymous_3)
FN:40,(anonymous_4)
FNF:5
FNH:1
FNDA:0,(anonymous_0)
FNDA:2,(anonymous_1)
FNDA:0,(anonymous_2)
FNDA:0,(anonymous_3)
FNDA:0,(anonymous_4)
DA:15,1
DA:16,9
DA:19,0
DA:20,0
DA:24,2
DA:28,0
DA:29,0
DA:30,0
DA:32,0
DA:33,0
DA:34,0
DA:38,0
DA:39,0
DA:40,0
LF:14
LH:3
BRDA:24,0,0,2
BRDA:24,0,1,2
BRDA:29,1,0,0
BRDA:39,2,0,0
BRF:4
BRH:2
end_of_record
