{"E:\\AICreativeStudioPlatform\\routing-engine\\src\\app.ts": {"path":"E:\\AICreativeStudioPlatform\\routing-engine\\src\\app.ts","statementMap":{"0":{"start":{"line":20,"column":0},"end":{"line":20,"column":16}},"1":{"start":{"line":1,"column":0},"end":{"line":1,"column":43}},"2":{"start":{"line":2,"column":0},"end":{"line":2,"column":24}},"3":{"start":{"line":3,"column":0},"end":{"line":3,"column":79}},"4":{"start":{"line":4,"column":0},"end":{"line":4,"column":44}},"5":{"start":{"line":5,"column":0},"end":{"line":5,"column":57}},"6":{"start":{"line":6,"column":0},"end":{"line":6,"column":50}},"7":{"start":{"line":7,"column":0},"end":{"line":7,"column":53}},"8":{"start":{"line":8,"column":0},"end":{"line":8,"column":92}},"9":{"start":{"line":9,"column":0},"end":{"line":9,"column":67}},"10":{"start":{"line":10,"column":0},"end":{"line":10,"column":70}},"11":{"start":{"line":29,"column":25},"end":{"line":29,"column":80}},"12":{"start":{"line":30,"column":17},"end":{"line":30,"column":53}},"13":{"start":{"line":31,"column":23},"end":{"line":31,"column":62}},"14":{"start":{"line":32,"column":16},"end":{"line":32,"column":56}},"15":{"start":{"line":33,"column":25},"end":{"line":33,"column":70}},"16":{"start":{"line":35,"column":25},"end":{"line":35,"column":104}},"17":{"start":{"line":37,"column":14},"end":{"line":37,"column":23}},"18":{"start":{"line":38,"column":2},"end":{"line":42,"column":6}},"19":{"start":{"line":43,"column":2},"end":{"line":43,"column":26}},"20":{"start":{"line":44,"column":2},"end":{"line":44,"column":31}},"21":{"start":{"line":46,"column":17},"end":{"line":46,"column":45}},"22":{"start":{"line":47,"column":2},"end":{"line":47,"column":23}},"23":{"start":{"line":49,"column":2},"end":{"line":49,"column":34}},"24":{"start":{"line":51,"column":2},"end":{"line":59,"column":4}}},"fnMap":{"0":{"name":"createApp","decl":{"start":{"line":20,"column":16},"end":{"line":20,"column":25}},"loc":{"start":{"line":20,"column":52},"end":{"line":60,"column":1}}}},"branchMap":{"0":{"loc":{"start":{"line":20,"column":26},"end":{"line":20,"column":52}},"type":"default-arg","locations":[{"start":{"line":20,"column":50},"end":{"line":20,"column":52}}]},"1":{"loc":{"start":{"line":29,"column":25},"end":{"line":29,"column":80}},"type":"binary-expr","locations":[{"start":{"line":29,"column":25},"end":{"line":29,"column":44}},{"start":{"line":29,"column":48},"end":{"line":29,"column":80}}]},"2":{"loc":{"start":{"line":30,"column":17},"end":{"line":30,"column":53}},"type":"binary-expr","locations":[{"start":{"line":30,"column":17},"end":{"line":30,"column":28}},{"start":{"line":30,"column":32},"end":{"line":30,"column":53}}]},"3":{"loc":{"start":{"line":31,"column":23},"end":{"line":31,"column":62}},"type":"binary-expr","locations":[{"start":{"line":31,"column":23},"end":{"line":31,"column":40}},{"start":{"line":31,"column":44},"end":{"line":31,"column":62}}]},"4":{"loc":{"start":{"line":32,"column":16},"end":{"line":32,"column":56}},"type":"binary-expr","locations":[{"start":{"line":32,"column":16},"end":{"line":32,"column":26}},{"start":{"line":32,"column":30},"end":{"line":32,"column":56}}]},"5":{"loc":{"start":{"line":33,"column":25},"end":{"line":33,"column":70}},"type":"binary-expr","locations":[{"start":{"line":33,"column":25},"end":{"line":33,"column":44}},{"start":{"line":33,"column":48},"end":{"line":33,"column":70}}]},"6":{"loc":{"start":{"line":39,"column":12},"end":{"line":39,"column":42}},"type":"binary-expr","locations":[{"start":{"line":39,"column":12},"end":{"line":39,"column":35}},{"start":{"line":39,"column":39},"end":{"line":39,"column":42}}]}},"s":{"0":1,"1":1,"2":1,"3":1,"4":1,"5":1,"6":1,"7":1,"8":1,"9":1,"10":1,"11":5,"12":5,"13":5,"14":5,"15":5,"16":5,"17":5,"18":5,"19":5,"20":5,"21":5,"22":5,"23":5,"24":5},"f":{"0":5},"b":{"0":[5],"1":[5,5],"2":[5,5],"3":[5,5],"4":[5,5],"5":[5,5],"6":[5,5]}}
,"E:\\AICreativeStudioPlatform\\routing-engine\\src\\api\\middleware.ts": {"path":"E:\\AICreativeStudioPlatform\\routing-engine\\src\\api\\middleware.ts","statementMap":{"0":{"start":{"line":9,"column":0},"end":{"line":9,"column":16}},"1":{"start":{"line":16,"column":0},"end":{"line":16,"column":16}},"2":{"start":{"line":2,"column":0},"end":{"line":2,"column":36}},"3":{"start":{"line":3,"column":0},"end":{"line":3,"column":65}},"4":{"start":{"line":10,"column":17},"end":{"line":10,"column":67}},"5":{"start":{"line":11,"column":2},"end":{"line":11,"column":24}},"6":{"start":{"line":12,"column":2},"end":{"line":12,"column":39}},"7":{"start":{"line":13,"column":2},"end":{"line":13,"column":9}},"8":{"start":{"line":23,"column":20},"end":{"line":23,"column":45}},"9":{"start":{"line":25,"column":2},"end":{"line":36,"column":3}},"10":{"start":{"line":26,"column":47},"end":{"line":33,"column":6}},"11":{"start":{"line":34,"column":4},"end":{"line":34,"column":50}},"12":{"start":{"line":35,"column":4},"end":{"line":35,"column":11}},"13":{"start":{"line":38,"column":45},"end":{"line":45,"column":4}},"14":{"start":{"line":46,"column":2},"end":{"line":46,"column":37}}},"fnMap":{"0":{"name":"requestIdMiddleware","decl":{"start":{"line":9,"column":16},"end":{"line":9,"column":35}},"loc":{"start":{"line":9,"column":89},"end":{"line":14,"column":1}}},"1":{"name":"errorHandlerMiddleware","decl":{"start":{"line":16,"column":16},"end":{"line":16,"column":38}},"loc":{"start":{"line":21,"column":20},"end":{"line":47,"column":1}}}},"branchMap":{"0":{"loc":{"start":{"line":10,"column":17},"end":{"line":10,"column":67}},"type":"binary-expr","locations":[{"start":{"line":10,"column":17},"end":{"line":10,"column":55}},{"start":{"line":10,"column":59},"end":{"line":10,"column":67}}]},"1":{"loc":{"start":{"line":23,"column":20},"end":{"line":23,"column":45}},"type":"binary-expr","locations":[{"start":{"line":23,"column":20},"end":{"line":23,"column":33}},{"start":{"line":23,"column":37},"end":{"line":23,"column":45}}]},"2":{"loc":{"start":{"line":25,"column":2},"end":{"line":36,"column":3}},"type":"if","locations":[{"start":{"line":25,"column":2},"end":{"line":36,"column":3}}]},"3":{"loc":{"start":{"line":30,"column":17},"end":{"line":30,"column":34}},"type":"binary-expr","locations":[{"start":{"line":30,"column":17},"end":{"line":30,"column":28}},{"start":{"line":30,"column":32},"end":{"line":30,"column":34}}]},"4":{"loc":{"start":{"line":41,"column":15},"end":{"line":41,"column":60}},"type":"binary-expr","locations":[{"start":{"line":41,"column":15},"end":{"line":41,"column":26}},{"start":{"line":41,"column":30},"end":{"line":41,"column":60}}]}},"s":{"0":1,"1":1,"2":1,"3":1,"4":7,"5":7,"6":7,"7":7,"8":2,"9":2,"10":1,"11":1,"12":1,"13":1,"14":1},"f":{"0":7,"1":2},"b":{"0":[7,6],"1":[2,0],"2":[1],"3":[1,1],"4":[1,0]}}
,"E:\\AICreativeStudioPlatform\\routing-engine\\src\\api\\routes.ts": {"path":"E:\\AICreativeStudioPlatform\\routing-engine\\src\\api\\routes.ts","statementMap":{"0":{"start":{"line":5,"column":0},"end":{"line":5,"column":16}},"1":{"start":{"line":1,"column":0},"end":{"line":1,"column":66}},"2":{"start":{"line":2,"column":0},"end":{"line":2,"column":36}},"3":{"start":{"line":6,"column":17},"end":{"line":6,"column":25}},"4":{"start":{"line":9,"column":2},"end":{"line":35,"column":5}},"5":{"start":{"line":10,"column":4},"end":{"line":34,"column":5}},"6":{"start":{"line":19,"column":10},"end":{"line":19,"column":18}},"7":{"start":{"line":21,"column":23},"end":{"line":29,"column":8}},"8":{"start":{"line":31,"column":6},"end":{"line":31,"column":37}},"9":{"start":{"line":33,"column":6},"end":{"line":33,"column":16}},"10":{"start":{"line":38,"column":2},"end":{"line":45,"column":5}},"11":{"start":{"line":39,"column":4},"end":{"line":44,"column":5}},"12":{"start":{"line":40,"column":21},"end":{"line":40,"column":73}},"13":{"start":{"line":41,"column":6},"end":{"line":41,"column":39}},"14":{"start":{"line":43,"column":6},"end":{"line":43,"column":16}},"15":{"start":{"line":48,"column":2},"end":{"line":60,"column":5}},"16":{"start":{"line":49,"column":4},"end":{"line":59,"column":5}},"17":{"start":{"line":50,"column":89},"end":{"line":50,"column":97}},"18":{"start":{"line":51,"column":21},"end":{"line":55,"column":8}},"19":{"start":{"line":56,"column":6},"end":{"line":56,"column":39}},"20":{"start":{"line":58,"column":6},"end":{"line":58,"column":16}},"21":{"start":{"line":63,"column":2},"end":{"line":83,"column":5}},"22":{"start":{"line":64,"column":4},"end":{"line":82,"column":5}},"23":{"start":{"line":66,"column":8},"end":{"line":66,"column":16}},"24":{"start":{"line":68,"column":6},"end":{"line":77,"column":9}},"25":{"start":{"line":79,"column":6},"end":{"line":79,"column":55}},"26":{"start":{"line":81,"column":6},"end":{"line":81,"column":16}},"27":{"start":{"line":85,"column":2},"end":{"line":85,"column":16}}},"fnMap":{"0":{"name":"createRouter","decl":{"start":{"line":5,"column":16},"end":{"line":5,"column":28}},"loc":{"start":{"line":5,"column":59},"end":{"line":86,"column":1}}},"1":{"name":"(anonymous_1)","decl":{"start":{"line":9,"column":35},"end":{"line":9,"column":40}},"loc":{"start":{"line":9,"column":93},"end":{"line":35,"column":3}}},"2":{"name":"(anonymous_2)","decl":{"start":{"line":38,"column":45},"end":{"line":38,"column":50}},"loc":{"start":{"line":38,"column":103},"end":{"line":45,"column":3}}},"3":{"name":"(anonymous_3)","decl":{"start":{"line":48,"column":45},"end":{"line":48,"column":50}},"loc":{"start":{"line":48,"column":103},"end":{"line":60,"column":3}}},"4":{"name":"(anonymous_4)","decl":{"start":{"line":63,"column":38},"end":{"line":63,"column":43}},"loc":{"start":{"line":63,"column":96},"end":{"line":83,"column":3}}}},"branchMap":{"0":{"loc":{"start":{"line":22,"column":20},"end":{"line":22,"column":42}},"type":"binary-expr","locations":[{"start":{"line":22,"column":20},"end":{"line":22,"column":30}},{"start":{"line":22,"column":34},"end":{"line":22,"column":42}}]},"1":{"loc":{"start":{"line":52,"column":26},"end":{"line":52,"column":56}},"type":"binary-expr","locations":[{"start":{"line":52,"column":26},"end":{"line":52,"column":42}},{"start":{"line":52,"column":46},"end":{"line":52,"column":56}}]},"2":{"loc":{"start":{"line":53,"column":36},"end":{"line":53,"column":112}},"type":"cond-expr","locations":[{"start":{"line":53,"column":79},"end":{"line":53,"column":105}},{"start":{"line":53,"column":108},"end":{"line":53,"column":112}}]},"3":{"loc":{"start":{"line":54,"column":34},"end":{"line":54,"column":64}},"type":"binary-expr","locations":[{"start":{"line":54,"column":34},"end":{"line":54,"column":58}},{"start":{"line":54,"column":62},"end":{"line":54,"column":64}}]}},"s":{"0":1,"1":1,"2":1,"3":5,"4":5,"5":4,"6":4,"7":4,"8":2,"9":2,"10":5,"11":1,"12":1,"13":1,"14":0,"15":5,"16":1,"17":1,"18":1,"19":1,"20":0,"21":5,"22":1,"23":1,"24":1,"25":1,"26":0,"27":5},"f":{"0":5,"1":4,"2":1,"3":1,"4":1},"b":{"0":[4,4],"1":[1,0],"2":[1,0],"3":[1,0]}}
,"E:\\AICreativeStudioPlatform\\routing-engine\\src\\domain\\policyEngine.ts": {"path":"E:\\AICreativeStudioPlatform\\routing-engine\\src\\domain\\policyEngine.ts","statementMap":{"0":{"start":{"line":9,"column":4},"end":{"line":43,"column":7}},"1":{"start":{"line":11,"column":6},"end":{"line":13,"column":7}},"2":{"start":{"line":12,"column":8},"end":{"line":12,"column":21}},"3":{"start":{"line":16,"column":6},"end":{"line":21,"column":7}},"4":{"start":{"line":17,"column":30},"end":{"line":17,"column":106}},"5":{"start":{"line":18,"column":8},"end":{"line":20,"column":9}},"6":{"start":{"line":19,"column":10},"end":{"line":19,"column":23}},"7":{"start":{"line":24,"column":6},"end":{"line":26,"column":7}},"8":{"start":{"line":25,"column":8},"end":{"line":25,"column":21}},"9":{"start":{"line":29,"column":6},"end":{"line":33,"column":7}},"10":{"start":{"line":30,"column":8},"end":{"line":32,"column":9}},"11":{"start":{"line":31,"column":10},"end":{"line":31,"column":23}},"12":{"start":{"line":36,"column":6},"end":{"line":40,"column":7}},"13":{"start":{"line":37,"column":8},"end":{"line":39,"column":9}},"14":{"start":{"line":38,"column":10},"end":{"line":38,"column":23}},"15":{"start":{"line":42,"column":6},"end":{"line":42,"column":18}},"16":{"start":{"line":3,"column":0},"end":{"line":3,"column":13}}},"fnMap":{"0":{"name":"(anonymous_0)","decl":{"start":{"line":4,"column":2},"end":{"line":4,"column":18}},"loc":{"start":{"line":7,"column":29},"end":{"line":44,"column":3}}},"1":{"name":"(anonymous_1)","decl":{"start":{"line":9,"column":29},"end":{"line":9,"column":30}},"loc":{"start":{"line":9,"column":35},"end":{"line":43,"column":5}}}},"branchMap":{"0":{"loc":{"start":{"line":11,"column":6},"end":{"line":13,"column":7}},"type":"if","locations":[{"start":{"line":11,"column":6},"end":{"line":13,"column":7}}]},"1":{"loc":{"start":{"line":16,"column":6},"end":{"line":21,"column":7}},"type":"if","locations":[{"start":{"line":16,"column":6},"end":{"line":21,"column":7}}]},"2":{"loc":{"start":{"line":16,"column":10},"end":{"line":16,"column":55}},"type":"binary-expr","locations":[{"start":{"line":16,"column":10},"end":{"line":16,"column":24}},{"start":{"line":16,"column":28},"end":{"line":16,"column":55}}]},"3":{"loc":{"start":{"line":17,"column":30},"end":{"line":17,"column":106}},"type":"binary-expr","locations":[{"start":{"line":17,"column":30},"end":{"line":17,"column":69}},{"start":{"line":17,"column":73},"end":{"line":17,"column":106}}]},"4":{"loc":{"start":{"line":18,"column":8},"end":{"line":20,"column":9}},"type":"if","locations":[{"start":{"line":18,"column":8},"end":{"line":20,"column":9}}]},"5":{"loc":{"start":{"line":24,"column":6},"end":{"line":26,"column":7}},"type":"if","locations":[{"start":{"line":24,"column":6},"end":{"line":26,"column":7}}]},"6":{"loc":{"start":{"line":24,"column":10},"end":{"line":24,"column":75}},"type":"binary-expr","locations":[{"start":{"line":24,"column":10},"end":{"line":24,"column":16}},{"start":{"line":24,"column":20},"end":{"line":24,"column":75}}]},"7":{"loc":{"start":{"line":29,"column":6},"end":{"line":33,"column":7}},"type":"if","locations":[{"start":{"line":29,"column":6},"end":{"line":33,"column":7}}]},"8":{"loc":{"start":{"line":29,"column":10},"end":{"line":29,"column":77}},"type":"binary-expr","locations":[{"start":{"line":29,"column":10},"end":{"line":29,"column":44}},{"start":{"line":29,"column":48},"end":{"line":29,"column":77}}]},"9":{"loc":{"start":{"line":30,"column":8},"end":{"line":32,"column":9}},"type":"if","locations":[{"start":{"line":30,"column":8},"end":{"line":32,"column":9}}]},"10":{"loc":{"start":{"line":36,"column":6},"end":{"line":40,"column":7}},"type":"if","locations":[{"start":{"line":36,"column":6},"end":{"line":40,"column":7}}]},"11":{"loc":{"start":{"line":36,"column":10},"end":{"line":36,"column":113}},"type":"binary-expr","locations":[{"start":{"line":36,"column":10},"end":{"line":36,"column":16}},{"start":{"line":36,"column":20},"end":{"line":36,"column":62}},{"start":{"line":36,"column":66},"end":{"line":36,"column":113}}]},"12":{"loc":{"start":{"line":37,"column":8},"end":{"line":39,"column":9}},"type":"if","locations":[{"start":{"line":37,"column":8},"end":{"line":39,"column":9}}]}},"s":{"0":10,"1":20,"2":4,"3":16,"4":2,"5":2,"6":1,"7":15,"8":2,"9":13,"10":2,"11":1,"12":12,"13":4,"14":1,"15":11,"16":3},"f":{"0":10,"1":20},"b":{"0":[4],"1":[2],"2":[16,2],"3":[2,1],"4":[1],"5":[2],"6":[15,6],"7":[2],"8":[13,2],"9":[1],"10":[4],"11":[12,4,4],"12":[1]}}
,"E:\\AICreativeStudioPlatform\\routing-engine\\src\\domain\\routingService.ts": {"path":"E:\\AICreativeStudioPlatform\\routing-engine\\src\\domain\\routingService.ts","statementMap":{"0":{"start":{"line":1,"column":0},"end":{"line":1,"column":null}},"1":{"start":{"line":17,"column":48},"end":{"line":17,"column":57}},"2":{"start":{"line":20,"column":12},"end":{"line":20,"column":50}},"3":{"start":{"line":21,"column":12},"end":{"line":21,"column":35}},"4":{"start":{"line":22,"column":12},"end":{"line":22,"column":38}},"5":{"start":{"line":23,"column":12},"end":{"line":23,"column":31}},"6":{"start":{"line":24,"column":12},"end":{"line":24,"column":42}},"7":{"start":{"line":28,"column":4},"end":{"line":30,"column":5}},"8":{"start":{"line":29,"column":6},"end":{"line":29,"column":80}},"9":{"start":{"line":33,"column":21},"end":{"line":33,"column":95}},"10":{"start":{"line":34,"column":21},"end":{"line":34,"column":82}},"11":{"start":{"line":36,"column":4},"end":{"line":42,"column":5}},"12":{"start":{"line":37,"column":6},"end":{"line":40,"column":8}},"13":{"start":{"line":41,"column":6},"end":{"line":41,"column":53}},"14":{"start":{"line":45,"column":35},"end":{"line":45,"column":39}},"15":{"start":{"line":46,"column":4},"end":{"line":48,"column":5}},"16":{"start":{"line":47,"column":6},"end":{"line":47,"column":55}},"17":{"start":{"line":51,"column":31},"end":{"line":51,"column":94}},"18":{"start":{"line":53,"column":4},"end":{"line":59,"column":5}},"19":{"start":{"line":54,"column":6},"end":{"line":58,"column":8}},"20":{"start":{"line":63,"column":6},"end":{"line":63,"column":84}},"21":{"start":{"line":66,"column":29},"end":{"line":66,"column":86}},"22":{"start":{"line":68,"column":30},"end":{"line":68,"column":49}},"23":{"start":{"line":69,"column":27},"end":{"line":69,"column":52}},"24":{"start":{"line":71,"column":4},"end":{"line":77,"column":6}},"25":{"start":{"line":81,"column":19},"end":{"line":81,"column":46}},"26":{"start":{"line":82,"column":4},"end":{"line":89,"column":5}},"27":{"start":{"line":83,"column":6},"end":{"line":88,"column":8}},"28":{"start":{"line":90,"column":4},"end":{"line":90,"column":18}},"29":{"start":{"line":94,"column":30},"end":{"line":97,"column":6}},"30":{"start":{"line":98,"column":4},"end":{"line":98,"column":40}},"31":{"start":{"line":99,"column":4},"end":{"line":99,"column":18}},"32":{"start":{"line":103,"column":4},"end":{"line":105,"column":5}},"33":{"start":{"line":104,"column":6},"end":{"line":104,"column":108}},"34":{"start":{"line":107,"column":22},"end":{"line":107,"column":46}},"35":{"start":{"line":109,"column":4},"end":{"line":135,"column":5}},"36":{"start":{"line":110,"column":6},"end":{"line":121,"column":9}},"37":{"start":{"line":123,"column":6},"end":{"line":134,"column":9}},"38":{"start":{"line":16,"column":0},"end":{"line":16,"column":13}}},"fnMap":{"0":{"name":"(anonymous_0)","decl":{"start":{"line":19,"column":2},"end":{"line":19,"column":null}},"loc":{"start":{"line":24,"column":42},"end":{"line":25,"column":6}}},"1":{"name":"(anonymous_1)","decl":{"start":{"line":27,"column":2},"end":{"line":27,"column":7}},"loc":{"start":{"line":27,"column":41},"end":{"line":78,"column":3}}},"2":{"name":"(anonymous_2)","decl":{"start":{"line":80,"column":2},"end":{"line":80,"column":7}},"loc":{"start":{"line":80,"column":34},"end":{"line":91,"column":3}}},"3":{"name":"(anonymous_3)","decl":{"start":{"line":93,"column":2},"end":{"line":93,"column":7}},"loc":{"start":{"line":93,"column":73},"end":{"line":100,"column":3}}},"4":{"name":"(anonymous_4)","decl":{"start":{"line":102,"column":2},"end":{"line":102,"column":7}},"loc":{"start":{"line":102,"column":59},"end":{"line":136,"column":3}}}},"branchMap":{"0":{"loc":{"start":{"line":28,"column":4},"end":{"line":30,"column":5}},"type":"if","locations":[{"start":{"line":28,"column":4},"end":{"line":30,"column":5}}]},"1":{"loc":{"start":{"line":33,"column":70},"end":{"line":33,"column":93}},"type":"binary-expr","locations":[{"start":{"line":33,"column":70},"end":{"line":33,"column":84}},{"start":{"line":33,"column":88},"end":{"line":33,"column":93}}]},"2":{"loc":{"start":{"line":36,"column":4},"end":{"line":42,"column":5}},"type":"if","locations":[{"start":{"line":36,"column":4},"end":{"line":42,"column":5}}]},"3":{"loc":{"start":{"line":46,"column":4},"end":{"line":48,"column":5}},"type":"if","locations":[{"start":{"line":46,"column":4},"end":{"line":48,"column":5}}]},"4":{"loc":{"start":{"line":53,"column":4},"end":{"line":59,"column":5}},"type":"if","locations":[{"start":{"line":53,"column":4},"end":{"line":59,"column":5}}]},"5":{"loc":{"start":{"line":63,"column":6},"end":{"line":63,"column":84}},"type":"binary-expr","locations":[{"start":{"line":63,"column":6},"end":{"line":63,"column":33}},{"start":{"line":63,"column":38},"end":{"line":63,"column":83}}]},"6":{"loc":{"start":{"line":63,"column":38},"end":{"line":63,"column":83}},"type":"cond-expr","locations":[{"start":{"line":63,"column":47},"end":{"line":63,"column":70}},{"start":{"line":63,"column":73},"end":{"line":63,"column":83}}]},"7":{"loc":{"start":{"line":82,"column":4},"end":{"line":89,"column":5}},"type":"if","locations":[{"start":{"line":82,"column":4},"end":{"line":89,"column":5}}]},"8":{"loc":{"start":{"line":103,"column":4},"end":{"line":105,"column":5}},"type":"if","locations":[{"start":{"line":103,"column":4},"end":{"line":105,"column":5}}]},"9":{"loc":{"start":{"line":103,"column":8},"end":{"line":103,"column":79}},"type":"binary-expr","locations":[{"start":{"line":103,"column":8},"end":{"line":103,"column":25}},{"start":{"line":103,"column":29},"end":{"line":103,"column":50}},{"start":{"line":103,"column":54},"end":{"line":103,"column":79}}]},"10":{"loc":{"start":{"line":109,"column":4},"end":{"line":135,"column":5}},"type":"if","locations":[{"start":{"line":109,"column":4},"end":{"line":135,"column":5}},{"start":{"line":122,"column":11},"end":{"line":135,"column":5}}]},"11":{"loc":{"start":{"line":131,"column":22},"end":{"line":131,"column":62}},"type":"binary-expr","locations":[{"start":{"line":131,"column":22},"end":{"line":131,"column":41}},{"start":{"line":131,"column":45},"end":{"line":131,"column":62}}]},"12":{"loc":{"start":{"line":132,"column":26},"end":{"line":132,"column":54}},"type":"binary-expr","locations":[{"start":{"line":132,"column":26},"end":{"line":132,"column":49}},{"start":{"line":132,"column":53},"end":{"line":132,"column":54}}]}},"s":{"0":2,"1":11,"2":11,"3":11,"4":11,"5":11,"6":11,"7":7,"8":1,"9":6,"10":6,"11":6,"12":6,"13":6,"14":6,"15":6,"16":2,"17":6,"18":6,"19":2,"20":4,"21":4,"22":4,"23":4,"24":4,"25":4,"26":4,"27":1,"28":3,"29":2,"30":2,"31":2,"32":4,"33":1,"34":3,"35":3,"36":2,"37":1,"38":2},"f":{"0":11,"1":7,"2":4,"3":2,"4":4},"b":{"0":[1],"1":[6,6],"2":[6],"3":[2],"4":[2],"5":[4,2],"6":[2,0],"7":[1],"8":[1],"9":[4,3,3],"10":[2,1],"11":[1,0],"12":[1,0]}}
,"E:\\AICreativeStudioPlatform\\routing-engine\\src\\domain\\scorer.ts": {"path":"E:\\AICreativeStudioPlatform\\routing-engine\\src\\domain\\scorer.ts","statementMap":{"0":{"start":{"line":10,"column":13},"end":{"line":15,"column":2}},"1":{"start":{"line":22,"column":4},"end":{"line":24,"column":5}},"2":{"start":{"line":23,"column":6},"end":{"line":23,"column":16}},"3":{"start":{"line":26,"column":20},"end":{"line":26,"column":75}},"4":{"start":{"line":29,"column":20},"end":{"line":29,"column":84}},"5":{"start":{"line":29,"column":54},"end":{"line":29,"column":73}},"6":{"start":{"line":30,"column":23},"end":{"line":30,"column":83}},"7":{"start":{"line":30,"column":57},"end":{"line":30,"column":78}},"8":{"start":{"line":32,"column":37},"end":{"line":61,"column":6}},"9":{"start":{"line":34,"column":25},"end":{"line":34,"column":91}},"10":{"start":{"line":35,"column":28},"end":{"line":35,"column":73}},"11":{"start":{"line":36,"column":28},"end":{"line":36,"column":102}},"12":{"start":{"line":37,"column":33},"end":{"line":37,"column":80}},"13":{"start":{"line":39,"column":26},"end":{"line":45,"column":null}},"14":{"start":{"line":48,"column":6},"end":{"line":60,"column":8}},"15":{"start":{"line":64,"column":4},"end":{"line":64,"column":57}},"16":{"start":{"line":64,"column":26},"end":{"line":64,"column":55}},"17":{"start":{"line":65,"column":4},"end":{"line":65,"column":18}},"18":{"start":{"line":17,"column":0},"end":{"line":17,"column":13}}},"fnMap":{"0":{"name":"(anonymous_0)","decl":{"start":{"line":18,"column":2},"end":{"line":18,"column":17}},"loc":{"start":{"line":20,"column":45},"end":{"line":66,"column":3}}},"1":{"name":"(anonymous_1)","decl":{"start":{"line":29,"column":47},"end":{"line":29,"column":48}},"loc":{"start":{"line":29,"column":54},"end":{"line":29,"column":73}}},"2":{"name":"(anonymous_2)","decl":{"start":{"line":30,"column":50},"end":{"line":30,"column":51}},"loc":{"start":{"line":30,"column":57},"end":{"line":30,"column":78}}},"3":{"name":"(anonymous_3)","decl":{"start":{"line":32,"column":52},"end":{"line":32,"column":53}},"loc":{"start":{"line":32,"column":58},"end":{"line":61,"column":5}}},"4":{"name":"(anonymous_4)","decl":{"start":{"line":64,"column":16},"end":{"line":64,"column":17}},"loc":{"start":{"line":64,"column":26},"end":{"line":64,"column":55}}}},"branchMap":{"0":{"loc":{"start":{"line":20,"column":4},"end":{"line":20,"column":45}},"type":"default-arg","locations":[{"start":{"line":20,"column":35},"end":{"line":20,"column":45}}]},"1":{"loc":{"start":{"line":22,"column":4},"end":{"line":24,"column":5}},"type":"if","locations":[{"start":{"line":22,"column":4},"end":{"line":24,"column":5}}]},"2":{"loc":{"start":{"line":26,"column":20},"end":{"line":26,"column":75}},"type":"binary-expr","locations":[{"start":{"line":26,"column":20},"end":{"line":26,"column":46}},{"start":{"line":26,"column":50},"end":{"line":26,"column":75}}]},"3":{"loc":{"start":{"line":34,"column":25},"end":{"line":34,"column":91}},"type":"cond-expr","locations":[{"start":{"line":34,"column":39},"end":{"line":34,"column":85}},{"start":{"line":34,"column":88},"end":{"line":34,"column":91}}]},"4":{"loc":{"start":{"line":36,"column":28},"end":{"line":36,"column":102}},"type":"cond-expr","locations":[{"start":{"line":36,"column":45},"end":{"line":36,"column":96}},{"start":{"line":36,"column":99},"end":{"line":36,"column":102}}]}},"s":{"0":3,"1":10,"2":1,"3":9,"4":9,"5":20,"6":9,"7":20,"8":9,"9":20,"10":20,"11":20,"12":20,"13":20,"14":20,"15":9,"16":14,"17":9,"18":3},"f":{"0":10,"1":20,"2":20,"3":20,"4":14},"b":{"0":[0],"1":[1],"2":[9,1],"3":[20,0],"4":[20,0]}}
,"E:\\AICreativeStudioPlatform\\routing-engine\\src\\domain\\types.ts": {"path":"E:\\AICreativeStudioPlatform\\routing-engine\\src\\domain\\types.ts","statementMap":{"0":{"start":{"line":91,"column":4},"end":{"line":91,"column":19}},"1":{"start":{"line":92,"column":4},"end":{"line":92,"column":33}},"2":{"start":{"line":93,"column":4},"end":{"line":93,"column":21}},"3":{"start":{"line":94,"column":4},"end":{"line":94,"column":27}},"4":{"start":{"line":95,"column":4},"end":{"line":95,"column":52}},"5":{"start":{"line":85,"column":0},"end":{"line":85,"column":13}}},"fnMap":{"0":{"name":"(anonymous_0)","decl":{"start":{"line":90,"column":2},"end":{"line":90,"column":14}},"loc":{"start":{"line":90,"column":98},"end":{"line":96,"column":3}}}},"branchMap":{},"s":{"0":4,"1":4,"2":4,"3":4,"4":4,"5":2},"f":{"0":4},"b":{}}
,"E:\\AICreativeStudioPlatform\\routing-engine\\src\\events\\publisher.ts": {"path":"E:\\AICreativeStudioPlatform\\routing-engine\\src\\events\\publisher.ts","statementMap":{"0":{"start":{"line":37,"column":40},"end":{"line":37,"column":42}},"1":{"start":{"line":40,"column":4},"end":{"line":40,"column":37}},"2":{"start":{"line":44,"column":4},"end":{"line":44,"column":30}},"3":{"start":{"line":36,"column":0},"end":{"line":36,"column":13}}},"fnMap":{"0":{"name":"(anonymous_0)","decl":{"start":{"line":39,"column":2},"end":{"line":39,"column":7}},"loc":{"start":{"line":39,"column":32},"end":{"line":41,"column":3}}},"1":{"name":"(anonymous_1)","decl":{"start":{"line":43,"column":2},"end":{"line":43,"column":7}},"loc":{"start":{"line":43,"column":7},"end":{"line":45,"column":3}}}},"branchMap":{},"s":{"0":11,"1":3,"2":0,"3":2},"f":{"0":3,"1":0},"b":{}}
,"E:\\AICreativeStudioPlatform\\routing-engine\\src\\events\\subscriber.ts": {"path":"E:\\AICreativeStudioPlatform\\routing-engine\\src\\events\\subscriber.ts","statementMap":{"0":{"start":{"line":15,"column":22},"end":{"line":15,"column":41}},"1":{"start":{"line":19,"column":4},"end":{"line":19,"column":56}},"2":{"start":{"line":14,"column":0},"end":{"line":14,"column":13}}},"fnMap":{"0":{"name":"(anonymous_0)","decl":{"start":{"line":15,"column":2},"end":{"line":15,"column":22}},"loc":{"start":{"line":15,"column":41},"end":{"line":15,"column":45}}},"1":{"name":"(anonymous_1)","decl":{"start":{"line":17,"column":2},"end":{"line":17,"column":7}},"loc":{"start":{"line":17,"column":61},"end":{"line":20,"column":3}}}},"branchMap":{},"s":{"0":1,"1":1,"2":1},"f":{"0":1,"1":1},"b":{}}
,"E:\\AICreativeStudioPlatform\\routing-engine\\src\\infra\\cache.ts": {"path":"E:\\AICreativeStudioPlatform\\routing-engine\\src\\infra\\cache.ts","statementMap":{"0":{"start":{"line":9,"column":71},"end":{"line":9,"column":80}},"1":{"start":{"line":12,"column":17},"end":{"line":12,"column":36}},"2":{"start":{"line":13,"column":4},"end":{"line":13,"column":27}},"3":{"start":{"line":13,"column":15},"end":{"line":13,"column":27}},"4":{"start":{"line":14,"column":4},"end":{"line":17,"column":5}},"5":{"start":{"line":15,"column":6},"end":{"line":15,"column":29}},"6":{"start":{"line":16,"column":6},"end":{"line":16,"column":18}},"7":{"start":{"line":18,"column":4},"end":{"line":18,"column":27}},"8":{"start":{"line":22,"column":22},"end":{"line":22,"column":77}},"9":{"start":{"line":23,"column":4},"end":{"line":23,"column":46}},"10":{"start":{"line":27,"column":4},"end":{"line":27,"column":27}},"11":{"start":{"line":31,"column":18},"end":{"line":31,"column":70}},"12":{"start":{"line":32,"column":4},"end":{"line":36,"column":5}},"13":{"start":{"line":33,"column":6},"end":{"line":35,"column":7}},"14":{"start":{"line":34,"column":8},"end":{"line":34,"column":31}},"15":{"start":{"line":8,"column":0},"end":{"line":8,"column":13}}},"fnMap":{"0":{"name":"(anonymous_0)","decl":{"start":{"line":11,"column":2},"end":{"line":11,"column":7}},"loc":{"start":{"line":11,"column":26},"end":{"line":19,"column":3}}},"1":{"name":"(anonymous_1)","decl":{"start":{"line":21,"column":2},"end":{"line":21,"column":7}},"loc":{"start":{"line":21,"column":57},"end":{"line":24,"column":3}}},"2":{"name":"(anonymous_2)","decl":{"start":{"line":26,"column":2},"end":{"line":26,"column":7}},"loc":{"start":{"line":26,"column":23},"end":{"line":28,"column":3}}},"3":{"name":"(anonymous_3)","decl":{"start":{"line":30,"column":2},"end":{"line":30,"column":7}},"loc":{"start":{"line":30,"column":34},"end":{"line":37,"column":3}}}},"branchMap":{"0":{"loc":{"start":{"line":13,"column":4},"end":{"line":13,"column":27}},"type":"if","locations":[{"start":{"line":13,"column":4},"end":{"line":13,"column":27}}]},"1":{"loc":{"start":{"line":14,"column":4},"end":{"line":17,"column":5}},"type":"if","locations":[{"start":{"line":14,"column":4},"end":{"line":17,"column":5}}]},"2":{"loc":{"start":{"line":14,"column":8},"end":{"line":14,"column":53}},"type":"binary-expr","locations":[{"start":{"line":14,"column":8},"end":{"line":14,"column":22}},{"start":{"line":14,"column":26},"end":{"line":14,"column":53}}]},"3":{"loc":{"start":{"line":22,"column":22},"end":{"line":22,"column":77}},"type":"cond-expr","locations":[{"start":{"line":22,"column":35},"end":{"line":22,"column":65}},{"start":{"line":22,"column":68},"end":{"line":22,"column":77}}]},"4":{"loc":{"start":{"line":33,"column":6},"end":{"line":35,"column":7}},"type":"if","locations":[{"start":{"line":33,"column":6},"end":{"line":35,"column":7}}]}},"s":{"0":12,"1":7,"2":7,"3":7,"4":0,"5":0,"6":0,"7":0,"8":7,"9":7,"10":0,"11":1,"12":1,"13":1,"14":1,"15":3},"f":{"0":7,"1":7,"2":0,"3":1},"b":{"0":[7],"1":[0],"2":[0,0],"3":[6,1],"4":[1]}}
,"E:\\AICreativeStudioPlatform\\routing-engine\\src\\infra\\registryClient.ts": {"path":"E:\\AICreativeStudioPlatform\\routing-engine\\src\\infra\\registryClient.ts","statementMap":{"0":{"start":{"line":11,"column":69},"end":{"line":11,"column":78}},"1":{"start":{"line":17,"column":17},"end":{"line":17,"column":61}},"2":{"start":{"line":18,"column":4},"end":{"line":18,"column":29}},"3":{"start":{"line":18,"column":17},"end":{"line":18,"column":29}},"4":{"start":{"line":19,"column":4},"end":{"line":21,"column":6}},"5":{"start":{"line":20,"column":13},"end":{"line":20,"column":81}},"6":{"start":{"line":25,"column":4},"end":{"line":25,"column":55}},"7":{"start":{"line":10,"column":0},"end":{"line":10,"column":13}}},"fnMap":{"0":{"name":"(anonymous_0)","decl":{"start":{"line":13,"column":2},"end":{"line":13,"column":7}},"loc":{"start":{"line":15,"column":19},"end":{"line":22,"column":3}}},"1":{"name":"(anonymous_1)","decl":{"start":{"line":20,"column":6},"end":{"line":20,"column":7}},"loc":{"start":{"line":20,"column":13},"end":{"line":20,"column":81}}},"2":{"name":"(anonymous_2)","decl":{"start":{"line":24,"column":2},"end":{"line":24,"column":18}},"loc":{"start":{"line":24,"column":92},"end":{"line":26,"column":3}}}},"branchMap":{"0":{"loc":{"start":{"line":17,"column":17},"end":{"line":17,"column":61}},"type":"binary-expr","locations":[{"start":{"line":17,"column":17},"end":{"line":17,"column":55}},{"start":{"line":17,"column":59},"end":{"line":17,"column":61}}]},"1":{"loc":{"start":{"line":18,"column":4},"end":{"line":18,"column":29}},"type":"if","locations":[{"start":{"line":18,"column":4},"end":{"line":18,"column":29}}]},"2":{"loc":{"start":{"line":20,"column":13},"end":{"line":20,"column":81}},"type":"binary-expr","locations":[{"start":{"line":20,"column":13},"end":{"line":20,"column":44}},{"start":{"line":20,"column":48},"end":{"line":20,"column":81}}]}},"s":{"0":11,"1":6,"2":6,"3":6,"4":0,"5":0,"6":7,"7":2},"f":{"0":6,"1":0,"2":7},"b":{"0":[6,2],"1":[6],"2":[0,0]}}
}
