TN:
SF:src\app.ts
FN:20,createApp
FNF:1
FNH:1
FNDA:5,createApp
DA:1,1
DA:2,1
DA:3,1
DA:4,1
DA:5,1
DA:6,1
DA:7,1
DA:8,1
DA:9,1
DA:10,1
DA:20,1
DA:29,5
DA:30,5
DA:31,5
DA:32,5
DA:33,5
DA:35,5
DA:37,5
DA:38,5
DA:43,5
DA:44,5
DA:46,5
DA:47,5
DA:49,5
DA:51,5
LF:25
LH:25
BRDA:20,0,0,5
BRDA:29,1,0,5
BRDA:29,1,1,5
BRDA:30,2,0,5
BRDA:30,2,1,5
BRDA:31,3,0,5
BRDA:31,3,1,5
BRDA:32,4,0,5
BRDA:32,4,1,5
BRDA:33,5,0,5
BRDA:33,5,1,5
BRDA:39,6,0,5
BRDA:39,6,1,5
BRF:13
BRH:13
end_of_record
TN:
SF:src\api\middleware.ts
FN:9,requestIdMiddleware
FN:16,errorHandlerMiddleware
FNF:2
FNH:2
FNDA:7,requestIdMiddleware
FNDA:2,errorHandlerMiddleware
DA:2,1
DA:3,1
DA:9,1
DA:10,7
DA:11,7
DA:12,7
DA:13,7
DA:16,1
DA:23,2
DA:25,2
DA:26,1
DA:34,1
DA:35,1
DA:38,1
DA:46,1
LF:15
LH:15
BRDA:10,0,0,7
BRDA:10,0,1,6
BRDA:23,1,0,2
BRDA:23,1,1,0
BRDA:25,2,0,1
BRDA:30,3,0,1
BRDA:30,3,1,1
BRDA:41,4,0,1
BRDA:41,4,1,0
BRF:9
BRH:7
end_of_record
TN:
SF:src\api\routes.ts
FN:5,createRouter
FN:9,(anonymous_1)
FN:38,(anonymous_2)
FN:48,(anonymous_3)
FN:63,(anonymous_4)
FNF:5
FNH:5
FNDA:5,createRouter
FNDA:4,(anonymous_1)
FNDA:1,(anonymous_2)
FNDA:1,(anonymous_3)
FNDA:1,(anonymous_4)
DA:1,1
DA:2,1
DA:5,1
DA:6,5
DA:9,5
DA:10,4
DA:19,4
DA:21,4
DA:31,2
DA:33,2
DA:38,5
DA:39,1
DA:40,1
DA:41,1
DA:43,0
DA:48,5
DA:49,1
DA:50,1
DA:51,1
DA:56,1
DA:58,0
DA:63,5
DA:64,1
DA:66,1
DA:68,1
DA:79,1
DA:81,0
DA:85,5
LF:28
LH:25
BRDA:22,0,0,4
BRDA:22,0,1,4
BRDA:52,1,0,1
BRDA:52,1,1,0
BRDA:53,2,0,1
BRDA:53,2,1,0
BRDA:54,3,0,1
BRDA:54,3,1,0
BRF:8
BRH:5
end_of_record
TN:
SF:src\domain\policyEngine.ts
FN:4,(anonymous_0)
FN:9,(anonymous_1)
FNF:2
FNH:2
FNDA:10,(anonymous_0)
FNDA:20,(anonymous_1)
DA:3,3
DA:9,10
DA:11,20
DA:12,4
DA:16,16
DA:17,2
DA:18,2
DA:19,1
DA:24,15
DA:25,2
DA:29,13
DA:30,2
DA:31,1
DA:36,12
DA:37,4
DA:38,1
DA:42,11
LF:17
LH:17
BRDA:11,0,0,4
BRDA:16,1,0,2
BRDA:16,2,0,16
BRDA:16,2,1,2
BRDA:17,3,0,2
BRDA:17,3,1,1
BRDA:18,4,0,1
BRDA:24,5,0,2
BRDA:24,6,0,15
BRDA:24,6,1,6
BRDA:29,7,0,2
BRDA:29,8,0,13
BRDA:29,8,1,2
BRDA:30,9,0,1
BRDA:36,10,0,4
BRDA:36,11,0,12
BRDA:36,11,1,4
BRDA:36,11,2,4
BRDA:37,12,0,1
BRF:19
BRH:19
end_of_record
TN:
SF:src\domain\routingService.ts
FN:19,(anonymous_0)
FN:27,(anonymous_1)
FN:80,(anonymous_2)
FN:93,(anonymous_3)
FN:102,(anonymous_4)
FNF:5
FNH:5
FNDA:11,(anonymous_0)
FNDA:7,(anonymous_1)
FNDA:4,(anonymous_2)
FNDA:2,(anonymous_3)
FNDA:4,(anonymous_4)
DA:1,2
DA:16,2
DA:17,11
DA:20,11
DA:21,11
DA:22,11
DA:23,11
DA:24,11
DA:28,7
DA:29,1
DA:33,6
DA:34,6
DA:36,6
DA:37,6
DA:41,6
DA:45,6
DA:46,6
DA:47,2
DA:51,6
DA:53,6
DA:54,2
DA:63,4
DA:66,4
DA:68,4
DA:69,4
DA:71,4
DA:81,4
DA:82,4
DA:83,1
DA:90,3
DA:94,2
DA:98,2
DA:99,2
DA:103,4
DA:104,1
DA:107,3
DA:109,3
DA:110,2
DA:123,1
LF:39
LH:39
BRDA:28,0,0,1
BRDA:33,1,0,6
BRDA:33,1,1,6
BRDA:36,2,0,6
BRDA:46,3,0,2
BRDA:53,4,0,2
BRDA:63,5,0,4
BRDA:63,5,1,2
BRDA:63,6,0,2
BRDA:63,6,1,0
BRDA:82,7,0,1
BRDA:103,8,0,1
BRDA:103,9,0,4
BRDA:103,9,1,3
BRDA:103,9,2,3
BRDA:109,10,0,2
BRDA:109,10,1,1
BRDA:131,11,0,1
BRDA:131,11,1,0
BRDA:132,12,0,1
BRDA:132,12,1,0
BRF:21
BRH:18
end_of_record
TN:
SF:src\domain\scorer.ts
FN:18,(anonymous_0)
FN:29,(anonymous_1)
FN:30,(anonymous_2)
FN:32,(anonymous_3)
FN:64,(anonymous_4)
FNF:5
FNH:5
FNDA:10,(anonymous_0)
FNDA:20,(anonymous_1)
FNDA:20,(anonymous_2)
FNDA:20,(anonymous_3)
FNDA:14,(anonymous_4)
DA:10,3
DA:17,3
DA:22,10
DA:23,1
DA:26,9
DA:29,20
DA:30,20
DA:32,9
DA:34,20
DA:35,20
DA:36,20
DA:37,20
DA:39,20
DA:48,20
DA:64,14
DA:65,9
LF:16
LH:16
BRDA:20,0,0,0
BRDA:22,1,0,1
BRDA:26,2,0,9
BRDA:26,2,1,1
BRDA:34,3,0,20
BRDA:34,3,1,0
BRDA:36,4,0,20
BRDA:36,4,1,0
BRF:8
BRH:5
end_of_record
TN:
SF:src\domain\types.ts
FN:90,(anonymous_0)
FNF:1
FNH:1
FNDA:4,(anonymous_0)
DA:85,2
DA:91,4
DA:92,4
DA:93,4
DA:94,4
DA:95,4
LF:6
LH:6
BRF:0
BRH:0
end_of_record
TN:
SF:src\events\publisher.ts
FN:39,(anonymous_0)
FN:43,(anonymous_1)
FNF:2
FNH:1
FNDA:3,(anonymous_0)
FNDA:0,(anonymous_1)
DA:36,2
DA:37,11
DA:40,3
DA:44,0
LF:4
LH:3
BRF:0
BRH:0
end_of_record
TN:
SF:src\events\subscriber.ts
FN:15,(anonymous_0)
FN:17,(anonymous_1)
FNF:2
FNH:2
FNDA:1,(anonymous_0)
FNDA:1,(anonymous_1)
DA:14,1
DA:15,1
DA:19,1
LF:3
LH:3
BRF:0
BRH:0
end_of_record
TN:
SF:src\infra\cache.ts
FN:11,(anonymous_0)
FN:21,(anonymous_1)
FN:26,(anonymous_2)
FN:30,(anonymous_3)
FNF:4
FNH:3
FNDA:7,(anonymous_0)
FNDA:7,(anonymous_1)
FNDA:0,(anonymous_2)
FNDA:1,(anonymous_3)
DA:8,3
DA:9,12
DA:12,7
DA:13,7
DA:14,0
DA:15,0
DA:16,0
DA:18,0
DA:22,7
DA:23,7
DA:27,0
DA:31,1
DA:32,1
DA:33,1
DA:34,1
LF:15
LH:10
BRDA:13,0,0,7
BRDA:14,1,0,0
BRDA:14,2,0,0
BRDA:14,2,1,0
BRDA:22,3,0,6
BRDA:22,3,1,1
BRDA:33,4,0,1
BRF:7
BRH:4
end_of_record
TN:
SF:src\infra\registryClient.ts
FN:13,(anonymous_0)
FN:20,(anonymous_1)
FN:24,(anonymous_2)
FNF:3
FNH:2
FNDA:6,(anonymous_0)
FNDA:0,(anonymous_1)
FNDA:7,(anonymous_2)
DA:10,2
DA:11,11
DA:17,6
DA:18,6
DA:19,0
DA:20,0
DA:25,7
LF:7
LH:5
BRDA:17,0,0,6
BRDA:17,0,1,2
BRDA:18,1,0,6
BRDA:20,2,0,0
BRDA:20,2,1,0
BRF:5
BRH:3
end_of_record
