TN:
SF:src\app.ts
FN:17,createApp
FNF:1
FNH:1
FNDA:4,createApp
DA:1,1
DA:2,1
DA:3,1
DA:4,1
DA:5,1
DA:6,1
DA:7,1
DA:8,1
DA:17,1
DA:24,4
DA:25,4
DA:27,4
DA:28,4
DA:30,4
DA:31,4
DA:36,4
DA:37,4
DA:39,4
DA:40,4
DA:42,4
DA:44,4
LF:21
LH:21
BRDA:17,0,0,4
BRDA:24,1,0,4
BRDA:24,1,1,4
BRDA:25,2,0,4
BRDA:25,2,1,4
BRDA:27,3,0,4
BRDA:27,3,1,4
BRDA:28,4,0,4
BRDA:28,4,1,4
BRDA:32,5,0,4
BRDA:32,5,1,4
BRF:11
BRH:11
end_of_record
TN:
SF:src\api\middleware.ts
FN:9,requestIdMiddleware
FN:16,errorHandlerMiddleware
FNF:2
FNH:2
FNDA:10,requestIdMiddleware
FNDA:4,errorHandlerMiddleware
DA:2,1
DA:3,1
DA:9,1
DA:10,10
DA:11,10
DA:12,10
DA:13,10
DA:16,1
DA:23,4
DA:25,4
DA:26,3
DA:34,3
DA:35,3
DA:38,1
DA:46,1
LF:15
LH:15
BRDA:10,0,0,10
BRDA:10,0,1,9
BRDA:23,1,0,4
BRDA:23,1,1,0
BRDA:25,2,0,3
BRDA:30,3,0,3
BRDA:30,3,1,3
BRDA:41,4,0,1
BRDA:41,4,1,0
BRF:9
BRH:7
end_of_record
TN:
SF:src\api\routes.ts
FN:6,createRouter
FN:13,(anonymous_1)
FN:28,(anonymous_2)
FN:38,(anonymous_3)
FN:48,(anonymous_4)
FN:59,(anonymous_5)
FN:69,(anonymous_6)
FNF:7
FNH:7
FNDA:4,createRouter
FNDA:2,(anonymous_1)
FNDA:2,(anonymous_2)
FNDA:1,(anonymous_3)
FNDA:1,(anonymous_4)
FNDA:2,(anonymous_5)
FNDA:2,(anonymous_6)
DA:1,1
DA:6,1
DA:10,4
DA:13,4
DA:14,2
DA:15,2
DA:16,2
DA:17,2
DA:18,2
DA:20,2
DA:21,1
DA:23,1
DA:28,4
DA:29,2
DA:30,2
DA:31,1
DA:33,1
DA:38,4
DA:39,1
DA:40,1
DA:41,1
DA:43,0
DA:48,4
DA:49,1
DA:50,1
DA:51,1
DA:52,1
DA:54,0
DA:59,4
DA:60,2
DA:61,2
DA:62,1
DA:64,1
DA:69,4
DA:70,2
DA:71,2
DA:72,1
DA:74,1
DA:78,4
LF:39
LH:37
BRDA:18,0,0,0
BRDA:18,0,1,2
BRF:2
BRH:1
end_of_record
TN:
SF:src\domain\promptService.ts
FN:10,(anonymous_0)
FN:51,(anonymous_1)
FNF:2
FNH:2
FNDA:5,(anonymous_0)
FNDA:5,(anonymous_1)
DA:1,2
DA:9,2
DA:11,5
DA:12,2
DA:15,3
DA:16,3
DA:17,3
DA:20,3
DA:22,3
DA:24,3
DA:25,7
DA:28,3
DA:30,3
DA:31,7
DA:32,6
DA:33,6
DA:34,6
DA:36,1
DA:41,3
DA:43,3
DA:52,5
DA:53,2
DA:56,3
DA:57,3
DA:58,3
DA:60,3
DA:61,3
DA:62,1
DA:65,3
DA:66,3
DA:68,3
DA:69,3
DA:70,12
DA:71,2
DA:72,2
DA:76,3
LF:36
LH:36
BRDA:11,0,0,2
BRDA:15,1,0,3
BRDA:15,1,1,0
BRDA:31,2,0,6
BRDA:31,2,1,1
BRDA:31,3,0,7
BRDA:31,3,1,6
BRDA:52,4,0,2
BRDA:60,5,0,3
BRDA:60,5,1,1
BRDA:61,6,0,1
BRDA:66,7,0,0
BRDA:66,7,1,3
BRDA:66,8,0,3
BRDA:66,8,1,0
BRDA:70,9,0,2
BRDA:77,10,0,3
BRDA:77,10,1,2
BRF:18
BRH:15
end_of_record
TN:
SF:src\domain\templateService.ts
FN:24,(anonymous_0)
FN:29,(anonymous_1)
FN:117,(anonymous_2)
FN:148,(anonymous_3)
FN:156,(anonymous_4)
FN:160,(anonymous_5)
FNF:6
FNH:6
FNDA:13,(anonymous_0)
FNDA:10,(anonymous_1)
FNDA:5,(anonymous_2)
FNDA:5,(anonymous_3)
FNDA:8,(anonymous_4)
FNDA:2,(anonymous_5)
DA:1,2
DA:2,2
DA:23,2
DA:25,13
DA:26,13
DA:30,10
DA:31,10
DA:33,9
DA:36,9
DA:64,9
DA:92,9
DA:118,5
DA:119,1
DA:122,4
DA:123,4
DA:124,1
DA:127,3
DA:128,3
DA:145,3
DA:149,5
DA:150,5
DA:151,2
DA:153,3
DA:157,8
DA:161,2
DA:163,2
DA:164,2
DA:166,2
LF:28
LH:28
BRDA:31,0,0,1
BRDA:118,1,0,1
BRDA:118,2,0,5
BRDA:118,2,1,4
BRDA:123,3,0,1
BRDA:132,4,0,3
BRDA:132,4,1,1
BRDA:133,5,0,3
BRDA:133,5,1,1
BRDA:134,6,0,3
BRDA:134,6,1,0
BRDA:137,7,0,3
BRDA:137,7,1,3
BRDA:138,8,0,3
BRDA:138,8,1,0
BRDA:139,9,0,3
BRDA:139,9,1,0
BRDA:140,10,0,3
BRDA:140,10,1,3
BRDA:150,11,0,2
BRDA:163,12,0,2
BRDA:163,12,1,1
BRDA:164,13,0,2
BRDA:164,13,1,1
BRF:24
BRH:21
end_of_record
TN:
SF:src\domain\types.ts
FN:84,(anonymous_0)
FNF:1
FNH:1
FNDA:8,(anonymous_0)
DA:79,3
DA:85,8
DA:86,8
DA:87,8
DA:88,8
DA:89,8
LF:6
LH:6
BRF:0
BRH:0
end_of_record
TN:
SF:src\infra\repository.ts
FN:13,(anonymous_0)
FN:16,(anonymous_1)
FN:19,(anonymous_2)
FN:24,(anonymous_3)
FN:34,(anonymous_4)
FN:38,(anonymous_5)
FN:45,(anonymous_6)
FNF:7
FNH:7
FNDA:18,(anonymous_0)
FNDA:6,(anonymous_1)
FNDA:3,(anonymous_2)
FNDA:1,(anonymous_3)
FNDA:5,(anonymous_4)
FNDA:4,(anonymous_5)
FNDA:30,(anonymous_6)
DA:10,2
DA:11,13
DA:14,18
DA:15,18
DA:16,6
DA:18,18
DA:19,3
DA:21,18
DA:22,18
DA:23,18
DA:24,1
DA:25,1
DA:26,1
DA:29,18
DA:30,18
DA:31,18
DA:35,5
DA:39,4
DA:40,4
DA:42,3
DA:46,30
DA:47,30
LF:22
LH:22
BRDA:15,0,0,2
BRDA:18,1,0,1
BRDA:21,2,0,18
BRDA:21,2,1,16
BRDA:23,3,0,1
BRDA:25,4,0,1
BRDA:30,5,0,2
BRDA:30,5,1,16
BRDA:30,6,0,18
BRDA:30,6,1,2
BRDA:35,7,0,5
BRDA:35,7,1,2
BRDA:40,8,0,1
BRF:13
BRH:13
end_of_record
TN:
SF:src\infra\workflowClient.ts
FN:24,(anonymous_0)
FN:46,(anonymous_1)
FN:48,(anonymous_2)
FNF:3
FNH:3
FNDA:1,(anonymous_0)
FNDA:4,(anonymous_1)
FNDA:1,(anonymous_2)
DA:23,2
DA:31,1
DA:45,2
DA:46,4
DA:55,1
DA:56,1
DA:62,1
DA:63,0
DA:66,1
DA:68,0
DA:69,0
LF:11
LH:8
BRDA:36,0,0,1
BRDA:36,0,1,0
BRDA:38,1,0,1
BRDA:38,1,1,0
BRDA:39,2,0,1
BRDA:39,2,1,0
BRDA:46,3,0,4
BRDA:46,4,0,4
BRDA:46,4,1,4
BRDA:62,5,0,0
BRF:10
BRH:6
end_of_record
