<?xml version="1.0" encoding="UTF-8"?>
<coverage generated="1786424480742" clover="3.2.0">
  <project timestamp="1786424480742" name="All files">
    <metrics statements="173" coveredstatements="145" conditionals="69" coveredconditionals="45" methods="25" coveredmethods="24" elements="267" coveredelements="214" complexity="0" loc="173" ncloc="173" packages="1" files="4" classes="4"/>
    <file name="capabilityService.ts" path="E:\AICreativeStudioPlatform\provider-registry\src\domain\capabilityService.ts">
      <metrics statements="31" coveredstatements="31" conditionals="6" coveredconditionals="5" methods="6" coveredmethods="6"/>
      <line num="1" count="3" type="stmt"/>
      <line num="4" count="3" type="stmt"/>
      <line num="6" count="3" type="stmt"/>
      <line num="8" count="22" type="stmt"/>
      <line num="9" count="22" type="stmt"/>
      <line num="10" count="22" type="stmt"/>
      <line num="14" count="8" type="stmt"/>
      <line num="15" count="8" type="cond" truecount="1" falsecount="0"/>
      <line num="16" count="2" type="stmt"/>
      <line num="19" count="6" type="stmt"/>
      <line num="25" count="6" type="stmt"/>
      <line num="26" count="6" type="stmt"/>
      <line num="28" count="6" type="stmt"/>
      <line num="32" count="4" type="stmt"/>
      <line num="33" count="4" type="cond" truecount="1" falsecount="0"/>
      <line num="34" count="2" type="stmt"/>
      <line num="37" count="2" type="stmt"/>
      <line num="38" count="2" type="cond" truecount="1" falsecount="0"/>
      <line num="39" count="2" type="stmt"/>
      <line num="42" count="2" type="stmt"/>
      <line num="43" count="2" type="stmt"/>
      <line num="47" count="3" type="cond" truecount="1" falsecount="1"/>
      <line num="48" count="3" type="stmt"/>
      <line num="49" count="3" type="cond" truecount="1" falsecount="0"/>
      <line num="50" count="1" type="stmt"/>
      <line num="53" count="2" type="stmt"/>
      <line num="54" count="2" type="stmt"/>
      <line num="55" count="2" type="stmt"/>
      <line num="59" count="8" type="stmt"/>
      <line num="60" count="8" type="stmt"/>
      <line num="68" count="45" type="stmt"/>
    </file>
    <file name="healthService.ts" path="E:\AICreativeStudioPlatform\provider-registry\src\domain\healthService.ts">
      <metrics statements="19" coveredstatements="18" conditionals="5" coveredconditionals="4" methods="4" coveredmethods="4"/>
      <line num="1" count="2" type="stmt"/>
      <line num="3" count="2" type="stmt"/>
      <line num="5" count="2" type="stmt"/>
      <line num="7" count="9" type="stmt"/>
      <line num="8" count="9" type="stmt"/>
      <line num="12" count="5" type="stmt"/>
      <line num="13" count="5" type="cond" truecount="1" falsecount="0"/>
      <line num="14" count="2" type="stmt"/>
      <line num="17" count="3" type="stmt"/>
      <line num="18" count="3" type="cond" truecount="0" falsecount="1"/>
      <line num="20" count="0" type="stmt"/>
      <line num="31" count="3" type="stmt"/>
      <line num="35" count="2" type="stmt"/>
      <line num="45" count="4" type="stmt"/>
      <line num="46" count="4" type="cond" truecount="1" falsecount="0"/>
      <line num="47" count="2" type="stmt"/>
      <line num="50" count="2" type="stmt"/>
      <line num="60" count="2" type="stmt"/>
      <line num="62" count="2" type="stmt"/>
    </file>
    <file name="providerService.ts" path="E:\AICreativeStudioPlatform\provider-registry\src\domain\providerService.ts">
      <metrics statements="117" coveredstatements="90" conditionals="58" coveredconditionals="36" methods="14" coveredmethods="13"/>
      <line num="1" count="4" type="stmt"/>
      <line num="2" count="4" type="stmt"/>
      <line num="5" count="4" type="stmt"/>
      <line num="17" count="4" type="stmt"/>
      <line num="21" count="25" type="stmt"/>
      <line num="22" count="25" type="stmt"/>
      <line num="23" count="25" type="stmt"/>
      <line num="25" count="25" type="stmt"/>
      <line num="29" count="17" type="stmt"/>
      <line num="31" count="17" type="cond" truecount="3" falsecount="0"/>
      <line num="32" count="1" type="stmt"/>
      <line num="36" count="16" type="cond" truecount="1" falsecount="2"/>
      <line num="37" count="0" type="stmt"/>
      <line num="40" count="16" type="stmt"/>
      <line num="41" count="16" type="cond" truecount="1" falsecount="0"/>
      <line num="42" count="1" type="stmt"/>
      <line num="45" count="15" type="stmt"/>
      <line num="46" count="15" type="stmt"/>
      <line num="55" count="15" type="stmt"/>
      <line num="64" count="15" type="stmt"/>
      <line num="75" count="15" type="stmt"/>
      <line num="76" count="15" type="stmt"/>
      <line num="78" count="15" type="cond" truecount="4" falsecount="0"/>
      <line num="79" count="4" type="stmt"/>
      <line num="89" count="4" type="stmt"/>
      <line num="99" count="4" type="stmt"/>
      <line num="109" count="4" type="stmt"/>
      <line num="119" count="4" type="stmt"/>
      <line num="129" count="11" type="cond" truecount="4" falsecount="0"/>
      <line num="130" count="1" type="stmt"/>
      <line num="140" count="1" type="stmt"/>
      <line num="150" count="1" type="stmt"/>
      <line num="160" count="1" type="stmt"/>
      <line num="170" count="10" type="cond" truecount="4" falsecount="0"/>
      <line num="171" count="1" type="stmt"/>
      <line num="181" count="1" type="stmt"/>
      <line num="191" count="9" type="cond" truecount="4" falsecount="0"/>
      <line num="192" count="2" type="stmt"/>
      <line num="202" count="2" type="stmt"/>
      <line num="212" count="2" type="stmt"/>
      <line num="224" count="7" type="stmt"/>
      <line num="234" count="7" type="stmt"/>
      <line num="244" count="7" type="stmt"/>
      <line num="254" count="7" type="stmt"/>
      <line num="264" count="7" type="stmt"/>
      <line num="274" count="7" type="stmt"/>
      <line num="286" count="15" type="stmt"/>
      <line num="288" count="15" type="stmt"/>
      <line num="292" count="5" type="stmt"/>
      <line num="293" count="5" type="cond" truecount="1" falsecount="0"/>
      <line num="294" count="3" type="stmt"/>
      <line num="297" count="2" type="stmt"/>
      <line num="298" count="2" type="stmt"/>
      <line num="301" count="2" type="cond" truecount="1" falsecount="1"/>
      <line num="306" count="2" type="stmt"/>
      <line num="310" count="3" type="stmt"/>
      <line num="315" count="4" type="cond" truecount="0" falsecount="1"/>
      <line num="316" count="0" type="stmt"/>
      <line num="317" count="0" type="cond" truecount="0" falsecount="2"/>
      <line num="319" count="0" type="stmt"/>
      <line num="327" count="0" type="stmt"/>
      <line num="335" count="0" type="stmt"/>
      <line num="338" count="4" type="stmt"/>
      <line num="339" count="4" type="cond" truecount="1" falsecount="0"/>
      <line num="340" count="2" type="stmt"/>
      <line num="342" count="2" type="stmt"/>
      <line num="343" count="2" type="stmt"/>
      <line num="344" count="2" type="stmt"/>
      <line num="348" count="4" type="stmt"/>
      <line num="349" count="4" type="cond" truecount="1" falsecount="0"/>
      <line num="350" count="2" type="stmt"/>
      <line num="352" count="2" type="stmt"/>
      <line num="353" count="2" type="stmt"/>
      <line num="354" count="2" type="stmt"/>
      <line num="358" count="4" type="stmt"/>
      <line num="359" count="4" type="cond" truecount="1" falsecount="0"/>
      <line num="360" count="2" type="stmt"/>
      <line num="362" count="2" type="stmt"/>
      <line num="366" count="4" type="stmt"/>
      <line num="367" count="4" type="cond" truecount="1" falsecount="0"/>
      <line num="368" count="2" type="stmt"/>
      <line num="370" count="2" type="stmt"/>
      <line num="374" count="4" type="stmt"/>
      <line num="375" count="4" type="cond" truecount="1" falsecount="0"/>
      <line num="376" count="2" type="stmt"/>
      <line num="378" count="2" type="stmt"/>
      <line num="382" count="4" type="stmt"/>
      <line num="383" count="4" type="cond" truecount="1" falsecount="0"/>
      <line num="384" count="2" type="stmt"/>
      <line num="386" count="2" type="stmt"/>
      <line num="387" count="2" type="stmt"/>
      <line num="388" count="2" type="stmt"/>
      <line num="389" count="2" type="stmt"/>
      <line num="393" count="0" type="stmt"/>
      <line num="394" count="0" type="cond" truecount="0" falsecount="1"/>
      <line num="395" count="0" type="stmt"/>
      <line num="398" count="0" type="stmt"/>
      <line num="399" count="0" type="cond" truecount="0" falsecount="1"/>
      <line num="400" count="0" type="stmt"/>
      <line num="404" count="0" type="stmt"/>
      <line num="405" count="0" type="cond" truecount="0" falsecount="1"/>
      <line num="406" count="0" type="stmt"/>
      <line num="409" count="0" type="stmt"/>
      <line num="410" count="0" type="stmt"/>
      <line num="416" count="0" type="stmt"/>
      <line num="417" count="0" type="stmt"/>
      <line num="418" count="0" type="stmt"/>
      <line num="419" count="0" type="cond" truecount="0" falsecount="2"/>
      <line num="420" count="0" type="stmt"/>
      <line num="421" count="0" type="stmt"/>
      <line num="425" count="0" type="stmt"/>
      <line num="427" count="0" type="stmt"/>
      <line num="432" count="0" type="cond" truecount="0" falsecount="2"/>
      <line num="433" count="0" type="stmt"/>
      <line num="438" count="19" type="stmt"/>
      <line num="439" count="19" type="stmt"/>
      <line num="447" count="98" type="stmt"/>
    </file>
    <file name="types.ts" path="E:\AICreativeStudioPlatform\provider-registry\src\domain\types.ts">
      <metrics statements="6" coveredstatements="6" conditionals="0" coveredconditionals="0" methods="1" coveredmethods="1"/>
      <line num="88" count="4" type="stmt"/>
      <line num="94" count="26" type="stmt"/>
      <line num="95" count="26" type="stmt"/>
      <line num="96" count="26" type="stmt"/>
      <line num="97" count="26" type="stmt"/>
      <line num="98" count="26" type="stmt"/>
    </file>
  </project>
</coverage>
