TN:
SF:src\domain\capabilityService.ts
FN:7,(anonymous_0)
FN:13,(anonymous_1)
FN:31,(anonymous_2)
FN:46,(anonymous_3)
FN:58,(anonymous_4)
FN:68,(anonymous_5)
FNF:6
FNH:6
FNDA:22,(anonymous_0)
FNDA:8,(anonymous_1)
FNDA:4,(anonymous_2)
FNDA:3,(anonymous_3)
FNDA:8,(anonymous_4)
FNDA:45,(anonymous_5)
DA:1,3
DA:4,3
DA:6,3
DA:8,22
DA:9,22
DA:10,22
DA:14,8
DA:15,8
DA:16,2
DA:19,6
DA:25,6
DA:26,6
DA:28,6
DA:32,4
DA:33,4
DA:34,2
DA:37,2
DA:38,2
DA:39,2
DA:42,2
DA:43,2
DA:47,3
DA:48,3
DA:49,3
DA:50,1
DA:53,2
DA:54,2
DA:55,2
DA:59,8
DA:60,8
DA:68,45
LF:31
LH:31
BRDA:15,0,0,2
BRDA:33,1,0,2
BRDA:38,2,0,2
BRDA:47,3,0,3
BRDA:47,3,1,0
BRDA:49,4,0,1
BRF:6
BRH:5
end_of_record
TN:
SF:src\domain\healthService.ts
FN:6,(anonymous_0)
FN:11,(anonymous_1)
FN:34,(anonymous_2)
FN:38,(anonymous_3)
FNF:4
FNH:4
FNDA:9,(anonymous_0)
FNDA:5,(anonymous_1)
FNDA:2,(anonymous_2)
FNDA:4,(anonymous_3)
DA:1,2
DA:3,2
DA:5,2
DA:7,9
DA:8,9
DA:12,5
DA:13,5
DA:14,2
DA:17,3
DA:18,3
DA:20,0
DA:31,3
DA:35,2
DA:45,4
DA:46,4
DA:47,2
DA:50,2
DA:60,2
DA:62,2
LF:19
LH:18
BRDA:13,0,0,2
BRDA:18,1,0,0
BRDA:42,2,0,1
BRDA:43,3,0,1
BRDA:46,4,0,2
BRF:5
BRH:4
end_of_record
TN:
SF:src\domain\providerService.ts
FN:20,(anonymous_0)
FN:28,(anonymous_1)
FN:291,(anonymous_2)
FN:309,(anonymous_3)
FN:313,(anonymous_4)
FN:347,(anonymous_5)
FN:357,(anonymous_6)
FN:365,(anonymous_7)
FN:373,(anonymous_8)
FN:381,(anonymous_9)
FN:386,(anonymous_10)
FN:392,(anonymous_11)
FN:437,(anonymous_12)
FN:447,(anonymous_13)
FNF:14
FNH:13
FNDA:25,(anonymous_0)
FNDA:17,(anonymous_1)
FNDA:5,(anonymous_2)
FNDA:3,(anonymous_3)
FNDA:4,(anonymous_4)
FNDA:4,(anonymous_5)
FNDA:4,(anonymous_6)
FNDA:4,(anonymous_7)
FNDA:4,(anonymous_8)
FNDA:4,(anonymous_9)
FNDA:2,(anonymous_10)
FNDA:0,(anonymous_11)
FNDA:19,(anonymous_12)
FNDA:98,(anonymous_13)
DA:1,4
DA:2,4
DA:5,4
DA:17,4
DA:21,25
DA:22,25
DA:23,25
DA:25,25
DA:29,17
DA:31,17
DA:32,1
DA:36,16
DA:37,0
DA:40,16
DA:41,16
DA:42,1
DA:45,15
DA:46,15
DA:55,15
DA:64,15
DA:75,15
DA:76,15
DA:78,15
DA:79,4
DA:89,4
DA:99,4
DA:109,4
DA:119,4
DA:129,11
DA:130,1
DA:140,1
DA:150,1
DA:160,1
DA:170,10
DA:171,1
DA:181,1
DA:191,9
DA:192,2
DA:202,2
DA:212,2
DA:224,7
DA:234,7
DA:244,7
DA:254,7
DA:264,7
DA:274,7
DA:286,15
DA:288,15
DA:292,5
DA:293,5
DA:294,3
DA:297,2
DA:298,2
DA:301,2
DA:306,2
DA:310,3
DA:315,4
DA:316,0
DA:317,0
DA:319,0
DA:327,0
DA:335,0
DA:338,4
DA:339,4
DA:340,2
DA:342,2
DA:343,2
DA:344,2
DA:348,4
DA:349,4
DA:350,2
DA:352,2
DA:353,2
DA:354,2
DA:358,4
DA:359,4
DA:360,2
DA:362,2
DA:366,4
DA:367,4
DA:368,2
DA:370,2
DA:374,4
DA:375,4
DA:376,2
DA:378,2
DA:382,4
DA:383,4
DA:384,2
DA:386,2
DA:387,2
DA:388,2
DA:389,2
DA:393,0
DA:394,0
DA:395,0
DA:398,0
DA:399,0
DA:400,0
DA:404,0
DA:405,0
DA:406,0
DA:409,0
DA:410,0
DA:416,0
DA:417,0
DA:418,0
DA:419,0
DA:420,0
DA:421,0
DA:425,0
DA:427,0
DA:432,0
DA:433,0
DA:438,19
DA:439,19
DA:447,98
LF:117
LH:90
BRDA:31,0,0,1
BRDA:31,1,0,17
BRDA:31,1,1,16
BRDA:36,2,0,0
BRDA:36,3,0,16
BRDA:36,3,1,0
BRDA:41,4,0,1
BRDA:51,5,0,15
BRDA:51,5,1,11
BRDA:52,6,0,15
BRDA:52,6,1,15
BRDA:60,7,0,15
BRDA:60,7,1,14
BRDA:78,8,0,4
BRDA:78,8,1,11
BRDA:78,9,0,15
BRDA:78,9,1,11
BRDA:129,10,0,1
BRDA:129,10,1,10
BRDA:129,11,0,11
BRDA:129,11,1,10
BRDA:170,12,0,1
BRDA:170,12,1,9
BRDA:170,13,0,10
BRDA:170,13,1,9
BRDA:191,14,0,2
BRDA:191,14,1,7
BRDA:191,15,0,9
BRDA:191,15,1,7
BRDA:293,16,0,3
BRDA:301,17,0,2
BRDA:301,17,1,0
BRDA:303,18,0,0
BRDA:303,18,1,2
BRDA:315,19,0,0
BRDA:317,20,0,0
BRDA:317,20,1,0
BRDA:322,21,0,0
BRDA:322,21,1,0
BRDA:323,22,0,0
BRDA:323,22,1,0
BRDA:330,23,0,0
BRDA:330,23,1,0
BRDA:332,24,0,0
BRDA:332,24,1,0
BRDA:339,25,0,2
BRDA:349,26,0,2
BRDA:359,27,0,2
BRDA:367,28,0,2
BRDA:375,29,0,2
BRDA:383,30,0,2
BRDA:394,31,0,0
BRDA:399,32,0,0
BRDA:405,33,0,0
BRDA:419,34,0,0
BRDA:419,34,1,0
BRDA:432,35,0,0
BRDA:432,35,1,0
BRF:58
BRH:36
end_of_record
TN:
SF:src\domain\types.ts
FN:93,(anonymous_0)
FNF:1
FNH:1
FNDA:26,(anonymous_0)
DA:88,4
DA:94,26
DA:95,26
DA:96,26
DA:97,26
DA:98,26
LF:6
LH:6
BRF:0
BRH:0
end_of_record
